

--------------------------------------------------
--------------------------------------------------

-------------------Sat, 20 Jul 2019 08:31:37 AM EDT---------------------

0 ~~~~~~~~~~~~~~~~~~~~~~~~~~~~~~~~~~~~~~~~~~~~~~~~~~~~~~~~~~~~~~~`
dataset: enron method: CSL-Plus, #attack_edge:10000,T:10,test_ratio: 0.3,gamma:0.0
/network/rit/lab/ceashpc/adil/data/adv_csl/Jan2/random_pgd/enron/enron-attackedges-10000-T-10-testratio-0.3-swap_ratio-0.01-gamma-0.0-realization-0-data-X.pkl
#Rule:743244 Nodes:67392 Edges:743244
0 Creating 10 consumers
Iter-0: 38.36/12.76 | Iter-1: 50.79/25.53 | Iter-2: 45.91/20.1 | Iter-3: 50.46/25.09 | Iter-4: 50.56/25.05 | 
Iter-0: 40.5/13.42 | Iter-1: 52.3/25.18 | Iter-2: 47.67/20.69 | Iter-3: 53.0/26.21 | Iter-4: 52.59/25.89 | 
Iter-0: 63.57/13.15 | Iter-1: 101.37/49.98 | Iter-2: 92.56/41.08 | Iter-3: 55.01/28.71 | Iter-4: 50.03/24.49 | 
Iter-0: 79.51/27.74 | Iter-1: 101.32/49.25 | Iter-2: 66.6/39.97 | Iter-3: 52.12/25.51 | Iter-4: 51.63/25.1 | 
Iter-0: 79.55/27.05 | Iter-1: 100.96/48.34 | Iter-2: 76.74/40.39 | Iter-3: 51.83/25.61 | Iter-4: 51.33/24.84 | 
Iter-0: 79.53/27.04 | Iter-1: 100.55/47.9 | Iter-2: 79.04/40.2 | Iter-3: 51.55/25.44 | Iter-4: 51.04/24.98 | 
Iter-0: 74.41/25.69 | Iter-1: 95.06/46.32 | Iter-2: 63.22/37.68 | Iter-3: 90.85/42.69 | Iter-4: 55.18/30.12 | 
Iter-0: 68.46/16.85 | Iter-1: 102.08/50.19 | Iter-2: 93.6/41.13 | Iter-3: 89.69/39.48 | Iter-4: 64.92/39.47 | 
Iter-0: 67.71/16.42 | Iter-1: 101.37/49.43 | Iter-2: 93.16/40.7 | Iter-3: 101.3/50.22 | Iter-4: 51.26/25.57 | 
Iter-0: 75.0/26.97 | Iter-1: 96.33/47.91 | Iter-2: 89.27/39.51 | Iter-3: 97.56/48.82 | Iter-4: 58.19/32.91 | 
1 Creating 10 consumers
Iter-0: 41.26/14.38 | Iter-1: 51.44/25.04 | Iter-2: 46.95/20.04 | Iter-3: 47.87/20.92 | Iter-4: 48.13/20.54 | 
Iter-0: 40.61/13.79 | Iter-1: 51.18/24.8 | Iter-2: 46.88/19.97 | Iter-3: 47.66/20.76 | Iter-4: 48.05/20.43 | 
Iter-0: 46.93/15.34 | Iter-1: 58.32/29.17 | Iter-2: 53.14/22.08 | Iter-3: 60.79/29.84 | Iter-4: 54.07/25.21 | 
Iter-0: 38.78/12.93 | Iter-1: 48.95/23.62 | Iter-2: 44.82/18.74 | Iter-3: 70.17/19.82 | Iter-4: 108.06/61.26 | 
Iter-0: 76.5/26.33 | Iter-1: 99.17/48.45 | Iter-2: 70.5/39.12 | Iter-3: 47.63/21.03 | Iter-4: 47.27/20.17 | 
Iter-0: 77.84/26.95 | Iter-1: 98.04/47.06 | Iter-2: 62.63/35.84 | Iter-3: 47.21/20.71 | Iter-4: 47.24/19.98 | 
Iter-0: 126.04/47.12 | Iter-1: 48.67/23.28 | Iter-2: 45.0/18.61 | Iter-3: 50.36/19.59 | Iter-4: 45.15/19.36 | 
Iter-0: 136.27/44.73 | Iter-1: 109.87/81.98 | Iter-2: 47.2/20.0 | Iter-3: 47.87/20.59 | Iter-4: 45.14/19.96 | 
Iter-0: 132.31/42.0 | Iter-1: 157.33/83.53 | Iter-2: 78.09/28.98 | Iter-3: 45.59/20.31 | Iter-4: 45.7/20.42 | 
Iter-0: 138.09/45.98 | Iter-1: 133.28/75.71 | Iter-2: 72.33/36.93 | Iter-3: 45.43/19.96 | Iter-4: 47.37/19.53 | 
2 Creating 10 consumers
Iter-0: 40.7/13.74 | Iter-1: 51.41/24.98 | Iter-2: 46.47/19.22 | Iter-3: 46.77/20.44 | Iter-4: 46.56/20.16 | 
Iter-0: 49.46/19.27 | Iter-1: 57.4/27.85 | Iter-2: 57.53/26.98 | Iter-3: 51.79/22.51 | Iter-4: 57.99/22.48 | 
Iter-0: 102.52/34.39 | Iter-1: 54.24/28.89 | Iter-2: 44.51/18.53 | Iter-3: 45.52/19.9 | Iter-4: 44.96/19.46 | 
Iter-0: 39.18/12.91 | Iter-1: 49.9/24.36 | Iter-2: 45.79/18.78 | Iter-3: 120.84/52.4 | Iter-4: 103.64/52.29 | 
Iter-0: 75.55/25.79 | Iter-1: 96.61/47.1 | Iter-2: 69.9/37.18 | Iter-3: 47.09/20.15 | Iter-4: 46.19/19.91 | 
Iter-0: 76.67/26.02 | Iter-1: 97.55/47.22 | Iter-2: 67.65/37.24 | Iter-3: 47.3/20.15 | Iter-4: 46.35/19.9 | 
Iter-0: 70.64/18.19 | Iter-1: 100.53/48.4 | Iter-2: 91.49/38.59 | Iter-3: 59.11/30.84 | Iter-4: 47.33/20.8 | 
Iter-0: 79.77/27.03 | Iter-1: 99.36/47.24 | Iter-2: 83.09/37.64 | Iter-3: 46.8/20.52 | Iter-4: 45.27/19.87 | 
Iter-0: 103.24/35.68 | Iter-1: 128.82/60.64 | Iter-2: 76.91/48.42 | Iter-3: 45.57/19.63 | Iter-4: 44.63/19.31 | 
Iter-0: 101.19/32.62 | Iter-1: 130.33/60.34 | Iter-2: 105.77/47.06 | Iter-3: 55.24/28.99 | Iter-4: 47.27/19.84 | 
3 Creating 10 consumers
Iter-0: 39.05/12.96 | Iter-1: 49.93/24.31 | Iter-2: 44.37/18.83 | Iter-3: 45.55/20.03 | Iter-4: 45.9/19.91 | 
Iter-0: 40.35/13.36 | Iter-1: 52.42/25.37 | Iter-2: 45.8/19.49 | Iter-3: 47.39/20.63 | Iter-4: 47.2/20.41 | 
Iter-0: 45.64/16.4 | Iter-1: 57.54/27.81 | Iter-2: 51.59/22.16 | Iter-3: 52.32/22.81 | Iter-4: 48.62/21.3 | 
Iter-0: 69.8/17.57 | Iter-1: 100.91/49.46 | Iter-2: 80.25/39.21 | Iter-3: 47.32/20.88 | Iter-4: 48.43/21.46 | 
Iter-0: 80.47/26.5 | Iter-1: 99.47/47.11 | Iter-2: 62.05/35.73 | Iter-3: 47.33/20.31 | Iter-4: 47.79/20.41 | 
Iter-0: 76.92/25.51 | Iter-1: 97.06/47.03 | Iter-2: 78.34/37.46 | Iter-3: 47.65/20.21 | Iter-4: 46.99/19.98 | 
Iter-0: 77.21/25.84 | Iter-1: 96.84/46.73 | Iter-2: 75.86/37.16 | Iter-3: 47.38/20.12 | Iter-4: 47.51/19.95 | 
Iter-0: 104.9/34.09 | Iter-1: 126.63/65.41 | Iter-2: 56.41/30.93 | Iter-3: 45.87/20.3 | Iter-4: 45.62/19.77 | 
Iter-0: 104.45/35.29 | Iter-1: 108.98/65.03 | Iter-2: 62.24/18.51 | Iter-3: 80.9/39.08 | Iter-4: 49.68/19.46 | 
Iter-0: 104.58/35.1 | Iter-1: 123.44/64.58 | Iter-2: 86.83/36.09 | Iter-3: 62.54/37.26 | Iter-4: 45.5/19.56 | 
4 Creating 10 consumers
Iter-0: 38.08/12.72 | Iter-1: 49.47/23.62 | Iter-2: 44.36/18.63 | Iter-3: 45.68/19.85 | Iter-4: 44.84/19.41 | 
Iter-0: 41.85/15.32 | Iter-1: 51.49/24.59 | Iter-2: 47.47/19.91 | Iter-3: 47.19/20.7 | Iter-4: 47.31/20.22 | 
Iter-0: 74.1/25.47 | Iter-1: 99.19/48.73 | Iter-2: 72.28/37.54 | Iter-3: 45.42/19.91 | Iter-4: 45.17/19.62 | 
Iter-0: 74.88/26.5 | Iter-1: 100.02/48.06 | Iter-2: 62.68/35.2 | Iter-3: 47.43/20.54 | Iter-4: 48.04/20.28 | 
Iter-0: 75.53/25.68 | Iter-1: 99.83/49.03 | Iter-2: 66.66/38.12 | Iter-3: 46.51/20.07 | Iter-4: 48.64/19.82 | 
Iter-0: 76.32/25.97 | Iter-1: 98.69/47.99 | Iter-2: 63.3/36.78 | Iter-3: 46.43/19.96 | Iter-4: 46.38/19.79 | 
Iter-0: 73.21/22.55 | Iter-1: 102.17/49.25 | Iter-2: 90.48/38.66 | Iter-3: 82.06/40.97 | Iter-4: 46.74/20.39 | 
Iter-0: 65.73/14.83 | Iter-1: 103.67/49.74 | Iter-2: 90.33/38.79 | Iter-3: 87.65/39.8 | Iter-4: 55.12/29.62 | 
Iter-0: 78.77/26.96 | Iter-1: 101.65/49.25 | Iter-2: 90.52/38.54 | Iter-3: 68.36/40.11 | Iter-4: 46.11/19.98 | 
Iter-0: 76.61/25.64 | Iter-1: 97.11/46.63 | Iter-2: 86.53/36.65 | Iter-3: 84.61/38.78 | Iter-4: 44.89/19.5 | 
prob_mse: 0.201394292215, running time: 2305.79894209
1.0 ~~~~~~~~~~~~~~~~~~~~~~~~~~~~~~~~~~~~~~~~~~~~~~~~~~~~~~~~~~~~~~~`
dataset: enron method: CSL-Plus, #attack_edge:10000,T:10,test_ratio: 0.3,gamma:0.01
/network/rit/lab/ceashpc/adil/data/adv_csl/Jan2/random_pgd/enron/enron-attackedges-10000-T-10-testratio-0.3-swap_ratio-0.01-gamma-0.01-realization-0-data-X.pkl
#Rule:743244 Nodes:67392 Edges:743244
0 Creating 10 consumers
Iter-0: 49.96/24.21 | Iter-1: 54.92/29.64 | Iter-2: 50.11/24.31 | Iter-3: 46.87/21.55 | Iter-4: 48.86/23.6 | 
Iter-0: 51.63/25.36 | Iter-1: 57.66/31.37 | Iter-2: 53.11/25.95 | Iter-3: 49.64/22.78 | Iter-4: 51.38/25.1 | 
Iter-0: 68.58/38.62 | Iter-1: 62.12/33.84 | Iter-2: 59.71/30.01 | Iter-3: 53.48/25.36 | Iter-4: 53.1/25.47 | 
Iter-0: 77.46/25.67 | Iter-1: 113.2/60.36 | Iter-2: 93.52/50.35 | Iter-3: 49.68/22.95 | Iter-4: 50.97/24.7 | 
Iter-0: 83.75/31.89 | Iter-1: 110.85/58.47 | Iter-2: 103.15/49.96 | Iter-3: 54.54/27.25 | Iter-4: 51.86/24.92 | 
Iter-0: 135.05/64.7 | Iter-1: 119.19/81.92 | Iter-2: 51.28/25.22 | Iter-3: 47.52/22.05 | Iter-4: 49.61/24.13 | 
Iter-0: 102.44/49.9 | Iter-1: 114.06/61.96 | Iter-2: 63.54/36.21 | Iter-3: 49.84/23.62 | Iter-4: 51.57/25.31 | 
Iter-0: 101.27/49.16 | Iter-1: 113.33/60.6 | Iter-2: 84.99/50.66 | Iter-3: 49.39/23.19 | Iter-4: 51.28/24.94 | 
Iter-0: 134.78/66.13 | Iter-1: 129.39/81.47 | Iter-2: 97.59/49.08 | Iter-3: 56.32/30.97 | Iter-4: 49.65/24.32 | 
Iter-0: 136.78/66.29 | Iter-1: 128.66/80.38 | Iter-2: 98.45/49.44 | Iter-3: 56.05/27.86 | Iter-4: 50.35/24.29 | 
1 Creating 10 consumers
Iter-0: 52.41/25.4 | Iter-1: 54.99/28.42 | Iter-2: 53.09/25.72 | Iter-3: 51.71/25.21 | Iter-4: 51.55/25.02 | 
Iter-0: 56.0/29.03 | Iter-1: 54.83/28.33 | Iter-2: 52.87/25.62 | Iter-3: 51.47/25.07 | Iter-4: 51.43/24.98 | 
Iter-0: 67.11/31.09 | Iter-1: 60.28/31.03 | Iter-2: 69.54/28.82 | Iter-3: 67.41/36.4 | Iter-4: 56.52/27.81 | 
Iter-0: 93.44/67.91 | Iter-1: 52.22/26.74 | Iter-2: 95.71/24.42 | Iter-3: 50.54/24.98 | Iter-4: 49.34/23.97 | 
Iter-0: 84.88/32.08 | Iter-1: 108.35/54.54 | Iter-2: 93.17/49.51 | Iter-3: 50.87/23.98 | Iter-4: 51.03/24.7 | 
Iter-0: 103.08/50.42 | Iter-1: 109.71/57.35 | Iter-2: 65.98/38.73 | Iter-3: 51.31/24.98 | Iter-4: 52.06/25.37 | 
Iter-0: 49.85/24.27 | Iter-1: 132.64/54.97 | Iter-2: 50.52/24.55 | Iter-3: 115.9/49.91 | Iter-4: 82.49/47.03 | 
Iter-0: 168.82/83.87 | Iter-1: 104.6/76.42 | Iter-2: 53.52/26.27 | Iter-3: 51.35/24.62 | Iter-4: 50.48/24.54 | 
Iter-0: 162.6/79.04 | Iter-1: 155.51/84.31 | Iter-2: 51.06/25.1 | Iter-3: 49.54/23.74 | Iter-4: 51.66/24.31 | 
Iter-0: 169.05/83.12 | Iter-1: 146.59/83.73 | Iter-2: 80.09/48.94 | Iter-3: 49.22/23.93 | Iter-4: 49.53/24.3 | 
2 Creating 10 consumers
Iter-0: 49.38/24.05 | Iter-1: 52.34/26.52 | Iter-2: 49.6/24.09 | Iter-3: 48.06/22.69 | Iter-4: 49.21/23.51 | 
Iter-0: 96.02/49.52 | Iter-1: 55.61/28.85 | Iter-2: 52.46/25.83 | Iter-3: 51.16/24.5 | Iter-4: 51.47/25.24 | 
Iter-0: 71.72/45.07 | Iter-1: 81.2/29.12 | Iter-2: 87.82/50.04 | Iter-3: 51.87/25.13 | Iter-4: 53.26/25.42 | 
Iter-0: 99.48/48.94 | Iter-1: 106.9/54.13 | Iter-2: 60.62/35.06 | Iter-3: 49.0/23.52 | Iter-4: 50.02/24.51 | 
Iter-0: 93.96/42.73 | Iter-1: 106.52/54.47 | Iter-2: 101.01/48.98 | Iter-3: 73.68/46.11 | Iter-4: 51.06/24.35 | 
Iter-0: 49.77/24.38 | Iter-1: 96.11/44.24 | Iter-2: 97.28/47.49 | Iter-3: 95.41/45.35 | Iter-4: 81.21/45.69 | 
Iter-0: 101.63/49.24 | Iter-1: 108.24/55.37 | Iter-2: 102.92/50.82 | Iter-3: 56.38/29.98 | Iter-4: 51.54/25.44 | 
Iter-0: 101.24/48.62 | Iter-1: 106.68/53.31 | Iter-2: 100.8/49.19 | Iter-3: 78.63/46.08 | Iter-4: 49.48/24.07 | 
Iter-0: 94.88/43.58 | Iter-1: 107.41/55.21 | Iter-2: 101.42/49.48 | Iter-3: 87.69/47.31 | Iter-4: 60.78/34.26 | 
Iter-0: 102.03/49.45 | Iter-1: 108.69/55.42 | Iter-2: 103.0/50.69 | Iter-3: 63.56/36.83 | Iter-4: 50.57/25.12 | 
3 Creating 10 consumers
Iter-0: 50.36/24.38 | Iter-1: 52.21/26.93 | Iter-2: 49.86/24.3 | Iter-3: 48.52/23.19 | Iter-4: 49.59/23.75 | 
Iter-0: 54.99/28.09 | Iter-1: 54.53/28.19 | Iter-2: 53.24/25.53 | Iter-3: 50.73/24.36 | Iter-4: 51.99/24.98 | 
Iter-0: 97.27/46.95 | Iter-1: 102.25/52.75 | Iter-2: 67.97/42.51 | Iter-3: 48.95/23.62 | Iter-4: 50.16/24.23 | 
Iter-0: 97.35/45.5 | Iter-1: 107.94/56.64 | Iter-2: 78.46/50.28 | Iter-3: 51.26/24.98 | Iter-4: 51.99/24.99 | 
Iter-0: 101.67/49.36 | Iter-1: 108.24/56.85 | Iter-2: 60.31/33.29 | Iter-3: 52.56/25.64 | Iter-4: 53.65/25.69 | 
Iter-0: 102.31/49.52 | Iter-1: 109.03/57.06 | Iter-2: 66.0/39.1 | Iter-3: 50.72/24.54 | Iter-4: 53.66/25.19 | 
Iter-0: 93.14/42.86 | Iter-1: 101.51/52.01 | Iter-2: 96.42/47.2 | Iter-3: 94.75/44.99 | Iter-4: 57.93/31.78 | 
Iter-0: 100.82/48.42 | Iter-1: 107.26/55.08 | Iter-2: 101.97/49.23 | Iter-3: 87.28/46.8 | Iter-4: 52.6/25.23 | 
Iter-0: 101.59/50.18 | Iter-1: 107.46/56.72 | Iter-2: 102.61/49.2 | Iter-3: 80.36/45.25 | Iter-4: 50.47/24.22 | 
Iter-0: 101.34/48.96 | Iter-1: 107.99/56.54 | Iter-2: 102.71/50.53 | Iter-3: 82.59/47.45 | Iter-4: 51.84/25.92 | 
4 Creating 10 consumers
Iter-0: 49.67/24.09 | Iter-1: 52.34/26.75 | Iter-2: 49.87/23.86 | Iter-3: 48.32/22.67 | Iter-4: 49.23/23.72 | 
Iter-0: 61.2/34.45 | Iter-1: 54.86/28.57 | Iter-2: 52.64/25.36 | Iter-3: 51.2/24.83 | Iter-4: 51.17/24.88 | 
Iter-0: 73.11/24.28 | Iter-1: 100.67/52.47 | Iter-2: 85.49/48.07 | Iter-3: 48.58/22.86 | Iter-4: 49.3/23.83 | 
Iter-0: 95.87/45.78 | Iter-1: 105.68/55.13 | Iter-2: 63.98/36.25 | Iter-3: 52.45/25.28 | Iter-4: 58.68/30.88 | 
Iter-0: 100.81/50.81 | Iter-1: 105.98/55.22 | Iter-2: 77.55/49.51 | Iter-3: 50.7/24.38 | Iter-4: 51.89/24.82 | 
Iter-0: 100.49/49.81 | Iter-1: 106.56/55.85 | Iter-2: 81.61/50.06 | Iter-3: 52.57/24.34 | Iter-4: 78.75/47.73 | 
Iter-0: 97.98/45.72 | Iter-1: 107.46/54.63 | Iter-2: 102.15/49.39 | Iter-3: 68.93/42.48 | Iter-4: 52.79/25.63 | 
Iter-0: 95.83/44.85 | Iter-1: 101.7/51.86 | Iter-2: 97.78/46.94 | Iter-3: 94.11/44.36 | Iter-4: 61.42/35.97 | 
Iter-0: 103.04/50.97 | Iter-1: 108.24/55.34 | Iter-2: 103.55/50.11 | Iter-3: 53.37/26.12 | Iter-4: 51.65/25.53 | 
Iter-0: 101.34/50.95 | Iter-1: 107.04/55.75 | Iter-2: 102.47/48.7 | Iter-3: 55.69/29.95 | Iter-4: 49.99/24.33 | 
prob_mse: 0.240881531309, running time: 2555.06473088
2.0 ~~~~~~~~~~~~~~~~~~~~~~~~~~~~~~~~~~~~~~~~~~~~~~~~~~~~~~~~~~~~~~~`
dataset: enron method: CSL-Plus, #attack_edge:10000,T:10,test_ratio: 0.3,gamma:0.03
/network/rit/lab/ceashpc/adil/data/adv_csl/Jan2/random_pgd/enron/enron-attackedges-10000-T-10-testratio-0.3-swap_ratio-0.01-gamma-0.03-realization-0-data-X.pkl
#Rule:743244 Nodes:67392 Edges:743244
0 Creating 10 consumers
Iter-0: 50.18/24.54 | Iter-1: 56.38/30.76 | Iter-2: 50.44/24.27 | Iter-3: 47.78/22.14 | Iter-4: 49.75/24.25 | 
Iter-0: 52.45/25.36 | Iter-1: 58.04/31.68 | Iter-2: 53.1/25.63 | Iter-3: 49.92/23.58 | Iter-4: 51.98/25.15 | 
Iter-0: 97.51/48.51 | Iter-1: 107.31/58.09 | Iter-2: 76.31/46.31 | Iter-3: 47.55/22.05 | Iter-4: 50.01/24.67 | 
Iter-0: 81.7/28.39 | Iter-1: 113.56/59.49 | Iter-2: 97.64/47.84 | Iter-3: 49.88/23.22 | Iter-4: 51.37/25.18 | 
Iter-0: 95.38/41.97 | Iter-1: 114.5/60.81 | Iter-2: 76.36/48.33 | Iter-3: 50.61/23.37 | Iter-4: 54.59/26.05 | 
Iter-0: 103.51/50.57 | Iter-1: 115.69/63.27 | Iter-2: 71.35/43.97 | Iter-3: 50.01/23.59 | Iter-4: 51.83/25.12 | 
Iter-0: 95.2/42.97 | Iter-1: 114.81/61.94 | Iter-2: 102.29/48.92 | Iter-3: 83.8/45.49 | Iter-4: 51.72/25.0 | 
Iter-0: 98.18/48.08 | Iter-1: 109.81/59.58 | Iter-2: 98.26/47.5 | Iter-3: 85.58/43.91 | Iter-4: 50.81/24.73 | 
Iter-0: 102.14/49.95 | Iter-1: 114.47/62.42 | Iter-2: 102.35/47.9 | Iter-3: 58.49/32.89 | Iter-4: 50.07/24.51 | 
Iter-0: 102.45/50.02 | Iter-1: 114.99/62.55 | Iter-2: 103.74/49.6 | Iter-3: 66.49/34.95 | Iter-4: 50.58/24.77 | 
1 Creating 10 consumers
Iter-0: 52.0/25.74 | Iter-1: 55.59/28.66 | Iter-2: 52.99/25.36 | Iter-3: 49.98/23.28 | Iter-4: 50.2/23.78 | 
Iter-0: 90.22/63.97 | Iter-1: 52.72/27.27 | Iter-2: 50.42/24.34 | Iter-3: 47.82/22.49 | Iter-4: 47.86/22.41 | 
Iter-0: 65.19/32.09 | Iter-1: 68.82/37.97 | Iter-2: 61.34/30.64 | Iter-3: 58.51/27.63 | Iter-4: 52.63/25.59 | 
Iter-0: 63.98/25.24 | Iter-1: 107.85/54.75 | Iter-2: 102.88/49.05 | Iter-3: 51.58/25.01 | Iter-4: 49.87/22.84 | 
Iter-0: 49.92/24.18 | Iter-1: 56.6/26.67 | Iter-2: 128.94/58.34 | Iter-3: 102.72/58.85 | Iter-4: 47.83/22.27 | 
Iter-0: 100.33/47.4 | Iter-1: 107.52/54.46 | Iter-2: 82.29/49.27 | Iter-3: 49.72/23.25 | Iter-4: 49.87/23.54 | 
Iter-0: 97.56/44.62 | Iter-1: 107.65/55.5 | Iter-2: 102.87/50.44 | Iter-3: 65.51/38.59 | Iter-4: 49.09/22.72 | 
Iter-0: 97.14/45.35 | Iter-1: 107.5/55.36 | Iter-2: 101.94/49.24 | Iter-3: 56.68/28.03 | Iter-4: 49.86/22.29 | 
Iter-0: 121.41/59.31 | Iter-1: 140.89/71.68 | Iter-2: 114.23/62.99 | Iter-3: 51.35/24.35 | Iter-4: 48.17/22.81 | 
Iter-0: 125.93/60.05 | Iter-1: 142.65/72.19 | Iter-2: 79.88/48.33 | Iter-3: 48.24/22.74 | Iter-4: 50.2/23.18 | 
2 Creating 10 consumers
Iter-0: 50.11/24.11 | Iter-1: 51.81/26.22 | Iter-2: 48.9/22.98 | Iter-3: 46.92/21.55 | Iter-4: 47.26/21.74 | 
Iter-0: 52.61/25.43 | Iter-1: 54.62/27.52 | Iter-2: 51.1/23.94 | Iter-3: 49.77/22.79 | Iter-4: 49.39/22.94 | 
Iter-0: 52.6/25.41 | Iter-1: 54.99/27.81 | Iter-2: 51.62/24.19 | Iter-3: 50.1/22.64 | Iter-4: 49.23/22.62 | 
Iter-0: 69.4/34.93 | Iter-1: 61.16/31.89 | Iter-2: 57.33/27.52 | Iter-3: 58.53/27.35 | Iter-4: 53.61/26.01 | 
Iter-0: 91.75/39.11 | Iter-1: 107.27/54.24 | Iter-2: 72.57/45.41 | Iter-3: 49.44/22.72 | Iter-4: 49.48/23.15 | 
Iter-0: 102.56/49.44 | Iter-1: 108.43/55.12 | Iter-2: 54.96/27.75 | Iter-3: 49.92/23.23 | Iter-4: 48.6/22.91 | 
Iter-0: 176.53/83.58 | Iter-1: 79.11/53.54 | Iter-2: 50.26/24.05 | Iter-3: 47.81/22.26 | Iter-4: 47.53/22.02 | 
Iter-0: 176.53/84.71 | Iter-1: 102.18/73.48 | Iter-2: 52.72/25.16 | Iter-3: 48.48/22.54 | Iter-4: 48.27/22.26 | 
Iter-0: 174.84/81.22 | Iter-1: 136.38/82.45 | Iter-2: 88.18/46.79 | Iter-3: 48.54/22.32 | Iter-4: 48.61/22.22 | 
Iter-0: 179.63/85.81 | Iter-1: 116.54/65.8 | Iter-2: 77.96/46.99 | Iter-3: 49.06/22.51 | Iter-4: 49.79/22.72 | 
3 Creating 10 consumers
Iter-0: 50.32/24.73 | Iter-1: 52.82/26.92 | Iter-2: 49.51/24.03 | Iter-3: 47.41/21.86 | Iter-4: 47.42/21.93 | 
Iter-0: 52.63/25.06 | Iter-1: 54.46/27.54 | Iter-2: 51.07/24.53 | Iter-3: 49.0/22.37 | Iter-4: 48.84/22.33 | 
Iter-0: 59.77/29.9 | Iter-1: 63.23/30.62 | Iter-2: 61.72/29.52 | Iter-3: 53.58/25.58 | Iter-4: 50.91/23.57 | 
Iter-0: 90.46/38.04 | Iter-1: 108.46/55.42 | Iter-2: 71.98/45.34 | Iter-3: 49.93/23.02 | Iter-4: 49.87/22.74 | 
Iter-0: 127.19/56.72 | Iter-1: 131.18/67.59 | Iter-2: 48.86/23.36 | Iter-3: 47.1/21.72 | Iter-4: 47.25/21.56 | 
Iter-0: 101.54/49.03 | Iter-1: 107.3/54.43 | Iter-2: 56.48/29.6 | Iter-3: 49.77/23.39 | Iter-4: 50.02/22.89 | 
Iter-0: 85.53/32.92 | Iter-1: 107.7/54.03 | Iter-2: 101.05/47.91 | Iter-3: 59.73/33.34 | Iter-4: 49.66/22.59 | 
Iter-0: 102.81/49.72 | Iter-1: 108.52/55.15 | Iter-2: 88.76/49.93 | Iter-3: 49.58/22.89 | Iter-4: 49.55/23.28 | 
Iter-0: 131.93/63.82 | Iter-1: 128.77/69.81 | Iter-2: 96.61/47.3 | Iter-3: 59.64/33.78 | Iter-4: 51.06/22.75 | 
Iter-0: 135.22/67.22 | Iter-1: 121.13/70.68 | Iter-2: 96.56/47.03 | Iter-3: 47.8/22.36 | Iter-4: 47.44/22.19 | 
4 Creating 10 consumers
Iter-0: 49.9/24.16 | Iter-1: 52.03/26.34 | Iter-2: 49.4/23.14 | Iter-3: 47.5/21.95 | Iter-4: 47.09/21.62 | 
Iter-0: 53.23/26.45 | Iter-1: 54.15/27.76 | Iter-2: 52.83/24.68 | Iter-3: 49.96/23.6 | Iter-4: 49.16/22.77 | 
Iter-0: 96.1/46.1 | Iter-1: 102.03/51.86 | Iter-2: 69.3/43.38 | Iter-3: 47.63/22.04 | Iter-4: 47.13/21.67 | 
Iter-0: 94.69/43.76 | Iter-1: 106.71/54.44 | Iter-2: 100.22/48.33 | Iter-3: 49.88/23.47 | Iter-4: 48.96/22.66 | 
Iter-0: 102.77/49.91 | Iter-1: 109.82/57.16 | Iter-2: 62.47/35.03 | Iter-3: 50.08/23.63 | Iter-4: 49.41/22.84 | 
Iter-0: 98.28/48.94 | Iter-1: 105.54/55.34 | Iter-2: 60.88/32.41 | Iter-3: 80.76/31.03 | Iter-4: 50.76/23.36 | 
Iter-0: 99.39/49.73 | Iter-1: 105.5/55.43 | Iter-2: 91.09/46.65 | Iter-3: 49.36/22.89 | Iter-4: 55.44/22.79 | 
Iter-0: 92.56/39.74 | Iter-1: 107.75/53.13 | Iter-2: 86.41/47.33 | Iter-3: 73.69/22.85 | Iter-4: 73.87/43.05 | 
Iter-0: 98.0/47.36 | Iter-1: 103.61/53.23 | Iter-2: 97.88/47.24 | Iter-3: 62.28/37.05 | Iter-4: 47.74/22.34 | 
Iter-0: 101.08/50.05 | Iter-1: 107.26/55.51 | Iter-2: 100.46/48.08 | Iter-3: 95.16/43.57 | Iter-4: 50.26/22.46 | 
prob_mse: 0.309463062617, running time: 2590.18528104
3.0 ~~~~~~~~~~~~~~~~~~~~~~~~~~~~~~~~~~~~~~~~~~~~~~~~~~~~~~~~~~~~~~~`
dataset: enron method: CSL-Plus, #attack_edge:10000,T:10,test_ratio: 0.3,gamma:0.05
/network/rit/lab/ceashpc/adil/data/adv_csl/Jan2/random_pgd/enron/enron-attackedges-10000-T-10-testratio-0.3-swap_ratio-0.01-gamma-0.05-realization-0-data-X.pkl
#Rule:743244 Nodes:67392 Edges:743244
0 Creating 10 consumers
Iter-0: 49.94/24.35 | Iter-1: 54.84/29.45 | Iter-2: 49.77/23.89 | Iter-3: 47.75/22.37 | Iter-4: 49.45/24.14 | 
Iter-0: 52.13/25.75 | Iter-1: 57.59/31.21 | Iter-2: 52.6/25.46 | Iter-3: 50.23/24.09 | Iter-4: 51.87/25.46 | 
Iter-0: 56.39/28.0 | Iter-1: 64.14/34.07 | Iter-2: 58.58/28.3 | Iter-3: 53.6/25.15 | Iter-4: 53.35/26.46 | 
Iter-0: 93.43/41.93 | Iter-1: 114.46/62.2 | Iter-2: 83.98/50.14 | Iter-3: 49.45/23.17 | Iter-4: 52.36/25.41 | 
Iter-0: 90.38/40.1 | Iter-1: 111.92/60.56 | Iter-2: 101.5/48.94 | Iter-3: 57.28/31.1 | Iter-4: 52.08/25.73 | 
Iter-0: 101.59/49.07 | Iter-1: 113.74/61.74 | Iter-2: 69.09/42.21 | Iter-3: 49.85/23.68 | Iter-4: 52.6/26.09 | 
Iter-0: 95.38/44.62 | Iter-1: 113.56/62.15 | Iter-2: 100.85/49.75 | Iter-3: 50.08/23.37 | Iter-4: 53.67/26.58 | 
Iter-0: 133.94/64.74 | Iter-1: 117.71/84.74 | Iter-2: 50.34/24.52 | Iter-3: 47.65/22.35 | Iter-4: 51.21/24.54 | 
Iter-0: 130.11/59.62 | Iter-1: 144.38/82.94 | Iter-2: 98.25/47.45 | Iter-3: 70.11/43.9 | Iter-4: 49.22/24.11 | 
Iter-0: 138.7/67.77 | Iter-1: 129.29/79.38 | Iter-2: 98.65/47.92 | Iter-3: 56.42/28.43 | Iter-4: 51.44/24.43 | 
1 Creating 10 consumers
Iter-0: 114.09/63.43 | Iter-1: 53.18/27.23 | Iter-2: 49.6/24.04 | Iter-3: 49.03/22.39 | Iter-4: 47.75/22.47 | 
Iter-0: 51.25/24.99 | Iter-1: 55.96/28.5 | Iter-2: 89.95/37.98 | Iter-3: 70.58/44.43 | Iter-4: 49.25/23.05 | 
Iter-0: 92.61/40.35 | Iter-1: 66.12/38.93 | Iter-2: 51.18/24.97 | Iter-3: 54.32/23.52 | Iter-4: 77.73/45.08 | 
Iter-0: 101.8/48.58 | Iter-1: 61.46/31.64 | Iter-2: 62.78/28.19 | Iter-3: 65.72/29.04 | Iter-4: 50.78/23.81 | 
Iter-0: 60.11/30.38 | Iter-1: 80.13/31.29 | Iter-2: 103.27/49.5 | Iter-3: 86.14/46.4 | Iter-4: 49.93/23.27 | 
Iter-0: 85.86/36.21 | Iter-1: 106.13/55.05 | Iter-2: 98.63/48.51 | Iter-3: 82.26/44.68 | Iter-4: 49.43/23.09 | 
Iter-0: 86.76/36.91 | Iter-1: 107.07/55.86 | Iter-2: 99.32/48.88 | Iter-3: 79.22/44.89 | Iter-4: 49.47/23.23 | 
Iter-0: 50.06/24.18 | Iter-1: 53.28/27.04 | Iter-2: 120.3/48.28 | Iter-3: 114.52/59.12 | Iter-4: 86.25/43.51 | 
Iter-0: 130.08/62.49 | Iter-1: 142.83/70.84 | Iter-2: 85.33/57.18 | Iter-3: 47.47/22.28 | Iter-4: 46.82/21.8 | 
Iter-0: 136.36/67.9 | Iter-1: 136.09/73.37 | Iter-2: 100.04/50.98 | Iter-3: 52.96/25.89 | Iter-4: 47.64/22.41 | 
2 Creating 10 consumers
Iter-0: 50.05/24.29 | Iter-1: 52.48/26.83 | Iter-2: 49.78/23.82 | Iter-3: 47.44/21.95 | Iter-4: 47.27/21.85 | 
Iter-0: 51.74/25.3 | Iter-1: 55.53/28.39 | Iter-2: 52.02/24.95 | Iter-3: 49.61/22.82 | Iter-4: 49.55/23.02 | 
Iter-0: 65.53/35.62 | Iter-1: 59.09/30.0 | Iter-2: 55.89/26.91 | Iter-3: 53.94/24.53 | Iter-4: 51.44/24.18 | 
Iter-0: 84.51/32.17 | Iter-1: 106.94/54.52 | Iter-2: 89.73/48.44 | Iter-3: 49.32/22.64 | Iter-4: 49.37/22.66 | 
Iter-0: 95.82/44.19 | Iter-1: 106.55/55.25 | Iter-2: 88.95/48.6 | Iter-3: 50.22/22.8 | Iter-4: 50.45/23.47 | 
Iter-0: 101.05/48.66 | Iter-1: 105.78/54.09 | Iter-2: 76.73/48.16 | Iter-3: 49.55/23.09 | Iter-4: 49.71/23.12 | 
Iter-0: 102.96/49.64 | Iter-1: 108.45/55.31 | Iter-2: 66.59/39.57 | Iter-3: 49.95/23.3 | Iter-4: 50.04/23.31 | 
Iter-0: 134.86/65.26 | Iter-1: 104.38/74.0 | Iter-2: 50.46/24.06 | Iter-3: 48.82/22.31 | Iter-4: 47.75/22.15 | 
Iter-0: 129.06/54.01 | Iter-1: 139.95/72.65 | Iter-2: 96.86/45.33 | Iter-3: 70.72/42.38 | Iter-4: 49.88/21.55 | 
Iter-0: 137.53/66.12 | Iter-1: 123.23/72.54 | Iter-2: 98.81/47.35 | Iter-3: 48.03/22.82 | Iter-4: 47.52/22.12 | 
3 Creating 10 consumers
Iter-0: 49.99/24.42 | Iter-1: 51.93/26.33 | Iter-2: 49.17/22.99 | Iter-3: 47.04/21.52 | Iter-4: 47.1/21.65 | 
Iter-0: 51.95/25.32 | Iter-1: 54.48/27.46 | Iter-2: 51.25/23.96 | Iter-3: 49.31/22.32 | Iter-4: 49.08/22.78 | 
Iter-0: 60.94/30.59 | Iter-1: 60.78/31.03 | Iter-2: 61.17/28.82 | Iter-3: 52.91/25.72 | Iter-4: 50.06/23.29 | 
Iter-0: 92.15/40.56 | Iter-1: 105.65/54.4 | Iter-2: 76.73/48.4 | Iter-3: 49.27/22.6 | Iter-4: 49.5/23.08 | 
Iter-0: 101.86/49.16 | Iter-1: 107.31/54.46 | Iter-2: 66.03/39.03 | Iter-3: 49.57/22.75 | Iter-4: 49.57/23.15 | 
Iter-0: 128.88/58.17 | Iter-1: 122.14/69.58 | Iter-2: 49.53/23.36 | Iter-3: 47.56/21.97 | Iter-4: 47.86/21.65 | 
Iter-0: 93.08/40.25 | Iter-1: 106.97/54.4 | Iter-2: 101.39/48.43 | Iter-3: 51.09/24.29 | Iter-4: 48.67/22.66 | 
Iter-0: 102.54/49.26 | Iter-1: 107.56/54.16 | Iter-2: 84.63/48.58 | Iter-3: 49.95/23.61 | Iter-4: 48.22/22.97 | 
Iter-0: 133.8/64.29 | Iter-1: 122.69/72.61 | Iter-2: 95.57/46.29 | Iter-3: 55.53/30.12 | Iter-4: 47.45/22.21 | 
Iter-0: 132.88/64.31 | Iter-1: 119.33/70.21 | Iter-2: 97.29/47.16 | Iter-3: 49.52/23.35 | Iter-4: 50.77/23.0 | 
4 Creating 10 consumers
Iter-0: 49.77/24.32 | Iter-1: 51.82/26.25 | Iter-2: 49.06/23.05 | Iter-3: 46.96/21.57 | Iter-4: 46.75/21.63 | 
Iter-0: 102.25/49.75 | Iter-1: 54.46/27.99 | Iter-2: 52.21/25.26 | Iter-3: 49.66/23.17 | Iter-4: 50.93/23.32 | 
Iter-0: 58.89/32.38 | Iter-1: 54.73/27.61 | Iter-2: 74.28/24.17 | Iter-3: 95.22/44.55 | Iter-4: 94.58/43.02 | 
Iter-0: 99.06/47.95 | Iter-1: 100.33/52.84 | Iter-2: 50.13/24.24 | Iter-3: 47.95/22.36 | Iter-4: 47.94/22.2 | 
Iter-0: 100.48/48.44 | Iter-1: 107.96/55.15 | Iter-2: 77.43/48.57 | Iter-3: 50.86/23.88 | Iter-4: 50.08/23.49 | 
Iter-0: 88.91/36.1 | Iter-1: 103.92/51.92 | Iter-2: 101.54/48.22 | Iter-3: 73.43/45.72 | Iter-4: 49.71/23.37 | 
Iter-0: 98.74/46.94 | Iter-1: 106.44/54.33 | Iter-2: 64.79/37.17 | Iter-3: 81.33/33.63 | Iter-4: 64.0/36.56 | 
Iter-0: 84.31/33.49 | Iter-1: 102.83/52.14 | Iter-2: 94.96/46.07 | Iter-3: 91.91/43.23 | Iter-4: 52.01/26.69 | 
Iter-0: 100.0/49.25 | Iter-1: 104.8/54.03 | Iter-2: 100.52/47.97 | Iter-3: 60.72/34.0 | Iter-4: 49.07/22.78 | 
Iter-0: 98.57/48.46 | Iter-1: 103.97/53.92 | Iter-2: 98.74/47.99 | Iter-3: 78.09/46.19 | Iter-4: 49.0/23.15 | 
prob_mse: 0.308382899726, running time: 2606.90885401
4.0 ~~~~~~~~~~~~~~~~~~~~~~~~~~~~~~~~~~~~~~~~~~~~~~~~~~~~~~~~~~~~~~~`
dataset: enron method: CSL-Plus, #attack_edge:10000,T:10,test_ratio: 0.3,gamma:0.07
/network/rit/lab/ceashpc/adil/data/adv_csl/Jan2/random_pgd/enron/enron-attackedges-10000-T-10-testratio-0.3-swap_ratio-0.01-gamma-0.07-realization-0-data-X.pkl
#Rule:743244 Nodes:67392 Edges:743244
0 Creating 10 consumers
Iter-0: 49.57/24.34 | Iter-1: 54.43/29.16 | Iter-2: 49.83/23.89 | Iter-3: 47.41/22.3 | Iter-4: 49.17/23.86 | 
Iter-0: 54.83/28.74 | Iter-1: 58.75/32.04 | Iter-2: 53.44/25.89 | Iter-3: 49.99/22.97 | Iter-4: 52.06/25.89 | 
Iter-0: 98.29/47.69 | Iter-1: 108.77/58.65 | Iter-2: 54.49/28.75 | Iter-3: 48.46/23.16 | Iter-4: 49.38/24.19 | 
Iter-0: 101.3/48.91 | Iter-1: 115.26/61.95 | Iter-2: 56.28/28.67 | Iter-3: 51.36/23.99 | Iter-4: 52.67/25.97 | 
Iter-0: 100.67/49.01 | Iter-1: 114.46/62.22 | Iter-2: 66.29/39.63 | Iter-3: 50.55/23.63 | Iter-4: 51.77/25.08 | 
Iter-0: 99.34/48.76 | Iter-1: 112.96/62.39 | Iter-2: 74.71/47.75 | Iter-3: 50.02/23.13 | Iter-4: 62.19/25.55 | 
Iter-0: 90.98/38.85 | Iter-1: 112.84/60.15 | Iter-2: 103.69/49.69 | Iter-3: 92.04/44.1 | Iter-4: 49.07/23.89 | 
Iter-0: 82.5/32.77 | Iter-1: 109.25/58.92 | Iter-2: 95.67/47.83 | Iter-3: 92.22/43.63 | Iter-4: 68.68/41.43 | 
Iter-0: 99.5/48.86 | Iter-1: 113.44/62.8 | Iter-2: 101.1/50.2 | Iter-3: 84.99/46.6 | Iter-4: 52.3/25.51 | 
Iter-0: 101.26/49.53 | Iter-1: 114.45/62.28 | Iter-2: 101.7/50.06 | Iter-3: 77.49/47.29 | Iter-4: 50.69/24.81 | 
1 Creating 10 consumers
Iter-0: 50.91/25.34 | Iter-1: 52.03/26.7 | Iter-2: 49.84/23.97 | Iter-3: 47.86/22.48 | Iter-4: 47.36/21.74 | 
Iter-0: 52.11/25.31 | Iter-1: 55.06/28.21 | Iter-2: 52.22/25.39 | Iter-3: 50.2/23.81 | Iter-4: 50.29/22.93 | 
Iter-0: 99.31/50.45 | Iter-1: 102.14/52.96 | Iter-2: 65.18/39.42 | Iter-3: 47.88/22.57 | Iter-4: 47.49/22.09 | 
Iter-0: 93.15/41.28 | Iter-1: 107.63/55.08 | Iter-2: 82.78/48.78 | Iter-3: 49.91/23.57 | Iter-4: 49.8/22.98 | 
Iter-0: 102.55/49.17 | Iter-1: 108.21/55.53 | Iter-2: 66.47/39.25 | Iter-3: 50.35/23.67 | Iter-4: 50.09/23.25 | 
Iter-0: 101.15/52.47 | Iter-1: 100.45/51.96 | Iter-2: 73.05/46.42 | Iter-3: 54.3/22.1 | Iter-4: 86.18/43.23 | 
Iter-0: 93.89/41.84 | Iter-1: 107.67/55.38 | Iter-2: 98.77/50.37 | Iter-3: 51.07/24.08 | Iter-4: 50.36/23.91 | 
Iter-0: 94.41/43.07 | Iter-1: 108.05/55.83 | Iter-2: 103.17/50.09 | Iter-3: 83.48/45.9 | Iter-4: 48.6/22.61 | 
Iter-0: 102.4/49.62 | Iter-1: 107.85/55.32 | Iter-2: 103.51/49.89 | Iter-3: 60.97/33.71 | Iter-4: 47.69/22.53 | 
Iter-0: 102.32/49.06 | Iter-1: 108.45/55.48 | Iter-2: 103.72/49.66 | Iter-3: 76.06/40.67 | Iter-4: 49.21/23.09 | 
2 Creating 10 consumers
Iter-0: 49.86/24.26 | Iter-1: 52.55/26.63 | Iter-2: 49.05/23.76 | Iter-3: 47.63/22.12 | Iter-4: 47.18/21.7 | 
Iter-0: 52.21/25.38 | Iter-1: 55.14/28.05 | Iter-2: 52.0/25.15 | Iter-3: 50.36/23.39 | Iter-4: 49.38/22.52 | 
Iter-0: 58.23/28.81 | Iter-1: 62.98/30.47 | Iter-2: 59.32/27.59 | Iter-3: 55.12/26.2 | Iter-4: 52.92/26.07 | 
Iter-0: 83.2/30.26 | Iter-1: 109.12/54.2 | Iter-2: 89.34/47.52 | Iter-3: 49.42/22.45 | Iter-4: 49.6/23.1 | 
Iter-0: 70.69/25.53 | Iter-1: 106.42/52.56 | Iter-2: 99.47/47.96 | Iter-3: 67.23/39.83 | Iter-4: 50.43/23.18 | 
Iter-0: 109.56/35.39 | Iter-1: 141.19/69.61 | Iter-2: 63.35/36.47 | Iter-3: 47.14/21.66 | Iter-4: 46.95/21.31 | 
Iter-0: 101.75/49.07 | Iter-1: 108.81/55.66 | Iter-2: 61.3/35.09 | Iter-3: 50.22/23.25 | Iter-4: 49.98/22.66 | 
Iter-0: 101.94/49.9 | Iter-1: 107.63/55.77 | Iter-2: 76.36/49.42 | Iter-3: 50.13/23.87 | Iter-4: 49.38/23.79 | 
Iter-0: 135.55/68.52 | Iter-1: 136.1/71.61 | Iter-2: 96.11/46.56 | Iter-3: 61.41/35.41 | Iter-4: 51.08/22.41 | 
Iter-0: 135.44/66.91 | Iter-1: 130.08/74.09 | Iter-2: 96.12/46.34 | Iter-3: 47.9/22.52 | Iter-4: 47.22/21.96 | 
3 Creating 10 consumers
Iter-0: 49.8/24.49 | Iter-1: 52.07/26.37 | Iter-2: 48.54/23.07 | Iter-3: 47.14/21.68 | Iter-4: 47.0/21.77 | 
Iter-0: 52.29/25.58 | Iter-1: 55.38/28.19 | Iter-2: 50.9/24.01 | Iter-3: 50.15/22.58 | Iter-4: 48.98/22.6 | 
Iter-0: 98.9/49.62 | Iter-1: 102.78/52.32 | Iter-2: 63.59/38.23 | Iter-3: 47.62/22.02 | Iter-4: 47.25/21.85 | 
Iter-0: 92.45/39.89 | Iter-1: 108.31/54.52 | Iter-2: 70.75/43.71 | Iter-3: 50.05/22.87 | Iter-4: 61.95/23.19 | 
Iter-0: 100.36/47.54 | Iter-1: 108.19/54.36 | Iter-2: 92.25/47.51 | Iter-3: 51.13/23.32 | Iter-4: 50.62/22.89 | 
Iter-0: 102.45/49.8 | Iter-1: 108.25/54.73 | Iter-2: 53.68/27.44 | Iter-3: 50.36/23.38 | Iter-4: 53.29/23.09 | 
Iter-0: 96.42/46.87 | Iter-1: 102.84/52.32 | Iter-2: 51.31/26.01 | Iter-3: 90.16/40.59 | Iter-4: 60.4/35.15 | 
Iter-0: 97.58/45.85 | Iter-1: 107.79/54.91 | Iter-2: 99.52/48.07 | Iter-3: 78.11/46.17 | Iter-4: 49.76/23.38 | 
Iter-0: 100.98/49.69 | Iter-1: 107.58/54.2 | Iter-2: 99.99/48.13 | Iter-3: 68.44/41.26 | Iter-4: 48.99/22.59 | 
Iter-0: 101.6/49.72 | Iter-1: 108.44/54.87 | Iter-2: 101.66/48.5 | Iter-3: 63.24/36.32 | Iter-4: 47.38/22.04 | 
4 Creating 10 consumers
Iter-0: 53.23/25.5 | Iter-1: 53.83/27.12 | Iter-2: 50.52/23.72 | Iter-3: 49.16/22.58 | Iter-4: 49.27/22.82 | 
Iter-0: 58.09/31.5 | Iter-1: 54.76/28.35 | Iter-2: 51.94/24.38 | Iter-3: 50.06/22.9 | Iter-4: 49.11/22.71 | 
Iter-0: 65.76/31.23 | Iter-1: 61.32/32.71 | Iter-2: 66.04/26.63 | Iter-3: 56.38/26.74 | Iter-4: 54.94/25.58 | 
Iter-0: 122.8/84.88 | Iter-1: 53.03/27.05 | Iter-2: 49.97/23.84 | Iter-3: 47.83/22.46 | Iter-4: 47.65/22.18 | 
Iter-0: 93.06/40.88 | Iter-1: 106.44/53.87 | Iter-2: 72.28/45.25 | Iter-3: 50.25/23.41 | Iter-4: 49.38/22.94 | 
Iter-0: 50.25/24.43 | Iter-1: 51.5/26.1 | Iter-2: 50.46/22.91 | Iter-3: 127.13/34.03 | Iter-4: 108.54/57.44 | 
Iter-0: 102.3/49.5 | Iter-1: 108.09/54.88 | Iter-2: 52.71/25.4 | Iter-3: 50.1/23.45 | Iter-4: 49.27/22.82 | 
Iter-0: 163.87/71.95 | Iter-1: 132.05/90.29 | Iter-2: 52.1/24.75 | Iter-3: 49.08/22.66 | Iter-4: 46.96/21.57 | 
Iter-0: 171.9/82.77 | Iter-1: 137.76/90.28 | Iter-2: 52.58/24.7 | Iter-3: 47.86/22.1 | Iter-4: 50.45/21.87 | 
Iter-0: 170.22/83.4 | Iter-1: 149.64/91.32 | Iter-2: 63.3/37.29 | Iter-3: 47.36/22.01 | Iter-4: 47.16/21.91 | 
prob_mse: 0.303667253602, running time: 2535.96919799
5.0 ~~~~~~~~~~~~~~~~~~~~~~~~~~~~~~~~~~~~~~~~~~~~~~~~~~~~~~~~~~~~~~~`
dataset: enron method: CSL-Plus, #attack_edge:10000,T:10,test_ratio: 0.3,gamma:0.09
/network/rit/lab/ceashpc/adil/data/adv_csl/Jan2/random_pgd/enron/enron-attackedges-10000-T-10-testratio-0.3-swap_ratio-0.01-gamma-0.09-realization-0-data-X.pkl
#Rule:743244 Nodes:67392 Edges:743244
0 Creating 10 consumers
Iter-0: 52.24/25.48 | Iter-1: 56.63/30.39 | Iter-2: 52.42/25.51 | Iter-3: 50.04/23.64 | Iter-4: 51.05/24.43 | 
Iter-0: 52.1/25.4 | Iter-1: 57.56/31.33 | Iter-2: 52.75/25.92 | Iter-3: 49.71/23.4 | Iter-4: 51.56/24.76 | 
Iter-0: 49.32/24.17 | Iter-1: 55.15/29.91 | Iter-2: 51.72/26.12 | Iter-3: 48.27/23.07 | Iter-4: 49.11/23.77 | 
Iter-0: 61.71/32.55 | Iter-1: 63.49/34.51 | Iter-2: 59.22/27.89 | Iter-3: 60.41/31.31 | Iter-4: 52.39/25.01 | 
Iter-0: 85.77/32.88 | Iter-1: 112.62/60.47 | Iter-2: 84.72/49.21 | Iter-3: 50.26/23.45 | Iter-4: 51.45/25.17 | 
Iter-0: 96.31/44.87 | Iter-1: 112.29/60.55 | Iter-2: 71.51/44.81 | Iter-3: 50.58/24.09 | Iter-4: 51.54/24.89 | 
Iter-0: 177.06/82.65 | Iter-1: 108.33/83.0 | Iter-2: 50.44/24.49 | Iter-3: 47.52/22.23 | Iter-4: 49.27/23.98 | 
Iter-0: 175.64/84.67 | Iter-1: 110.99/83.36 | Iter-2: 53.61/25.93 | Iter-3: 49.29/23.1 | Iter-4: 49.84/23.81 | 
Iter-0: 178.13/86.57 | Iter-1: 129.28/80.76 | Iter-2: 75.97/48.2 | Iter-3: 49.15/23.53 | Iter-4: 48.9/23.71 | 
Iter-0: 175.2/83.57 | Iter-1: 134.09/86.34 | Iter-2: 81.7/47.89 | Iter-3: 51.07/23.3 | Iter-4: 50.65/24.29 | 
1 Creating 10 consumers
Iter-0: 50.05/24.56 | Iter-1: 52.77/27.04 | Iter-2: 50.0/23.79 | Iter-3: 47.57/22.4 | Iter-4: 47.12/21.93 | 
Iter-0: 51.99/25.53 | Iter-1: 55.46/28.05 | Iter-2: 52.5/24.58 | Iter-3: 49.39/23.13 | Iter-4: 49.26/22.9 | 
Iter-0: 64.28/34.66 | Iter-1: 61.03/31.94 | Iter-2: 58.56/28.77 | Iter-3: 55.68/26.44 | Iter-4: 50.92/23.26 | 
Iter-0: 85.01/32.65 | Iter-1: 109.14/55.47 | Iter-2: 85.02/48.3 | Iter-3: 50.2/23.67 | Iter-4: 50.33/23.27 | 
Iter-0: 84.36/31.93 | Iter-1: 108.96/55.26 | Iter-2: 102.26/48.25 | Iter-3: 56.54/30.09 | Iter-4: 49.8/23.59 | 
Iter-0: 128.03/57.15 | Iter-1: 133.93/74.18 | Iter-2: 49.56/23.7 | Iter-3: 47.69/22.24 | Iter-4: 47.04/21.8 | 
Iter-0: 103.18/49.53 | Iter-1: 109.25/56.61 | Iter-2: 60.27/32.92 | Iter-3: 50.88/23.59 | Iter-4: 49.38/23.44 | 
Iter-0: 102.19/48.85 | Iter-1: 108.34/56.07 | Iter-2: 82.38/49.61 | Iter-3: 50.89/23.65 | Iter-4: 49.19/22.81 | 
Iter-0: 135.65/65.71 | Iter-1: 127.73/74.42 | Iter-2: 96.26/46.91 | Iter-3: 59.12/32.17 | Iter-4: 51.55/22.83 | 
Iter-0: 136.19/66.19 | Iter-1: 122.66/73.23 | Iter-2: 97.61/47.43 | Iter-3: 49.37/24.11 | Iter-4: 47.86/22.59 | 
2 Creating 10 consumers
Iter-0: 50.55/24.3 | Iter-1: 52.14/26.27 | Iter-2: 49.07/22.93 | Iter-3: 47.04/21.56 | Iter-4: 46.97/21.47 | 
Iter-0: 51.68/25.19 | Iter-1: 54.77/27.11 | Iter-2: 51.18/23.69 | Iter-3: 48.8/22.31 | Iter-4: 48.66/22.23 | 
Iter-0: 51.47/25.14 | Iter-1: 55.47/28.56 | Iter-2: 51.69/24.62 | Iter-3: 49.21/22.67 | Iter-4: 48.93/22.46 | 
Iter-0: 62.75/30.45 | Iter-1: 61.35/31.59 | Iter-2: 57.18/27.05 | Iter-3: 54.98/25.15 | Iter-4: 51.24/24.58 | 
Iter-0: 86.98/34.82 | Iter-1: 106.76/54.55 | Iter-2: 78.65/47.21 | Iter-3: 49.64/22.88 | Iter-4: 49.12/22.61 | 
Iter-0: 102.77/49.1 | Iter-1: 107.39/54.76 | Iter-2: 62.98/35.33 | Iter-3: 49.91/22.93 | Iter-4: 48.55/22.61 | 
Iter-0: 172.57/81.56 | Iter-1: 102.77/69.03 | Iter-2: 52.6/24.55 | Iter-3: 48.48/22.67 | Iter-4: 47.65/22.26 | 
Iter-0: 181.52/88.2 | Iter-1: 78.08/52.59 | Iter-2: 50.28/23.88 | Iter-3: 47.69/22.08 | Iter-4: 47.65/22.13 | 
Iter-0: 175.69/83.05 | Iter-1: 135.95/85.39 | Iter-2: 80.33/46.44 | Iter-3: 50.83/22.03 | Iter-4: 48.05/22.24 | 
Iter-0: 181.16/87.09 | Iter-1: 116.76/66.3 | Iter-2: 68.11/41.35 | Iter-3: 48.16/22.45 | Iter-4: 47.2/21.9 | 
3 Creating 10 consumers
Iter-0: 49.76/24.08 | Iter-1: 51.82/26.36 | Iter-2: 49.08/23.1 | Iter-3: 47.23/21.79 | Iter-4: 46.78/21.4 | 
Iter-0: 51.91/25.13 | Iter-1: 55.64/28.46 | Iter-2: 51.28/24.28 | Iter-3: 49.72/23.32 | Iter-4: 49.3/22.6 | 
Iter-0: 57.32/28.01 | Iter-1: 60.14/31.42 | Iter-2: 56.86/27.04 | Iter-3: 52.95/24.98 | Iter-4: 50.04/23.25 | 
Iter-0: 87.73/34.76 | Iter-1: 106.65/54.07 | Iter-2: 89.29/47.07 | Iter-3: 49.42/22.68 | Iter-4: 48.97/22.25 | 
Iter-0: 74.58/25.1 | Iter-1: 105.92/54.04 | Iter-2: 100.17/46.95 | Iter-3: 65.92/39.41 | Iter-4: 51.9/22.2 | 
Iter-0: 103.31/50.2 | Iter-1: 107.56/55.15 | Iter-2: 66.85/39.96 | Iter-3: 49.88/23.49 | Iter-4: 49.62/23.32 | 
Iter-0: 100.25/46.92 | Iter-1: 107.35/54.55 | Iter-2: 97.97/47.98 | Iter-3: 49.61/23.28 | Iter-4: 49.2/23.0 | 
Iter-0: 136.9/67.77 | Iter-1: 98.81/73.22 | Iter-2: 50.38/23.5 | Iter-3: 47.42/22.19 | Iter-4: 47.29/21.99 | 
Iter-0: 136.57/65.45 | Iter-1: 130.1/74.36 | Iter-2: 94.79/45.96 | Iter-3: 69.03/39.55 | Iter-4: 48.1/22.06 | 
Iter-0: 138.99/67.71 | Iter-1: 117.82/67.81 | Iter-2: 97.78/46.4 | Iter-3: 49.41/23.99 | Iter-4: 47.38/22.1 | 
4 Creating 10 consumers
Iter-0: 52.68/25.34 | Iter-1: 55.38/28.22 | Iter-2: 50.65/24.35 | Iter-3: 49.55/23.29 | Iter-4: 48.87/22.51 | 
Iter-0: 52.93/25.33 | Iter-1: 55.32/28.02 | Iter-2: 50.59/24.38 | Iter-3: 49.6/23.36 | Iter-4: 49.01/22.65 | 
Iter-0: 61.52/29.05 | Iter-1: 62.23/32.7 | Iter-2: 59.74/27.88 | Iter-3: 59.24/25.03 | Iter-4: 60.21/25.56 | 
Iter-0: 83.75/58.33 | Iter-1: 52.74/26.86 | Iter-2: 48.82/23.53 | Iter-3: 47.34/22.0 | Iter-4: 76.63/21.83 | 
Iter-0: 77.33/25.26 | Iter-1: 106.13/53.14 | Iter-2: 90.55/46.65 | Iter-3: 50.32/23.01 | Iter-4: 48.97/22.33 | 
Iter-0: 102.7/50.61 | Iter-1: 107.32/55.69 | Iter-2: 54.52/27.59 | Iter-3: 50.15/23.86 | Iter-4: 50.0/23.49 | 
Iter-0: 50.15/24.43 | Iter-1: 98.7/26.58 | Iter-2: 153.78/83.19 | Iter-3: 80.33/27.61 | Iter-4: 69.43/39.94 | 
Iter-0: 177.58/86.29 | Iter-1: 81.12/51.57 | Iter-2: 51.71/25.28 | Iter-3: 50.01/23.34 | Iter-4: 48.76/23.46 | 
Iter-0: 176.48/84.53 | Iter-1: 112.24/77.93 | Iter-2: 49.07/23.65 | Iter-3: 47.66/22.04 | Iter-4: 49.22/22.84 | 
Iter-0: 171.79/78.12 | Iter-1: 158.57/91.83 | Iter-2: 89.35/46.55 | Iter-3: 48.24/22.98 | Iter-4: 46.7/21.42 | 
prob_mse: 0.29806954529, running time: 2691.52217412
6.0 ~~~~~~~~~~~~~~~~~~~~~~~~~~~~~~~~~~~~~~~~~~~~~~~~~~~~~~~~~~~~~~~`
dataset: enron method: CSL-Plus, #attack_edge:10000,T:10,test_ratio: 0.3,gamma:0.2
/network/rit/lab/ceashpc/adil/data/adv_csl/Jan2/random_pgd/enron/enron-attackedges-10000-T-10-testratio-0.3-swap_ratio-0.01-gamma-0.2-realization-0-data-X.pkl
#Rule:743244 Nodes:67392 Edges:743244
0 Creating 10 consumers
Iter-0: 49.84/24.39 | Iter-1: 54.88/28.89 | Iter-2: 53.5/28.24 | Iter-3: 49.17/23.89 | Iter-4: 48.65/23.37 | 
Iter-0: 51.64/25.4 | Iter-1: 56.57/29.29 | Iter-2: 55.47/29.33 | Iter-3: 51.87/25.68 | Iter-4: 51.36/24.83 | 
Iter-0: 89.38/37.44 | Iter-1: 109.35/56.13 | Iter-2: 85.54/55.38 | Iter-3: 51.45/24.83 | Iter-4: 51.23/24.16 | 
Iter-0: 97.02/47.99 | Iter-1: 109.45/58.33 | Iter-2: 75.18/49.74 | Iter-3: 49.14/23.84 | Iter-4: 48.65/23.27 | 
Iter-0: 98.15/48.06 | Iter-1: 102.35/53.22 | Iter-2: 91.02/57.4 | Iter-3: 52.57/25.67 | Iter-4: 52.57/25.37 | 
Iter-0: 101.74/49.2 | Iter-1: 110.86/58.05 | Iter-2: 79.47/53.08 | Iter-3: 51.94/25.22 | Iter-4: 51.08/24.92 | 
Iter-0: 95.94/47.55 | Iter-1: 107.86/56.78 | Iter-2: 104.44/54.19 | Iter-3: 91.43/47.76 | Iter-4: 48.57/23.17 | 
Iter-0: 98.85/48.63 | Iter-1: 110.27/58.56 | Iter-2: 108.23/57.46 | Iter-3: 78.12/49.66 | Iter-4: 50.08/24.05 | 
Iter-0: 102.16/49.26 | Iter-1: 110.14/56.98 | Iter-2: 108.52/55.78 | Iter-3: 68.35/43.2 | Iter-4: 48.76/23.57 | 
Iter-0: 101.45/49.31 | Iter-1: 109.5/57.38 | Iter-2: 109.46/57.72 | Iter-3: 67.83/41.6 | Iter-4: 50.07/24.43 | 
1 Creating 10 consumers
Iter-0: 50.29/24.4 | Iter-1: 54.27/28.92 | Iter-2: 52.34/25.76 | Iter-3: 48.3/22.2 | Iter-4: 47.28/21.99 | 
Iter-0: 52.88/26.07 | Iter-1: 57.12/30.93 | Iter-2: 52.93/26.68 | Iter-3: 50.15/23.01 | Iter-4: 49.39/22.83 | 
Iter-0: 106.82/47.99 | Iter-1: 104.34/54.48 | Iter-2: 77.84/48.4 | Iter-3: 48.09/22.14 | Iter-4: 47.75/21.69 | 
Iter-0: 89.73/36.28 | Iter-1: 108.37/56.15 | Iter-2: 91.05/50.21 | Iter-3: 50.25/23.26 | Iter-4: 52.11/22.83 | 
Iter-0: 97.25/46.94 | Iter-1: 108.68/57.82 | Iter-2: 77.44/49.7 | Iter-3: 51.46/23.46 | Iter-4: 50.79/23.19 | 
Iter-0: 102.93/49.27 | Iter-1: 109.97/57.41 | Iter-2: 70.87/44.3 | Iter-3: 50.34/22.97 | Iter-4: 50.53/23.42 | 
Iter-0: 75.71/46.08 | Iter-1: 106.2/53.65 | Iter-2: 102.88/50.51 | Iter-3: 97.5/45.09 | Iter-4: 49.49/23.34 | 
Iter-0: 106.89/52.27 | Iter-1: 108.72/57.24 | Iter-2: 99.65/49.68 | Iter-3: 69.95/43.24 | Iter-4: 47.26/21.9 | 
Iter-0: 107.65/55.7 | Iter-1: 105.76/55.25 | Iter-2: 97.33/49.9 | Iter-3: 72.29/43.25 | Iter-4: 47.4/22.14 | 
Iter-0: 109.07/55.67 | Iter-1: 110.39/57.97 | Iter-2: 104.76/52.37 | Iter-3: 66.38/38.73 | Iter-4: 48.34/22.68 | 
2 Creating 10 consumers
Iter-0: 55.11/27.78 | Iter-1: 56.08/28.69 | Iter-2: 51.33/25.1 | Iter-3: 49.48/23.22 | Iter-4: 49.13/22.67 | 
Iter-0: 53.13/25.6 | Iter-1: 56.51/28.93 | Iter-2: 51.78/25.34 | Iter-3: 49.85/23.39 | Iter-4: 49.92/23.05 | 
Iter-0: 60.47/30.89 | Iter-1: 65.4/31.86 | Iter-2: 68.53/30.97 | Iter-3: 56.16/27.44 | Iter-4: 55.38/24.52 | 
Iter-0: 110.07/84.41 | Iter-1: 54.23/28.18 | Iter-2: 51.78/25.24 | Iter-3: 53.43/24.66 | Iter-4: 49.89/23.02 | 
Iter-0: 93.33/42.94 | Iter-1: 107.36/56.46 | Iter-2: 73.79/47.36 | Iter-3: 50.27/23.95 | Iter-4: 49.5/23.26 | 
Iter-0: 97.83/47.28 | Iter-1: 107.33/56.28 | Iter-2: 71.16/44.62 | Iter-3: 50.57/24.07 | Iter-4: 49.58/23.25 | 
Iter-0: 140.6/50.04 | Iter-1: 134.18/93.27 | Iter-2: 50.9/25.36 | Iter-3: 48.53/22.9 | Iter-4: 48.53/22.1 | 
Iter-0: 92.11/66.59 | Iter-1: 78.43/27.43 | Iter-2: 150.0/71.4 | Iter-3: 90.02/48.67 | Iter-4: 49.06/22.7 | 
Iter-0: 95.54/24.34 | Iter-1: 179.56/95.54 | Iter-2: 103.14/62.37 | Iter-3: 47.9/22.58 | Iter-4: 47.43/22.12 | 
Iter-0: 178.29/85.1 | Iter-1: 159.35/89.81 | Iter-2: 59.72/31.48 | Iter-3: 48.93/23.36 | Iter-4: 47.61/21.75 | 
3 Creating 10 consumers
Iter-0: 52.35/25.93 | Iter-1: 56.29/29.95 | Iter-2: 52.82/25.83 | Iter-3: 49.96/22.91 | Iter-4: 49.78/22.9 | 
Iter-0: 53.36/26.39 | Iter-1: 56.13/29.69 | Iter-2: 72.15/25.54 | Iter-3: 94.38/45.06 | Iter-4: 48.89/22.46 | 
Iter-0: 93.95/42.08 | Iter-1: 76.78/50.3 | Iter-2: 53.21/25.67 | Iter-3: 50.25/23.23 | Iter-4: 49.08/22.57 | 
Iter-0: 64.78/33.15 | Iter-1: 63.19/32.91 | Iter-2: 65.28/28.6 | Iter-3: 62.47/30.82 | Iter-4: 61.05/32.07 | 
Iter-0: 67.13/41.64 | Iter-1: 53.0/27.85 | Iter-2: 50.13/24.32 | Iter-3: 79.52/22.32 | Iter-4: 114.86/72.27 | 
Iter-0: 84.89/33.51 | Iter-1: 106.79/57.12 | Iter-2: 97.44/49.37 | Iter-3: 48.68/22.48 | Iter-4: 47.7/22.35 | 
Iter-0: 104.36/24.51 | Iter-1: 121.74/96.14 | Iter-2: 50.45/24.5 | Iter-3: 93.2/30.08 | Iter-4: 52.55/27.19 | 
Iter-0: 174.04/86.54 | Iter-1: 104.24/78.64 | Iter-2: 51.53/25.42 | Iter-3: 51.1/22.4 | Iter-4: 47.46/21.94 | 
Iter-0: 175.51/83.45 | Iter-1: 145.9/93.02 | Iter-2: 52.81/26.0 | Iter-3: 49.11/23.42 | Iter-4: 47.45/22.34 | 
Iter-0: 171.32/83.79 | Iter-1: 151.66/92.15 | Iter-2: 55.57/29.47 | Iter-3: 47.98/22.41 | Iter-4: 47.2/21.92 | 
4 Creating 10 consumers
Iter-0: 50.09/24.17 | Iter-1: 53.08/27.63 | Iter-2: 50.45/24.47 | Iter-3: 47.71/22.09 | Iter-4: 47.36/21.79 | 
Iter-0: 52.25/25.04 | Iter-1: 55.34/28.73 | Iter-2: 52.42/25.51 | Iter-3: 49.63/23.26 | Iter-4: 49.3/22.91 | 
Iter-0: 70.98/38.12 | Iter-1: 59.78/30.45 | Iter-2: 60.15/28.94 | Iter-3: 54.44/26.01 | Iter-4: 50.47/23.52 | 
Iter-0: 94.0/41.61 | Iter-1: 109.01/56.53 | Iter-2: 84.28/50.51 | Iter-3: 49.6/23.33 | Iter-4: 49.98/23.22 | 
Iter-0: 120.53/51.28 | Iter-1: 136.56/73.26 | Iter-2: 49.9/24.16 | Iter-3: 47.18/21.97 | Iter-4: 46.85/21.73 | 
Iter-0: 99.63/49.09 | Iter-1: 108.03/56.76 | Iter-2: 92.55/50.69 | Iter-3: 49.75/23.33 | Iter-4: 49.96/23.7 | 
Iter-0: 102.13/49.63 | Iter-1: 108.71/56.38 | Iter-2: 68.57/41.28 | Iter-3: 49.95/23.19 | Iter-4: 50.19/23.67 | 
Iter-0: 101.99/50.03 | Iter-1: 108.98/57.04 | Iter-2: 81.53/51.11 | Iter-3: 50.11/23.06 | Iter-4: 49.51/23.45 | 
Iter-0: 131.44/61.72 | Iter-1: 132.16/75.9 | Iter-2: 98.51/48.51 | Iter-3: 58.71/32.14 | Iter-4: 50.89/22.57 | 
Iter-0: 135.68/66.64 | Iter-1: 126.36/76.58 | Iter-2: 99.16/49.07 | Iter-3: 47.94/22.43 | Iter-4: 47.37/22.12 | 
prob_mse: 0.355572232664, running time: 2597.13095999
7.0 ~~~~~~~~~~~~~~~~~~~~~~~~~~~~~~~~~~~~~~~~~~~~~~~~~~~~~~~~~~~~~~~`
dataset: enron method: CSL-Plus, #attack_edge:10000,T:10,test_ratio: 0.3,gamma:0.3
/network/rit/lab/ceashpc/adil/data/adv_csl/Jan2/random_pgd/enron/enron-attackedges-10000-T-10-testratio-0.3-swap_ratio-0.01-gamma-0.3-realization-0-data-X.pkl
#Rule:743244 Nodes:67392 Edges:743244
0 Creating 10 consumers
Iter-0: 49.74/24.21 | Iter-1: 52.43/27.04 | Iter-2: 54.02/28.21 | Iter-3: 48.62/23.29 | Iter-4: 47.95/22.71 | 
Iter-0: 51.52/25.32 | Iter-1: 55.27/29.16 | Iter-2: 56.8/29.82 | Iter-3: 51.23/24.95 | Iter-4: 49.72/23.49 | 
Iter-0: 59.03/30.34 | Iter-1: 58.78/30.56 | Iter-2: 64.79/34.18 | Iter-3: 54.23/26.74 | Iter-4: 50.94/24.19 | 
Iter-0: 93.44/43.22 | Iter-1: 107.36/56.47 | Iter-2: 93.6/58.06 | Iter-3: 51.05/24.03 | Iter-4: 49.86/23.73 | 
Iter-0: 95.32/44.64 | Iter-1: 107.76/56.65 | Iter-2: 88.69/58.01 | Iter-3: 51.64/24.22 | Iter-4: 49.91/23.58 | 
Iter-0: 79.16/27.47 | Iter-1: 107.0/54.82 | Iter-2: 110.99/58.08 | Iter-3: 63.5/35.69 | Iter-4: 49.7/23.85 | 
Iter-0: 135.29/63.77 | Iter-1: 118.39/76.94 | Iter-2: 54.64/28.83 | Iter-3: 48.79/23.3 | Iter-4: 48.2/22.69 | 
Iter-0: 101.83/49.24 | Iter-1: 108.54/55.45 | Iter-2: 97.27/58.15 | Iter-3: 51.14/25.11 | Iter-4: 48.73/23.26 | 
Iter-0: 134.81/65.36 | Iter-1: 122.37/73.21 | Iter-2: 104.35/56.08 | Iter-3: 55.62/30.59 | Iter-4: 47.85/22.77 | 
Iter-0: 134.51/65.42 | Iter-1: 120.39/72.33 | Iter-2: 105.02/55.87 | Iter-3: 53.6/26.22 | Iter-4: 50.95/22.95 | 
1 Creating 10 consumers
Iter-0: 52.65/25.92 | Iter-1: 57.79/31.46 | Iter-2: 53.97/27.04 | Iter-3: 49.9/23.07 | Iter-4: 49.05/22.43 | 
Iter-0: 54.46/28.0 | Iter-1: 57.92/31.53 | Iter-2: 54.1/26.95 | Iter-3: 49.79/23.08 | Iter-4: 49.32/22.4 | 
Iter-0: 107.7/66.22 | Iter-1: 55.42/30.01 | Iter-2: 52.18/25.78 | Iter-3: 47.26/21.93 | Iter-4: 47.03/21.59 | 
Iter-0: 66.47/30.98 | Iter-1: 64.71/35.49 | Iter-2: 60.99/30.97 | Iter-3: 60.0/27.47 | Iter-4: 52.7/24.78 | 
Iter-0: 95.27/44.32 | Iter-1: 112.33/60.68 | Iter-2: 83.83/52.25 | Iter-3: 49.87/22.75 | Iter-4: 48.5/22.28 | 
Iter-0: 101.08/49.04 | Iter-1: 113.35/60.93 | Iter-2: 73.26/46.29 | Iter-3: 50.07/23.62 | Iter-4: 48.88/22.51 | 
Iter-0: 50.1/24.33 | Iter-1: 92.12/30.14 | Iter-2: 174.26/92.05 | Iter-3: 93.31/43.67 | Iter-4: 46.59/21.38 | 
Iter-0: 173.94/81.41 | Iter-1: 102.79/74.63 | Iter-2: 55.04/27.98 | Iter-3: 48.96/23.32 | Iter-4: 48.13/21.81 | 
Iter-0: 174.12/80.75 | Iter-1: 127.47/98.12 | Iter-2: 51.91/26.0 | Iter-3: 47.72/22.49 | Iter-4: 47.25/21.69 | 
Iter-0: 174.67/82.35 | Iter-1: 141.93/91.53 | Iter-2: 76.1/46.13 | Iter-3: 49.9/22.82 | Iter-4: 47.43/22.24 | 
2 Creating 10 consumers
Iter-0: 50.42/24.55 | Iter-1: 55.28/29.82 | Iter-2: 51.49/25.88 | Iter-3: 47.72/22.42 | Iter-4: 47.88/22.05 | 
Iter-0: 52.61/25.91 | Iter-1: 57.96/31.61 | Iter-2: 54.16/27.67 | Iter-3: 50.19/23.14 | Iter-4: 50.16/22.69 | 
Iter-0: 96.16/46.6 | Iter-1: 106.46/57.49 | Iter-2: 79.06/49.66 | Iter-3: 47.5/22.19 | Iter-4: 47.54/21.64 | 
Iter-0: 103.05/48.85 | Iter-1: 113.57/60.62 | Iter-2: 59.11/32.02 | Iter-3: 50.39/23.66 | Iter-4: 50.66/23.31 | 
Iter-0: 90.27/37.66 | Iter-1: 112.72/60.22 | Iter-2: 94.9/51.94 | Iter-3: 49.0/22.87 | Iter-4: 67.95/22.4 | 
Iter-0: 103.34/49.21 | Iter-1: 113.6/60.59 | Iter-2: 72.82/46.7 | Iter-3: 49.23/23.07 | Iter-4: 49.75/22.67 | 
Iter-0: 90.03/37.22 | Iter-1: 112.35/59.96 | Iter-2: 103.75/52.18 | Iter-3: 80.34/43.8 | Iter-4: 47.97/21.72 | 
Iter-0: 99.01/46.87 | Iter-1: 112.53/61.1 | Iter-2: 104.32/53.07 | Iter-3: 70.27/44.07 | Iter-4: 49.95/23.34 | 
Iter-0: 97.91/47.5 | Iter-1: 107.6/57.99 | Iter-2: 99.36/50.63 | Iter-3: 90.95/44.01 | Iter-4: 48.62/22.68 | 
Iter-0: 102.35/48.96 | Iter-1: 112.74/60.51 | Iter-2: 105.32/53.89 | Iter-3: 57.86/31.47 | Iter-4: 49.4/23.17 | 
3 Creating 10 consumers
Iter-0: 49.53/24.05 | Iter-1: 55.27/29.87 | Iter-2: 51.15/25.2 | Iter-3: 47.38/21.81 | Iter-4: 46.64/21.21 | 
Iter-0: 49.52/24.03 | Iter-1: 55.18/29.79 | Iter-2: 98.11/46.9 | Iter-3: 71.3/42.23 | Iter-4: 46.87/21.16 | 
Iter-0: 98.32/48.3 | Iter-1: 61.28/34.83 | Iter-2: 53.78/26.86 | Iter-3: 48.9/22.6 | Iter-4: 49.52/22.16 | 
Iter-0: 86.6/48.76 | Iter-1: 112.49/60.89 | Iter-2: 62.44/35.02 | Iter-3: 51.04/24.25 | Iter-4: 50.25/22.88 | 
Iter-0: 96.88/45.52 | Iter-1: 111.11/60.32 | Iter-2: 102.33/51.15 | Iter-3: 47.26/21.77 | Iter-4: 47.2/21.85 | 
Iter-0: 97.83/46.88 | Iter-1: 112.84/61.2 | Iter-2: 104.44/51.64 | Iter-3: 49.5/23.24 | Iter-4: 52.58/22.56 | 
Iter-0: 97.67/45.92 | Iter-1: 114.09/61.65 | Iter-2: 105.76/52.1 | Iter-3: 50.35/24.04 | Iter-4: 49.05/22.76 | 
Iter-0: 101.17/48.68 | Iter-1: 112.69/60.84 | Iter-2: 93.54/52.06 | Iter-3: 49.51/22.76 | Iter-4: 48.06/22.41 | 
Iter-0: 100.79/49.13 | Iter-1: 109.37/58.16 | Iter-2: 99.43/50.34 | Iter-3: 86.13/42.98 | Iter-4: 46.8/21.53 | 
Iter-0: 100.53/48.64 | Iter-1: 112.1/60.18 | Iter-2: 105.41/51.46 | Iter-3: 81.47/42.92 | Iter-4: 48.28/21.75 | 
4 Creating 10 consumers
Iter-0: 49.66/24.34 | Iter-1: 55.09/29.68 | Iter-2: 51.45/25.31 | Iter-3: 47.89/22.12 | Iter-4: 46.95/21.65 | 
Iter-0: 63.61/37.24 | Iter-1: 57.42/31.05 | Iter-2: 53.53/26.44 | Iter-3: 50.4/23.5 | Iter-4: 48.68/22.34 | 
Iter-0: 95.57/47.25 | Iter-1: 106.48/57.92 | Iter-2: 69.37/43.2 | Iter-3: 48.56/22.95 | Iter-4: 47.44/21.9 | 
Iter-0: 89.81/40.02 | Iter-1: 111.83/60.55 | Iter-2: 68.2/40.25 | Iter-3: 51.16/23.53 | Iter-4: 50.49/23.63 | 
Iter-0: 98.93/48.57 | Iter-1: 111.55/60.36 | Iter-2: 78.87/51.56 | Iter-3: 50.64/23.05 | Iter-4: 49.01/22.59 | 
Iter-0: 100.61/49.17 | Iter-1: 112.71/60.76 | Iter-2: 71.14/43.99 | Iter-3: 50.82/23.5 | Iter-4: 49.74/22.72 | 
Iter-0: 96.5/48.24 | Iter-1: 105.66/57.49 | Iter-2: 102.08/51.55 | Iter-3: 91.08/43.96 | Iter-4: 47.52/22.08 | 
Iter-0: 100.27/49.18 | Iter-1: 112.6/60.5 | Iter-2: 104.97/51.74 | Iter-3: 68.35/42.54 | Iter-4: 47.55/22.03 | 
Iter-0: 97.75/46.59 | Iter-1: 112.59/60.52 | Iter-2: 104.72/52.5 | Iter-3: 87.59/46.74 | Iter-4: 47.24/21.8 | 
Iter-0: 101.24/49.34 | Iter-1: 113.29/61.05 | Iter-2: 106.9/53.19 | Iter-3: 64.64/37.83 | Iter-4: 48.29/21.98 | 
prob_mse: 0.360422333234, running time: 2576.23401284
8.0 ~~~~~~~~~~~~~~~~~~~~~~~~~~~~~~~~~~~~~~~~~~~~~~~~~~~~~~~~~~~~~~~`
dataset: enron method: CSL-Plus, #attack_edge:10000,T:10,test_ratio: 0.3,gamma:0.4
/network/rit/lab/ceashpc/adil/data/adv_csl/Jan2/random_pgd/enron/enron-attackedges-10000-T-10-testratio-0.3-swap_ratio-0.01-gamma-0.4-realization-0-data-X.pkl
#Rule:743244 Nodes:67392 Edges:743244
0 Creating 10 consumers
Iter-0: 49.57/24.3 | Iter-1: 52.28/26.98 | Iter-2: 55.4/29.47 | Iter-3: 49.42/24.11 | Iter-4: 47.22/22.03 | 
Iter-0: 52.24/25.95 | Iter-1: 53.99/27.63 | Iter-2: 56.74/29.92 | Iter-3: 86.62/34.94 | Iter-4: 96.6/44.96 | 
Iter-0: 98.99/48.72 | Iter-1: 78.98/52.49 | Iter-2: 56.34/29.75 | Iter-3: 50.86/24.9 | Iter-4: 49.68/22.92 | 
Iter-0: 97.39/48.11 | Iter-1: 105.18/52.42 | Iter-2: 77.11/51.21 | Iter-3: 49.48/24.09 | Iter-4: 49.63/24.37 | 
Iter-0: 97.43/49.11 | Iter-1: 103.0/51.32 | Iter-2: 85.67/56.47 | Iter-3: 82.51/43.59 | Iter-4: 47.58/22.15 | 
Iter-0: 84.67/32.4 | Iter-1: 106.32/53.58 | Iter-2: 111.05/57.79 | Iter-3: 77.45/48.79 | Iter-4: 49.54/22.79 | 
Iter-0: 98.66/48.4 | Iter-1: 103.02/52.9 | Iter-2: 83.9/56.73 | Iter-3: 58.89/25.74 | Iter-4: 60.21/33.54 | 
Iter-0: 98.47/48.41 | Iter-1: 108.31/54.18 | Iter-2: 110.12/58.62 | Iter-3: 62.61/36.53 | Iter-4: 49.25/23.21 | 
Iter-0: 102.25/49.63 | Iter-1: 107.12/54.55 | Iter-2: 112.16/58.83 | Iter-3: 51.0/24.67 | Iter-4: 48.28/22.89 | 
Iter-0: 99.28/49.17 | Iter-1: 107.16/56.0 | Iter-2: 109.83/57.33 | Iter-3: 69.35/43.75 | Iter-4: 47.73/22.18 | 
1 Creating 10 consumers
Iter-0: 52.14/25.49 | Iter-1: 57.13/30.87 | Iter-2: 53.77/27.68 | Iter-3: 50.76/23.89 | Iter-4: 50.01/23.39 | 
Iter-0: 55.64/27.94 | Iter-1: 62.1/31.23 | Iter-2: 62.43/34.17 | Iter-3: 58.25/26.27 | Iter-4: 59.14/29.43 | 
Iter-0: 96.26/48.66 | Iter-1: 54.49/29.31 | Iter-2: 51.81/26.54 | Iter-3: 47.88/22.73 | Iter-4: 48.06/22.23 | 
Iter-0: 91.41/38.75 | Iter-1: 110.89/59.31 | Iter-2: 98.23/54.58 | Iter-3: 49.62/23.55 | Iter-4: 50.41/23.82 | 
Iter-0: 102.72/49.24 | Iter-1: 112.42/58.83 | Iter-2: 76.84/50.19 | Iter-3: 50.42/23.41 | Iter-4: 49.79/23.09 | 
Iter-0: 100.23/48.65 | Iter-1: 110.31/59.41 | Iter-2: 93.02/54.93 | Iter-3: 51.6/24.06 | Iter-4: 50.49/23.48 | 
Iter-0: 102.16/49.55 | Iter-1: 112.28/59.48 | Iter-2: 80.79/54.67 | Iter-3: 50.5/23.61 | Iter-4: 49.68/23.2 | 
Iter-0: 85.27/33.16 | Iter-1: 132.53/62.98 | Iter-2: 116.66/67.39 | Iter-3: 48.15/22.57 | Iter-4: 48.06/22.11 | 
Iter-0: 93.26/43.84 | Iter-1: 137.27/70.11 | Iter-2: 120.14/68.63 | Iter-3: 78.12/43.81 | Iter-4: 47.97/22.22 | 
Iter-0: 94.67/46.71 | Iter-1: 137.5/69.61 | Iter-2: 120.37/69.28 | Iter-3: 79.59/43.72 | Iter-4: 51.55/22.17 | 
2 Creating 10 consumers
Iter-0: 49.78/24.18 | Iter-1: 55.52/29.38 | Iter-2: 51.87/26.3 | Iter-3: 48.48/22.78 | Iter-4: 47.85/22.29 | 
Iter-0: 55.14/28.18 | Iter-1: 59.18/31.01 | Iter-2: 54.91/27.75 | Iter-3: 51.61/24.24 | Iter-4: 50.92/24.12 | 
Iter-0: 96.99/47.21 | Iter-1: 107.48/57.09 | Iter-2: 70.4/45.07 | Iter-3: 48.11/22.82 | Iter-4: 47.71/22.21 | 
Iter-0: 99.8/49.3 | Iter-1: 110.81/59.72 | Iter-2: 67.52/41.31 | Iter-3: 50.14/23.98 | Iter-4: 49.94/23.72 | 
Iter-0: 99.76/49.37 | Iter-1: 111.08/60.13 | Iter-2: 77.06/50.24 | Iter-3: 49.6/23.3 | Iter-4: 50.3/23.6 | 
Iter-0: 100.71/49.7 | Iter-1: 112.56/60.44 | Iter-2: 71.99/45.07 | Iter-3: 50.19/23.56 | Iter-4: 49.96/23.66 | 
Iter-0: 93.05/44.21 | Iter-1: 107.91/57.7 | Iter-2: 101.0/51.52 | Iter-3: 94.42/44.26 | Iter-4: 57.58/31.74 | 
Iter-0: 98.69/48.83 | Iter-1: 110.23/59.16 | Iter-2: 105.94/52.55 | Iter-3: 75.1/44.19 | Iter-4: 47.56/22.06 | 
Iter-0: 95.23/44.09 | Iter-1: 112.79/59.78 | Iter-2: 106.34/54.14 | Iter-3: 98.37/45.7 | Iter-4: 48.8/22.63 | 
Iter-0: 102.56/49.54 | Iter-1: 113.68/59.82 | Iter-2: 106.7/53.9 | Iter-3: 70.3/44.0 | Iter-4: 47.98/22.63 | 
3 Creating 10 consumers
Iter-0: 54.73/29.42 | Iter-1: 55.34/29.42 | Iter-2: 51.48/26.13 | Iter-3: 47.92/22.5 | Iter-4: 47.24/21.99 | 
Iter-0: 51.95/25.23 | Iter-1: 57.43/30.67 | Iter-2: 53.44/27.17 | Iter-3: 50.31/23.2 | Iter-4: 58.04/22.84 | 
Iter-0: 89.09/37.54 | Iter-1: 111.93/58.91 | Iter-2: 66.06/39.16 | Iter-3: 49.61/23.45 | Iter-4: 49.55/23.4 | 
Iter-0: 97.13/48.35 | Iter-1: 106.74/58.47 | Iter-2: 76.64/50.48 | Iter-3: 50.12/23.48 | Iter-4: 50.04/23.06 | 
Iter-0: 101.27/49.12 | Iter-1: 116.71/58.66 | Iter-2: 64.25/35.66 | Iter-3: 49.04/22.86 | Iter-4: 47.73/22.14 | 
Iter-0: 102.16/49.82 | Iter-1: 113.43/60.33 | Iter-2: 69.24/42.78 | Iter-3: 49.82/23.63 | Iter-4: 50.01/23.82 | 
Iter-0: 78.78/26.95 | Iter-1: 111.88/58.87 | Iter-2: 105.95/53.72 | Iter-3: 87.27/46.2 | Iter-4: 49.67/23.69 | 
Iter-0: 96.9/46.31 | Iter-1: 109.65/57.14 | Iter-2: 93.28/51.37 | Iter-3: 94.71/44.36 | Iter-4: 56.16/30.69 | 
Iter-0: 100.35/49.06 | Iter-1: 114.71/59.55 | Iter-2: 74.95/29.0 | Iter-3: 73.32/45.77 | Iter-4: 49.36/23.41 | 
Iter-0: 97.65/47.41 | Iter-1: 110.54/57.09 | Iter-2: 103.45/52.87 | Iter-3: 83.41/43.88 | Iter-4: 47.87/22.34 | 
4 Creating 10 consumers
Iter-0: 50.29/24.28 | Iter-1: 55.0/29.38 | Iter-2: 52.41/26.43 | Iter-3: 47.83/22.5 | Iter-4: 47.96/22.11 | 
Iter-0: 52.93/25.28 | Iter-1: 57.54/30.38 | Iter-2: 54.15/27.2 | Iter-3: 49.84/23.36 | Iter-4: 50.61/23.6 | 
Iter-0: 62.15/30.74 | Iter-1: 63.68/33.2 | Iter-2: 61.56/31.44 | Iter-3: 53.95/25.74 | Iter-4: 98.81/45.76 | 
Iter-0: 84.71/31.72 | Iter-1: 111.2/58.88 | Iter-2: 89.72/53.08 | Iter-3: 49.94/23.75 | Iter-4: 50.03/23.23 | 
Iter-0: 103.0/49.16 | Iter-1: 111.71/59.04 | Iter-2: 69.2/42.35 | Iter-3: 49.98/23.3 | Iter-4: 49.7/22.89 | 
Iter-0: 102.49/48.75 | Iter-1: 111.95/59.17 | Iter-2: 70.93/44.56 | Iter-3: 50.01/23.29 | Iter-4: 49.73/22.86 | 
Iter-0: 138.22/65.36 | Iter-1: 99.22/73.23 | Iter-2: 51.95/26.59 | Iter-3: 47.97/22.71 | Iter-4: 48.52/22.35 | 
Iter-0: 89.6/36.51 | Iter-1: 111.07/59.61 | Iter-2: 107.5/54.1 | Iter-3: 77.31/46.48 | Iter-4: 49.65/23.42 | 
Iter-0: 125.94/55.79 | Iter-1: 143.74/77.27 | Iter-2: 100.79/51.78 | Iter-3: 73.93/43.91 | Iter-4: 49.15/21.98 | 
Iter-0: 131.98/60.24 | Iter-1: 137.54/79.12 | Iter-2: 100.67/51.05 | Iter-3: 60.55/35.16 | Iter-4: 47.88/22.15 | 
prob_mse: 0.400364411251, running time: 2522.09664297
