

--------------------------------------------------
--------------------------------------------------

-------------------Fri, 19 Jul 2019 10:42:00 AM EDT---------------------

0 ~~~~~~~~~~~~~~~~~~~~~~~~~~~~~~~~~~~~~~~~~~~~~~~~~~~~~~~~~~~~~~~`
dataset: facebook method: CSL-Plus, #attack_edge:10000,T:10,test_ratio: 0.3,perturbation:0.0
/network/rit/lab/ceashpc/adil/data/adv_csl/Jan2/structure/facebook/facebook-attackedges-10000-T-10-testratio-0.3-swap_ratio-0.01-perturbation-0.0-realization-0-data-X20-SF.pkl
#Rule:372936 Nodes:8078 Edges:372936
0 Creating 10 consumers










1 Creating 10 consumers
Iter-0: 19.18/7.23 | 
Iter-0: 19.13/7.2 | Iter-1: 23.12/11.38 | Iter-2: 11.88/5.57 | Iter-3: 11.71/5.36 | Iter-4: 11.85/5.51 | 
Iter-0: 19.29/7.26 | Iter-1: 23.25/11.46 | Iter-2: 20.56/8.8 | 
Iter-0: 19.31/7.23 | Iter-1: 23.14/11.25 | Iter-2: 20.6/8.73 | 
Iter-0: 19.17/7.12 | Iter-1: 23.5/11.65 | Iter-2: 20.76/8.93 | Iter-3: 19.17/10.24 | Iter-4: 11.93/5.6 | 
Iter-0: 19.33/7.27 | Iter-1: 23.02/11.17 | Iter-2: 20.55/8.71 | Iter-3: 16.21/9.65 | Iter-4: 11.66/5.35 | 
Iter-0: 19.16/7.11 | Iter-1: 23.39/11.57 | Iter-2: 20.68/8.87 | Iter-3: 22.01/10.2 | Iter-4: 14.27/7.89 | 
Iter-0: 19.23/7.27 | Iter-1: 23.1/11.36 | Iter-2: 20.51/8.78 | Iter-3: 21.09/9.86 | Iter-4: 11.71/5.44 | 
Iter-0: 19.32/7.29 | Iter-1: 23.39/11.57 | Iter-2: 20.63/8.83 | Iter-3: 21.84/10.06 | Iter-4: 15.99/9.86 | 
Iter-0: 19.33/7.24 | Iter-1: 23.09/11.22 | Iter-2: 20.57/8.7 | Iter-3: 21.64/9.75 | Iter-4: 13.63/7.65 | 
2 Creating 10 consumers
Iter-0: 19.04/7.16 | 
Iter-0: 18.76/7.09 | 
Iter-0: 19.04/7.19 | 
Iter-0: 18.76/7.11 | 
Iter-0: 19.14/7.2 | 
Iter-0: 18.89/7.12 | Iter-1: 23.41/11.61 | Iter-2: 13.15/6.82 | Iter-3: 11.87/5.53 | Iter-4: 11.95/5.6 | 
Iter-0: 18.29/6.45 | Iter-1: 23.64/11.75 | Iter-2: 13.59/7.24 | Iter-3: 11.85/5.48 | Iter-4: 11.95/5.58 | 
Iter-0: 18.91/7.15 | Iter-1: 23.27/11.47 | Iter-2: 12.46/6.05 | Iter-3: 11.99/5.57 | Iter-4: 11.98/5.58 | 
Iter-0: 18.87/7.14 | Iter-1: 23.24/11.48 | Iter-2: 13.18/6.83 | Iter-3: 11.86/5.5 | Iter-4: 11.9/5.53 | 
Iter-0: 18.94/7.18 | Iter-1: 23.19/11.42 | Iter-2: 12.4/6.07 | Iter-3: 11.81/5.47 | Iter-4: 11.84/5.49 | 
3 Creating 10 consumers
Iter-0: 18.93/7.14 | 
Iter-0: 18.6/6.83 | 
Iter-0: 18.76/7.0 | 
Iter-0: 18.89/7.19 | 
Iter-0: 19.04/7.19 | 
Iter-0: 19.01/7.16 | 
Iter-0: 18.91/7.21 | 
Iter-0: 19.14/7.41 | 
Iter-0: 18.99/7.16 | 
Iter-0: 18.88/7.16 | 
4 Creating 10 consumers
Iter-0: 17.46/5.68 | 
Iter-0: 18.25/6.43 | 
Iter-0: 18.9/7.11 | 
Iter-0: 18.89/7.14 | 
Iter-0: 18.87/7.13 | 
Iter-0: 19.21/7.31 | 
Iter-0: 18.99/7.2 | 
Iter-0: 18.95/7.17 | 
Iter-0: 19.09/7.23 | 
Iter-0: 19.07/7.2 | 
(2424, 20)
('All:', 0.07671889438943894, 0.0, 0.07662953795379537, 0.07662953795379539, 0.9079958086154405)
prob_mse: 0.0001, running time: 324.452340841
1.0 ~~~~~~~~~~~~~~~~~~~~~~~~~~~~~~~~~~~~~~~~~~~~~~~~~~~~~~~~~~~~~~~`
dataset: facebook method: CSL-Plus, #attack_edge:10000,T:10,test_ratio: 0.3,perturbation:5
/network/rit/lab/ceashpc/adil/data/adv_csl/Jan2/structure/facebook/facebook-attackedges-10000-T-10-testratio-0.3-swap_ratio-0.01-perturbation-5-realization-0-data-X20-SF.pkl
#Rule:372900 Nodes:8078 Edges:372900
0 Creating 10 consumers










1 Creating 10 consumers
Iter-0: 18.96/7.22 | 
Iter-0: 18.93/7.18 | Iter-1: 23.17/11.42 | Iter-2: 11.94/5.6 | Iter-3: 11.7/5.35 | Iter-4: 11.89/5.52 | 
Iter-0: 18.91/7.12 | Iter-1: 23.06/11.27 | Iter-2: 20.42/8.68 | 
Iter-0: 18.99/7.14 | Iter-1: 23.03/11.17 | Iter-2: 20.41/8.61 | 
Iter-0: 18.91/7.14 | Iter-1: 23.17/11.39 | Iter-2: 20.52/8.77 | Iter-3: 19.04/9.97 | Iter-4: 11.84/5.47 | 
Iter-0: 19.04/7.16 | Iter-1: 23.02/11.14 | Iter-2: 20.49/8.63 | Iter-3: 16.86/9.7 | Iter-4: 11.72/5.39 | 
Iter-0: 18.88/7.12 | Iter-1: 23.25/11.47 | Iter-2: 20.54/8.78 | Iter-3: 21.83/10.07 | Iter-4: 13.81/7.49 | 
Iter-0: 17.25/5.47 | Iter-1: 23.41/11.61 | Iter-2: 20.68/8.88 | Iter-3: 21.99/10.19 | Iter-4: 17.78/10.67 | 
Iter-0: 18.96/7.12 | Iter-1: 22.89/11.07 | Iter-2: 20.45/8.64 | Iter-3: 20.41/9.56 | Iter-4: 11.62/5.33 | 
Iter-0: 19.15/7.24 | Iter-1: 23.18/11.26 | Iter-2: 20.64/8.75 | Iter-3: 21.7/9.77 | Iter-4: 13.43/7.52 | 
2 Creating 10 consumers
Iter-0: 19.05/7.24 | 
Iter-0: 19.05/7.18 | 
Iter-0: 19.01/7.21 | 
Iter-0: 19.11/7.23 | 
Iter-0: 19.09/7.23 | 
Iter-0: 17.11/5.33 | Iter-1: 23.58/11.78 | Iter-2: 15.32/8.99 | Iter-3: 11.9/5.58 | Iter-4: 12.0/5.67 | 
Iter-0: 18.97/7.22 | Iter-1: 23.48/11.71 | Iter-2: 13.09/6.75 | Iter-3: 11.89/5.55 | Iter-4: 11.95/5.61 | 
Iter-0: 18.92/7.13 | Iter-1: 23.44/11.63 | Iter-2: 13.24/6.88 | Iter-3: 11.89/5.52 | Iter-4: 11.95/5.57 | 
Iter-0: 18.9/7.09 | Iter-1: 23.48/11.63 | Iter-2: 14.21/7.9 | Iter-3: 11.83/5.5 | Iter-4: 11.87/5.53 | 
Iter-0: 18.94/7.19 | Iter-1: 23.29/11.5 | Iter-2: 12.36/6.02 | Iter-3: 11.83/5.49 | Iter-4: 11.89/5.52 | 
3 Creating 10 consumers
Iter-0: 18.94/7.21 | 
Iter-0: 18.77/6.98 | 
Iter-0: 18.96/7.19 | 
Iter-0: 18.82/7.09 | 
Iter-0: 18.98/7.17 | 
Iter-0: 18.83/7.19 | 
Iter-0: 19.07/7.23 | 
Iter-0: 18.84/7.2 | 
Iter-0: 19.0/7.17 | 
Iter-0: 18.94/7.12 | 
4 Creating 10 consumers
Iter-0: 17.05/5.3 | 
Iter-0: 18.86/7.08 | 
Iter-0: 19.07/7.29 | 
Iter-0: 18.94/7.2 | 
Iter-0: 19.13/7.26 | 
Iter-0: 18.87/7.28 | 
Iter-0: 18.8/7.2 | 
Iter-0: 19.11/7.24 | 
Iter-0: 19.08/7.24 | 
Iter-0: 19.08/7.23 | 
(2424, 20)
('All:', 0.07671889438943894, 0.0, 0.07662953795379537, 0.07662953795379539, 0.9079958086154405)
prob_mse: 0.0001, running time: 323.494415045
2.0 ~~~~~~~~~~~~~~~~~~~~~~~~~~~~~~~~~~~~~~~~~~~~~~~~~~~~~~~~~~~~~~~`
dataset: facebook method: CSL-Plus, #attack_edge:10000,T:10,test_ratio: 0.3,perturbation:10
/network/rit/lab/ceashpc/adil/data/adv_csl/Jan2/structure/facebook/facebook-attackedges-10000-T-10-testratio-0.3-swap_ratio-0.01-perturbation-10-realization-0-data-X20-SF.pkl
#Rule:372936 Nodes:8078 Edges:372936
0 Creating 10 consumers










1 Creating 10 consumers
Iter-0: 19.12/7.17 | 
Iter-0: 19.18/7.2 | Iter-1: 21.8/11.25 | Iter-2: 10.89/4.6 | Iter-3: 11.48/5.2 | Iter-4: 12.05/5.42 | 
Iter-0: 19.05/7.19 | Iter-1: 22.88/11.23 | Iter-2: 20.3/8.68 | 
Iter-0: 19.15/7.16 | Iter-1: 22.95/11.19 | Iter-2: 20.35/8.62 | 
Iter-0: 19.13/7.22 | Iter-1: 23.37/11.69 | Iter-2: 20.65/8.99 | Iter-3: 18.99/10.28 | Iter-4: 11.78/5.53 | 
Iter-0: 19.14/7.19 | Iter-1: 22.92/11.2 | Iter-2: 20.41/8.7 | Iter-3: 17.17/9.76 | Iter-4: 11.64/5.36 | 
Iter-0: 19.06/7.14 | Iter-1: 23.13/11.44 | Iter-2: 20.44/8.76 | Iter-3: 21.78/10.08 | Iter-4: 13.94/7.68 | 
Iter-0: 19.01/7.16 | Iter-1: 22.96/11.32 | Iter-2: 20.42/8.81 | Iter-3: 21.66/10.04 | Iter-4: 12.67/6.41 | 
Iter-0: 17.36/5.4 | Iter-1: 23.46/11.74 | Iter-2: 20.67/8.98 | Iter-3: 22.0/10.3 | Iter-4: 18.12/10.76 | 
Iter-0: 19.23/7.22 | Iter-1: 22.94/11.18 | Iter-2: 20.47/8.71 | Iter-3: 21.41/9.64 | Iter-4: 13.77/7.94 | 
2 Creating 10 consumers
Iter-0: 18.86/7.19 | 
Iter-0: 18.97/7.21 | 
Iter-0: 19.01/7.21 | 
Iter-0: 19.02/7.22 | 
Iter-0: 18.87/7.11 | 
Iter-0: 17.5/5.76 | Iter-1: 23.68/11.7 | Iter-2: 14.75/8.47 | Iter-3: 11.76/5.51 | Iter-4: 11.83/5.59 | 
Iter-0: 18.72/7.04 | Iter-1: 23.64/11.71 | Iter-2: 13.62/7.28 | Iter-3: 11.92/5.57 | Iter-4: 12.02/5.65 | 
Iter-0: 18.79/7.17 | Iter-1: 23.34/11.47 | Iter-2: 12.08/5.79 | Iter-3: 11.79/5.49 | Iter-4: 11.84/5.53 | 
Iter-0: 17.82/6.14 | Iter-1: 23.62/11.66 | Iter-2: 14.44/8.16 | Iter-3: 11.8/5.51 | Iter-4: 11.85/5.56 | 
Iter-0: 18.76/7.11 | Iter-1: 23.31/11.39 | Iter-2: 12.84/6.61 | Iter-3: 11.68/5.44 | Iter-4: 11.67/5.47 | 
3 Creating 10 consumers
Iter-0: 18.83/7.14 | 
Iter-0: 18.48/6.78 | 
Iter-0: 18.83/7.16 | 
Iter-0: 18.85/7.21 | 
Iter-0: 19.0/7.17 | 
Iter-0: 18.95/7.22 | 
Iter-0: 18.94/7.26 | 
Iter-0: 18.99/7.22 | 
Iter-0: 18.78/7.17 | 
Iter-0: 18.74/7.16 | 
4 Creating 10 consumers
Iter-0: 17.46/5.52 | 
Iter-0: 18.42/6.54 | 
Iter-0: 18.98/7.16 | 
Iter-0: 19.0/7.14 | 
Iter-0: 19.02/7.18 | 
Iter-0: 19.22/7.22 | 
Iter-0: 19.15/7.18 | 
Iter-0: 19.0/7.14 | 
Iter-0: 19.04/7.14 | 
Iter-0: 19.02/7.19 | 
(2424, 20)
('All:', 0.07706259625962594, 0.0, 0.07697332233223322, 0.07697332233223324, 0.9075832707650927)
prob_mse: 0.0001, running time: 323.085488081
3.0 ~~~~~~~~~~~~~~~~~~~~~~~~~~~~~~~~~~~~~~~~~~~~~~~~~~~~~~~~~~~~~~~`
dataset: facebook method: CSL-Plus, #attack_edge:10000,T:10,test_ratio: 0.3,perturbation:20
/network/rit/lab/ceashpc/adil/data/adv_csl/Jan2/structure/facebook/facebook-attackedges-10000-T-10-testratio-0.3-swap_ratio-0.01-perturbation-20-realization-0-data-X20-SF.pkl
#Rule:372936 Nodes:8078 Edges:372936
0 Creating 10 consumers










1 Creating 10 consumers
Iter-0: 18.77/7.15 | 
Iter-0: 18.75/7.14 | Iter-1: 22.9/11.28 | Iter-2: 11.38/5.09 | Iter-3: 11.63/5.29 | Iter-4: 11.93/5.53 | 
Iter-0: 18.9/7.13 | Iter-1: 22.96/11.18 | Iter-2: 20.39/8.64 | 
Iter-0: 18.94/7.18 | Iter-1: 23.27/11.5 | Iter-2: 20.62/8.85 | Iter-3: 19.3/10.17 | Iter-4: 11.94/5.63 | 
Iter-0: 19.07/7.2 | Iter-1: 23.16/11.3 | Iter-2: 20.49/8.66 | Iter-3: 17.5/9.9 | Iter-4: 11.77/5.46 | 
Iter-0: 18.91/7.14 | Iter-1: 22.75/10.99 | Iter-2: 20.34/8.58 | Iter-3: 20.64/9.51 | Iter-4: 11.66/5.29 | 
Iter-0: 18.12/6.34 | Iter-1: 23.27/11.49 | Iter-2: 20.58/8.79 | Iter-3: 21.87/10.08 | Iter-4: 17.84/10.49 | 
Iter-0: 18.33/6.55 | Iter-1: 23.23/11.42 | Iter-2: 20.57/8.75 | Iter-3: 21.82/10.01 | Iter-4: 16.77/10.32 | 
Iter-0: 19.04/7.16 | Iter-1: 22.97/11.11 | Iter-2: 20.49/8.62 | Iter-3: 21.65/9.78 | Iter-4: 13.91/7.66 | 
Iter-0: 19.09/7.2 | Iter-1: 23.04/11.16 | Iter-2: 20.51/8.64 | Iter-3: 21.61/9.72 | Iter-4: 14.79/8.57 | 
2 Creating 10 consumers
Iter-0: 17.48/5.73 | Iter-1: 23.59/11.85 | Iter-2: 21.27/9.52 | Iter-3: 22.34/10.59 | Iter-4: 22.51/10.77 | 
Iter-0: 18.87/7.2 | Iter-1: 23.26/11.57 | Iter-2: 20.98/9.31 | Iter-3: 22.05/10.37 | Iter-4: 22.07/10.39 | 
Iter-0: 18.95/7.24 | Iter-1: 23.46/11.72 | Iter-2: 21.15/9.42 | Iter-3: 22.23/10.48 | Iter-4: 22.45/10.69 | 
Iter-0: 18.93/7.2 | Iter-1: 23.41/11.65 | Iter-2: 21.14/9.38 | Iter-3: 22.2/10.44 | Iter-4: 22.25/10.47 | 
Iter-0: 18.94/7.24 | Iter-1: 23.18/11.48 | Iter-2: 20.89/9.21 | Iter-3: 21.97/10.28 | Iter-4: 21.62/10.37 | 
Iter-0: 18.76/7.15 | Iter-1: 22.95/11.31 | Iter-2: 20.69/9.07 | Iter-3: 21.71/10.07 | Iter-4: 21.82/10.17 | 
Iter-0: 19.05/7.23 | Iter-1: 23.29/11.49 | Iter-2: 20.99/9.2 | Iter-3: 22.12/10.33 | Iter-4: 21.26/10.35 | 
Iter-0: 18.79/7.18 | Iter-1: 22.97/11.34 | Iter-2: 20.68/9.06 | Iter-3: 21.69/10.06 | Iter-4: 21.6/10.16 | 
Iter-0: 19.17/7.33 | Iter-1: 23.29/11.45 | Iter-2: 21.0/9.16 | Iter-3: 21.92/10.06 | Iter-4: 18.81/10.22 | 
Iter-0: 19.02/7.2 | Iter-1: 23.14/11.33 | Iter-2: 20.92/9.11 | Iter-3: 21.82/10.01 | Iter-4: 20.62/10.17 | 
3 Creating 10 consumers
Iter-0: 17.46/5.45 | 
Iter-0: 19.11/7.13 | 
Iter-0: 19.13/7.16 | 
Iter-0: 19.1/7.12 | 
Iter-0: 19.19/7.19 | 
Iter-0: 19.32/7.23 | Iter-1: 19.39/11.35 | Iter-2: 11.25/4.95 | Iter-3: 11.66/5.36 | Iter-4: 11.74/5.44 | 
Iter-0: 19.17/7.12 | Iter-1: 21.2/11.27 | Iter-2: 11.25/4.92 | Iter-3: 11.68/5.36 | Iter-4: 11.83/5.5 | 
Iter-0: 19.13/7.14 | Iter-1: 22.21/11.37 | Iter-2: 11.33/5.01 | Iter-3: 11.78/5.46 | Iter-4: 11.9/5.55 | 
Iter-0: 19.21/7.14 | Iter-1: 21.16/11.24 | Iter-2: 11.3/4.99 | Iter-3: 11.73/5.4 | Iter-4: 11.87/5.51 | 
Iter-0: 19.25/7.2 | Iter-1: 21.57/11.2 | Iter-2: 11.21/4.95 | Iter-3: 11.59/5.32 | Iter-4: 11.59/5.41 | 
4 Creating 10 consumers
Iter-0: 18.02/6.22 | 
Iter-0: 18.88/7.12 | 
Iter-0: 18.54/6.78 | 
Iter-0: 19.0/7.31 | 
Iter-0: 18.84/7.17 | 
Iter-0: 18.87/7.16 | Iter-1: 23.21/11.38 | Iter-2: 11.05/4.66 | 
Iter-0: 19.08/7.2 | Iter-1: 20.48/11.35 | Iter-2: 10.95/4.64 | Iter-3: 11.82/5.51 | Iter-4: 11.81/5.47 | 
Iter-0: 18.95/7.13 | Iter-1: 21.79/11.22 | Iter-2: 10.97/4.63 | Iter-3: 11.71/5.39 | Iter-4: 11.82/5.46 | 
Iter-0: 19.03/7.19 | Iter-1: 20.67/11.24 | Iter-2: 10.92/4.61 | Iter-3: 11.65/5.31 | Iter-4: 11.69/5.36 | 
Iter-0: 18.95/7.21 | Iter-1: 22.18/11.26 | Iter-2: 10.95/4.65 | Iter-3: 11.74/5.39 | Iter-4: 11.67/5.41 | 
(2424, 20)
('All:', 0.0921878712871287, 0.0, 0.09209983498349834, 0.09209983498349834, 0.9005701273091806)
prob_mse: 0.0417566666667, running time: 424.260926008
4.0 ~~~~~~~~~~~~~~~~~~~~~~~~~~~~~~~~~~~~~~~~~~~~~~~~~~~~~~~~~~~~~~~`
dataset: facebook method: CSL-Plus, #attack_edge:10000,T:10,test_ratio: 0.3,perturbation:30
/network/rit/lab/ceashpc/adil/data/adv_csl/Jan2/structure/facebook/facebook-attackedges-10000-T-10-testratio-0.3-swap_ratio-0.01-perturbation-30-realization-0-data-X20-SF.pkl
#Rule:372750 Nodes:8078 Edges:372750
0 Creating 10 consumers










1 Creating 10 consumers
Iter-0: 19.09/7.14 | 
Iter-0: 19.18/7.16 | Iter-1: 21.76/11.18 | Iter-2: 10.91/4.59 | Iter-3: 11.52/5.18 | Iter-4: 11.75/5.38 | 
Iter-0: 19.18/7.18 | Iter-1: 23.06/11.23 | Iter-2: 20.44/8.64 | 
Iter-0: 19.23/7.21 | Iter-1: 23.12/11.3 | Iter-2: 20.54/8.73 | 
Iter-0: 19.16/7.22 | Iter-1: 23.23/11.48 | Iter-2: 20.56/8.81 | Iter-3: 20.06/10.12 | Iter-4: 11.9/5.6 | 
Iter-0: 19.11/7.15 | Iter-1: 23.14/11.37 | Iter-2: 20.49/8.74 | Iter-3: 21.3/9.96 | Iter-4: 11.8/5.47 | 
Iter-0: 18.1/6.11 | Iter-1: 23.34/11.55 | Iter-2: 20.71/8.91 | Iter-3: 21.98/10.18 | Iter-4: 13.44/7.1 | 
Iter-0: 19.24/7.2 | Iter-1: 22.99/11.16 | Iter-2: 20.52/8.68 | Iter-3: 20.35/9.74 | Iter-4: 11.51/5.34 | 
Iter-0: 19.12/7.11 | Iter-1: 23.31/11.49 | Iter-2: 20.61/8.8 | Iter-3: 21.87/10.07 | Iter-4: 15.74/9.69 | 
Iter-0: 19.22/7.18 | Iter-1: 22.9/11.07 | Iter-2: 20.47/8.64 | Iter-3: 21.41/9.57 | Iter-4: 13.2/7.39 | 
2 Creating 10 consumers
Iter-0: 18.81/7.17 | 
Iter-0: 18.75/7.13 | Iter-1: 23.04/11.39 | Iter-2: 11.91/5.52 | Iter-3: 11.79/5.46 | Iter-4: 11.84/5.5 | 
Iter-0: 18.77/7.05 | Iter-1: 23.39/11.65 | Iter-2: 20.94/8.96 | Iter-3: 19.76/10.37 | Iter-4: 11.84/5.59 | 
Iter-0: 18.98/7.17 | Iter-1: 23.11/11.31 | Iter-2: 20.74/8.73 | Iter-3: 17.3/10.07 | Iter-4: 11.69/5.43 | 
Iter-0: 18.73/7.0 | Iter-1: 23.29/11.53 | Iter-2: 20.88/8.9 | Iter-3: 22.08/10.34 | Iter-4: 16.15/9.87 | 
Iter-0: 19.16/7.48 | Iter-1: 23.11/11.4 | Iter-2: 20.74/8.83 | Iter-3: 21.9/10.21 | Iter-4: 16.37/10.08 | 
Iter-0: 18.97/7.16 | Iter-1: 22.94/11.14 | Iter-2: 20.73/8.73 | Iter-3: 21.66/9.83 | Iter-4: 13.43/7.1 | 
Iter-0: 18.89/7.15 | Iter-1: 23.0/11.25 | Iter-2: 20.66/8.72 | Iter-3: 21.73/10.0 | Iter-4: 15.13/8.82 | 
Iter-0: 18.26/6.52 | Iter-1: 23.41/11.64 | Iter-2: 21.03/9.03 | Iter-3: 22.15/10.39 | Iter-4: 19.64/10.48 | 
Iter-0: 19.04/7.22 | Iter-1: 23.09/11.28 | Iter-2: 20.78/8.79 | Iter-3: 21.91/10.09 | Iter-4: 16.58/10.18 | 
3 Creating 10 consumers
Iter-0: 18.18/6.47 | 
Iter-0: 18.81/7.12 | 
Iter-0: 18.8/7.12 | 
Iter-0: 18.78/7.12 | 
Iter-0: 18.89/7.14 | 
Iter-0: 18.95/7.17 | 
Iter-0: 18.94/7.15 | Iter-1: 20.35/11.22 | Iter-2: 11.32/4.87 | Iter-3: 11.32/5.18 | Iter-4: 11.43/5.25 | 
Iter-0: 18.75/7.09 | Iter-1: 22.33/11.21 | Iter-2: 11.37/4.9 | Iter-3: 11.42/5.24 | Iter-4: 11.58/5.34 | 
Iter-0: 18.91/7.17 | Iter-1: 21.35/11.2 | Iter-2: 11.42/4.92 | Iter-3: 11.46/5.25 | Iter-4: 11.61/5.33 | 
Iter-0: 18.75/7.1 | Iter-1: 21.08/11.06 | Iter-2: 11.25/4.84 | Iter-3: 11.2/5.06 | Iter-4: 11.38/5.17 | 
4 Creating 10 consumers
Iter-0: 18.48/6.75 | 
Iter-0: 18.83/7.11 | 
Iter-0: 18.77/7.12 | 
Iter-0: 18.8/7.12 | 
Iter-0: 18.84/7.16 | 
Iter-0: 18.87/7.17 | 
Iter-0: 19.1/7.21 | Iter-1: 20.62/11.25 | 
Iter-0: 18.98/7.16 | Iter-1: 21.55/11.24 | 
Iter-0: 18.79/7.14 | Iter-1: 22.22/11.19 | 
Iter-0: 18.78/7.16 | Iter-1: 21.8/11.16 | 
(2424, 20)
('All:', 0.07809370187018701, 0.0, 0.07800467546754677, 0.07800467546754677, 0.9063456572140494)
prob_mse: 0.0417566666667, running time: 393.862107992
5.0 ~~~~~~~~~~~~~~~~~~~~~~~~~~~~~~~~~~~~~~~~~~~~~~~~~~~~~~~~~~~~~~~`
dataset: facebook method: CSL-Plus, #attack_edge:10000,T:10,test_ratio: 0.3,perturbation:40
/network/rit/lab/ceashpc/adil/data/adv_csl/Jan2/structure/facebook/facebook-attackedges-10000-T-10-testratio-0.3-swap_ratio-0.01-perturbation-40-realization-0-data-X20-SF.pkl
#Rule:372370 Nodes:8078 Edges:372370
0 Creating 10 consumers










1 Creating 10 consumers
Iter-0: 18.92/7.16 | 
Iter-0: 19.02/7.2 | Iter-1: 20.94/11.08 | Iter-2: 10.93/4.6 | Iter-3: 11.46/5.15 | Iter-4: 11.72/5.37 | 
Iter-0: 18.92/7.17 | Iter-1: 23.24/11.26 | Iter-2: 20.43/8.69 | 
Iter-0: 18.99/7.16 | Iter-1: 23.24/11.19 | Iter-2: 20.45/8.64 | 
Iter-0: 18.84/7.11 | Iter-1: 23.37/11.37 | Iter-2: 20.46/8.73 | Iter-3: 19.61/9.97 | Iter-4: 11.74/5.46 | 
Iter-0: 18.96/7.14 | Iter-1: 23.17/11.15 | Iter-2: 20.39/8.61 | Iter-3: 17.67/9.7 | Iter-4: 11.8/5.44 | 
Iter-0: 18.55/6.81 | Iter-1: 23.51/11.51 | Iter-2: 20.53/8.8 | Iter-3: 21.85/10.13 | Iter-4: 14.39/8.13 | 
Iter-0: 18.92/7.19 | Iter-1: 23.4/11.4 | Iter-2: 20.46/8.75 | Iter-3: 21.75/10.03 | Iter-4: 12.97/6.65 | 
Iter-0: 18.94/7.17 | Iter-1: 23.61/11.57 | Iter-2: 20.65/8.89 | Iter-3: 21.98/10.2 | Iter-4: 16.54/10.23 | 
Iter-0: 19.11/7.25 | Iter-1: 23.31/11.25 | Iter-2: 20.55/8.72 | Iter-3: 21.62/9.76 | Iter-4: 14.23/8.06 | 
2 Creating 10 consumers
Iter-0: 18.9/7.17 | 
Iter-0: 19.0/7.16 | 
Iter-0: 19.14/7.25 | 
Iter-0: 18.93/7.12 | 
Iter-0: 18.99/7.16 | 
Iter-0: 17.66/5.85 | Iter-1: 23.81/11.74 | Iter-2: 14.79/8.44 | Iter-3: 11.82/5.49 | Iter-4: 11.91/5.59 | 
Iter-0: 18.85/7.14 | Iter-1: 23.48/11.51 | Iter-2: 13.17/6.85 | Iter-3: 11.84/5.5 | Iter-4: 11.89/5.55 | 
Iter-0: 17.32/5.6 | Iter-1: 23.63/11.59 | Iter-2: 15.25/8.91 | Iter-3: 11.87/5.52 | Iter-4: 11.93/5.58 | 
Iter-0: 18.89/7.16 | Iter-1: 23.48/11.49 | Iter-2: 12.17/5.8 | Iter-3: 11.86/5.48 | Iter-4: 11.91/5.52 | 
Iter-0: 18.86/7.13 | Iter-1: 23.42/11.41 | Iter-2: 12.52/6.23 | Iter-3: 11.76/5.47 | Iter-4: 11.71/5.46 | 
3 Creating 10 consumers
Iter-0: 17.7/5.91 | 
Iter-0: 18.9/7.16 | 
Iter-0: 18.84/7.12 | 
Iter-0: 18.85/7.09 | 
Iter-0: 19.08/7.19 | 
Iter-0: 19.01/7.23 | 
Iter-0: 18.93/7.16 | 
Iter-0: 18.9/7.1 | 
Iter-0: 18.8/7.09 | 
Iter-0: 18.87/7.12 | 
4 Creating 10 consumers
Iter-0: 18.64/6.91 | 
Iter-0: 18.81/7.08 | 
Iter-0: 18.35/6.58 | 
Iter-0: 18.82/7.07 | 
Iter-0: 18.89/7.12 | 
Iter-0: 18.84/7.14 | 
Iter-0: 18.98/7.13 | 
Iter-0: 19.0/7.19 | 
Iter-0: 19.01/7.17 | 
Iter-0: 18.94/7.21 | 
(2424, 20)
('All:', 0.07740646314631461, 0.0, 0.07731710671067107, 0.07731710671067107, 0.9071707329147449)
prob_mse: 0.0834333333333, running time: 324.698326111
6.0 ~~~~~~~~~~~~~~~~~~~~~~~~~~~~~~~~~~~~~~~~~~~~~~~~~~~~~~~~~~~~~~~`
dataset: facebook method: CSL-Plus, #attack_edge:10000,T:10,test_ratio: 0.3,perturbation:50
/network/rit/lab/ceashpc/adil/data/adv_csl/Jan2/structure/facebook/facebook-attackedges-10000-T-10-testratio-0.3-swap_ratio-0.01-perturbation-50-realization-0-data-X20-SF.pkl
#Rule:372104 Nodes:8078 Edges:372104
0 Creating 10 consumers










1 Creating 10 consumers
Iter-0: 18.66/7.17 | 
Iter-0: 18.63/7.15 | Iter-1: 22.79/11.29 | Iter-2: 11.36/5.16 | Iter-3: 11.56/5.31 | Iter-4: 11.91/5.49 | 
Iter-0: 18.89/7.17 | Iter-1: 22.93/11.21 | Iter-2: 20.36/8.66 | 
Iter-0: 18.71/7.1 | Iter-1: 22.82/11.19 | Iter-2: 20.23/8.64 | 
Iter-0: 18.74/7.13 | Iter-1: 23.13/11.5 | Iter-2: 20.4/8.79 | Iter-3: 19.59/10.11 | Iter-4: 11.92/5.55 | 
Iter-0: 18.16/6.53 | Iter-1: 23.07/11.42 | Iter-2: 20.44/8.79 | Iter-3: 21.7/10.05 | Iter-4: 12.97/6.57 | 
Iter-0: 18.71/7.12 | Iter-1: 22.57/10.98 | Iter-2: 20.17/8.58 | Iter-3: 18.77/9.53 | Iter-4: 11.72/5.29 | 
Iter-0: 18.85/7.15 | Iter-1: 22.82/11.13 | Iter-2: 20.33/8.64 | Iter-3: 19.99/9.68 | Iter-4: 11.72/5.33 | 
Iter-0: 18.4/6.79 | Iter-1: 23.06/11.42 | Iter-2: 20.39/8.76 | Iter-3: 21.66/10.04 | Iter-4: 16.72/10.36 | 
Iter-0: 18.85/7.16 | Iter-1: 22.79/11.09 | Iter-2: 20.31/8.63 | Iter-3: 21.38/9.68 | Iter-4: 14.08/7.87 | 
2 Creating 10 consumers
Iter-0: 18.78/7.15 | 
Iter-0: 18.68/7.16 | 
Iter-0: 18.92/7.18 | 
Iter-0: 18.87/7.16 | 
Iter-0: 18.82/7.13 | 
Iter-0: 17.88/6.26 | Iter-1: 23.48/11.62 | Iter-2: 14.11/7.91 | Iter-3: 11.68/5.48 | Iter-4: 11.75/5.55 | 
Iter-0: 18.68/7.1 | Iter-1: 23.29/11.45 | Iter-2: 12.24/6.02 | Iter-3: 11.72/5.48 | Iter-4: 11.74/5.51 | 
Iter-0: 18.58/6.93 | Iter-1: 23.47/11.54 | Iter-2: 13.41/7.15 | Iter-3: 11.75/5.47 | Iter-4: 11.75/5.51 | 
Iter-0: 18.64/7.12 | Iter-1: 23.11/11.36 | Iter-2: 11.57/5.3 | Iter-3: 11.72/5.46 | Iter-4: 11.71/5.47 | 
Iter-0: 18.64/7.02 | Iter-1: 23.43/11.53 | Iter-2: 13.85/7.55 | Iter-3: 11.83/5.52 | Iter-4: 11.87/5.62 | 
3 Creating 10 consumers
Iter-0: 16.99/5.36 | 
Iter-0: 18.74/7.11 | 
Iter-0: 18.65/7.01 | 
Iter-0: 18.72/7.12 | 
Iter-0: 19.01/7.26 | 
Iter-0: 18.93/7.21 | 
Iter-0: 18.8/7.19 | 
Iter-0: 18.69/7.14 | 
Iter-0: 18.87/7.17 | 
Iter-0: 18.83/7.18 | 
4 Creating 10 consumers
Iter-0: 18.6/7.0 | 
Iter-0: 18.27/6.61 | 
Iter-0: 18.98/7.38 | 
Iter-0: 18.6/7.1 | 
Iter-0: 18.85/7.14 | 
Iter-0: 18.79/7.11 | 
Iter-0: 18.65/7.13 | 
Iter-0: 18.88/7.12 | 
Iter-0: 18.62/7.07 | 
Iter-0: 18.61/7.08 | 
(2424, 20)
('All:', 0.07740646314631461, 0.0, 0.07731710671067107, 0.07731710671067107, 0.9071707329147449)
prob_mse: 0.0834333333333, running time: 319.966675997
7.0 ~~~~~~~~~~~~~~~~~~~~~~~~~~~~~~~~~~~~~~~~~~~~~~~~~~~~~~~~~~~~~~~`
dataset: facebook method: CSL-Plus, #attack_edge:10000,T:10,test_ratio: 0.3,perturbation:60
/network/rit/lab/ceashpc/adil/data/adv_csl/Jan2/structure/facebook/facebook-attackedges-10000-T-10-testratio-0.3-swap_ratio-0.01-perturbation-60-realization-0-data-X20-SF.pkl
#Rule:371680 Nodes:8078 Edges:371680
0 Creating 10 consumers










1 Creating 10 consumers
Iter-0: 18.53/7.11 | 
Iter-0: 18.53/7.11 | Iter-1: 22.42/11.14 | Iter-2: 10.91/4.58 | 
Iter-0: 18.74/7.08 | Iter-1: 22.68/11.03 | Iter-2: 20.44/8.58 | 
Iter-0: 18.61/7.03 | Iter-1: 22.95/11.35 | Iter-2: 20.55/8.71 | Iter-3: 13.87/7.67 | Iter-4: 11.71/5.5 | 
Iter-0: 17.7/6.05 | Iter-1: 23.06/11.38 | Iter-2: 20.71/8.78 | Iter-3: 19.54/10.08 | Iter-4: 11.71/5.47 | 
Iter-0: 18.79/7.15 | Iter-1: 22.7/11.06 | Iter-2: 20.5/8.62 | Iter-3: 16.23/9.67 | Iter-4: 11.49/5.3 | 
Iter-0: 17.64/6.01 | Iter-1: 23.12/11.5 | Iter-2: 20.7/8.81 | Iter-3: 21.74/10.1 | Iter-4: 14.51/8.31 | 
Iter-0: 18.84/7.15 | Iter-1: 22.82/11.15 | Iter-2: 20.56/8.65 | Iter-3: 21.14/9.71 | Iter-4: 11.7/5.43 | 
Iter-0: 18.6/7.0 | Iter-1: 22.99/11.37 | Iter-2: 20.62/8.78 | Iter-3: 21.59/9.98 | Iter-4: 15.59/9.35 | 
Iter-0: 18.8/7.13 | Iter-1: 22.63/10.96 | Iter-2: 20.47/8.58 | Iter-3: 21.19/9.52 | Iter-4: 13.03/6.9 | 
2 Creating 10 consumers
Iter-0: 18.77/7.18 | 
Iter-0: 18.69/7.13 | 
Iter-0: 18.78/7.12 | 
Iter-0: 18.8/7.16 | 
Iter-0: 18.71/7.08 | 
Iter-0: 18.56/7.01 | Iter-1: 23.12/11.54 | Iter-2: 13.92/7.53 | Iter-3: 11.71/5.51 | Iter-4: 11.8/5.59 | 
Iter-0: 18.9/7.36 | Iter-1: 23.05/11.48 | Iter-2: 12.31/5.91 | Iter-3: 11.72/5.47 | Iter-4: 11.76/5.53 | 
Iter-0: 18.69/7.13 | Iter-1: 23.0/11.42 | Iter-2: 12.27/5.86 | Iter-3: 11.73/5.49 | Iter-4: 11.79/5.53 | 
Iter-0: 18.55/6.97 | Iter-1: 23.19/11.58 | Iter-2: 13.87/7.46 | Iter-3: 11.74/5.5 | Iter-4: 11.86/5.59 | 
Iter-0: 18.59/7.03 | Iter-1: 23.0/11.4 | Iter-2: 13.2/6.86 | Iter-3: 11.6/5.41 | Iter-4: 11.62/5.44 | 
3 Creating 10 consumers
Iter-0: 18.05/6.43 | 
Iter-0: 18.25/6.63 | 
Iter-0: 18.63/7.08 | 
Iter-0: 18.64/7.17 | 
Iter-0: 18.91/7.19 | 
Iter-0: 18.8/7.12 | 
Iter-0: 18.63/7.17 | 
Iter-0: 18.68/7.1 | 
Iter-0: 18.81/7.14 | 
Iter-0: 18.72/7.12 | 
4 Creating 10 consumers
Iter-0: 17.17/5.58 | 
Iter-0: 18.52/6.99 | 
Iter-0: 18.65/7.11 | 
Iter-0: 18.57/7.11 | 
Iter-0: 18.61/7.12 | 
Iter-0: 18.88/7.18 | 
Iter-0: 18.63/7.2 | 
Iter-0: 18.6/7.19 | 
Iter-0: 18.77/7.14 | 
Iter-0: 18.85/7.16 | 
(2424, 20)
('All:', 0.07775024752475246, 0.0, 0.07766089108910891, 0.07766089108910891, 0.9067581950643971)
prob_mse: 0.1251, running time: 318.745110989
8.0 ~~~~~~~~~~~~~~~~~~~~~~~~~~~~~~~~~~~~~~~~~~~~~~~~~~~~~~~~~~~~~~~`
dataset: facebook method: CSL-Plus, #attack_edge:10000,T:10,test_ratio: 0.3,perturbation:70
/network/rit/lab/ceashpc/adil/data/adv_csl/Jan2/structure/facebook/facebook-attackedges-10000-T-10-testratio-0.3-swap_ratio-0.01-perturbation-70-realization-0-data-X20-SF.pkl
#Rule:371560 Nodes:8078 Edges:371560
0 Creating 10 consumers










1 Creating 10 consumers
Iter-0: 18.77/7.17 | 
Iter-0: 18.81/7.15 | Iter-1: 21.3/11.05 | Iter-2: 10.81/4.58 | Iter-3: 11.25/5.07 | Iter-4: 11.6/5.36 | 
Iter-0: 18.79/7.17 | Iter-1: 22.85/11.22 | Iter-2: 20.24/8.63 | 
Iter-0: 18.86/7.18 | Iter-1: 22.99/11.3 | Iter-2: 20.37/8.69 | 
Iter-0: 18.7/7.14 | Iter-1: 23.04/11.45 | Iter-2: 20.31/8.72 | Iter-3: 19.86/9.98 | Iter-4: 11.71/5.49 | 
Iter-0: 17.98/6.35 | Iter-1: 23.11/11.47 | Iter-2: 20.48/8.84 | Iter-3: 21.73/10.1 | Iter-4: 12.46/6.24 | 
Iter-0: 18.05/6.42 | Iter-1: 23.14/11.51 | Iter-2: 20.47/8.85 | Iter-3: 21.83/10.21 | Iter-4: 14.76/8.53 | 
Iter-0: 18.88/7.17 | Iter-1: 22.87/11.16 | Iter-2: 20.39/8.7 | Iter-3: 19.37/9.78 | Iter-4: 11.63/5.41 | 
Iter-0: 18.26/6.65 | Iter-1: 23.07/11.46 | Iter-2: 20.44/8.83 | Iter-3: 21.69/10.07 | Iter-4: 16.77/10.39 | 
Iter-0: 18.93/7.24 | Iter-1: 22.86/11.19 | Iter-2: 20.41/8.73 | Iter-3: 21.44/9.76 | Iter-4: 13.71/7.87 | 
2 Creating 10 consumers
Iter-0: 18.61/7.1 | 
Iter-0: 18.75/7.15 | 
Iter-0: 18.64/7.08 | 
Iter-0: 18.8/7.16 | 
Iter-0: 18.88/7.22 | 
Iter-0: 18.02/6.46 | Iter-1: 23.36/11.53 | Iter-2: 13.85/7.66 | Iter-3: 11.69/5.48 | Iter-4: 11.75/5.56 | 
Iter-0: 16.88/5.31 | Iter-1: 23.57/11.71 | Iter-2: 15.15/8.9 | Iter-3: 11.85/5.58 | Iter-4: 11.94/5.66 | 
Iter-0: 18.66/7.13 | Iter-1: 23.28/11.47 | Iter-2: 12.5/6.29 | Iter-3: 11.71/5.48 | Iter-4: 11.76/5.52 | 
Iter-0: 18.62/7.13 | Iter-1: 23.18/11.44 | Iter-2: 12.87/6.67 | Iter-3: 11.66/5.45 | Iter-4: 11.76/5.51 | 
Iter-0: 18.69/7.17 | Iter-1: 23.15/11.4 | Iter-2: 12.03/5.88 | Iter-3: 11.6/5.43 | Iter-4: 11.62/5.45 | 
3 Creating 10 consumers
Iter-0: 18.02/6.44 | 
Iter-0: 18.66/7.09 | 
Iter-0: 18.63/7.05 | 
Iter-0: 18.59/7.04 | 
Iter-0: 18.64/7.11 | 
Iter-0: 18.76/7.11 | 
Iter-0: 18.79/7.13 | 
Iter-0: 18.74/7.15 | 
Iter-0: 18.73/7.1 | 
Iter-0: 18.76/7.12 | 
4 Creating 10 consumers
Iter-0: 18.61/7.04 | 
Iter-0: 18.06/6.44 | 
Iter-0: 18.69/7.06 | 
Iter-0: 18.67/7.12 | 
Iter-0: 18.66/7.08 | 
Iter-0: 18.75/7.11 | 
Iter-0: 18.74/7.14 | 
Iter-0: 18.86/7.18 | 
Iter-0: 18.79/7.14 | 
Iter-0: 18.89/7.21 | 
(2424, 20)
('All:', 0.07775024752475246, 0.0, 0.07766089108910891, 0.07766089108910891, 0.9067581950643971)
prob_mse: 0.1251, running time: 321.075921059
9.0 ~~~~~~~~~~~~~~~~~~~~~~~~~~~~~~~~~~~~~~~~~~~~~~~~~~~~~~~~~~~~~~~`
dataset: facebook method: CSL-Plus, #attack_edge:10000,T:10,test_ratio: 0.3,perturbation:80
/network/rit/lab/ceashpc/adil/data/adv_csl/Jan2/structure/facebook/facebook-attackedges-10000-T-10-testratio-0.3-swap_ratio-0.01-perturbation-80-realization-0-data-X20-SF.pkl
#Rule:371412 Nodes:8078 Edges:371412
0 Creating 10 consumers










1 Creating 10 consumers
Iter-0: 18.54/7.11 | 
Iter-0: 18.53/7.09 | Iter-1: 22.75/11.29 | Iter-2: 11.3/5.09 | Iter-3: 11.46/5.25 | Iter-4: 11.66/5.42 | 
Iter-0: 18.58/7.05 | Iter-1: 22.65/11.09 | Iter-2: 20.1/8.57 | 
Iter-0: 18.71/7.12 | Iter-1: 22.73/11.14 | Iter-2: 20.17/8.61 | 
Iter-0: 18.44/6.89 | Iter-1: 22.98/11.39 | Iter-2: 20.34/8.75 | Iter-3: 19.45/10.15 | Iter-4: 11.72/5.51 | 
Iter-0: 18.88/7.18 | Iter-1: 22.81/11.11 | Iter-2: 20.32/8.63 | Iter-3: 16.65/9.68 | Iter-4: 11.54/5.36 | 
Iter-0: 18.58/7.06 | Iter-1: 22.81/11.26 | Iter-2: 20.2/8.67 | Iter-3: 21.44/9.92 | Iter-4: 12.85/6.7 | 
Iter-0: 17.32/5.75 | Iter-1: 23.11/11.53 | Iter-2: 20.46/8.86 | Iter-3: 21.79/10.2 | Iter-4: 16.97/10.55 | 
Iter-0: 18.63/7.09 | Iter-1: 22.48/10.95 | Iter-2: 20.09/8.55 | Iter-3: 20.35/9.46 | Iter-4: 11.56/5.34 | 
Iter-0: 18.89/7.21 | Iter-1: 22.77/11.11 | Iter-2: 20.35/8.68 | Iter-3: 21.36/9.69 | Iter-4: 13.23/7.22 | 
2 Creating 10 consumers
Iter-0: 18.74/7.13 | 
Iter-0: 18.79/7.16 | 
Iter-0: 18.85/7.18 | 
Iter-0: 18.76/7.14 | 
Iter-0: 18.65/7.07 | 
Iter-0: 17.46/5.88 | Iter-1: 23.14/11.56 | Iter-2: 14.73/8.32 | Iter-3: 11.69/5.47 | Iter-4: 11.78/5.55 | 
Iter-0: 18.66/7.13 | Iter-1: 23.05/11.5 | Iter-2: 12.99/6.62 | Iter-3: 11.7/5.49 | Iter-4: 11.8/5.58 | 
Iter-0: 18.62/7.1 | Iter-1: 23.02/11.47 | Iter-2: 13.19/6.83 | Iter-3: 11.64/5.43 | Iter-4: 11.75/5.49 | 
Iter-0: 18.0/6.43 | Iter-1: 23.05/11.47 | Iter-2: 13.95/7.6 | Iter-3: 11.65/5.43 | Iter-4: 11.68/5.48 | 
Iter-0: 18.59/7.07 | Iter-1: 22.92/11.36 | Iter-2: 12.85/6.55 | Iter-3: 11.6/5.45 | Iter-4: 12.07/5.49 | 
3 Creating 10 consumers
Iter-0: 17.77/6.21 | 
Iter-0: 18.65/7.14 | 
Iter-0: 18.59/7.05 | 
Iter-0: 18.55/7.09 | 
Iter-0: 18.8/7.14 | 
Iter-0: 18.72/7.1 | 
Iter-0: 18.63/7.15 | 
Iter-0: 18.66/7.13 | 
Iter-0: 18.72/7.12 | 
Iter-0: 18.66/7.13 | 
4 Creating 10 consumers
Iter-0: 16.77/5.15 | 
Iter-0: 17.9/6.32 | 
Iter-0: 18.66/7.13 | 
Iter-0: 18.64/7.06 | 
Iter-0: 18.82/7.16 | 
Iter-0: 18.88/7.19 | 
Iter-0: 18.59/7.09 | 
Iter-0: 18.74/7.14 | 
Iter-0: 18.63/7.12 | 
Iter-0: 18.75/7.09 | 
(2424, 20)
('All:', 0.07775024752475246, 0.0, 0.07766089108910891, 0.07766089108910891, 0.9067581950643971)
prob_mse: 0.1251, running time: 320.073793888
10.0 ~~~~~~~~~~~~~~~~~~~~~~~~~~~~~~~~~~~~~~~~~~~~~~~~~~~~~~~~~~~~~~~`
dataset: facebook method: CSL-Plus, #attack_edge:10000,T:10,test_ratio: 0.3,perturbation:90
/network/rit/lab/ceashpc/adil/data/adv_csl/Jan2/structure/facebook/facebook-attackedges-10000-T-10-testratio-0.3-swap_ratio-0.01-perturbation-90-realization-0-data-X20-SF.pkl
#Rule:371412 Nodes:8078 Edges:371412
0 Creating 10 consumers










1 Creating 10 consumers
Iter-0: 18.64/7.1 | 
Iter-0: 18.72/7.1 | Iter-1: 21.13/11.0 | Iter-2: 10.96/4.58 | Iter-3: 11.28/5.09 | Iter-4: 11.67/5.45 | 
Iter-0: 18.77/7.13 | Iter-1: 22.76/11.12 | Iter-2: 20.42/8.59 | 
Iter-0: 18.73/7.11 | Iter-1: 22.74/11.11 | Iter-2: 20.45/8.61 | 
Iter-0: 18.71/7.16 | Iter-1: 22.88/11.3 | Iter-2: 20.49/8.69 | Iter-3: 19.72/9.91 | Iter-4: 11.64/5.44 | 
Iter-0: 18.01/6.38 | Iter-1: 23.06/11.43 | Iter-2: 20.63/8.76 | Iter-3: 21.76/10.15 | Iter-4: 12.72/6.54 | 
Iter-0: 18.63/7.08 | Iter-1: 22.92/11.35 | Iter-2: 20.54/8.74 | Iter-3: 21.58/10.0 | Iter-4: 13.33/7.15 | 
Iter-0: 18.85/7.15 | Iter-1: 22.77/11.07 | Iter-2: 20.49/8.59 | Iter-3: 19.54/9.65 | Iter-4: 11.57/5.34 | 
Iter-0: 17.64/6.05 | Iter-1: 23.01/11.4 | Iter-2: 20.68/8.81 | Iter-3: 21.68/10.07 | Iter-4: 17.1/10.36 | 
Iter-0: 18.83/7.14 | Iter-1: 22.79/11.12 | Iter-2: 20.52/8.63 | Iter-3: 21.32/9.66 | Iter-4: 14.02/7.86 | 
2 Creating 10 consumers
Iter-0: 18.79/7.16 | 
Iter-0: 18.76/7.11 | 
Iter-0: 18.73/7.09 | 
Iter-0: 18.83/7.15 | 
Iter-0: 18.66/7.05 | 
Iter-0: 17.24/5.64 | Iter-1: 23.2/11.61 | Iter-2: 15.05/8.67 | Iter-3: 11.68/5.51 | Iter-4: 11.77/5.57 | 
Iter-0: 18.72/7.15 | Iter-1: 23.22/11.61 | Iter-2: 13.07/6.66 | Iter-3: 11.77/5.54 | Iter-4: 11.85/5.61 | 
Iter-0: 18.61/7.04 | Iter-1: 23.06/11.47 | Iter-2: 13.39/7.03 | Iter-3: 11.67/5.47 | Iter-4: 11.73/5.51 | 
Iter-0: 18.63/7.07 | Iter-1: 22.99/11.4 | Iter-2: 13.87/6.79 | Iter-3: 11.69/5.48 | Iter-4: 11.78/5.53 | 
Iter-0: 18.57/7.05 | Iter-1: 22.85/11.3 | Iter-2: 12.88/6.57 | Iter-3: 11.59/5.44 | Iter-4: 11.68/5.47 | 
3 Creating 10 consumers
Iter-0: 17.4/5.85 | 
Iter-0: 18.62/7.09 | 
Iter-0: 18.66/7.13 | 
Iter-0: 18.62/7.09 | 
Iter-0: 18.77/7.11 | 
Iter-0: 18.82/7.18 | 
Iter-0: 18.72/7.17 | 
Iter-0: 18.68/7.1 | 
Iter-0: 18.52/7.09 | 
Iter-0: 18.49/7.07 | 
4 Creating 10 consumers
Iter-0: 16.59/5.02 | 
Iter-0: 18.17/6.58 | 
Iter-0: 18.61/7.04 | 
Iter-0: 18.66/7.11 | 
Iter-0: 18.84/7.17 | 
Iter-0: 18.5/7.06 | 
Iter-0: 18.56/7.09 | 
Iter-0: 18.74/7.11 | 
Iter-0: 18.76/7.11 | 
Iter-0: 18.81/7.16 | 
(2424, 20)
('All:', 0.07775024752475246, 0.0, 0.07766089108910891, 0.07766089108910891, 0.9067581950643971)
prob_mse: 0.1251, running time: 320.463106155
11.0 ~~~~~~~~~~~~~~~~~~~~~~~~~~~~~~~~~~~~~~~~~~~~~~~~~~~~~~~~~~~~~~~`
dataset: facebook method: CSL-Plus, #attack_edge:10000,T:10,test_ratio: 0.3,perturbation:100
/network/rit/lab/ceashpc/adil/data/adv_csl/Jan2/structure/facebook/facebook-attackedges-10000-T-10-testratio-0.3-swap_ratio-0.01-perturbation-100-realization-0-data-X20-SF.pkl
#Rule:371218 Nodes:8078 Edges:371218
0 Creating 10 consumers










1 Creating 10 consumers
Iter-0: 18.72/7.15 | 
Iter-0: 18.61/7.07 | Iter-1: 22.87/11.31 | Iter-2: 12.03/5.84 | Iter-3: 11.54/5.35 | Iter-4: 11.76/5.54 | 
Iter-0: 18.49/7.05 | Iter-1: 22.56/11.11 | Iter-2: 19.99/8.55 | 
Iter-0: 18.5/7.07 | Iter-1: 22.48/11.05 | Iter-2: 19.97/8.56 | 
Iter-0: 18.31/6.71 | Iter-1: 22.95/11.33 | Iter-2: 20.36/8.74 | Iter-3: 18.8/9.95 | Iter-4: 11.65/5.46 | 
Iter-0: 18.8/7.11 | Iter-1: 22.72/11.03 | Iter-2: 20.24/8.57 | Iter-3: 16.15/9.6 | Iter-4: 11.48/5.29 | 
Iter-0: 18.56/6.98 | Iter-1: 22.94/11.34 | Iter-2: 20.31/8.73 | Iter-3: 21.56/9.98 | Iter-4: 12.71/6.56 | 
Iter-0: 17.65/6.07 | Iter-1: 22.99/11.41 | Iter-2: 20.45/8.86 | Iter-3: 21.71/10.12 | Iter-4: 16.92/10.52 | 
Iter-0: 18.75/7.1 | Iter-1: 22.57/10.93 | Iter-2: 20.22/8.58 | Iter-3: 19.94/9.51 | Iter-4: 11.49/5.29 | 
Iter-0: 18.82/7.13 | Iter-1: 22.83/11.15 | Iter-2: 20.32/8.64 | Iter-3: 21.38/9.68 | Iter-4: 13.58/7.5 | 
2 Creating 10 consumers
Iter-0: 18.79/7.18 | 
Iter-0: 18.71/7.16 | 
Iter-0: 18.75/7.09 | 
Iter-0: 18.89/7.22 | 
Iter-0: 18.91/7.25 | 
Iter-0: 17.21/5.63 | Iter-1: 23.26/11.61 | Iter-2: 14.83/8.56 | Iter-3: 11.79/5.52 | Iter-4: 11.86/5.59 | 
Iter-0: 18.67/7.12 | Iter-1: 23.03/11.43 | Iter-2: 12.49/6.18 | Iter-3: 11.79/5.48 | Iter-4: 11.84/5.53 | 
Iter-0: 17.44/5.82 | Iter-1: 23.41/11.72 | Iter-2: 15.3/9.03 | Iter-3: 11.83/5.56 | Iter-4: 11.89/5.61 | 
Iter-0: 18.55/7.02 | Iter-1: 23.02/11.44 | Iter-2: 13.04/6.8 | Iter-3: 11.73/5.49 | Iter-4: 11.8/5.54 | 
Iter-0: 18.64/7.13 | Iter-1: 22.95/11.4 | Iter-2: 11.8/5.58 | Iter-3: 11.77/5.54 | Iter-4: 11.83/5.59 | 
3 Creating 10 consumers
Iter-0: 18.5/6.88 | 
Iter-0: 18.11/6.5 | 
Iter-0: 18.37/6.79 | 
Iter-0: 18.6/7.1 | 
Iter-0: 18.69/7.15 | 
Iter-0: 18.81/7.13 | 
Iter-0: 18.49/7.07 | 
Iter-0: 18.5/7.08 | 
Iter-0: 18.82/7.15 | 
Iter-0: 18.79/7.11 | 
4 Creating 10 consumers
Iter-0: 17.33/5.72 | 
Iter-0: 18.27/6.69 | 
Iter-0: 18.65/7.06 | 
Iter-0: 18.64/7.11 | 
Iter-0: 18.86/7.19 | 
Iter-0: 18.78/7.16 | 
Iter-0: 18.91/7.22 | 
Iter-0: 19.04/7.48 | 
Iter-0: 18.83/7.14 | 
Iter-0: 18.79/7.18 | 
(2424, 20)
('All:', 0.07775024752475246, 0.0, 0.07766089108910891, 0.07766089108910891, 0.9067581950643971)
prob_mse: 0.1251, running time: 319.900753021
