

--------------------------------------------------
--------------------------------------------------

-------------------Sat, 20 Jul 2019 01:08:39 AM EDT---------------------

0 ~~~~~~~~~~~~~~~~~~~~~~~~~~~~~~~~~~~~~~~~~~~~~~~~~~~~~~~~~~~~~~~`
dataset: philly method: CSL-Plus, weekday:0,hour:8,T, 43,ref_ratio:0.6, test_ratio: 0.3,gamma:0.0
/network/rit/lab/ceashpc/adil/data/adv_csl/Jan2/traffic/random_pgd/philly//network_philly_weekday_0_hour_8_refspeed_0.6-testratio-0.3-gamma-0.0-realization-1.pkl
#Rule:980 Nodes:603 Edges:708
prob_mse: 0.0947242044862, running time: 38.5235939026
1.0 ~~~~~~~~~~~~~~~~~~~~~~~~~~~~~~~~~~~~~~~~~~~~~~~~~~~~~~~~~~~~~~~`
dataset: philly method: CSL-Plus, weekday:0,hour:8,T, 43,ref_ratio:0.6, test_ratio: 0.3,gamma:0.01
/network/rit/lab/ceashpc/adil/data/adv_csl/Jan2/traffic/random_pgd/philly//network_philly_weekday_0_hour_8_refspeed_0.6-testratio-0.3-gamma-0.01-realization-1.pkl
#Rule:980 Nodes:603 Edges:708
prob_mse: 0.163563015128, running time: 65.2131299973
2.0 ~~~~~~~~~~~~~~~~~~~~~~~~~~~~~~~~~~~~~~~~~~~~~~~~~~~~~~~~~~~~~~~`
dataset: philly method: CSL-Plus, weekday:0,hour:8,T, 43,ref_ratio:0.6, test_ratio: 0.3,gamma:0.03
/network/rit/lab/ceashpc/adil/data/adv_csl/Jan2/traffic/random_pgd/philly//network_philly_weekday_0_hour_8_refspeed_0.6-testratio-0.3-gamma-0.03-realization-1.pkl
#Rule:980 Nodes:603 Edges:708
prob_mse: 0.163563015128, running time: 65.5982201099
3.0 ~~~~~~~~~~~~~~~~~~~~~~~~~~~~~~~~~~~~~~~~~~~~~~~~~~~~~~~~~~~~~~~`
dataset: philly method: CSL-Plus, weekday:0,hour:8,T, 43,ref_ratio:0.6, test_ratio: 0.3,gamma:0.05
/network/rit/lab/ceashpc/adil/data/adv_csl/Jan2/traffic/random_pgd/philly//network_philly_weekday_0_hour_8_refspeed_0.6-testratio-0.3-gamma-0.05-realization-1.pkl
#Rule:980 Nodes:603 Edges:708
prob_mse: 0.163563015128, running time: 65.8007109165
4.0 ~~~~~~~~~~~~~~~~~~~~~~~~~~~~~~~~~~~~~~~~~~~~~~~~~~~~~~~~~~~~~~~`
dataset: philly method: CSL-Plus, weekday:0,hour:8,T, 43,ref_ratio:0.6, test_ratio: 0.3,gamma:0.07
/network/rit/lab/ceashpc/adil/data/adv_csl/Jan2/traffic/random_pgd/philly//network_philly_weekday_0_hour_8_refspeed_0.6-testratio-0.3-gamma-0.07-realization-1.pkl
#Rule:980 Nodes:603 Edges:708
prob_mse: 0.163563015128, running time: 67.9312448502
5.0 ~~~~~~~~~~~~~~~~~~~~~~~~~~~~~~~~~~~~~~~~~~~~~~~~~~~~~~~~~~~~~~~`
dataset: philly method: CSL-Plus, weekday:0,hour:8,T, 43,ref_ratio:0.6, test_ratio: 0.3,gamma:0.09
/network/rit/lab/ceashpc/adil/data/adv_csl/Jan2/traffic/random_pgd/philly//network_philly_weekday_0_hour_8_refspeed_0.6-testratio-0.3-gamma-0.09-realization-1.pkl
#Rule:980 Nodes:603 Edges:708
prob_mse: 0.163563015128, running time: 66.9315519333
6.0 ~~~~~~~~~~~~~~~~~~~~~~~~~~~~~~~~~~~~~~~~~~~~~~~~~~~~~~~~~~~~~~~`
dataset: philly method: CSL-Plus, weekday:0,hour:8,T, 43,ref_ratio:0.6, test_ratio: 0.3,gamma:0.2
/network/rit/lab/ceashpc/adil/data/adv_csl/Jan2/traffic/random_pgd/philly//network_philly_weekday_0_hour_8_refspeed_0.6-testratio-0.3-gamma-0.2-realization-1.pkl
#Rule:980 Nodes:603 Edges:708
prob_mse: 0.176599530516, running time: 67.4679908752
7.0 ~~~~~~~~~~~~~~~~~~~~~~~~~~~~~~~~~~~~~~~~~~~~~~~~~~~~~~~~~~~~~~~`
dataset: philly method: CSL-Plus, weekday:0,hour:8,T, 43,ref_ratio:0.6, test_ratio: 0.3,gamma:0.3
/network/rit/lab/ceashpc/adil/data/adv_csl/Jan2/traffic/random_pgd/philly//network_philly_weekday_0_hour_8_refspeed_0.6-testratio-0.3-gamma-0.3-realization-1.pkl
#Rule:980 Nodes:603 Edges:708
prob_mse: 0.176599530516, running time: 67.7561888695
8.0 ~~~~~~~~~~~~~~~~~~~~~~~~~~~~~~~~~~~~~~~~~~~~~~~~~~~~~~~~~~~~~~~`
dataset: philly method: CSL-Plus, weekday:0,hour:8,T, 43,ref_ratio:0.6, test_ratio: 0.3,gamma:0.4
/network/rit/lab/ceashpc/adil/data/adv_csl/Jan2/traffic/random_pgd/philly//network_philly_weekday_0_hour_8_refspeed_0.6-testratio-0.3-gamma-0.4-realization-1.pkl
#Rule:980 Nodes:603 Edges:708
prob_mse: 0.176599530516, running time: 68.6350269318
9.0 ~~~~~~~~~~~~~~~~~~~~~~~~~~~~~~~~~~~~~~~~~~~~~~~~~~~~~~~~~~~~~~~`
dataset: dc method: CSL-Plus, weekday:0,hour:8,T, 43,ref_ratio:0.6, test_ratio: 0.3,gamma:0.0
/network/rit/lab/ceashpc/adil/data/adv_csl/Jan2/traffic/random_pgd/dc//network_dc_weekday_0_hour_8_refspeed_0.6-testratio-0.3-gamma-0.0-realization-1.pkl
#Rule:3221 Nodes:1383 Edges:1878
prob_mse: 0.0604216706068, running time: 159.974132061
10.0 ~~~~~~~~~~~~~~~~~~~~~~~~~~~~~~~~~~~~~~~~~~~~~~~~~~~~~~~~~~~~~~~`
dataset: dc method: CSL-Plus, weekday:0,hour:8,T, 43,ref_ratio:0.6, test_ratio: 0.3,gamma:0.01
/network/rit/lab/ceashpc/adil/data/adv_csl/Jan2/traffic/random_pgd/dc//network_dc_weekday_0_hour_8_refspeed_0.6-testratio-0.3-gamma-0.01-realization-1.pkl
#Rule:3221 Nodes:1383 Edges:1878
prob_mse: 0.118875886525, running time: 226.119526148
11.0 ~~~~~~~~~~~~~~~~~~~~~~~~~~~~~~~~~~~~~~~~~~~~~~~~~~~~~~~~~~~~~~~`
dataset: dc method: CSL-Plus, weekday:0,hour:8,T, 43,ref_ratio:0.6, test_ratio: 0.3,gamma:0.03
/network/rit/lab/ceashpc/adil/data/adv_csl/Jan2/traffic/random_pgd/dc//network_dc_weekday_0_hour_8_refspeed_0.6-testratio-0.3-gamma-0.03-realization-1.pkl
#Rule:3221 Nodes:1383 Edges:1878
prob_mse: 0.120490977147, running time: 225.306272984
12.0 ~~~~~~~~~~~~~~~~~~~~~~~~~~~~~~~~~~~~~~~~~~~~~~~~~~~~~~~~~~~~~~~`
dataset: dc method: CSL-Plus, weekday:0,hour:8,T, 43,ref_ratio:0.6, test_ratio: 0.3,gamma:0.05
/network/rit/lab/ceashpc/adil/data/adv_csl/Jan2/traffic/random_pgd/dc//network_dc_weekday_0_hour_8_refspeed_0.6-testratio-0.3-gamma-0.05-realization-1.pkl
#Rule:3221 Nodes:1383 Edges:1878
prob_mse: 0.120490977147, running time: 225.502439022
13.0 ~~~~~~~~~~~~~~~~~~~~~~~~~~~~~~~~~~~~~~~~~~~~~~~~~~~~~~~~~~~~~~~`
dataset: dc method: CSL-Plus, weekday:0,hour:8,T, 43,ref_ratio:0.6, test_ratio: 0.3,gamma:0.07
/network/rit/lab/ceashpc/adil/data/adv_csl/Jan2/traffic/random_pgd/dc//network_dc_weekday_0_hour_8_refspeed_0.6-testratio-0.3-gamma-0.07-realization-1.pkl
#Rule:3221 Nodes:1383 Edges:1878
prob_mse: 0.122027265563, running time: 220.608611107
14.0 ~~~~~~~~~~~~~~~~~~~~~~~~~~~~~~~~~~~~~~~~~~~~~~~~~~~~~~~~~~~~~~~`
dataset: dc method: CSL-Plus, weekday:0,hour:8,T, 43,ref_ratio:0.6, test_ratio: 0.3,gamma:0.09
/network/rit/lab/ceashpc/adil/data/adv_csl/Jan2/traffic/random_pgd/dc//network_dc_weekday_0_hour_8_refspeed_0.6-testratio-0.3-gamma-0.09-realization-1.pkl
#Rule:3221 Nodes:1383 Edges:1878
prob_mse: 0.122027265563, running time: 220.67514205
15.0 ~~~~~~~~~~~~~~~~~~~~~~~~~~~~~~~~~~~~~~~~~~~~~~~~~~~~~~~~~~~~~~~`
dataset: dc method: CSL-Plus, weekday:0,hour:8,T, 43,ref_ratio:0.6, test_ratio: 0.3,gamma:0.2
/network/rit/lab/ceashpc/adil/data/adv_csl/Jan2/traffic/random_pgd/dc//network_dc_weekday_0_hour_8_refspeed_0.6-testratio-0.3-gamma-0.2-realization-1.pkl
#Rule:3221 Nodes:1383 Edges:1878
prob_mse: 0.161380102443, running time: 230.024369001
16.0 ~~~~~~~~~~~~~~~~~~~~~~~~~~~~~~~~~~~~~~~~~~~~~~~~~~~~~~~~~~~~~~~`
dataset: dc method: CSL-Plus, weekday:0,hour:8,T, 43,ref_ratio:0.6, test_ratio: 0.3,gamma:0.3
/network/rit/lab/ceashpc/adil/data/adv_csl/Jan2/traffic/random_pgd/dc//network_dc_weekday_0_hour_8_refspeed_0.6-testratio-0.3-gamma-0.3-realization-1.pkl
#Rule:3221 Nodes:1383 Edges:1878
prob_mse: 0.16122249803, running time: 236.865693092
17.0 ~~~~~~~~~~~~~~~~~~~~~~~~~~~~~~~~~~~~~~~~~~~~~~~~~~~~~~~~~~~~~~~`
dataset: dc method: CSL-Plus, weekday:0,hour:8,T, 43,ref_ratio:0.6, test_ratio: 0.3,gamma:0.4
/network/rit/lab/ceashpc/adil/data/adv_csl/Jan2/traffic/random_pgd/dc//network_dc_weekday_0_hour_8_refspeed_0.6-testratio-0.3-gamma-0.4-realization-1.pkl
#Rule:3221 Nodes:1383 Edges:1878
prob_mse: 0.164373877069, running time: 240.229260206
18.0 ~~~~~~~~~~~~~~~~~~~~~~~~~~~~~~~~~~~~~~~~~~~~~~~~~~~~~~~~~~~~~~~`
dataset: philly method: CSL-Plus, weekday:0,hour:8,T, 43,ref_ratio:0.6, test_ratio: 0.3,gamma:0.0
/network/rit/lab/ceashpc/adil/data/adv_csl/Jan2/traffic/random_pgd/philly//network_philly_weekday_0_hour_8_refspeed_0.6-testratio-0.3-gamma-0.0-realization-2.pkl
#Rule:980 Nodes:603 Edges:708
prob_mse: 0.0884663015128, running time: 45.4009699821
19.0 ~~~~~~~~~~~~~~~~~~~~~~~~~~~~~~~~~~~~~~~~~~~~~~~~~~~~~~~~~~~~~~~`
dataset: philly method: CSL-Plus, weekday:0,hour:8,T, 43,ref_ratio:0.6, test_ratio: 0.3,gamma:0.01
/network/rit/lab/ceashpc/adil/data/adv_csl/Jan2/traffic/random_pgd/philly//network_philly_weekday_0_hour_8_refspeed_0.6-testratio-0.3-gamma-0.01-realization-2.pkl
#Rule:980 Nodes:603 Edges:708
prob_mse: 0.173574908712, running time: 67.2629930973
20.0 ~~~~~~~~~~~~~~~~~~~~~~~~~~~~~~~~~~~~~~~~~~~~~~~~~~~~~~~~~~~~~~~`
dataset: philly method: CSL-Plus, weekday:0,hour:8,T, 43,ref_ratio:0.6, test_ratio: 0.3,gamma:0.03
/network/rit/lab/ceashpc/adil/data/adv_csl/Jan2/traffic/random_pgd/philly//network_philly_weekday_0_hour_8_refspeed_0.6-testratio-0.3-gamma-0.03-realization-2.pkl
#Rule:980 Nodes:603 Edges:708
prob_mse: 0.173574908712, running time: 66.7222230434
21.0 ~~~~~~~~~~~~~~~~~~~~~~~~~~~~~~~~~~~~~~~~~~~~~~~~~~~~~~~~~~~~~~~`
dataset: philly method: CSL-Plus, weekday:0,hour:8,T, 43,ref_ratio:0.6, test_ratio: 0.3,gamma:0.05
/network/rit/lab/ceashpc/adil/data/adv_csl/Jan2/traffic/random_pgd/philly//network_philly_weekday_0_hour_8_refspeed_0.6-testratio-0.3-gamma-0.05-realization-2.pkl
#Rule:980 Nodes:603 Edges:708
prob_mse: 0.173574908712, running time: 65.3926978111
22.0 ~~~~~~~~~~~~~~~~~~~~~~~~~~~~~~~~~~~~~~~~~~~~~~~~~~~~~~~~~~~~~~~`
dataset: philly method: CSL-Plus, weekday:0,hour:8,T, 43,ref_ratio:0.6, test_ratio: 0.3,gamma:0.07
/network/rit/lab/ceashpc/adil/data/adv_csl/Jan2/traffic/random_pgd/philly//network_philly_weekday_0_hour_8_refspeed_0.6-testratio-0.3-gamma-0.07-realization-2.pkl
#Rule:980 Nodes:603 Edges:708
prob_mse: 0.173574908712, running time: 66.9012260437
23.0 ~~~~~~~~~~~~~~~~~~~~~~~~~~~~~~~~~~~~~~~~~~~~~~~~~~~~~~~~~~~~~~~`
dataset: philly method: CSL-Plus, weekday:0,hour:8,T, 43,ref_ratio:0.6, test_ratio: 0.3,gamma:0.09
/network/rit/lab/ceashpc/adil/data/adv_csl/Jan2/traffic/random_pgd/philly//network_philly_weekday_0_hour_8_refspeed_0.6-testratio-0.3-gamma-0.09-realization-2.pkl
#Rule:980 Nodes:603 Edges:708
prob_mse: 0.173574908712, running time: 67.4510359764
24.0 ~~~~~~~~~~~~~~~~~~~~~~~~~~~~~~~~~~~~~~~~~~~~~~~~~~~~~~~~~~~~~~~`
dataset: philly method: CSL-Plus, weekday:0,hour:8,T, 43,ref_ratio:0.6, test_ratio: 0.3,gamma:0.2
/network/rit/lab/ceashpc/adil/data/adv_csl/Jan2/traffic/random_pgd/philly//network_philly_weekday_0_hour_8_refspeed_0.6-testratio-0.3-gamma-0.2-realization-2.pkl
#Rule:980 Nodes:603 Edges:708
prob_mse: 0.201527751695, running time: 67.8048460484
25.0 ~~~~~~~~~~~~~~~~~~~~~~~~~~~~~~~~~~~~~~~~~~~~~~~~~~~~~~~~~~~~~~~`
dataset: philly method: CSL-Plus, weekday:0,hour:8,T, 43,ref_ratio:0.6, test_ratio: 0.3,gamma:0.3
/network/rit/lab/ceashpc/adil/data/adv_csl/Jan2/traffic/random_pgd/philly//network_philly_weekday_0_hour_8_refspeed_0.6-testratio-0.3-gamma-0.3-realization-2.pkl
#Rule:980 Nodes:603 Edges:708
prob_mse: 0.201527751695, running time: 69.9627220631
26.0 ~~~~~~~~~~~~~~~~~~~~~~~~~~~~~~~~~~~~~~~~~~~~~~~~~~~~~~~~~~~~~~~`
dataset: philly method: CSL-Plus, weekday:0,hour:8,T, 43,ref_ratio:0.6, test_ratio: 0.3,gamma:0.4
/network/rit/lab/ceashpc/adil/data/adv_csl/Jan2/traffic/random_pgd/philly//network_philly_weekday_0_hour_8_refspeed_0.6-testratio-0.3-gamma-0.4-realization-2.pkl
#Rule:980 Nodes:603 Edges:708
prob_mse: 0.201527751695, running time: 68.1726360321
27.0 ~~~~~~~~~~~~~~~~~~~~~~~~~~~~~~~~~~~~~~~~~~~~~~~~~~~~~~~~~~~~~~~`
dataset: dc method: CSL-Plus, weekday:0,hour:8,T, 43,ref_ratio:0.6, test_ratio: 0.3,gamma:0.0
/network/rit/lab/ceashpc/adil/data/adv_csl/Jan2/traffic/random_pgd/dc//network_dc_weekday_0_hour_8_refspeed_0.6-testratio-0.3-gamma-0.0-realization-2.pkl
#Rule:3221 Nodes:1383 Edges:1878
prob_mse: 0.0513988179669, running time: 157.905212164
28.0 ~~~~~~~~~~~~~~~~~~~~~~~~~~~~~~~~~~~~~~~~~~~~~~~~~~~~~~~~~~~~~~~`
dataset: dc method: CSL-Plus, weekday:0,hour:8,T, 43,ref_ratio:0.6, test_ratio: 0.3,gamma:0.01
/network/rit/lab/ceashpc/adil/data/adv_csl/Jan2/traffic/random_pgd/dc//network_dc_weekday_0_hour_8_refspeed_0.6-testratio-0.3-gamma-0.01-realization-2.pkl
#Rule:3221 Nodes:1383 Edges:1878
prob_mse: 0.13112679275, running time: 225.767379999
29.0 ~~~~~~~~~~~~~~~~~~~~~~~~~~~~~~~~~~~~~~~~~~~~~~~~~~~~~~~~~~~~~~~`
dataset: dc method: CSL-Plus, weekday:0,hour:8,T, 43,ref_ratio:0.6, test_ratio: 0.3,gamma:0.03
/network/rit/lab/ceashpc/adil/data/adv_csl/Jan2/traffic/random_pgd/dc//network_dc_weekday_0_hour_8_refspeed_0.6-testratio-0.3-gamma-0.03-realization-2.pkl
#Rule:3221 Nodes:1383 Edges:1878
prob_mse: 0.131992907801, running time: 222.834460974
30.0 ~~~~~~~~~~~~~~~~~~~~~~~~~~~~~~~~~~~~~~~~~~~~~~~~~~~~~~~~~~~~~~~`
dataset: dc method: CSL-Plus, weekday:0,hour:8,T, 43,ref_ratio:0.6, test_ratio: 0.3,gamma:0.05
/network/rit/lab/ceashpc/adil/data/adv_csl/Jan2/traffic/random_pgd/dc//network_dc_weekday_0_hour_8_refspeed_0.6-testratio-0.3-gamma-0.05-realization-2.pkl
#Rule:3221 Nodes:1383 Edges:1878
prob_mse: 0.131992907801, running time: 224.996140003
31.0 ~~~~~~~~~~~~~~~~~~~~~~~~~~~~~~~~~~~~~~~~~~~~~~~~~~~~~~~~~~~~~~~`
dataset: dc method: CSL-Plus, weekday:0,hour:8,T, 43,ref_ratio:0.6, test_ratio: 0.3,gamma:0.07
/network/rit/lab/ceashpc/adil/data/adv_csl/Jan2/traffic/random_pgd/dc//network_dc_weekday_0_hour_8_refspeed_0.6-testratio-0.3-gamma-0.07-realization-2.pkl
#Rule:3221 Nodes:1383 Edges:1878
prob_mse: 0.135301891253, running time: 225.943501949
32.0 ~~~~~~~~~~~~~~~~~~~~~~~~~~~~~~~~~~~~~~~~~~~~~~~~~~~~~~~~~~~~~~~`
dataset: dc method: CSL-Plus, weekday:0,hour:8,T, 43,ref_ratio:0.6, test_ratio: 0.3,gamma:0.09
/network/rit/lab/ceashpc/adil/data/adv_csl/Jan2/traffic/random_pgd/dc//network_dc_weekday_0_hour_8_refspeed_0.6-testratio-0.3-gamma-0.09-realization-2.pkl
#Rule:3221 Nodes:1383 Edges:1878
prob_mse: 0.135301891253, running time: 225.484466076
33.0 ~~~~~~~~~~~~~~~~~~~~~~~~~~~~~~~~~~~~~~~~~~~~~~~~~~~~~~~~~~~~~~~`
dataset: dc method: CSL-Plus, weekday:0,hour:8,T, 43,ref_ratio:0.6, test_ratio: 0.3,gamma:0.2
/network/rit/lab/ceashpc/adil/data/adv_csl/Jan2/traffic/random_pgd/dc//network_dc_weekday_0_hour_8_refspeed_0.6-testratio-0.3-gamma-0.2-realization-2.pkl
#Rule:3221 Nodes:1383 Edges:1878
prob_mse: 0.168469818755, running time: 235.522879124
34.0 ~~~~~~~~~~~~~~~~~~~~~~~~~~~~~~~~~~~~~~~~~~~~~~~~~~~~~~~~~~~~~~~`
dataset: dc method: CSL-Plus, weekday:0,hour:8,T, 43,ref_ratio:0.6, test_ratio: 0.3,gamma:0.3
/network/rit/lab/ceashpc/adil/data/adv_csl/Jan2/traffic/random_pgd/dc//network_dc_weekday_0_hour_8_refspeed_0.6-testratio-0.3-gamma-0.3-realization-2.pkl
#Rule:3221 Nodes:1383 Edges:1878
prob_mse: 0.179814499606, running time: 255.244740009
35.0 ~~~~~~~~~~~~~~~~~~~~~~~~~~~~~~~~~~~~~~~~~~~~~~~~~~~~~~~~~~~~~~~`
dataset: dc method: CSL-Plus, weekday:0,hour:8,T, 43,ref_ratio:0.6, test_ratio: 0.3,gamma:0.4
/network/rit/lab/ceashpc/adil/data/adv_csl/Jan2/traffic/random_pgd/dc//network_dc_weekday_0_hour_8_refspeed_0.6-testratio-0.3-gamma-0.4-realization-2.pkl
#Rule:3221 Nodes:1383 Edges:1878
prob_mse: 0.182808274232, running time: 249.56117487
36.0 ~~~~~~~~~~~~~~~~~~~~~~~~~~~~~~~~~~~~~~~~~~~~~~~~~~~~~~~~~~~~~~~`
dataset: philly method: CSL-Plus, weekday:0,hour:8,T, 43,ref_ratio:0.6, test_ratio: 0.3,gamma:0.0
/network/rit/lab/ceashpc/adil/data/adv_csl/Jan2/traffic/random_pgd/philly//network_philly_weekday_0_hour_8_refspeed_0.6-testratio-0.3-gamma-0.0-realization-3.pkl
#Rule:980 Nodes:603 Edges:708
prob_mse: 0.103698435055, running time: 41.1877250671
37.0 ~~~~~~~~~~~~~~~~~~~~~~~~~~~~~~~~~~~~~~~~~~~~~~~~~~~~~~~~~~~~~~~`
dataset: philly method: CSL-Plus, weekday:0,hour:8,T, 43,ref_ratio:0.6, test_ratio: 0.3,gamma:0.01
/network/rit/lab/ceashpc/adil/data/adv_csl/Jan2/traffic/random_pgd/philly//network_philly_weekday_0_hour_8_refspeed_0.6-testratio-0.3-gamma-0.01-realization-3.pkl
#Rule:980 Nodes:603 Edges:708
prob_mse: 0.213105529473, running time: 65.2440719604
38.0 ~~~~~~~~~~~~~~~~~~~~~~~~~~~~~~~~~~~~~~~~~~~~~~~~~~~~~~~~~~~~~~~`
dataset: philly method: CSL-Plus, weekday:0,hour:8,T, 43,ref_ratio:0.6, test_ratio: 0.3,gamma:0.03
/network/rit/lab/ceashpc/adil/data/adv_csl/Jan2/traffic/random_pgd/philly//network_philly_weekday_0_hour_8_refspeed_0.6-testratio-0.3-gamma-0.03-realization-3.pkl
#Rule:980 Nodes:603 Edges:708
prob_mse: 0.217590766823, running time: 65.0755550861
39.0 ~~~~~~~~~~~~~~~~~~~~~~~~~~~~~~~~~~~~~~~~~~~~~~~~~~~~~~~~~~~~~~~`
dataset: philly method: CSL-Plus, weekday:0,hour:8,T, 43,ref_ratio:0.6, test_ratio: 0.3,gamma:0.05
/network/rit/lab/ceashpc/adil/data/adv_csl/Jan2/traffic/random_pgd/philly//network_philly_weekday_0_hour_8_refspeed_0.6-testratio-0.3-gamma-0.05-realization-3.pkl
#Rule:980 Nodes:603 Edges:708
prob_mse: 0.22322456964, running time: 63.7437591553
40.0 ~~~~~~~~~~~~~~~~~~~~~~~~~~~~~~~~~~~~~~~~~~~~~~~~~~~~~~~~~~~~~~~`
dataset: philly method: CSL-Plus, weekday:0,hour:8,T, 43,ref_ratio:0.6, test_ratio: 0.3,gamma:0.07
/network/rit/lab/ceashpc/adil/data/adv_csl/Jan2/traffic/random_pgd/philly//network_philly_weekday_0_hour_8_refspeed_0.6-testratio-0.3-gamma-0.07-realization-3.pkl
#Rule:980 Nodes:603 Edges:708
prob_mse: 0.22322456964, running time: 64.0699160099
41.0 ~~~~~~~~~~~~~~~~~~~~~~~~~~~~~~~~~~~~~~~~~~~~~~~~~~~~~~~~~~~~~~~`
dataset: philly method: CSL-Plus, weekday:0,hour:8,T, 43,ref_ratio:0.6, test_ratio: 0.3,gamma:0.09
/network/rit/lab/ceashpc/adil/data/adv_csl/Jan2/traffic/random_pgd/philly//network_philly_weekday_0_hour_8_refspeed_0.6-testratio-0.3-gamma-0.09-realization-3.pkl
#Rule:980 Nodes:603 Edges:708
prob_mse: 0.22322456964, running time: 64.7178790569
42.0 ~~~~~~~~~~~~~~~~~~~~~~~~~~~~~~~~~~~~~~~~~~~~~~~~~~~~~~~~~~~~~~~`
dataset: philly method: CSL-Plus, weekday:0,hour:8,T, 43,ref_ratio:0.6, test_ratio: 0.3,gamma:0.2
/network/rit/lab/ceashpc/adil/data/adv_csl/Jan2/traffic/random_pgd/philly//network_philly_weekday_0_hour_8_refspeed_0.6-testratio-0.3-gamma-0.2-realization-3.pkl
#Rule:980 Nodes:603 Edges:708
prob_mse: 0.253995252999, running time: 65.3568990231
43.0 ~~~~~~~~~~~~~~~~~~~~~~~~~~~~~~~~~~~~~~~~~~~~~~~~~~~~~~~~~~~~~~~`
dataset: philly method: CSL-Plus, weekday:0,hour:8,T, 43,ref_ratio:0.6, test_ratio: 0.3,gamma:0.3
/network/rit/lab/ceashpc/adil/data/adv_csl/Jan2/traffic/random_pgd/philly//network_philly_weekday_0_hour_8_refspeed_0.6-testratio-0.3-gamma-0.3-realization-3.pkl
#Rule:980 Nodes:603 Edges:708
prob_mse: 0.253995252999, running time: 67.5880491734
44.0 ~~~~~~~~~~~~~~~~~~~~~~~~~~~~~~~~~~~~~~~~~~~~~~~~~~~~~~~~~~~~~~~`
dataset: philly method: CSL-Plus, weekday:0,hour:8,T, 43,ref_ratio:0.6, test_ratio: 0.3,gamma:0.4
/network/rit/lab/ceashpc/adil/data/adv_csl/Jan2/traffic/random_pgd/philly//network_philly_weekday_0_hour_8_refspeed_0.6-testratio-0.3-gamma-0.4-realization-3.pkl
#Rule:980 Nodes:603 Edges:708
prob_mse: 0.253995252999, running time: 66.903275013
45.0 ~~~~~~~~~~~~~~~~~~~~~~~~~~~~~~~~~~~~~~~~~~~~~~~~~~~~~~~~~~~~~~~`
dataset: dc method: CSL-Plus, weekday:0,hour:8,T, 43,ref_ratio:0.6, test_ratio: 0.3,gamma:0.0
/network/rit/lab/ceashpc/adil/data/adv_csl/Jan2/traffic/random_pgd/dc//network_dc_weekday_0_hour_8_refspeed_0.6-testratio-0.3-gamma-0.0-realization-3.pkl
#Rule:3221 Nodes:1383 Edges:1878
prob_mse: 0.0557730496454, running time: 171.623688936
46.0 ~~~~~~~~~~~~~~~~~~~~~~~~~~~~~~~~~~~~~~~~~~~~~~~~~~~~~~~~~~~~~~~`
dataset: dc method: CSL-Plus, weekday:0,hour:8,T, 43,ref_ratio:0.6, test_ratio: 0.3,gamma:0.01
/network/rit/lab/ceashpc/adil/data/adv_csl/Jan2/traffic/random_pgd/dc//network_dc_weekday_0_hour_8_refspeed_0.6-testratio-0.3-gamma-0.01-realization-3.pkl
#Rule:3221 Nodes:1383 Edges:1878
prob_mse: 0.152322104019, running time: 227.266839027
47.0 ~~~~~~~~~~~~~~~~~~~~~~~~~~~~~~~~~~~~~~~~~~~~~~~~~~~~~~~~~~~~~~~`
dataset: dc method: CSL-Plus, weekday:0,hour:8,T, 43,ref_ratio:0.6, test_ratio: 0.3,gamma:0.03
/network/rit/lab/ceashpc/adil/data/adv_csl/Jan2/traffic/random_pgd/dc//network_dc_weekday_0_hour_8_refspeed_0.6-testratio-0.3-gamma-0.03-realization-3.pkl
#Rule:3221 Nodes:1383 Edges:1878
prob_mse: 0.152322104019, running time: 237.864298105
48.0 ~~~~~~~~~~~~~~~~~~~~~~~~~~~~~~~~~~~~~~~~~~~~~~~~~~~~~~~~~~~~~~~`
dataset: dc method: CSL-Plus, weekday:0,hour:8,T, 43,ref_ratio:0.6, test_ratio: 0.3,gamma:0.05
/network/rit/lab/ceashpc/adil/data/adv_csl/Jan2/traffic/random_pgd/dc//network_dc_weekday_0_hour_8_refspeed_0.6-testratio-0.3-gamma-0.05-realization-3.pkl
#Rule:3221 Nodes:1383 Edges:1878
prob_mse: 0.152243301812, running time: 231.754440069
49.0 ~~~~~~~~~~~~~~~~~~~~~~~~~~~~~~~~~~~~~~~~~~~~~~~~~~~~~~~~~~~~~~~`
dataset: dc method: CSL-Plus, weekday:0,hour:8,T, 43,ref_ratio:0.6, test_ratio: 0.3,gamma:0.07
/network/rit/lab/ceashpc/adil/data/adv_csl/Jan2/traffic/random_pgd/dc//network_dc_weekday_0_hour_8_refspeed_0.6-testratio-0.3-gamma-0.07-realization-3.pkl
#Rule:3221 Nodes:1383 Edges:1878
prob_mse: 0.152243301812, running time: 224.528294086
50.0 ~~~~~~~~~~~~~~~~~~~~~~~~~~~~~~~~~~~~~~~~~~~~~~~~~~~~~~~~~~~~~~~`
dataset: dc method: CSL-Plus, weekday:0,hour:8,T, 43,ref_ratio:0.6, test_ratio: 0.3,gamma:0.09
/network/rit/lab/ceashpc/adil/data/adv_csl/Jan2/traffic/random_pgd/dc//network_dc_weekday_0_hour_8_refspeed_0.6-testratio-0.3-gamma-0.09-realization-3.pkl
#Rule:3221 Nodes:1383 Edges:1878
prob_mse: 0.153779590229, running time: 238.909137964
51.0 ~~~~~~~~~~~~~~~~~~~~~~~~~~~~~~~~~~~~~~~~~~~~~~~~~~~~~~~~~~~~~~~`
dataset: dc method: CSL-Plus, weekday:0,hour:8,T, 43,ref_ratio:0.6, test_ratio: 0.3,gamma:0.2
/network/rit/lab/ceashpc/adil/data/adv_csl/Jan2/traffic/random_pgd/dc//network_dc_weekday_0_hour_8_refspeed_0.6-testratio-0.3-gamma-0.2-realization-3.pkl
#Rule:3221 Nodes:1383 Edges:1878
prob_mse: 0.203137470449, running time: 240.899857998
52.0 ~~~~~~~~~~~~~~~~~~~~~~~~~~~~~~~~~~~~~~~~~~~~~~~~~~~~~~~~~~~~~~~`
dataset: dc method: CSL-Plus, weekday:0,hour:8,T, 43,ref_ratio:0.6, test_ratio: 0.3,gamma:0.3
/network/rit/lab/ceashpc/adil/data/adv_csl/Jan2/traffic/random_pgd/dc//network_dc_weekday_0_hour_8_refspeed_0.6-testratio-0.3-gamma-0.3-realization-3.pkl
#Rule:3221 Nodes:1383 Edges:1878
prob_mse: 0.211606934594, running time: 244.697537184
53.0 ~~~~~~~~~~~~~~~~~~~~~~~~~~~~~~~~~~~~~~~~~~~~~~~~~~~~~~~~~~~~~~~`
dataset: dc method: CSL-Plus, weekday:0,hour:8,T, 43,ref_ratio:0.6, test_ratio: 0.3,gamma:0.4
/network/rit/lab/ceashpc/adil/data/adv_csl/Jan2/traffic/random_pgd/dc//network_dc_weekday_0_hour_8_refspeed_0.6-testratio-0.3-gamma-0.4-realization-3.pkl
#Rule:3221 Nodes:1383 Edges:1878
prob_mse: 0.211606934594, running time: 253.093579054
54.0 ~~~~~~~~~~~~~~~~~~~~~~~~~~~~~~~~~~~~~~~~~~~~~~~~~~~~~~~~~~~~~~~`
dataset: philly method: CSL-Plus, weekday:0,hour:8,T, 43,ref_ratio:0.6, test_ratio: 0.3,gamma:0.0
/network/rit/lab/ceashpc/adil/data/adv_csl/Jan2/traffic/random_pgd/philly//network_philly_weekday_0_hour_8_refspeed_0.6-testratio-0.3-gamma-0.0-realization-4.pkl
#Rule:980 Nodes:603 Edges:708
prob_mse: 0.0773002086594, running time: 42.2047979832
55.0 ~~~~~~~~~~~~~~~~~~~~~~~~~~~~~~~~~~~~~~~~~~~~~~~~~~~~~~~~~~~~~~~`
dataset: philly method: CSL-Plus, weekday:0,hour:8,T, 43,ref_ratio:0.6, test_ratio: 0.3,gamma:0.01
/network/rit/lab/ceashpc/adil/data/adv_csl/Jan2/traffic/random_pgd/philly//network_philly_weekday_0_hour_8_refspeed_0.6-testratio-0.3-gamma-0.01-realization-4.pkl
#Rule:980 Nodes:603 Edges:708
prob_mse: 0.185148930621, running time: 67.0220589638
56.0 ~~~~~~~~~~~~~~~~~~~~~~~~~~~~~~~~~~~~~~~~~~~~~~~~~~~~~~~~~~~~~~~`
dataset: philly method: CSL-Plus, weekday:0,hour:8,T, 43,ref_ratio:0.6, test_ratio: 0.3,gamma:0.03
/network/rit/lab/ceashpc/adil/data/adv_csl/Jan2/traffic/random_pgd/philly//network_philly_weekday_0_hour_8_refspeed_0.6-testratio-0.3-gamma-0.03-realization-4.pkl
#Rule:980 Nodes:603 Edges:708
prob_mse: 0.189425508607, running time: 67.7644360065
57.0 ~~~~~~~~~~~~~~~~~~~~~~~~~~~~~~~~~~~~~~~~~~~~~~~~~~~~~~~~~~~~~~~`
dataset: philly method: CSL-Plus, weekday:0,hour:8,T, 43,ref_ratio:0.6, test_ratio: 0.3,gamma:0.05
/network/rit/lab/ceashpc/adil/data/adv_csl/Jan2/traffic/random_pgd/philly//network_philly_weekday_0_hour_8_refspeed_0.6-testratio-0.3-gamma-0.05-realization-4.pkl
#Rule:980 Nodes:603 Edges:708
prob_mse: 0.189425508607, running time: 66.8648018837
58.0 ~~~~~~~~~~~~~~~~~~~~~~~~~~~~~~~~~~~~~~~~~~~~~~~~~~~~~~~~~~~~~~~`
dataset: philly method: CSL-Plus, weekday:0,hour:8,T, 43,ref_ratio:0.6, test_ratio: 0.3,gamma:0.07
/network/rit/lab/ceashpc/adil/data/adv_csl/Jan2/traffic/random_pgd/philly//network_philly_weekday_0_hour_8_refspeed_0.6-testratio-0.3-gamma-0.07-realization-4.pkl
#Rule:980 Nodes:603 Edges:708
prob_mse: 0.189425508607, running time: 67.150842905
59.0 ~~~~~~~~~~~~~~~~~~~~~~~~~~~~~~~~~~~~~~~~~~~~~~~~~~~~~~~~~~~~~~~`
dataset: philly method: CSL-Plus, weekday:0,hour:8,T, 43,ref_ratio:0.6, test_ratio: 0.3,gamma:0.09
/network/rit/lab/ceashpc/adil/data/adv_csl/Jan2/traffic/random_pgd/philly//network_philly_weekday_0_hour_8_refspeed_0.6-testratio-0.3-gamma-0.09-realization-4.pkl
#Rule:980 Nodes:603 Edges:708
prob_mse: 0.197770005216, running time: 68.4088869095
60.0 ~~~~~~~~~~~~~~~~~~~~~~~~~~~~~~~~~~~~~~~~~~~~~~~~~~~~~~~~~~~~~~~`
dataset: philly method: CSL-Plus, weekday:0,hour:8,T, 43,ref_ratio:0.6, test_ratio: 0.3,gamma:0.2
/network/rit/lab/ceashpc/adil/data/adv_csl/Jan2/traffic/random_pgd/philly//network_philly_weekday_0_hour_8_refspeed_0.6-testratio-0.3-gamma-0.2-realization-4.pkl
#Rule:980 Nodes:603 Edges:708
prob_mse: 0.222594835681, running time: 68.6893801689
61.0 ~~~~~~~~~~~~~~~~~~~~~~~~~~~~~~~~~~~~~~~~~~~~~~~~~~~~~~~~~~~~~~~`
dataset: philly method: CSL-Plus, weekday:0,hour:8,T, 43,ref_ratio:0.6, test_ratio: 0.3,gamma:0.3
/network/rit/lab/ceashpc/adil/data/adv_csl/Jan2/traffic/random_pgd/philly//network_philly_weekday_0_hour_8_refspeed_0.6-testratio-0.3-gamma-0.3-realization-4.pkl
#Rule:980 Nodes:603 Edges:708
prob_mse: 0.222594835681, running time: 69.0308430195
62.0 ~~~~~~~~~~~~~~~~~~~~~~~~~~~~~~~~~~~~~~~~~~~~~~~~~~~~~~~~~~~~~~~`
dataset: philly method: CSL-Plus, weekday:0,hour:8,T, 43,ref_ratio:0.6, test_ratio: 0.3,gamma:0.4
/network/rit/lab/ceashpc/adil/data/adv_csl/Jan2/traffic/random_pgd/philly//network_philly_weekday_0_hour_8_refspeed_0.6-testratio-0.3-gamma-0.4-realization-4.pkl
#Rule:980 Nodes:603 Edges:708
prob_mse: 0.222594835681, running time: 68.9387989044
63.0 ~~~~~~~~~~~~~~~~~~~~~~~~~~~~~~~~~~~~~~~~~~~~~~~~~~~~~~~~~~~~~~~`
dataset: dc method: CSL-Plus, weekday:0,hour:8,T, 43,ref_ratio:0.6, test_ratio: 0.3,gamma:0.0
/network/rit/lab/ceashpc/adil/data/adv_csl/Jan2/traffic/random_pgd/dc//network_dc_weekday_0_hour_8_refspeed_0.6-testratio-0.3-gamma-0.0-realization-4.pkl
#Rule:3221 Nodes:1383 Edges:1878
prob_mse: 0.0596347123719, running time: 156.460930824
64.0 ~~~~~~~~~~~~~~~~~~~~~~~~~~~~~~~~~~~~~~~~~~~~~~~~~~~~~~~~~~~~~~~`
dataset: dc method: CSL-Plus, weekday:0,hour:8,T, 43,ref_ratio:0.6, test_ratio: 0.3,gamma:0.01
/network/rit/lab/ceashpc/adil/data/adv_csl/Jan2/traffic/random_pgd/dc//network_dc_weekday_0_hour_8_refspeed_0.6-testratio-0.3-gamma-0.01-realization-4.pkl
#Rule:3221 Nodes:1383 Edges:1878
prob_mse: 0.144562923562, running time: 223.399741173
65.0 ~~~~~~~~~~~~~~~~~~~~~~~~~~~~~~~~~~~~~~~~~~~~~~~~~~~~~~~~~~~~~~~`
dataset: dc method: CSL-Plus, weekday:0,hour:8,T, 43,ref_ratio:0.6, test_ratio: 0.3,gamma:0.03
/network/rit/lab/ceashpc/adil/data/adv_csl/Jan2/traffic/random_pgd/dc//network_dc_weekday_0_hour_8_refspeed_0.6-testratio-0.3-gamma-0.03-realization-4.pkl
#Rule:3221 Nodes:1383 Edges:1878
prob_mse: 0.155947360126, running time: 225.088436127
66.0 ~~~~~~~~~~~~~~~~~~~~~~~~~~~~~~~~~~~~~~~~~~~~~~~~~~~~~~~~~~~~~~~`
dataset: dc method: CSL-Plus, weekday:0,hour:8,T, 43,ref_ratio:0.6, test_ratio: 0.3,gamma:0.05
/network/rit/lab/ceashpc/adil/data/adv_csl/Jan2/traffic/random_pgd/dc//network_dc_weekday_0_hour_8_refspeed_0.6-testratio-0.3-gamma-0.05-realization-4.pkl
#Rule:3221 Nodes:1383 Edges:1878
prob_mse: 0.156026162333, running time: 223.142902851
67.0 ~~~~~~~~~~~~~~~~~~~~~~~~~~~~~~~~~~~~~~~~~~~~~~~~~~~~~~~~~~~~~~~`
dataset: dc method: CSL-Plus, weekday:0,hour:8,T, 43,ref_ratio:0.6, test_ratio: 0.3,gamma:0.07
/network/rit/lab/ceashpc/adil/data/adv_csl/Jan2/traffic/random_pgd/dc//network_dc_weekday_0_hour_8_refspeed_0.6-testratio-0.3-gamma-0.07-realization-4.pkl
#Rule:3221 Nodes:1383 Edges:1878
prob_mse: 0.162407722616, running time: 223.392921925
68.0 ~~~~~~~~~~~~~~~~~~~~~~~~~~~~~~~~~~~~~~~~~~~~~~~~~~~~~~~~~~~~~~~`
dataset: dc method: CSL-Plus, weekday:0,hour:8,T, 43,ref_ratio:0.6, test_ratio: 0.3,gamma:0.09
/network/rit/lab/ceashpc/adil/data/adv_csl/Jan2/traffic/random_pgd/dc//network_dc_weekday_0_hour_8_refspeed_0.6-testratio-0.3-gamma-0.09-realization-4.pkl
#Rule:3221 Nodes:1383 Edges:1878
prob_mse: 0.165795508274, running time: 219.38864994
69.0 ~~~~~~~~~~~~~~~~~~~~~~~~~~~~~~~~~~~~~~~~~~~~~~~~~~~~~~~~~~~~~~~`
dataset: dc method: CSL-Plus, weekday:0,hour:8,T, 43,ref_ratio:0.6, test_ratio: 0.3,gamma:0.2
/network/rit/lab/ceashpc/adil/data/adv_csl/Jan2/traffic/random_pgd/dc//network_dc_weekday_0_hour_8_refspeed_0.6-testratio-0.3-gamma-0.2-realization-4.pkl
#Rule:3221 Nodes:1383 Edges:1878
prob_mse: 0.191124389283, running time: 232.145700932
70.0 ~~~~~~~~~~~~~~~~~~~~~~~~~~~~~~~~~~~~~~~~~~~~~~~~~~~~~~~~~~~~~~~`
dataset: dc method: CSL-Plus, weekday:0,hour:8,T, 43,ref_ratio:0.6, test_ratio: 0.3,gamma:0.3
/network/rit/lab/ceashpc/adil/data/adv_csl/Jan2/traffic/random_pgd/dc//network_dc_weekday_0_hour_8_refspeed_0.6-testratio-0.3-gamma-0.3-realization-4.pkl
#Rule:3221 Nodes:1383 Edges:1878
prob_mse: 0.192266666667, running time: 288.996734858
71.0 ~~~~~~~~~~~~~~~~~~~~~~~~~~~~~~~~~~~~~~~~~~~~~~~~~~~~~~~~~~~~~~~`
dataset: dc method: CSL-Plus, weekday:0,hour:8,T, 43,ref_ratio:0.6, test_ratio: 0.3,gamma:0.4
/network/rit/lab/ceashpc/adil/data/adv_csl/Jan2/traffic/random_pgd/dc//network_dc_weekday_0_hour_8_refspeed_0.6-testratio-0.3-gamma-0.4-realization-4.pkl
#Rule:3221 Nodes:1383 Edges:1878
prob_mse: 0.192266666667, running time: 297.292863131
72.0 ~~~~~~~~~~~~~~~~~~~~~~~~~~~~~~~~~~~~~~~~~~~~~~~~~~~~~~~~~~~~~~~`
dataset: philly method: CSL-Plus, weekday:0,hour:8,T, 43,ref_ratio:0.6, test_ratio: 0.3,gamma:0.0
/network/rit/lab/ceashpc/adil/data/adv_csl/Jan2/traffic/random_pgd/philly//network_philly_weekday_0_hour_8_refspeed_0.6-testratio-0.3-gamma-0.0-realization-5.pkl
#Rule:980 Nodes:603 Edges:708
prob_mse: 0.083143609807, running time: 40.3640501499
73.0 ~~~~~~~~~~~~~~~~~~~~~~~~~~~~~~~~~~~~~~~~~~~~~~~~~~~~~~~~~~~~~~~`
dataset: philly method: CSL-Plus, weekday:0,hour:8,T, 43,ref_ratio:0.6, test_ratio: 0.3,gamma:0.01
/network/rit/lab/ceashpc/adil/data/adv_csl/Jan2/traffic/random_pgd/philly//network_philly_weekday_0_hour_8_refspeed_0.6-testratio-0.3-gamma-0.01-realization-5.pkl
#Rule:980 Nodes:603 Edges:708
prob_mse: 0.19683103808, running time: 67.3481788635
74.0 ~~~~~~~~~~~~~~~~~~~~~~~~~~~~~~~~~~~~~~~~~~~~~~~~~~~~~~~~~~~~~~~`
dataset: philly method: CSL-Plus, weekday:0,hour:8,T, 43,ref_ratio:0.6, test_ratio: 0.3,gamma:0.03
/network/rit/lab/ceashpc/adil/data/adv_csl/Jan2/traffic/random_pgd/philly//network_philly_weekday_0_hour_8_refspeed_0.6-testratio-0.3-gamma-0.03-realization-5.pkl
#Rule:980 Nodes:603 Edges:708
prob_mse: 0.19683103808, running time: 66.3437449932
75.0 ~~~~~~~~~~~~~~~~~~~~~~~~~~~~~~~~~~~~~~~~~~~~~~~~~~~~~~~~~~~~~~~`
dataset: philly method: CSL-Plus, weekday:0,hour:8,T, 43,ref_ratio:0.6, test_ratio: 0.3,gamma:0.05
/network/rit/lab/ceashpc/adil/data/adv_csl/Jan2/traffic/random_pgd/philly//network_philly_weekday_0_hour_8_refspeed_0.6-testratio-0.3-gamma-0.05-realization-5.pkl
#Rule:980 Nodes:603 Edges:708
prob_mse: 0.200064319249, running time: 66.4033069611
76.0 ~~~~~~~~~~~~~~~~~~~~~~~~~~~~~~~~~~~~~~~~~~~~~~~~~~~~~~~~~~~~~~~`
dataset: philly method: CSL-Plus, weekday:0,hour:8,T, 43,ref_ratio:0.6, test_ratio: 0.3,gamma:0.07
/network/rit/lab/ceashpc/adil/data/adv_csl/Jan2/traffic/random_pgd/philly//network_philly_weekday_0_hour_8_refspeed_0.6-testratio-0.3-gamma-0.07-realization-5.pkl
#Rule:980 Nodes:603 Edges:708
prob_mse: 0.200064319249, running time: 69.2093019485
77.0 ~~~~~~~~~~~~~~~~~~~~~~~~~~~~~~~~~~~~~~~~~~~~~~~~~~~~~~~~~~~~~~~`
dataset: philly method: CSL-Plus, weekday:0,hour:8,T, 43,ref_ratio:0.6, test_ratio: 0.3,gamma:0.09
/network/rit/lab/ceashpc/adil/data/adv_csl/Jan2/traffic/random_pgd/philly//network_philly_weekday_0_hour_8_refspeed_0.6-testratio-0.3-gamma-0.09-realization-5.pkl
#Rule:980 Nodes:603 Edges:708
prob_mse: 0.200064319249, running time: 66.7368838787
78.0 ~~~~~~~~~~~~~~~~~~~~~~~~~~~~~~~~~~~~~~~~~~~~~~~~~~~~~~~~~~~~~~~`
dataset: philly method: CSL-Plus, weekday:0,hour:8,T, 43,ref_ratio:0.6, test_ratio: 0.3,gamma:0.2
/network/rit/lab/ceashpc/adil/data/adv_csl/Jan2/traffic/random_pgd/philly//network_philly_weekday_0_hour_8_refspeed_0.6-testratio-0.3-gamma-0.2-realization-5.pkl
#Rule:980 Nodes:603 Edges:708
prob_mse: 0.211224778299, running time: 66.794344902
79.0 ~~~~~~~~~~~~~~~~~~~~~~~~~~~~~~~~~~~~~~~~~~~~~~~~~~~~~~~~~~~~~~~`
dataset: philly method: CSL-Plus, weekday:0,hour:8,T, 43,ref_ratio:0.6, test_ratio: 0.3,gamma:0.3
/network/rit/lab/ceashpc/adil/data/adv_csl/Jan2/traffic/random_pgd/philly//network_philly_weekday_0_hour_8_refspeed_0.6-testratio-0.3-gamma-0.3-realization-5.pkl
#Rule:980 Nodes:603 Edges:708
prob_mse: 0.211224778299, running time: 67.9220030308
80.0 ~~~~~~~~~~~~~~~~~~~~~~~~~~~~~~~~~~~~~~~~~~~~~~~~~~~~~~~~~~~~~~~`
dataset: philly method: CSL-Plus, weekday:0,hour:8,T, 43,ref_ratio:0.6, test_ratio: 0.3,gamma:0.4
/network/rit/lab/ceashpc/adil/data/adv_csl/Jan2/traffic/random_pgd/philly//network_philly_weekday_0_hour_8_refspeed_0.6-testratio-0.3-gamma-0.4-realization-5.pkl
#Rule:980 Nodes:603 Edges:708
prob_mse: 0.211224778299, running time: 66.8147611618
81.0 ~~~~~~~~~~~~~~~~~~~~~~~~~~~~~~~~~~~~~~~~~~~~~~~~~~~~~~~~~~~~~~~`
dataset: dc method: CSL-Plus, weekday:0,hour:8,T, 43,ref_ratio:0.6, test_ratio: 0.3,gamma:0.0
/network/rit/lab/ceashpc/adil/data/adv_csl/Jan2/traffic/random_pgd/dc//network_dc_weekday_0_hour_8_refspeed_0.6-testratio-0.3-gamma-0.0-realization-5.pkl
#Rule:3221 Nodes:1383 Edges:1878
prob_mse: 0.0521474389283, running time: 158.094650984
82.0 ~~~~~~~~~~~~~~~~~~~~~~~~~~~~~~~~~~~~~~~~~~~~~~~~~~~~~~~~~~~~~~~`
dataset: dc method: CSL-Plus, weekday:0,hour:8,T, 43,ref_ratio:0.6, test_ratio: 0.3,gamma:0.01
/network/rit/lab/ceashpc/adil/data/adv_csl/Jan2/traffic/random_pgd/dc//network_dc_weekday_0_hour_8_refspeed_0.6-testratio-0.3-gamma-0.01-realization-5.pkl
#Rule:3221 Nodes:1383 Edges:1878
prob_mse: 0.135381048069, running time: 233.27702117
83.0 ~~~~~~~~~~~~~~~~~~~~~~~~~~~~~~~~~~~~~~~~~~~~~~~~~~~~~~~~~~~~~~~`
dataset: dc method: CSL-Plus, weekday:0,hour:8,T, 43,ref_ratio:0.6, test_ratio: 0.3,gamma:0.03
/network/rit/lab/ceashpc/adil/data/adv_csl/Jan2/traffic/random_pgd/dc//network_dc_weekday_0_hour_8_refspeed_0.6-testratio-0.3-gamma-0.03-realization-5.pkl
#Rule:3221 Nodes:1383 Edges:1878
prob_mse: 0.136838534279, running time: 284.532114029
84.0 ~~~~~~~~~~~~~~~~~~~~~~~~~~~~~~~~~~~~~~~~~~~~~~~~~~~~~~~~~~~~~~~`
dataset: dc method: CSL-Plus, weekday:0,hour:8,T, 43,ref_ratio:0.6, test_ratio: 0.3,gamma:0.05
/network/rit/lab/ceashpc/adil/data/adv_csl/Jan2/traffic/random_pgd/dc//network_dc_weekday_0_hour_8_refspeed_0.6-testratio-0.3-gamma-0.05-realization-5.pkl
#Rule:3221 Nodes:1383 Edges:1878
prob_mse: 0.135302245863, running time: 233.260786057
85.0 ~~~~~~~~~~~~~~~~~~~~~~~~~~~~~~~~~~~~~~~~~~~~~~~~~~~~~~~~~~~~~~~`
dataset: dc method: CSL-Plus, weekday:0,hour:8,T, 43,ref_ratio:0.6, test_ratio: 0.3,gamma:0.07
/network/rit/lab/ceashpc/adil/data/adv_csl/Jan2/traffic/random_pgd/dc//network_dc_weekday_0_hour_8_refspeed_0.6-testratio-0.3-gamma-0.07-realization-5.pkl
#Rule:3221 Nodes:1383 Edges:1878
prob_mse: 0.137035185185, running time: 239.325936079
86.0 ~~~~~~~~~~~~~~~~~~~~~~~~~~~~~~~~~~~~~~~~~~~~~~~~~~~~~~~~~~~~~~~`
dataset: dc method: CSL-Plus, weekday:0,hour:8,T, 43,ref_ratio:0.6, test_ratio: 0.3,gamma:0.09
/network/rit/lab/ceashpc/adil/data/adv_csl/Jan2/traffic/random_pgd/dc//network_dc_weekday_0_hour_8_refspeed_0.6-testratio-0.3-gamma-0.09-realization-5.pkl
#Rule:3221 Nodes:1383 Edges:1878
prob_mse: 0.147946808511, running time: 234.577722788
87.0 ~~~~~~~~~~~~~~~~~~~~~~~~~~~~~~~~~~~~~~~~~~~~~~~~~~~~~~~~~~~~~~~`
dataset: dc method: CSL-Plus, weekday:0,hour:8,T, 43,ref_ratio:0.6, test_ratio: 0.3,gamma:0.2
/network/rit/lab/ceashpc/adil/data/adv_csl/Jan2/traffic/random_pgd/dc//network_dc_weekday_0_hour_8_refspeed_0.6-testratio-0.3-gamma-0.2-realization-5.pkl
#Rule:3221 Nodes:1383 Edges:1878
prob_mse: 0.180286958235, running time: 239.130234957
88.0 ~~~~~~~~~~~~~~~~~~~~~~~~~~~~~~~~~~~~~~~~~~~~~~~~~~~~~~~~~~~~~~~`
dataset: dc method: CSL-Plus, weekday:0,hour:8,T, 43,ref_ratio:0.6, test_ratio: 0.3,gamma:0.3
/network/rit/lab/ceashpc/adil/data/adv_csl/Jan2/traffic/random_pgd/dc//network_dc_weekday_0_hour_8_refspeed_0.6-testratio-0.3-gamma-0.3-realization-5.pkl
#Rule:3221 Nodes:1383 Edges:1878
prob_mse: 0.179892947203, running time: 297.509540081
89.0 ~~~~~~~~~~~~~~~~~~~~~~~~~~~~~~~~~~~~~~~~~~~~~~~~~~~~~~~~~~~~~~~`
dataset: dc method: CSL-Plus, weekday:0,hour:8,T, 43,ref_ratio:0.6, test_ratio: 0.3,gamma:0.4
/network/rit/lab/ceashpc/adil/data/adv_csl/Jan2/traffic/random_pgd/dc//network_dc_weekday_0_hour_8_refspeed_0.6-testratio-0.3-gamma-0.4-realization-5.pkl
#Rule:3221 Nodes:1383 Edges:1878
prob_mse: 0.179892947203, running time: 299.164273977
90.0 ~~~~~~~~~~~~~~~~~~~~~~~~~~~~~~~~~~~~~~~~~~~~~~~~~~~~~~~~~~~~~~~`
dataset: philly method: CSL-Plus, weekday:0,hour:8,T, 43,ref_ratio:0.6, test_ratio: 0.3,gamma:0.0
/network/rit/lab/ceashpc/adil/data/adv_csl/Jan2/traffic/random_pgd/philly//network_philly_weekday_0_hour_8_refspeed_0.6-testratio-0.3-gamma-0.0-realization-6.pkl
#Rule:980 Nodes:603 Edges:708
prob_mse: 0.102862858633, running time: 42.534692049
91.0 ~~~~~~~~~~~~~~~~~~~~~~~~~~~~~~~~~~~~~~~~~~~~~~~~~~~~~~~~~~~~~~~`
dataset: philly method: CSL-Plus, weekday:0,hour:8,T, 43,ref_ratio:0.6, test_ratio: 0.3,gamma:0.01
/network/rit/lab/ceashpc/adil/data/adv_csl/Jan2/traffic/random_pgd/philly//network_philly_weekday_0_hour_8_refspeed_0.6-testratio-0.3-gamma-0.01-realization-6.pkl
#Rule:980 Nodes:603 Edges:708
prob_mse: 0.187448878456, running time: 82.1839709282
92.0 ~~~~~~~~~~~~~~~~~~~~~~~~~~~~~~~~~~~~~~~~~~~~~~~~~~~~~~~~~~~~~~~`
dataset: philly method: CSL-Plus, weekday:0,hour:8,T, 43,ref_ratio:0.6, test_ratio: 0.3,gamma:0.03
/network/rit/lab/ceashpc/adil/data/adv_csl/Jan2/traffic/random_pgd/philly//network_philly_weekday_0_hour_8_refspeed_0.6-testratio-0.3-gamma-0.03-realization-6.pkl
#Rule:980 Nodes:603 Edges:708
prob_mse: 0.187448878456, running time: 79.4139461517
93.0 ~~~~~~~~~~~~~~~~~~~~~~~~~~~~~~~~~~~~~~~~~~~~~~~~~~~~~~~~~~~~~~~`
dataset: philly method: CSL-Plus, weekday:0,hour:8,T, 43,ref_ratio:0.6, test_ratio: 0.3,gamma:0.05
/network/rit/lab/ceashpc/adil/data/adv_csl/Jan2/traffic/random_pgd/philly//network_philly_weekday_0_hour_8_refspeed_0.6-testratio-0.3-gamma-0.05-realization-6.pkl
#Rule:980 Nodes:603 Edges:708
prob_mse: 0.188597443923, running time: 79.7843430042
94.0 ~~~~~~~~~~~~~~~~~~~~~~~~~~~~~~~~~~~~~~~~~~~~~~~~~~~~~~~~~~~~~~~`
dataset: philly method: CSL-Plus, weekday:0,hour:8,T, 43,ref_ratio:0.6, test_ratio: 0.3,gamma:0.07
/network/rit/lab/ceashpc/adil/data/adv_csl/Jan2/traffic/random_pgd/philly//network_philly_weekday_0_hour_8_refspeed_0.6-testratio-0.3-gamma-0.07-realization-6.pkl
#Rule:980 Nodes:603 Edges:708
prob_mse: 0.188597443923, running time: 66.7790238857
95.0 ~~~~~~~~~~~~~~~~~~~~~~~~~~~~~~~~~~~~~~~~~~~~~~~~~~~~~~~~~~~~~~~`
dataset: philly method: CSL-Plus, weekday:0,hour:8,T, 43,ref_ratio:0.6, test_ratio: 0.3,gamma:0.09
/network/rit/lab/ceashpc/adil/data/adv_csl/Jan2/traffic/random_pgd/philly//network_philly_weekday_0_hour_8_refspeed_0.6-testratio-0.3-gamma-0.09-realization-6.pkl
#Rule:980 Nodes:603 Edges:708
prob_mse: 0.188597443923, running time: 67.2827560902
96.0 ~~~~~~~~~~~~~~~~~~~~~~~~~~~~~~~~~~~~~~~~~~~~~~~~~~~~~~~~~~~~~~~`
dataset: philly method: CSL-Plus, weekday:0,hour:8,T, 43,ref_ratio:0.6, test_ratio: 0.3,gamma:0.2
/network/rit/lab/ceashpc/adil/data/adv_csl/Jan2/traffic/random_pgd/philly//network_philly_weekday_0_hour_8_refspeed_0.6-testratio-0.3-gamma-0.2-realization-6.pkl
#Rule:980 Nodes:603 Edges:708
prob_mse: 0.221558111633, running time: 68.9128100872
97.0 ~~~~~~~~~~~~~~~~~~~~~~~~~~~~~~~~~~~~~~~~~~~~~~~~~~~~~~~~~~~~~~~`
dataset: philly method: CSL-Plus, weekday:0,hour:8,T, 43,ref_ratio:0.6, test_ratio: 0.3,gamma:0.3
/network/rit/lab/ceashpc/adil/data/adv_csl/Jan2/traffic/random_pgd/philly//network_philly_weekday_0_hour_8_refspeed_0.6-testratio-0.3-gamma-0.3-realization-6.pkl
#Rule:980 Nodes:603 Edges:708
prob_mse: 0.221558111633, running time: 69.1246390343
98.0 ~~~~~~~~~~~~~~~~~~~~~~~~~~~~~~~~~~~~~~~~~~~~~~~~~~~~~~~~~~~~~~~`
dataset: philly method: CSL-Plus, weekday:0,hour:8,T, 43,ref_ratio:0.6, test_ratio: 0.3,gamma:0.4
/network/rit/lab/ceashpc/adil/data/adv_csl/Jan2/traffic/random_pgd/philly//network_philly_weekday_0_hour_8_refspeed_0.6-testratio-0.3-gamma-0.4-realization-6.pkl
#Rule:980 Nodes:603 Edges:708
prob_mse: 0.221558111633, running time: 69.4286730289
99.0 ~~~~~~~~~~~~~~~~~~~~~~~~~~~~~~~~~~~~~~~~~~~~~~~~~~~~~~~~~~~~~~~`
dataset: dc method: CSL-Plus, weekday:0,hour:8,T, 43,ref_ratio:0.6, test_ratio: 0.3,gamma:0.0
/network/rit/lab/ceashpc/adil/data/adv_csl/Jan2/traffic/random_pgd/dc//network_dc_weekday_0_hour_8_refspeed_0.6-testratio-0.3-gamma-0.0-realization-6.pkl
#Rule:3221 Nodes:1383 Edges:1878
prob_mse: 0.0595555555556, running time: 149.64727211
100.0 ~~~~~~~~~~~~~~~~~~~~~~~~~~~~~~~~~~~~~~~~~~~~~~~~~~~~~~~~~~~~~~~`
dataset: dc method: CSL-Plus, weekday:0,hour:8,T, 43,ref_ratio:0.6, test_ratio: 0.3,gamma:0.01
/network/rit/lab/ceashpc/adil/data/adv_csl/Jan2/traffic/random_pgd/dc//network_dc_weekday_0_hour_8_refspeed_0.6-testratio-0.3-gamma-0.01-realization-6.pkl
#Rule:3221 Nodes:1383 Edges:1878
prob_mse: 0.140976004728, running time: 271.45166111
101.0 ~~~~~~~~~~~~~~~~~~~~~~~~~~~~~~~~~~~~~~~~~~~~~~~~~~~~~~~~~~~~~~~`
dataset: dc method: CSL-Plus, weekday:0,hour:8,T, 43,ref_ratio:0.6, test_ratio: 0.3,gamma:0.03
/network/rit/lab/ceashpc/adil/data/adv_csl/Jan2/traffic/random_pgd/dc//network_dc_weekday_0_hour_8_refspeed_0.6-testratio-0.3-gamma-0.03-realization-6.pkl
#Rule:3221 Nodes:1383 Edges:1878
prob_mse: 0.140976004728, running time: 268.304414034
102.0 ~~~~~~~~~~~~~~~~~~~~~~~~~~~~~~~~~~~~~~~~~~~~~~~~~~~~~~~~~~~~~~~`
dataset: dc method: CSL-Plus, weekday:0,hour:8,T, 43,ref_ratio:0.6, test_ratio: 0.3,gamma:0.05
/network/rit/lab/ceashpc/adil/data/adv_csl/Jan2/traffic/random_pgd/dc//network_dc_weekday_0_hour_8_refspeed_0.6-testratio-0.3-gamma-0.05-realization-6.pkl
#Rule:3221 Nodes:1383 Edges:1878
prob_mse: 0.145821276596, running time: 272.820979834
103.0 ~~~~~~~~~~~~~~~~~~~~~~~~~~~~~~~~~~~~~~~~~~~~~~~~~~~~~~~~~~~~~~~`
dataset: dc method: CSL-Plus, weekday:0,hour:8,T, 43,ref_ratio:0.6, test_ratio: 0.3,gamma:0.07
/network/rit/lab/ceashpc/adil/data/adv_csl/Jan2/traffic/random_pgd/dc//network_dc_weekday_0_hour_8_refspeed_0.6-testratio-0.3-gamma-0.07-realization-6.pkl
#Rule:3221 Nodes:1383 Edges:1878
prob_mse: 0.145466312057, running time: 230.203029156
104.0 ~~~~~~~~~~~~~~~~~~~~~~~~~~~~~~~~~~~~~~~~~~~~~~~~~~~~~~~~~~~~~~~`
dataset: dc method: CSL-Plus, weekday:0,hour:8,T, 43,ref_ratio:0.6, test_ratio: 0.3,gamma:0.09
/network/rit/lab/ceashpc/adil/data/adv_csl/Jan2/traffic/random_pgd/dc//network_dc_weekday_0_hour_8_refspeed_0.6-testratio-0.3-gamma-0.09-realization-6.pkl
#Rule:3221 Nodes:1383 Edges:1878
prob_mse: 0.143772419228, running time: 235.286062002
105.0 ~~~~~~~~~~~~~~~~~~~~~~~~~~~~~~~~~~~~~~~~~~~~~~~~~~~~~~~~~~~~~~~`
dataset: dc method: CSL-Plus, weekday:0,hour:8,T, 43,ref_ratio:0.6, test_ratio: 0.3,gamma:0.2
/network/rit/lab/ceashpc/adil/data/adv_csl/Jan2/traffic/random_pgd/dc//network_dc_weekday_0_hour_8_refspeed_0.6-testratio-0.3-gamma-0.2-realization-6.pkl
#Rule:3221 Nodes:1383 Edges:1878
prob_mse: 0.173906107171, running time: 238.301615
106.0 ~~~~~~~~~~~~~~~~~~~~~~~~~~~~~~~~~~~~~~~~~~~~~~~~~~~~~~~~~~~~~~~`
dataset: dc method: CSL-Plus, weekday:0,hour:8,T, 43,ref_ratio:0.6, test_ratio: 0.3,gamma:0.3
/network/rit/lab/ceashpc/adil/data/adv_csl/Jan2/traffic/random_pgd/dc//network_dc_weekday_0_hour_8_refspeed_0.6-testratio-0.3-gamma-0.3-realization-6.pkl
#Rule:3221 Nodes:1383 Edges:1878
prob_mse: 0.177293892829, running time: 244.274679184
107.0 ~~~~~~~~~~~~~~~~~~~~~~~~~~~~~~~~~~~~~~~~~~~~~~~~~~~~~~~~~~~~~~~`
dataset: dc method: CSL-Plus, weekday:0,hour:8,T, 43,ref_ratio:0.6, test_ratio: 0.3,gamma:0.4
/network/rit/lab/ceashpc/adil/data/adv_csl/Jan2/traffic/random_pgd/dc//network_dc_weekday_0_hour_8_refspeed_0.6-testratio-0.3-gamma-0.4-realization-6.pkl
#Rule:3221 Nodes:1383 Edges:1878
prob_mse: 0.177293892829, running time: 240.558702946
108.0 ~~~~~~~~~~~~~~~~~~~~~~~~~~~~~~~~~~~~~~~~~~~~~~~~~~~~~~~~~~~~~~~`
dataset: philly method: CSL-Plus, weekday:0,hour:8,T, 43,ref_ratio:0.6, test_ratio: 0.3,gamma:0.0
/network/rit/lab/ceashpc/adil/data/adv_csl/Jan2/traffic/random_pgd/philly//network_philly_weekday_0_hour_8_refspeed_0.6-testratio-0.3-gamma-0.0-realization-7.pkl
#Rule:980 Nodes:603 Edges:708
prob_mse: 0.0834575378195, running time: 39.0483958721
109.0 ~~~~~~~~~~~~~~~~~~~~~~~~~~~~~~~~~~~~~~~~~~~~~~~~~~~~~~~~~~~~~~~`
dataset: philly method: CSL-Plus, weekday:0,hour:8,T, 43,ref_ratio:0.6, test_ratio: 0.3,gamma:0.01
/network/rit/lab/ceashpc/adil/data/adv_csl/Jan2/traffic/random_pgd/philly//network_philly_weekday_0_hour_8_refspeed_0.6-testratio-0.3-gamma-0.01-realization-7.pkl
#Rule:980 Nodes:603 Edges:708
prob_mse: 0.163248148148, running time: 63.1977300644
110.0 ~~~~~~~~~~~~~~~~~~~~~~~~~~~~~~~~~~~~~~~~~~~~~~~~~~~~~~~~~~~~~~~`
dataset: philly method: CSL-Plus, weekday:0,hour:8,T, 43,ref_ratio:0.6, test_ratio: 0.3,gamma:0.03
/network/rit/lab/ceashpc/adil/data/adv_csl/Jan2/traffic/random_pgd/philly//network_philly_weekday_0_hour_8_refspeed_0.6-testratio-0.3-gamma-0.03-realization-7.pkl
#Rule:980 Nodes:603 Edges:708
prob_mse: 0.163248148148, running time: 62.6142859459
111.0 ~~~~~~~~~~~~~~~~~~~~~~~~~~~~~~~~~~~~~~~~~~~~~~~~~~~~~~~~~~~~~~~`
dataset: philly method: CSL-Plus, weekday:0,hour:8,T, 43,ref_ratio:0.6, test_ratio: 0.3,gamma:0.05
/network/rit/lab/ceashpc/adil/data/adv_csl/Jan2/traffic/random_pgd/philly//network_philly_weekday_0_hour_8_refspeed_0.6-testratio-0.3-gamma-0.05-realization-7.pkl
#Rule:980 Nodes:603 Edges:708
prob_mse: 0.163248148148, running time: 62.8795440197
112.0 ~~~~~~~~~~~~~~~~~~~~~~~~~~~~~~~~~~~~~~~~~~~~~~~~~~~~~~~~~~~~~~~`
dataset: philly method: CSL-Plus, weekday:0,hour:8,T, 43,ref_ratio:0.6, test_ratio: 0.3,gamma:0.07
/network/rit/lab/ceashpc/adil/data/adv_csl/Jan2/traffic/random_pgd/philly//network_philly_weekday_0_hour_8_refspeed_0.6-testratio-0.3-gamma-0.07-realization-7.pkl
#Rule:980 Nodes:603 Edges:708
prob_mse: 0.163248148148, running time: 65.1385178566
113.0 ~~~~~~~~~~~~~~~~~~~~~~~~~~~~~~~~~~~~~~~~~~~~~~~~~~~~~~~~~~~~~~~`
dataset: philly method: CSL-Plus, weekday:0,hour:8,T, 43,ref_ratio:0.6, test_ratio: 0.3,gamma:0.09
/network/rit/lab/ceashpc/adil/data/adv_csl/Jan2/traffic/random_pgd/philly//network_philly_weekday_0_hour_8_refspeed_0.6-testratio-0.3-gamma-0.09-realization-7.pkl
#Rule:980 Nodes:603 Edges:708
prob_mse: 0.167524726135, running time: 63.9001851082
114.0 ~~~~~~~~~~~~~~~~~~~~~~~~~~~~~~~~~~~~~~~~~~~~~~~~~~~~~~~~~~~~~~~`
dataset: philly method: CSL-Plus, weekday:0,hour:8,T, 43,ref_ratio:0.6, test_ratio: 0.3,gamma:0.2
/network/rit/lab/ceashpc/adil/data/adv_csl/Jan2/traffic/random_pgd/philly//network_philly_weekday_0_hour_8_refspeed_0.6-testratio-0.3-gamma-0.2-realization-7.pkl
#Rule:980 Nodes:603 Edges:708
prob_mse: 0.192347678665, running time: 65.6997241974
115.0 ~~~~~~~~~~~~~~~~~~~~~~~~~~~~~~~~~~~~~~~~~~~~~~~~~~~~~~~~~~~~~~~`
dataset: philly method: CSL-Plus, weekday:0,hour:8,T, 43,ref_ratio:0.6, test_ratio: 0.3,gamma:0.3
/network/rit/lab/ceashpc/adil/data/adv_csl/Jan2/traffic/random_pgd/philly//network_philly_weekday_0_hour_8_refspeed_0.6-testratio-0.3-gamma-0.3-realization-7.pkl
#Rule:980 Nodes:603 Edges:708
prob_mse: 0.192347678665, running time: 66.7107689381
116.0 ~~~~~~~~~~~~~~~~~~~~~~~~~~~~~~~~~~~~~~~~~~~~~~~~~~~~~~~~~~~~~~~`
dataset: philly method: CSL-Plus, weekday:0,hour:8,T, 43,ref_ratio:0.6, test_ratio: 0.3,gamma:0.4
/network/rit/lab/ceashpc/adil/data/adv_csl/Jan2/traffic/random_pgd/philly//network_philly_weekday_0_hour_8_refspeed_0.6-testratio-0.3-gamma-0.4-realization-7.pkl
#Rule:980 Nodes:603 Edges:708
prob_mse: 0.192347678665, running time: 68.9253730774
117.0 ~~~~~~~~~~~~~~~~~~~~~~~~~~~~~~~~~~~~~~~~~~~~~~~~~~~~~~~~~~~~~~~`
dataset: dc method: CSL-Plus, weekday:0,hour:8,T, 43,ref_ratio:0.6, test_ratio: 0.3,gamma:0.0
/network/rit/lab/ceashpc/adil/data/adv_csl/Jan2/traffic/random_pgd/dc//network_dc_weekday_0_hour_8_refspeed_0.6-testratio-0.3-gamma-0.0-realization-7.pkl
#Rule:3221 Nodes:1383 Edges:1878
prob_mse: 0.0578616627266, running time: 158.260467052
118.0 ~~~~~~~~~~~~~~~~~~~~~~~~~~~~~~~~~~~~~~~~~~~~~~~~~~~~~~~~~~~~~~~`
dataset: dc method: CSL-Plus, weekday:0,hour:8,T, 43,ref_ratio:0.6, test_ratio: 0.3,gamma:0.01
/network/rit/lab/ceashpc/adil/data/adv_csl/Jan2/traffic/random_pgd/dc//network_dc_weekday_0_hour_8_refspeed_0.6-testratio-0.3-gamma-0.01-realization-7.pkl
#Rule:3221 Nodes:1383 Edges:1878
prob_mse: 0.132109692671, running time: 232.827404976
119.0 ~~~~~~~~~~~~~~~~~~~~~~~~~~~~~~~~~~~~~~~~~~~~~~~~~~~~~~~~~~~~~~~`
dataset: dc method: CSL-Plus, weekday:0,hour:8,T, 43,ref_ratio:0.6, test_ratio: 0.3,gamma:0.03
/network/rit/lab/ceashpc/adil/data/adv_csl/Jan2/traffic/random_pgd/dc//network_dc_weekday_0_hour_8_refspeed_0.6-testratio-0.3-gamma-0.03-realization-7.pkl
#Rule:3221 Nodes:1383 Edges:1878
prob_mse: 0.1338035855, running time: 225.185642958
120.0 ~~~~~~~~~~~~~~~~~~~~~~~~~~~~~~~~~~~~~~~~~~~~~~~~~~~~~~~~~~~~~~~`
dataset: dc method: CSL-Plus, weekday:0,hour:8,T, 43,ref_ratio:0.6, test_ratio: 0.3,gamma:0.05
/network/rit/lab/ceashpc/adil/data/adv_csl/Jan2/traffic/random_pgd/dc//network_dc_weekday_0_hour_8_refspeed_0.6-testratio-0.3-gamma-0.05-realization-7.pkl
#Rule:3221 Nodes:1383 Edges:1878
prob_mse: 0.136561662727, running time: 232.701360941
121.0 ~~~~~~~~~~~~~~~~~~~~~~~~~~~~~~~~~~~~~~~~~~~~~~~~~~~~~~~~~~~~~~~`
dataset: dc method: CSL-Plus, weekday:0,hour:8,T, 43,ref_ratio:0.6, test_ratio: 0.3,gamma:0.07
/network/rit/lab/ceashpc/adil/data/adv_csl/Jan2/traffic/random_pgd/dc//network_dc_weekday_0_hour_8_refspeed_0.6-testratio-0.3-gamma-0.07-realization-7.pkl
#Rule:3221 Nodes:1383 Edges:1878
prob_mse: 0.136325256107, running time: 224.335504055
122.0 ~~~~~~~~~~~~~~~~~~~~~~~~~~~~~~~~~~~~~~~~~~~~~~~~~~~~~~~~~~~~~~~`
dataset: dc method: CSL-Plus, weekday:0,hour:8,T, 43,ref_ratio:0.6, test_ratio: 0.3,gamma:0.09
/network/rit/lab/ceashpc/adil/data/adv_csl/Jan2/traffic/random_pgd/dc//network_dc_weekday_0_hour_8_refspeed_0.6-testratio-0.3-gamma-0.09-realization-7.pkl
#Rule:3221 Nodes:1383 Edges:1878
prob_mse: 0.137152324665, running time: 224.537469149
123.0 ~~~~~~~~~~~~~~~~~~~~~~~~~~~~~~~~~~~~~~~~~~~~~~~~~~~~~~~~~~~~~~~`
dataset: dc method: CSL-Plus, weekday:0,hour:8,T, 43,ref_ratio:0.6, test_ratio: 0.3,gamma:0.2
/network/rit/lab/ceashpc/adil/data/adv_csl/Jan2/traffic/random_pgd/dc//network_dc_weekday_0_hour_8_refspeed_0.6-testratio-0.3-gamma-0.2-realization-7.pkl
#Rule:3221 Nodes:1383 Edges:1878
prob_mse: 0.165277620173, running time: 228.226645947
124.0 ~~~~~~~~~~~~~~~~~~~~~~~~~~~~~~~~~~~~~~~~~~~~~~~~~~~~~~~~~~~~~~~`
dataset: dc method: CSL-Plus, weekday:0,hour:8,T, 43,ref_ratio:0.6, test_ratio: 0.3,gamma:0.3
/network/rit/lab/ceashpc/adil/data/adv_csl/Jan2/traffic/random_pgd/dc//network_dc_weekday_0_hour_8_refspeed_0.6-testratio-0.3-gamma-0.3-realization-7.pkl
#Rule:3221 Nodes:1383 Edges:1878
prob_mse: 0.183279314421, running time: 238.58122611
125.0 ~~~~~~~~~~~~~~~~~~~~~~~~~~~~~~~~~~~~~~~~~~~~~~~~~~~~~~~~~~~~~~~`
dataset: dc method: CSL-Plus, weekday:0,hour:8,T, 43,ref_ratio:0.6, test_ratio: 0.3,gamma:0.4
/network/rit/lab/ceashpc/adil/data/adv_csl/Jan2/traffic/random_pgd/dc//network_dc_weekday_0_hour_8_refspeed_0.6-testratio-0.3-gamma-0.4-realization-7.pkl
#Rule:3221 Nodes:1383 Edges:1878
prob_mse: 0.183279314421, running time: 235.000030994
126.0 ~~~~~~~~~~~~~~~~~~~~~~~~~~~~~~~~~~~~~~~~~~~~~~~~~~~~~~~~~~~~~~~`
dataset: philly method: CSL-Plus, weekday:0,hour:8,T, 43,ref_ratio:0.6, test_ratio: 0.3,gamma:0.0
/network/rit/lab/ceashpc/adil/data/adv_csl/Jan2/traffic/random_pgd/philly//network_philly_weekday_0_hour_8_refspeed_0.6-testratio-0.3-gamma-0.0-realization-8.pkl
#Rule:980 Nodes:603 Edges:708
prob_mse: 0.0722942618675, running time: 42.0398771763
127.0 ~~~~~~~~~~~~~~~~~~~~~~~~~~~~~~~~~~~~~~~~~~~~~~~~~~~~~~~~~~~~~~~`
dataset: philly method: CSL-Plus, weekday:0,hour:8,T, 43,ref_ratio:0.6, test_ratio: 0.3,gamma:0.01
/network/rit/lab/ceashpc/adil/data/adv_csl/Jan2/traffic/random_pgd/philly//network_philly_weekday_0_hour_8_refspeed_0.6-testratio-0.3-gamma-0.01-realization-8.pkl
#Rule:980 Nodes:603 Edges:708
prob_mse: 0.195474752217, running time: 67.3856229782
128.0 ~~~~~~~~~~~~~~~~~~~~~~~~~~~~~~~~~~~~~~~~~~~~~~~~~~~~~~~~~~~~~~~`
dataset: philly method: CSL-Plus, weekday:0,hour:8,T, 43,ref_ratio:0.6, test_ratio: 0.3,gamma:0.03
/network/rit/lab/ceashpc/adil/data/adv_csl/Jan2/traffic/random_pgd/philly//network_philly_weekday_0_hour_8_refspeed_0.6-testratio-0.3-gamma-0.03-realization-8.pkl
#Rule:980 Nodes:603 Edges:708
prob_mse: 0.199751330203, running time: 67.0495069027
129.0 ~~~~~~~~~~~~~~~~~~~~~~~~~~~~~~~~~~~~~~~~~~~~~~~~~~~~~~~~~~~~~~~`
dataset: philly method: CSL-Plus, weekday:0,hour:8,T, 43,ref_ratio:0.6, test_ratio: 0.3,gamma:0.05
/network/rit/lab/ceashpc/adil/data/adv_csl/Jan2/traffic/random_pgd/philly//network_philly_weekday_0_hour_8_refspeed_0.6-testratio-0.3-gamma-0.05-realization-8.pkl
#Rule:980 Nodes:603 Edges:708
prob_mse: 0.194743505477, running time: 65.9807128906
130.0 ~~~~~~~~~~~~~~~~~~~~~~~~~~~~~~~~~~~~~~~~~~~~~~~~~~~~~~~~~~~~~~~`
dataset: philly method: CSL-Plus, weekday:0,hour:8,T, 43,ref_ratio:0.6, test_ratio: 0.3,gamma:0.07
/network/rit/lab/ceashpc/adil/data/adv_csl/Jan2/traffic/random_pgd/philly//network_philly_weekday_0_hour_8_refspeed_0.6-testratio-0.3-gamma-0.07-realization-8.pkl
#Rule:980 Nodes:603 Edges:708
prob_mse: 0.194743505477, running time: 65.2584459782
131.0 ~~~~~~~~~~~~~~~~~~~~~~~~~~~~~~~~~~~~~~~~~~~~~~~~~~~~~~~~~~~~~~~`
dataset: philly method: CSL-Plus, weekday:0,hour:8,T, 43,ref_ratio:0.6, test_ratio: 0.3,gamma:0.09
/network/rit/lab/ceashpc/adil/data/adv_csl/Jan2/traffic/random_pgd/philly//network_philly_weekday_0_hour_8_refspeed_0.6-testratio-0.3-gamma-0.09-realization-8.pkl
#Rule:980 Nodes:603 Edges:708
prob_mse: 0.194743505477, running time: 67.0869650841
132.0 ~~~~~~~~~~~~~~~~~~~~~~~~~~~~~~~~~~~~~~~~~~~~~~~~~~~~~~~~~~~~~~~`
dataset: philly method: CSL-Plus, weekday:0,hour:8,T, 43,ref_ratio:0.6, test_ratio: 0.3,gamma:0.2
/network/rit/lab/ceashpc/adil/data/adv_csl/Jan2/traffic/random_pgd/philly//network_philly_weekday_0_hour_8_refspeed_0.6-testratio-0.3-gamma-0.2-realization-8.pkl
#Rule:980 Nodes:603 Edges:708
prob_mse: 0.237091966615, running time: 68.6761729717
133.0 ~~~~~~~~~~~~~~~~~~~~~~~~~~~~~~~~~~~~~~~~~~~~~~~~~~~~~~~~~~~~~~~`
dataset: philly method: CSL-Plus, weekday:0,hour:8,T, 43,ref_ratio:0.6, test_ratio: 0.3,gamma:0.3
/network/rit/lab/ceashpc/adil/data/adv_csl/Jan2/traffic/random_pgd/philly//network_philly_weekday_0_hour_8_refspeed_0.6-testratio-0.3-gamma-0.3-realization-8.pkl
#Rule:980 Nodes:603 Edges:708
prob_mse: 0.237091966615, running time: 69.9365110397
134.0 ~~~~~~~~~~~~~~~~~~~~~~~~~~~~~~~~~~~~~~~~~~~~~~~~~~~~~~~~~~~~~~~`
dataset: philly method: CSL-Plus, weekday:0,hour:8,T, 43,ref_ratio:0.6, test_ratio: 0.3,gamma:0.4
/network/rit/lab/ceashpc/adil/data/adv_csl/Jan2/traffic/random_pgd/philly//network_philly_weekday_0_hour_8_refspeed_0.6-testratio-0.3-gamma-0.4-realization-8.pkl
#Rule:980 Nodes:603 Edges:708
prob_mse: 0.237091966615, running time: 70.191272974
135.0 ~~~~~~~~~~~~~~~~~~~~~~~~~~~~~~~~~~~~~~~~~~~~~~~~~~~~~~~~~~~~~~~`
dataset: dc method: CSL-Plus, weekday:0,hour:8,T, 43,ref_ratio:0.6, test_ratio: 0.3,gamma:0.0
/network/rit/lab/ceashpc/adil/data/adv_csl/Jan2/traffic/random_pgd/dc//network_dc_weekday_0_hour_8_refspeed_0.6-testratio-0.3-gamma-0.0-realization-8.pkl
#Rule:3221 Nodes:1383 Edges:1878
prob_mse: 0.0563626477541, running time: 166.555581808
136.0 ~~~~~~~~~~~~~~~~~~~~~~~~~~~~~~~~~~~~~~~~~~~~~~~~~~~~~~~~~~~~~~~`
dataset: dc method: CSL-Plus, weekday:0,hour:8,T, 43,ref_ratio:0.6, test_ratio: 0.3,gamma:0.01
/network/rit/lab/ceashpc/adil/data/adv_csl/Jan2/traffic/random_pgd/dc//network_dc_weekday_0_hour_8_refspeed_0.6-testratio-0.3-gamma-0.01-realization-8.pkl
#Rule:3221 Nodes:1383 Edges:1878
prob_mse: 0.147237234043, running time: 229.429953098
137.0 ~~~~~~~~~~~~~~~~~~~~~~~~~~~~~~~~~~~~~~~~~~~~~~~~~~~~~~~~~~~~~~~`
dataset: dc method: CSL-Plus, weekday:0,hour:8,T, 43,ref_ratio:0.6, test_ratio: 0.3,gamma:0.03
/network/rit/lab/ceashpc/adil/data/adv_csl/Jan2/traffic/random_pgd/dc//network_dc_weekday_0_hour_8_refspeed_0.6-testratio-0.3-gamma-0.03-realization-8.pkl
#Rule:3221 Nodes:1383 Edges:1878
prob_mse: 0.148931126872, running time: 222.452127934
138.0 ~~~~~~~~~~~~~~~~~~~~~~~~~~~~~~~~~~~~~~~~~~~~~~~~~~~~~~~~~~~~~~~`
dataset: dc method: CSL-Plus, weekday:0,hour:8,T, 43,ref_ratio:0.6, test_ratio: 0.3,gamma:0.05
/network/rit/lab/ceashpc/adil/data/adv_csl/Jan2/traffic/random_pgd/dc//network_dc_weekday_0_hour_8_refspeed_0.6-testratio-0.3-gamma-0.05-realization-8.pkl
#Rule:3221 Nodes:1383 Edges:1878
prob_mse: 0.150074113475, running time: 224.369272947
139.0 ~~~~~~~~~~~~~~~~~~~~~~~~~~~~~~~~~~~~~~~~~~~~~~~~~~~~~~~~~~~~~~~`
dataset: dc method: CSL-Plus, weekday:0,hour:8,T, 43,ref_ratio:0.6, test_ratio: 0.3,gamma:0.07
/network/rit/lab/ceashpc/adil/data/adv_csl/Jan2/traffic/random_pgd/dc//network_dc_weekday_0_hour_8_refspeed_0.6-testratio-0.3-gamma-0.07-realization-8.pkl
#Rule:3221 Nodes:1383 Edges:1878
prob_mse: 0.150074113475, running time: 221.003813982
140.0 ~~~~~~~~~~~~~~~~~~~~~~~~~~~~~~~~~~~~~~~~~~~~~~~~~~~~~~~~~~~~~~~`
dataset: dc method: CSL-Plus, weekday:0,hour:8,T, 43,ref_ratio:0.6, test_ratio: 0.3,gamma:0.09
/network/rit/lab/ceashpc/adil/data/adv_csl/Jan2/traffic/random_pgd/dc//network_dc_weekday_0_hour_8_refspeed_0.6-testratio-0.3-gamma-0.09-realization-8.pkl
#Rule:3221 Nodes:1383 Edges:1878
prob_mse: 0.150074113475, running time: 222.909471989
141.0 ~~~~~~~~~~~~~~~~~~~~~~~~~~~~~~~~~~~~~~~~~~~~~~~~~~~~~~~~~~~~~~~`
dataset: dc method: CSL-Plus, weekday:0,hour:8,T, 43,ref_ratio:0.6, test_ratio: 0.3,gamma:0.2
/network/rit/lab/ceashpc/adil/data/adv_csl/Jan2/traffic/random_pgd/dc//network_dc_weekday_0_hour_8_refspeed_0.6-testratio-0.3-gamma-0.2-realization-8.pkl
#Rule:3221 Nodes:1383 Edges:1878
prob_mse: 0.191592237983, running time: 241.791057825
142.0 ~~~~~~~~~~~~~~~~~~~~~~~~~~~~~~~~~~~~~~~~~~~~~~~~~~~~~~~~~~~~~~~`
dataset: dc method: CSL-Plus, weekday:0,hour:8,T, 43,ref_ratio:0.6, test_ratio: 0.3,gamma:0.3
/network/rit/lab/ceashpc/adil/data/adv_csl/Jan2/traffic/random_pgd/dc//network_dc_weekday_0_hour_8_refspeed_0.6-testratio-0.3-gamma-0.3-realization-8.pkl
#Rule:3221 Nodes:1383 Edges:1878
prob_mse: 0.191592237983, running time: 245.444179058
143.0 ~~~~~~~~~~~~~~~~~~~~~~~~~~~~~~~~~~~~~~~~~~~~~~~~~~~~~~~~~~~~~~~`
dataset: dc method: CSL-Plus, weekday:0,hour:8,T, 43,ref_ratio:0.6, test_ratio: 0.3,gamma:0.4
/network/rit/lab/ceashpc/adil/data/adv_csl/Jan2/traffic/random_pgd/dc//network_dc_weekday_0_hour_8_refspeed_0.6-testratio-0.3-gamma-0.4-realization-8.pkl
#Rule:3221 Nodes:1383 Edges:1878
prob_mse: 0.189700985028, running time: 242.888265848
144.0 ~~~~~~~~~~~~~~~~~~~~~~~~~~~~~~~~~~~~~~~~~~~~~~~~~~~~~~~~~~~~~~~`
dataset: philly method: CSL-Plus, weekday:0,hour:8,T, 43,ref_ratio:0.6, test_ratio: 0.3,gamma:0.0
/network/rit/lab/ceashpc/adil/data/adv_csl/Jan2/traffic/random_pgd/philly//network_philly_weekday_0_hour_8_refspeed_0.6-testratio-0.3-gamma-0.0-realization-9.pkl
#Rule:980 Nodes:603 Edges:708
prob_mse: 0.0886730829421, running time: 40.2777671814
145.0 ~~~~~~~~~~~~~~~~~~~~~~~~~~~~~~~~~~~~~~~~~~~~~~~~~~~~~~~~~~~~~~~`
dataset: philly method: CSL-Plus, weekday:0,hour:8,T, 43,ref_ratio:0.6, test_ratio: 0.3,gamma:0.01
/network/rit/lab/ceashpc/adil/data/adv_csl/Jan2/traffic/random_pgd/philly//network_philly_weekday_0_hour_8_refspeed_0.6-testratio-0.3-gamma-0.01-realization-9.pkl
#Rule:980 Nodes:603 Edges:708
prob_mse: 0.146454825248, running time: 62.9723291397
146.0 ~~~~~~~~~~~~~~~~~~~~~~~~~~~~~~~~~~~~~~~~~~~~~~~~~~~~~~~~~~~~~~~`
dataset: philly method: CSL-Plus, weekday:0,hour:8,T, 43,ref_ratio:0.6, test_ratio: 0.3,gamma:0.03
/network/rit/lab/ceashpc/adil/data/adv_csl/Jan2/traffic/random_pgd/philly//network_philly_weekday_0_hour_8_refspeed_0.6-testratio-0.3-gamma-0.03-realization-9.pkl
#Rule:980 Nodes:603 Edges:708
prob_mse: 0.146454825248, running time: 63.7959260941
147.0 ~~~~~~~~~~~~~~~~~~~~~~~~~~~~~~~~~~~~~~~~~~~~~~~~~~~~~~~~~~~~~~~`
dataset: philly method: CSL-Plus, weekday:0,hour:8,T, 43,ref_ratio:0.6, test_ratio: 0.3,gamma:0.05
/network/rit/lab/ceashpc/adil/data/adv_csl/Jan2/traffic/random_pgd/philly//network_philly_weekday_0_hour_8_refspeed_0.6-testratio-0.3-gamma-0.05-realization-9.pkl
#Rule:980 Nodes:603 Edges:708
prob_mse: 0.146454825248, running time: 62.5810508728
148.0 ~~~~~~~~~~~~~~~~~~~~~~~~~~~~~~~~~~~~~~~~~~~~~~~~~~~~~~~~~~~~~~~`
dataset: philly method: CSL-Plus, weekday:0,hour:8,T, 43,ref_ratio:0.6, test_ratio: 0.3,gamma:0.07
/network/rit/lab/ceashpc/adil/data/adv_csl/Jan2/traffic/random_pgd/philly//network_philly_weekday_0_hour_8_refspeed_0.6-testratio-0.3-gamma-0.07-realization-9.pkl
#Rule:980 Nodes:603 Edges:708
prob_mse: 0.146454825248, running time: 64.4326190948
149.0 ~~~~~~~~~~~~~~~~~~~~~~~~~~~~~~~~~~~~~~~~~~~~~~~~~~~~~~~~~~~~~~~`
dataset: philly method: CSL-Plus, weekday:0,hour:8,T, 43,ref_ratio:0.6, test_ratio: 0.3,gamma:0.09
/network/rit/lab/ceashpc/adil/data/adv_csl/Jan2/traffic/random_pgd/philly//network_philly_weekday_0_hour_8_refspeed_0.6-testratio-0.3-gamma-0.09-realization-9.pkl
#Rule:980 Nodes:603 Edges:708
prob_mse: 0.146454825248, running time: 63.8545758724
150.0 ~~~~~~~~~~~~~~~~~~~~~~~~~~~~~~~~~~~~~~~~~~~~~~~~~~~~~~~~~~~~~~~`
dataset: philly method: CSL-Plus, weekday:0,hour:8,T, 43,ref_ratio:0.6, test_ratio: 0.3,gamma:0.2
/network/rit/lab/ceashpc/adil/data/adv_csl/Jan2/traffic/random_pgd/philly//network_philly_weekday_0_hour_8_refspeed_0.6-testratio-0.3-gamma-0.2-realization-9.pkl
#Rule:980 Nodes:603 Edges:708
prob_mse: 0.164395774648, running time: 66.8495559692
151.0 ~~~~~~~~~~~~~~~~~~~~~~~~~~~~~~~~~~~~~~~~~~~~~~~~~~~~~~~~~~~~~~~`
dataset: philly method: CSL-Plus, weekday:0,hour:8,T, 43,ref_ratio:0.6, test_ratio: 0.3,gamma:0.3
/network/rit/lab/ceashpc/adil/data/adv_csl/Jan2/traffic/random_pgd/philly//network_philly_weekday_0_hour_8_refspeed_0.6-testratio-0.3-gamma-0.3-realization-9.pkl
#Rule:980 Nodes:603 Edges:708
prob_mse: 0.164395774648, running time: 64.3101780415
152.0 ~~~~~~~~~~~~~~~~~~~~~~~~~~~~~~~~~~~~~~~~~~~~~~~~~~~~~~~~~~~~~~~`
dataset: philly method: CSL-Plus, weekday:0,hour:8,T, 43,ref_ratio:0.6, test_ratio: 0.3,gamma:0.4
/network/rit/lab/ceashpc/adil/data/adv_csl/Jan2/traffic/random_pgd/philly//network_philly_weekday_0_hour_8_refspeed_0.6-testratio-0.3-gamma-0.4-realization-9.pkl
#Rule:980 Nodes:603 Edges:708
prob_mse: 0.164395774648, running time: 62.8760168552
153.0 ~~~~~~~~~~~~~~~~~~~~~~~~~~~~~~~~~~~~~~~~~~~~~~~~~~~~~~~~~~~~~~~`
dataset: dc method: CSL-Plus, weekday:0,hour:8,T, 43,ref_ratio:0.6, test_ratio: 0.3,gamma:0.0
/network/rit/lab/ceashpc/adil/data/adv_csl/Jan2/traffic/random_pgd/dc//network_dc_weekday_0_hour_8_refspeed_0.6-testratio-0.3-gamma-0.0-realization-9.pkl
#Rule:3221 Nodes:1383 Edges:1878
prob_mse: 0.0525407407407, running time: 160.972626209
154.0 ~~~~~~~~~~~~~~~~~~~~~~~~~~~~~~~~~~~~~~~~~~~~~~~~~~~~~~~~~~~~~~~`
dataset: dc method: CSL-Plus, weekday:0,hour:8,T, 43,ref_ratio:0.6, test_ratio: 0.3,gamma:0.01
/network/rit/lab/ceashpc/adil/data/adv_csl/Jan2/traffic/random_pgd/dc//network_dc_weekday_0_hour_8_refspeed_0.6-testratio-0.3-gamma-0.01-realization-9.pkl
#Rule:3221 Nodes:1383 Edges:1878
prob_mse: 0.135693420016, running time: 235.704566002
155.0 ~~~~~~~~~~~~~~~~~~~~~~~~~~~~~~~~~~~~~~~~~~~~~~~~~~~~~~~~~~~~~~~`
dataset: dc method: CSL-Plus, weekday:0,hour:8,T, 43,ref_ratio:0.6, test_ratio: 0.3,gamma:0.03
/network/rit/lab/ceashpc/adil/data/adv_csl/Jan2/traffic/random_pgd/dc//network_dc_weekday_0_hour_8_refspeed_0.6-testratio-0.3-gamma-0.03-realization-9.pkl
#Rule:3221 Nodes:1383 Edges:1878
prob_mse: 0.138844799054, running time: 239.187756062
156.0 ~~~~~~~~~~~~~~~~~~~~~~~~~~~~~~~~~~~~~~~~~~~~~~~~~~~~~~~~~~~~~~~`
dataset: dc method: CSL-Plus, weekday:0,hour:8,T, 43,ref_ratio:0.6, test_ratio: 0.3,gamma:0.05
/network/rit/lab/ceashpc/adil/data/adv_csl/Jan2/traffic/random_pgd/dc//network_dc_weekday_0_hour_8_refspeed_0.6-testratio-0.3-gamma-0.05-realization-9.pkl
#Rule:3221 Nodes:1383 Edges:1878
prob_mse: 0.140459889677, running time: 241.270452976
157.0 ~~~~~~~~~~~~~~~~~~~~~~~~~~~~~~~~~~~~~~~~~~~~~~~~~~~~~~~~~~~~~~~`
dataset: dc method: CSL-Plus, weekday:0,hour:8,T, 43,ref_ratio:0.6, test_ratio: 0.3,gamma:0.07
/network/rit/lab/ceashpc/adil/data/adv_csl/Jan2/traffic/random_pgd/dc//network_dc_weekday_0_hour_8_refspeed_0.6-testratio-0.3-gamma-0.07-realization-9.pkl
#Rule:3221 Nodes:1383 Edges:1878
prob_mse: 0.150465642238, running time: 236.584645033
158.0 ~~~~~~~~~~~~~~~~~~~~~~~~~~~~~~~~~~~~~~~~~~~~~~~~~~~~~~~~~~~~~~~`
dataset: dc method: CSL-Plus, weekday:0,hour:8,T, 43,ref_ratio:0.6, test_ratio: 0.3,gamma:0.09
/network/rit/lab/ceashpc/adil/data/adv_csl/Jan2/traffic/random_pgd/dc//network_dc_weekday_0_hour_8_refspeed_0.6-testratio-0.3-gamma-0.09-realization-9.pkl
#Rule:3221 Nodes:1383 Edges:1878
prob_mse: 0.156926004728, running time: 284.535267115
159.0 ~~~~~~~~~~~~~~~~~~~~~~~~~~~~~~~~~~~~~~~~~~~~~~~~~~~~~~~~~~~~~~~`
dataset: dc method: CSL-Plus, weekday:0,hour:8,T, 43,ref_ratio:0.6, test_ratio: 0.3,gamma:0.2
/network/rit/lab/ceashpc/adil/data/adv_csl/Jan2/traffic/random_pgd/dc//network_dc_weekday_0_hour_8_refspeed_0.6-testratio-0.3-gamma-0.2-realization-9.pkl
#Rule:3221 Nodes:1383 Edges:1878
prob_mse: 0.201518124507, running time: 242.20153594
160.0 ~~~~~~~~~~~~~~~~~~~~~~~~~~~~~~~~~~~~~~~~~~~~~~~~~~~~~~~~~~~~~~~`
dataset: dc method: CSL-Plus, weekday:0,hour:8,T, 43,ref_ratio:0.6, test_ratio: 0.3,gamma:0.3
/network/rit/lab/ceashpc/adil/data/adv_csl/Jan2/traffic/random_pgd/dc//network_dc_weekday_0_hour_8_refspeed_0.6-testratio-0.3-gamma-0.3-realization-9.pkl
#Rule:3221 Nodes:1383 Edges:1878
prob_mse: 0.203212017336, running time: 256.322242975
161.0 ~~~~~~~~~~~~~~~~~~~~~~~~~~~~~~~~~~~~~~~~~~~~~~~~~~~~~~~~~~~~~~~`
dataset: dc method: CSL-Plus, weekday:0,hour:8,T, 43,ref_ratio:0.6, test_ratio: 0.3,gamma:0.4
/network/rit/lab/ceashpc/adil/data/adv_csl/Jan2/traffic/random_pgd/dc//network_dc_weekday_0_hour_8_refspeed_0.6-testratio-0.3-gamma-0.4-realization-9.pkl
#Rule:3221 Nodes:1383 Edges:1878
prob_mse: 0.203093459417, running time: 256.548120022
