

--------------------------------------------------
--------------------------------------------------

-------------------Fri, 19 Jul 2019 12:21:00 AM EDT---------------------

0 ~~~~~~~~~~~~~~~~~~~~~~~~~~~~~~~~~~~~~~~~~~~~~~~~~~~~~~~~~~~~~~~`
dataset: enron method: CSL-Plus, #attack_edge:10000,T:10,test_ratio: 0.3,gamma:0.0
/network/rit/lab/ceashpc/adil/data/adv_csl/Jan2/random_pgd/enron/enron-attackedges-10000-T-10-testratio-0.3-swap_ratio-0.01-gamma-0.0-realization-0-data-X.pkl
#Rule:743244 Nodes:67392 Edges:743244
0 Creating 10 consumers










1 Creating 10 consumers
Iter-0: 80.25/21.17 | Iter-1: 84.91/34.47 | Iter-2: 86.25/30.86 | Iter-3: 87.63/34.14 | Iter-4: 91.26/30.91 | 
Iter-0: 117.29/34.34 | Iter-1: 149.7/67.16 | Iter-2: 137.02/52.86 | Iter-3: 139.93/56.88 | Iter-4: 139.77/56.87 | 
Iter-0: 120.27/37.0 | Iter-1: 147.99/65.0 | Iter-2: 136.38/51.58 | Iter-3: 138.83/55.41 | Iter-4: 138.43/55.37 | 
Iter-0: 154.97/47.04 | Iter-1: 186.0/85.17 | Iter-2: 146.04/54.29 | Iter-3: 167.43/71.74 | Iter-4: 79.76/32.31 | 
Iter-0: 157.91/45.83 | Iter-1: 176.91/79.64 | Iter-2: 174.77/76.72 | Iter-3: 164.05/68.42 | Iter-4: 94.07/46.71 | 
Iter-0: 133.92/22.94 | Iter-1: 194.74/86.83 | Iter-2: 160.74/55.17 | Iter-3: 164.17/70.44 | Iter-4: 134.65/57.55 | 
Iter-0: 120.77/18.83 | Iter-1: 179.74/74.66 | Iter-2: 183.43/62.25 | Iter-3: 165.91/73.2 | Iter-4: 155.0/59.14 | 
Iter-0: 132.81/37.56 | Iter-1: 162.59/66.29 | Iter-2: 167.19/69.58 | Iter-3: 170.56/56.92 | Iter-4: 118.91/55.22 | 
Iter-0: 131.33/37.67 | Iter-1: 166.05/67.84 | Iter-2: 162.95/53.76 | Iter-3: 181.81/68.8 | Iter-4: 118.78/70.36 | 
Iter-0: 146.78/38.22 | Iter-1: 195.88/86.97 | Iter-2: 140.96/52.24 | Iter-3: 190.39/81.36 | Iter-4: 122.42/71.92 | 
2 Creating 10 consumers
Iter-0: 82.65/20.31 | Iter-1: 102.57/37.0 | Iter-2: 102.7/40.59 | Iter-3: 87.54/29.82 | Iter-4: 123.02/33.02 | 
Iter-0: 118.85/35.49 | Iter-1: 150.24/67.89 | Iter-2: 136.18/53.66 | Iter-3: 140.17/57.66 | Iter-4: 140.12/56.57 | 
Iter-0: 121.73/37.45 | Iter-1: 149.51/66.49 | Iter-2: 136.3/53.06 | Iter-3: 140.0/56.83 | Iter-4: 139.51/55.22 | 
Iter-0: 137.2/40.5 | Iter-1: 162.18/70.37 | Iter-2: 159.99/61.98 | Iter-3: 154.62/59.66 | Iter-4: 136.02/58.41 | 
Iter-0: 126.55/29.42 | Iter-1: 180.25/71.42 | Iter-2: 157.38/64.76 | Iter-3: 189.95/69.51 | Iter-4: 137.3/69.42 | 
Iter-0: 155.82/41.32 | Iter-1: 141.52/46.26 | Iter-2: 161.04/57.63 | Iter-3: 159.83/62.05 | Iter-4: 131.39/51.75 | 
Iter-0: 144.3/47.78 | Iter-1: 189.08/84.29 | Iter-2: 118.74/54.35 | Iter-3: 139.74/31.4 | Iter-4: 144.01/62.71 | 
Iter-0: 139.02/32.26 | Iter-1: 201.73/96.62 | Iter-2: 178.6/68.0 | Iter-3: 162.47/66.41 | Iter-4: 125.72/50.32 | 
Iter-0: 152.83/46.06 | Iter-1: 183.14/78.8 | Iter-2: 169.79/65.43 | Iter-3: 175.95/76.82 | Iter-4: 95.36/44.03 | 
Iter-0: 142.49/44.7 | Iter-1: 168.18/76.49 | Iter-2: 183.0/69.09 | Iter-3: 170.47/61.46 | Iter-4: 113.7/55.52 | 
3 Creating 10 consumers
Iter-0: 96.3/36.37 | Iter-1: 94.32/39.19 | Iter-2: 91.0/28.26 | Iter-3: 89.38/31.77 | Iter-4: 90.31/32.06 | 
Iter-0: 117.94/35.66 | Iter-1: 149.37/67.15 | Iter-2: 136.78/53.29 | Iter-3: 139.48/57.12 | Iter-4: 139.05/56.52 | 
Iter-0: 119.67/36.74 | Iter-1: 149.14/66.34 | Iter-2: 137.09/52.84 | Iter-3: 139.55/56.56 | Iter-4: 139.27/56.32 | 
Iter-0: 134.52/38.92 | Iter-1: 171.96/72.25 | Iter-2: 165.87/66.17 | Iter-3: 154.56/59.23 | Iter-4: 147.21/63.16 | 
Iter-0: 139.24/37.92 | Iter-1: 182.5/82.92 | Iter-2: 172.11/60.31 | Iter-3: 152.09/57.97 | Iter-4: 98.41/42.98 | 
Iter-0: 146.94/48.93 | Iter-1: 169.24/70.89 | Iter-2: 152.0/55.44 | Iter-3: 183.82/81.48 | Iter-4: 115.36/41.2 | 
Iter-0: 169.04/52.16 | Iter-1: 182.35/76.25 | Iter-2: 159.73/59.65 | Iter-3: 155.32/59.83 | Iter-4: 119.52/51.17 | 
Iter-0: 142.29/44.61 | Iter-1: 167.16/79.07 | Iter-2: 160.86/61.38 | Iter-3: 199.29/74.84 | Iter-4: 143.12/64.38 | 
Iter-0: 140.55/36.89 | Iter-1: 178.97/74.88 | Iter-2: 173.53/71.98 | Iter-3: 155.65/59.29 | Iter-4: 137.64/60.65 | 
Iter-0: 117.71/20.08 | Iter-1: 192.92/91.99 | Iter-2: 185.43/69.6 | Iter-3: 179.93/85.53 | Iter-4: 114.74/55.27 | 
4 Creating 10 consumers
Iter-0: 74.54/19.71 | Iter-1: 89.89/37.78 | Iter-2: 98.91/34.5 | Iter-3: 86.2/29.32 | Iter-4: 96.57/30.48 | 
Iter-0: 118.94/35.86 | Iter-1: 148.7/66.78 | Iter-2: 135.03/52.96 | Iter-3: 138.85/56.78 | Iter-4: 139.19/55.9 | 
Iter-0: 119.82/36.35 | Iter-1: 148.65/66.26 | Iter-2: 135.32/52.71 | Iter-3: 138.92/56.38 | Iter-4: 139.12/55.2 | 
Iter-0: 121.09/31.16 | Iter-1: 191.6/89.36 | Iter-2: 159.43/60.23 | Iter-3: 157.27/61.7 | Iter-4: 146.09/59.45 | 
Iter-0: 123.73/25.54 | Iter-1: 184.6/87.1 | Iter-2: 161.36/50.36 | Iter-3: 136.77/54.4 | Iter-4: 174.28/86.42 | 
Iter-0: 147.65/44.94 | Iter-1: 175.26/77.76 | Iter-2: 174.28/63.5 | Iter-3: 161.35/65.71 | Iter-4: 108.82/45.32 | 
Iter-0: 154.33/56.58 | Iter-1: 182.25/75.19 | Iter-2: 151.69/56.69 | Iter-3: 154.89/59.24 | Iter-4: 106.67/42.22 | 
Iter-0: 144.0/41.84 | Iter-1: 181.19/72.08 | Iter-2: 155.82/54.31 | Iter-3: 172.78/79.55 | Iter-4: 111.48/42.63 | 
Iter-0: 132.87/38.13 | Iter-1: 168.03/70.56 | Iter-2: 178.76/69.63 | Iter-3: 184.08/61.57 | Iter-4: 118.24/57.46 | 
Iter-0: 166.04/47.92 | Iter-1: 184.45/82.14 | Iter-2: 179.73/58.26 | Iter-3: 168.0/79.0 | Iter-4: 97.58/48.36 | 
prob_mse: 0.122403699674, running time: 3687.96669292
1.0 ~~~~~~~~~~~~~~~~~~~~~~~~~~~~~~~~~~~~~~~~~~~~~~~~~~~~~~~~~~~~~~~`
dataset: enron method: CSL-Plus, #attack_edge:10000,T:10,test_ratio: 0.3,gamma:0.01
/network/rit/lab/ceashpc/adil/data/adv_csl/Jan2/random_pgd/enron/enron-attackedges-10000-T-10-testratio-0.3-swap_ratio-0.01-gamma-0.01-realization-0-data-X.pkl
#Rule:743244 Nodes:67392 Edges:743244
0 Creating 10 consumers










1 Creating 10 consumers
Iter-0: 104.14/38.35 | Iter-1: 108.28/50.24 | Iter-2: 96.15/38.4 | Iter-3: 111.5/49.28 | Iter-4: 99.45/34.85 | 
Iter-0: 152.17/70.16 | Iter-1: 158.45/76.38 | Iter-2: 155.12/71.7 | Iter-3: 153.35/71.14 | Iter-4: 150.37/68.26 | 
Iter-0: 150.06/67.34 | Iter-1: 158.47/75.7 | Iter-2: 155.67/71.21 | Iter-3: 153.96/70.98 | Iter-4: 150.89/68.2 | 
Iter-0: 161.81/66.28 | Iter-1: 177.11/80.95 | Iter-2: 169.16/72.83 | Iter-3: 172.98/77.27 | Iter-4: 167.66/72.53 | 
Iter-0: 155.08/70.01 | Iter-1: 183.1/84.62 | Iter-2: 176.85/91.12 | Iter-3: 173.6/80.06 | Iter-4: 151.83/76.87 | 
Iter-0: 172.53/60.29 | Iter-1: 203.12/94.49 | Iter-2: 197.86/79.74 | Iter-3: 183.41/94.58 | Iter-4: 125.99/73.86 | 
Iter-0: 167.24/57.03 | Iter-1: 184.85/87.13 | Iter-2: 198.92/91.62 | Iter-3: 205.9/90.67 | Iter-4: 147.04/72.74 | 
Iter-0: 173.8/66.73 | Iter-1: 180.9/92.39 | Iter-2: 181.68/84.99 | Iter-3: 183.05/92.9 | Iter-4: 113.25/65.81 | 
Iter-0: 165.22/79.73 | Iter-1: 199.26/88.24 | Iter-2: 191.62/94.52 | Iter-3: 161.8/76.28 | Iter-4: 143.73/83.2 | 
Iter-0: 191.64/77.56 | Iter-1: 200.14/101.59 | Iter-2: 205.64/92.34 | Iter-3: 198.29/105.9 | Iter-4: 101.12/52.78 | 
2 Creating 10 consumers
Iter-0: 94.85/39.35 | Iter-1: 102.3/40.23 | Iter-2: 98.05/38.74 | Iter-3: 94.94/36.46 | Iter-4: 85.36/37.2 | 
Iter-0: 148.06/65.23 | Iter-1: 157.74/73.71 | Iter-2: 149.4/66.44 | Iter-3: 147.24/64.11 | Iter-4: 148.95/65.75 | 
Iter-0: 151.44/67.73 | Iter-1: 159.73/74.48 | Iter-2: 151.15/67.28 | Iter-3: 149.0/64.95 | Iter-4: 149.69/66.38 | 
Iter-0: 176.76/77.53 | Iter-1: 202.24/101.43 | Iter-2: 174.49/75.91 | Iter-3: 163.47/67.95 | Iter-4: 138.54/69.75 | 
Iter-0: 160.45/69.55 | Iter-1: 190.43/90.43 | Iter-2: 171.72/71.96 | Iter-3: 166.38/69.67 | Iter-4: 127.05/66.78 | 
Iter-0: 175.5/66.19 | Iter-1: 190.75/79.35 | Iter-2: 160.38/71.07 | Iter-3: 199.43/93.55 | Iter-4: 161.99/77.01 | 
Iter-0: 178.38/75.34 | Iter-1: 183.9/75.77 | Iter-2: 167.58/76.72 | Iter-3: 189.45/85.95 | Iter-4: 117.32/46.87 | 
Iter-0: 165.31/80.42 | Iter-1: 191.9/90.99 | Iter-2: 168.81/72.45 | Iter-3: 207.78/93.13 | Iter-4: 134.61/67.37 | 
Iter-0: 188.38/87.46 | Iter-1: 169.02/79.18 | Iter-2: 211.08/90.55 | Iter-3: 175.38/65.33 | Iter-4: 131.27/66.41 | 
Iter-0: 171.22/72.51 | Iter-1: 211.16/97.05 | Iter-2: 222.23/96.96 | Iter-3: 160.94/66.15 | Iter-4: 126.2/65.88 | 
3 Creating 10 consumers
Iter-0: 132.97/73.93 | Iter-1: 96.6/44.29 | Iter-2: 85.63/39.41 | Iter-3: 85.45/32.8 | Iter-4: 97.64/47.32 | 
Iter-0: 152.03/68.86 | Iter-1: 159.37/74.36 | Iter-2: 150.43/67.04 | Iter-3: 148.86/65.34 | Iter-4: 149.85/66.32 | 
Iter-0: 151.6/67.34 | Iter-1: 160.13/74.35 | Iter-2: 151.7/67.35 | Iter-3: 149.57/65.09 | Iter-4: 150.22/66.69 | 
Iter-0: 164.0/56.4 | Iter-1: 185.58/78.63 | Iter-2: 165.8/70.29 | Iter-3: 204.74/78.32 | Iter-4: 140.9/68.49 | 
Iter-0: 153.64/58.92 | Iter-1: 202.96/92.26 | Iter-2: 182.05/88.56 | Iter-3: 172.88/82.68 | Iter-4: 155.59/75.05 | 
Iter-0: 126.88/37.59 | Iter-1: 200.14/90.84 | Iter-2: 197.98/95.88 | Iter-3: 155.41/67.78 | Iter-4: 142.44/78.02 | 
Iter-0: 178.12/73.0 | Iter-1: 208.13/89.83 | Iter-2: 185.45/72.61 | Iter-3: 163.27/67.13 | Iter-4: 157.13/68.61 | 
Iter-0: 197.3/73.66 | Iter-1: 178.6/82.3 | Iter-2: 168.01/72.9 | Iter-3: 165.24/69.3 | Iter-4: 135.6/70.36 | 
Iter-0: 184.0/88.84 | Iter-1: 177.33/79.27 | Iter-2: 165.06/71.8 | Iter-3: 203.4/78.09 | Iter-4: 139.22/74.97 | 
Iter-0: 171.63/77.03 | Iter-1: 198.07/80.67 | Iter-2: 198.08/82.53 | Iter-3: 207.96/99.56 | Iter-4: 118.58/66.56 | 
4 Creating 10 consumers
Iter-0: 96.49/38.43 | Iter-1: 103.13/42.09 | Iter-2: 88.61/37.9 | Iter-3: 84.3/33.79 | Iter-4: 92.03/34.75 | 
Iter-0: 148.21/65.83 | Iter-1: 157.36/73.43 | Iter-2: 148.5/66.17 | Iter-3: 146.69/64.15 | Iter-4: 147.8/65.38 | 
Iter-0: 149.56/66.73 | Iter-1: 158.31/73.55 | Iter-2: 149.82/66.68 | Iter-3: 147.99/64.82 | Iter-4: 149.06/65.89 | 
Iter-0: 185.91/72.76 | Iter-1: 184.15/79.48 | Iter-2: 181.06/83.01 | Iter-3: 173.42/69.44 | Iter-4: 102.82/45.44 | 
Iter-0: 175.56/85.68 | Iter-1: 176.16/83.18 | Iter-2: 164.7/71.39 | Iter-3: 162.03/69.23 | Iter-4: 145.58/70.98 | 
Iter-0: 155.08/49.34 | Iter-1: 194.54/89.77 | Iter-2: 170.69/63.21 | Iter-3: 202.28/93.4 | Iter-4: 157.2/72.52 | 
Iter-0: 158.0/58.71 | Iter-1: 198.17/87.49 | Iter-2: 203.19/98.42 | Iter-3: 177.89/67.55 | Iter-4: 155.08/75.93 | 
Iter-0: 175.3/74.39 | Iter-1: 184.05/92.37 | Iter-2: 199.09/79.05 | Iter-3: 184.42/91.3 | Iter-4: 114.05/66.27 | 
Iter-0: 186.5/83.53 | Iter-1: 202.48/100.59 | Iter-2: 174.23/76.1 | Iter-3: 160.56/68.03 | Iter-4: 116.5/68.47 | 
Iter-0: 173.73/78.98 | Iter-1: 190.2/88.98 | Iter-2: 213.45/89.32 | Iter-3: 183.39/86.36 | Iter-4: 108.88/61.71 | 
prob_mse: 0.165596557523, running time: 4095.98611403
2.0 ~~~~~~~~~~~~~~~~~~~~~~~~~~~~~~~~~~~~~~~~~~~~~~~~~~~~~~~~~~~~~~~`
dataset: enron method: CSL-Plus, #attack_edge:10000,T:10,test_ratio: 0.3,gamma:0.03
/network/rit/lab/ceashpc/adil/data/adv_csl/Jan2/random_pgd/enron/enron-attackedges-10000-T-10-testratio-0.3-swap_ratio-0.01-gamma-0.03-realization-0-data-X.pkl
#Rule:743244 Nodes:67392 Edges:743244
0 Creating 10 consumers










1 Creating 10 consumers
Iter-0: 126.61/73.08 | Iter-1: 99.81/41.99 | Iter-2: 92.48/34.01 | Iter-3: 92.01/40.57 | Iter-4: 115.46/54.6 | 
Iter-0: 159.35/75.55 | Iter-1: 159.26/75.45 | Iter-2: 152.46/67.38 | Iter-3: 153.7/69.92 | Iter-4: 151.03/67.32 | 
Iter-0: 152.27/68.16 | Iter-1: 158.53/74.4 | Iter-2: 152.48/66.55 | Iter-3: 153.14/68.94 | Iter-4: 150.38/66.43 | 
Iter-0: 158.16/53.88 | Iter-1: 183.9/84.63 | Iter-2: 194.03/80.79 | Iter-3: 170.54/74.78 | Iter-4: 148.9/69.64 | 
Iter-0: 181.28/76.25 | Iter-1: 188.93/78.73 | Iter-2: 174.5/70.7 | Iter-3: 162.46/76.54 | Iter-4: 157.39/71.09 | 
Iter-0: 191.63/83.6 | Iter-1: 181.04/82.87 | Iter-2: 163.01/69.95 | Iter-3: 173.61/73.24 | Iter-4: 130.56/70.06 | 
Iter-0: 195.17/87.33 | Iter-1: 189.25/76.67 | Iter-2: 165.8/69.4 | Iter-3: 168.53/72.56 | Iter-4: 151.41/70.41 | 
Iter-0: 131.81/35.68 | Iter-1: 190.56/94.46 | Iter-2: 168.64/84.27 | Iter-3: 203.03/97.39 | Iter-4: 133.8/77.31 | 
Iter-0: 162.23/67.37 | Iter-1: 191.3/83.57 | Iter-2: 183.37/74.16 | Iter-3: 223.76/98.34 | Iter-4: 136.62/71.83 | 
Iter-0: 176.68/67.75 | Iter-1: 181.02/86.02 | Iter-2: 201.9/89.73 | Iter-3: 220.13/103.89 | Iter-4: 104.23/56.1 | 
2 Creating 10 consumers
Iter-0: 124.47/70.63 | Iter-1: 91.53/42.15 | Iter-2: 80.01/33.34 | Iter-3: 97.39/42.7 | Iter-4: 85.91/34.65 | 
Iter-0: 178.92/68.22 | Iter-1: 155.55/71.49 | Iter-2: 145.97/63.43 | Iter-3: 143.29/60.74 | Iter-4: 144.5/61.77 | 
Iter-0: 160.14/77.07 | Iter-1: 157.66/72.98 | Iter-2: 148.17/65.04 | Iter-3: 145.28/61.97 | Iter-4: 146.3/62.91 | 
Iter-0: 122.26/40.42 | Iter-1: 185.07/83.24 | Iter-2: 173.18/69.36 | Iter-3: 160.82/66.48 | Iter-4: 150.61/63.97 | 
Iter-0: 184.05/75.24 | Iter-1: 191.86/91.99 | Iter-2: 187.93/80.68 | Iter-3: 162.03/65.8 | Iter-4: 95.67/47.83 | 
Iter-0: 175.75/76.33 | Iter-1: 189.86/81.87 | Iter-2: 161.09/73.25 | Iter-3: 195.12/76.01 | Iter-4: 80.78/33.22 | 
Iter-0: 160.06/59.68 | Iter-1: 200.06/90.35 | Iter-2: 178.58/70.73 | Iter-3: 173.89/83.11 | Iter-4: 159.51/63.53 | 
Iter-0: 176.53/74.56 | Iter-1: 209.39/98.05 | Iter-2: 176.87/82.0 | Iter-3: 161.55/65.65 | Iter-4: 118.74/63.1 | 
Iter-0: 162.31/61.56 | Iter-1: 182.89/83.76 | Iter-2: 180.59/77.0 | Iter-3: 206.08/76.91 | Iter-4: 158.06/82.6 | 
Iter-0: 153.75/66.3 | Iter-1: 188.08/83.11 | Iter-2: 182.15/80.87 | Iter-3: 217.16/93.41 | Iter-4: 126.23/78.05 | 
3 Creating 10 consumers
Iter-0: 90.72/37.52 | Iter-1: 92.5/38.86 | Iter-2: 92.76/42.17 | Iter-3: 87.57/32.97 | Iter-4: 95.93/40.28 | 
Iter-0: 139.25/56.37 | Iter-1: 158.0/73.57 | Iter-2: 148.38/65.28 | Iter-3: 145.47/62.36 | Iter-4: 145.73/62.88 | 
Iter-0: 151.0/67.52 | Iter-1: 158.0/73.33 | Iter-2: 148.76/65.24 | Iter-3: 145.65/62.08 | Iter-4: 145.56/62.48 | 
Iter-0: 162.41/64.37 | Iter-1: 183.62/83.17 | Iter-2: 179.19/73.19 | Iter-3: 160.93/64.77 | Iter-4: 162.03/76.87 | 
Iter-0: 162.18/60.41 | Iter-1: 176.79/81.41 | Iter-2: 172.42/68.75 | Iter-3: 214.68/94.91 | Iter-4: 117.69/48.85 | 
Iter-0: 179.59/79.61 | Iter-1: 216.31/99.72 | Iter-2: 164.22/68.43 | Iter-3: 161.5/65.6 | Iter-4: 94.96/43.78 | 
Iter-0: 196.11/84.39 | Iter-1: 195.56/86.91 | Iter-2: 177.57/75.25 | Iter-3: 160.95/65.23 | Iter-4: 149.01/65.92 | 
Iter-0: 184.25/82.95 | Iter-1: 207.25/91.63 | Iter-2: 171.13/73.6 | Iter-3: 158.45/63.6 | Iter-4: 122.51/62.85 | 
Iter-0: 181.7/69.49 | Iter-1: 180.95/83.94 | Iter-2: 190.13/70.57 | Iter-3: 181.34/77.83 | Iter-4: 124.42/63.56 | 
Iter-0: 194.41/83.95 | Iter-1: 207.18/95.76 | Iter-2: 207.95/81.58 | Iter-3: 169.55/85.21 | Iter-4: 87.03/39.36 | 
4 Creating 10 consumers
Iter-0: 94.39/39.59 | Iter-1: 91.41/42.83 | Iter-2: 86.78/33.34 | Iter-3: 84.83/37.55 | Iter-4: 78.99/31.08 | 
Iter-0: 150.73/68.99 | Iter-1: 155.04/71.99 | Iter-2: 146.04/64.07 | Iter-3: 142.74/60.81 | Iter-4: 143.26/61.46 | 
Iter-0: 148.79/67.0 | Iter-1: 155.68/72.67 | Iter-2: 146.53/64.59 | Iter-3: 143.38/61.29 | Iter-4: 143.78/61.79 | 
Iter-0: 184.83/79.11 | Iter-1: 184.36/82.24 | Iter-2: 169.09/73.42 | Iter-3: 160.65/65.22 | Iter-4: 108.54/61.15 | 
Iter-0: 166.53/73.6 | Iter-1: 215.57/96.24 | Iter-2: 175.4/79.31 | Iter-3: 160.52/65.93 | Iter-4: 82.65/35.28 | 
Iter-0: 190.79/89.57 | Iter-1: 186.14/81.98 | Iter-2: 172.25/76.31 | Iter-3: 154.27/65.54 | Iter-4: 103.11/55.41 | 
Iter-0: 170.16/62.41 | Iter-1: 176.01/81.68 | Iter-2: 208.56/89.92 | Iter-3: 216.15/92.8 | Iter-4: 118.76/70.74 | 
Iter-0: 164.15/71.38 | Iter-1: 175.94/78.77 | Iter-2: 195.3/73.35 | Iter-3: 217.65/94.51 | Iter-4: 104.53/57.2 | 
Iter-0: 189.48/72.2 | Iter-1: 197.32/99.57 | Iter-2: 165.71/69.94 | Iter-3: 161.68/65.9 | Iter-4: 138.43/62.75 | 
Iter-0: 184.85/87.45 | Iter-1: 197.54/102.49 | Iter-2: 224.44/95.92 | Iter-3: 175.25/91.36 | Iter-4: 99.21/51.92 | 
prob_mse: 0.418949546609, running time: 4087.76451802
3.0 ~~~~~~~~~~~~~~~~~~~~~~~~~~~~~~~~~~~~~~~~~~~~~~~~~~~~~~~~~~~~~~~`
dataset: enron method: CSL-Plus, #attack_edge:10000,T:10,test_ratio: 0.3,gamma:0.05
/network/rit/lab/ceashpc/adil/data/adv_csl/Jan2/random_pgd/enron/enron-attackedges-10000-T-10-testratio-0.3-swap_ratio-0.01-gamma-0.05-realization-0-data-X.pkl
#Rule:743244 Nodes:67392 Edges:743244
0 Creating 10 consumers










1 Creating 10 consumers
Iter-0: 83.34/35.45 | Iter-1: 88.77/42.38 | Iter-2: 84.38/33.75 | Iter-3: 92.52/35.55 | Iter-4: 92.17/45.51 | 
Iter-0: 153.06/69.61 | Iter-1: 157.84/74.77 | Iter-2: 151.54/66.8 | Iter-3: 153.42/70.1 | Iter-4: 150.71/67.46 | 
Iter-0: 150.3/66.95 | Iter-1: 156.76/73.57 | Iter-2: 150.78/65.83 | Iter-3: 152.13/68.78 | Iter-4: 149.68/66.35 | 
Iter-0: 152.19/50.64 | Iter-1: 173.63/79.09 | Iter-2: 166.75/68.37 | Iter-3: 168.47/72.61 | Iter-4: 165.88/69.73 | 
Iter-0: 184.65/85.07 | Iter-1: 186.17/83.67 | Iter-2: 168.89/70.64 | Iter-3: 169.68/73.94 | Iter-4: 128.24/70.95 | 
Iter-0: 173.15/56.41 | Iter-1: 190.72/88.63 | Iter-2: 194.31/73.36 | Iter-3: 170.13/72.49 | Iter-4: 154.22/81.71 | 
Iter-0: 187.95/75.96 | Iter-1: 208.92/94.63 | Iter-2: 205.25/91.96 | Iter-3: 166.79/73.76 | Iter-4: 82.73/35.34 | 
Iter-0: 187.4/75.88 | Iter-1: 201.41/95.94 | Iter-2: 223.3/94.02 | Iter-3: 190.01/98.18 | Iter-4: 104.71/56.07 | 
Iter-0: 167.03/72.87 | Iter-1: 192.09/84.93 | Iter-2: 177.82/80.83 | Iter-3: 212.84/101.19 | Iter-4: 118.19/68.03 | 
Iter-0: 171.82/71.77 | Iter-1: 203.2/100.21 | Iter-2: 186.47/67.5 | Iter-3: 202.47/98.51 | Iter-4: 107.36/59.49 | 
2 Creating 10 consumers
Iter-0: 85.15/36.77 | Iter-1: 99.4/42.75 | Iter-2: 90.01/38.36 | Iter-3: 83.62/32.97 | Iter-4: 95.14/35.58 | 
Iter-0: 152.63/66.87 | Iter-1: 156.72/72.91 | Iter-2: 148.85/64.97 | Iter-3: 146.46/62.5 | Iter-4: 148.07/63.01 | 
Iter-0: 164.47/71.26 | Iter-1: 157.42/73.19 | Iter-2: 149.35/65.05 | Iter-3: 146.37/62.05 | Iter-4: 148.01/62.38 | 
Iter-0: 168.15/60.68 | Iter-1: 169.47/75.62 | Iter-2: 156.97/72.28 | Iter-3: 147.56/55.6 | Iter-4: 170.44/74.73 | 
Iter-0: 154.16/68.54 | Iter-1: 185.84/87.61 | Iter-2: 175.3/77.27 | Iter-3: 161.79/65.8 | Iter-4: 121.16/58.65 | 
Iter-0: 190.97/81.17 | Iter-1: 212.24/94.92 | Iter-2: 203.85/91.74 | Iter-3: 143.71/65.26 | Iter-4: 81.57/33.05 | 
Iter-0: 160.31/74.26 | Iter-1: 209.0/100.76 | Iter-2: 179.87/82.32 | Iter-3: 214.99/90.23 | Iter-4: 120.15/62.84 | 
Iter-0: 193.65/94.61 | Iter-1: 206.1/104.98 | Iter-2: 165.01/68.25 | Iter-3: 151.58/65.51 | Iter-4: 114.41/62.32 | 
Iter-0: 168.47/70.67 | Iter-1: 184.7/90.0 | Iter-2: 187.09/71.8 | Iter-3: 185.88/66.44 | Iter-4: 156.19/74.92 | 
Iter-0: 210.12/87.95 | Iter-1: 198.02/81.77 | Iter-2: 211.78/80.79 | Iter-3: 174.78/76.34 | Iter-4: 112.56/63.26 | 
3 Creating 10 consumers
Iter-0: 83.06/35.28 | Iter-1: 85.68/39.11 | Iter-2: 81.86/32.74 | Iter-3: 85.41/37.54 | Iter-4: 80.95/34.05 | 
Iter-0: 141.35/58.05 | Iter-1: 156.43/73.34 | Iter-2: 149.51/64.79 | Iter-3: 145.63/62.27 | Iter-4: 145.92/62.63 | 
Iter-0: 151.58/67.62 | Iter-1: 157.4/73.56 | Iter-2: 150.4/64.79 | Iter-3: 146.17/62.1 | Iter-4: 145.42/62.42 | 
Iter-0: 148.19/51.51 | Iter-1: 208.44/92.26 | Iter-2: 199.85/85.54 | Iter-3: 209.01/91.69 | Iter-4: 81.8/34.14 | 
Iter-0: 174.91/77.08 | Iter-1: 168.35/74.78 | Iter-2: 167.56/68.76 | Iter-3: 162.55/67.47 | Iter-4: 141.53/65.99 | 
Iter-0: 195.1/83.04 | Iter-1: 177.72/81.68 | Iter-2: 161.14/62.83 | Iter-3: 156.26/60.64 | Iter-4: 152.53/67.19 | 
Iter-0: 179.21/83.72 | Iter-1: 172.15/75.28 | Iter-2: 172.74/74.64 | Iter-3: 162.69/67.36 | Iter-4: 145.54/62.47 | 
Iter-0: 191.99/78.57 | Iter-1: 203.19/97.21 | Iter-2: 187.45/85.75 | Iter-3: 201.81/93.83 | Iter-4: 122.79/62.24 | 
Iter-0: 178.91/80.83 | Iter-1: 204.94/97.74 | Iter-2: 221.0/91.86 | Iter-3: 185.95/89.87 | Iter-4: 87.86/39.79 | 
Iter-0: 189.52/88.21 | Iter-1: 213.19/97.67 | Iter-2: 200.97/100.59 | Iter-3: 151.3/67.41 | Iter-4: 103.33/55.35 | 
4 Creating 10 consumers
Iter-0: 85.9/34.77 | Iter-1: 93.78/44.64 | Iter-2: 99.24/39.73 | Iter-3: 96.77/36.98 | Iter-4: 86.14/34.14 | 
Iter-0: 156.22/72.8 | Iter-1: 157.92/73.08 | Iter-2: 148.44/64.52 | Iter-3: 145.83/62.06 | Iter-4: 146.32/62.54 | 
Iter-0: 158.89/74.77 | Iter-1: 159.35/73.65 | Iter-2: 149.33/65.13 | Iter-3: 146.25/62.01 | Iter-4: 146.37/62.39 | 
Iter-0: 162.66/62.22 | Iter-1: 179.29/81.88 | Iter-2: 160.49/65.31 | Iter-3: 209.87/82.43 | Iter-4: 159.31/75.87 | 
Iter-0: 190.33/72.09 | Iter-1: 192.04/88.52 | Iter-2: 177.33/81.03 | Iter-3: 162.55/65.97 | Iter-4: 132.51/62.86 | 
Iter-0: 169.33/81.95 | Iter-1: 198.46/92.28 | Iter-2: 165.05/68.7 | Iter-3: 160.27/65.54 | Iter-4: 133.62/60.61 | 
Iter-0: 185.62/84.97 | Iter-1: 175.85/78.54 | Iter-2: 171.18/73.38 | Iter-3: 193.37/82.81 | Iter-4: 113.2/50.08 | 
Iter-0: 160.7/64.68 | Iter-1: 211.24/92.9 | Iter-2: 205.64/93.54 | Iter-3: 163.31/70.97 | Iter-4: 146.32/65.37 | 
Iter-0: 185.22/80.79 | Iter-1: 189.57/77.52 | Iter-2: 183.08/74.35 | Iter-3: 161.16/65.63 | Iter-4: 121.65/62.98 | 
Iter-0: 182.2/79.8 | Iter-1: 202.48/94.05 | Iter-2: 209.75/84.37 | Iter-3: 186.63/92.79 | Iter-4: 110.26/62.73 | 
prob_mse: 0.416204428397, running time: 4127.99537897
4.0 ~~~~~~~~~~~~~~~~~~~~~~~~~~~~~~~~~~~~~~~~~~~~~~~~~~~~~~~~~~~~~~~`
dataset: enron method: CSL-Plus, #attack_edge:10000,T:10,test_ratio: 0.3,gamma:0.07
/network/rit/lab/ceashpc/adil/data/adv_csl/Jan2/random_pgd/enron/enron-attackedges-10000-T-10-testratio-0.3-swap_ratio-0.01-gamma-0.07-realization-0-data-X.pkl
#Rule:743244 Nodes:67392 Edges:743244
0 Creating 10 consumers










1 Creating 10 consumers
Iter-0: 84.69/38.04 | Iter-1: 102.3/40.24 | Iter-2: 90.9/35.54 | Iter-3: 89.46/36.4 | Iter-4: 91.69/41.39 | 
Iter-0: 151.41/67.04 | Iter-1: 158.38/74.21 | Iter-2: 151.48/65.71 | Iter-3: 158.61/69.43 | Iter-4: 151.42/67.28 | 
Iter-0: 150.96/66.62 | Iter-1: 157.26/73.08 | Iter-2: 150.54/65.22 | Iter-3: 171.53/68.98 | Iter-4: 194.57/88.74 | 
Iter-0: 158.4/62.63 | Iter-1: 190.93/85.71 | Iter-2: 164.82/69.83 | Iter-3: 169.73/73.99 | Iter-4: 158.46/70.78 | 
Iter-0: 174.72/58.92 | Iter-1: 179.9/84.62 | Iter-2: 183.57/77.27 | Iter-3: 169.61/85.69 | Iter-4: 148.73/65.15 | 
Iter-0: 172.97/80.64 | Iter-1: 196.59/92.86 | Iter-2: 168.11/83.7 | Iter-3: 161.45/66.28 | Iter-4: 111.31/56.23 | 
Iter-0: 183.02/81.38 | Iter-1: 188.3/86.84 | Iter-2: 185.86/86.89 | Iter-3: 169.39/73.71 | Iter-4: 150.74/70.51 | 
Iter-0: 185.13/76.55 | Iter-1: 182.48/82.34 | Iter-2: 194.21/75.32 | Iter-3: 188.55/76.79 | Iter-4: 126.39/76.61 | 
Iter-0: 166.18/80.67 | Iter-1: 192.04/95.67 | Iter-2: 202.84/85.41 | Iter-3: 185.52/94.04 | Iter-4: 101.62/54.07 | 
Iter-0: 206.45/93.28 | Iter-1: 185.73/82.09 | Iter-2: 160.89/74.46 | Iter-3: 220.41/102.49 | Iter-4: 113.32/66.0 | 
2 Creating 10 consumers
Iter-0: 88.9/40.02 | Iter-1: 88.97/40.88 | Iter-2: 85.22/32.28 | Iter-3: 87.04/32.95 | Iter-4: 89.49/35.9 | 
Iter-0: 148.04/66.15 | Iter-1: 156.96/73.56 | Iter-2: 146.54/64.39 | Iter-3: 144.24/62.0 | Iter-4: 144.27/62.19 | 
Iter-0: 150.94/68.18 | Iter-1: 158.19/73.64 | Iter-2: 147.94/64.73 | Iter-3: 145.44/62.24 | Iter-4: 145.47/62.48 | 
Iter-0: 159.72/53.18 | Iter-1: 193.06/81.73 | Iter-2: 166.63/67.86 | Iter-3: 166.7/70.74 | Iter-4: 161.51/76.61 | 
Iter-0: 185.76/61.72 | Iter-1: 177.16/84.83 | Iter-2: 178.93/82.24 | Iter-3: 198.04/74.09 | Iter-4: 123.76/64.5 | 
Iter-0: 174.77/79.06 | Iter-1: 185.78/86.2 | Iter-2: 167.54/72.5 | Iter-3: 207.3/87.15 | Iter-4: 134.54/64.48 | 
Iter-0: 180.09/83.4 | Iter-1: 200.98/78.43 | Iter-2: 197.94/79.02 | Iter-3: 155.93/65.34 | Iter-4: 103.22/49.57 | 
Iter-0: 181.51/69.12 | Iter-1: 199.45/99.19 | Iter-2: 161.41/67.2 | Iter-3: 161.43/65.76 | Iter-4: 132.84/56.87 | 
Iter-0: 170.39/75.35 | Iter-1: 206.94/97.84 | Iter-2: 204.73/77.9 | Iter-3: 200.59/92.99 | Iter-4: 108.66/61.02 | 
Iter-0: 186.59/91.53 | Iter-1: 190.64/81.17 | Iter-2: 170.99/78.91 | Iter-3: 163.61/65.77 | Iter-4: 121.62/61.51 | 
3 Creating 10 consumers
Iter-0: 87.17/35.6 | Iter-1: 92.5/38.9 | Iter-2: 90.06/42.17 | Iter-3: 83.59/30.68 | Iter-4: 94.93/32.38 | 
Iter-0: 151.45/67.12 | Iter-1: 158.67/74.38 | Iter-2: 154.29/64.84 | Iter-3: 147.02/62.85 | Iter-4: 146.98/63.04 | 
Iter-0: 149.46/65.75 | Iter-1: 157.71/73.99 | Iter-2: 150.26/64.77 | Iter-3: 188.96/76.07 | Iter-4: 181.56/72.7 | 
Iter-0: 185.11/81.74 | Iter-1: 197.21/79.26 | Iter-2: 170.31/73.89 | Iter-3: 144.87/61.16 | Iter-4: 144.5/61.28 | 
Iter-0: 172.3/68.88 | Iter-1: 168.27/80.35 | Iter-2: 185.37/71.01 | Iter-3: 187.88/71.32 | Iter-4: 154.52/64.72 | 
Iter-0: 168.27/71.03 | Iter-1: 213.71/111.88 | Iter-2: 170.32/73.54 | Iter-3: 161.55/65.97 | Iter-4: 132.68/65.92 | 
Iter-0: 191.56/82.59 | Iter-1: 198.72/97.77 | Iter-2: 165.7/68.74 | Iter-3: 161.67/65.72 | Iter-4: 125.95/65.73 | 
Iter-0: 194.01/80.71 | Iter-1: 171.89/79.96 | Iter-2: 175.68/75.02 | Iter-3: 178.46/68.42 | Iter-4: 156.24/86.46 | 
Iter-0: 176.34/82.54 | Iter-1: 193.92/98.14 | Iter-2: 172.37/79.12 | Iter-3: 171.34/79.5 | Iter-4: 141.5/80.64 | 
Iter-0: 181.69/86.63 | Iter-1: 172.05/68.08 | Iter-2: 205.17/77.43 | Iter-3: 191.32/94.28 | Iter-4: 106.89/59.14 | 
4 Creating 10 consumers
Iter-0: 90.66/38.5 | Iter-1: 86.56/39.7 | Iter-2: 89.92/34.81 | Iter-3: 87.69/34.73 | Iter-4: 83.53/33.89 | 
Iter-0: 153.03/67.65 | Iter-1: 157.46/73.59 | Iter-2: 148.5/64.37 | Iter-3: 162.72/62.19 | Iter-4: 148.28/62.19 | 
Iter-0: 137.14/52.89 | Iter-1: 155.23/72.54 | Iter-2: 146.88/63.82 | Iter-3: 145.09/61.66 | Iter-4: 195.17/79.19 | 
Iter-0: 168.26/63.54 | Iter-1: 194.76/93.29 | Iter-2: 190.17/81.17 | Iter-3: 162.12/65.9 | Iter-4: 122.84/63.63 | 
Iter-0: 177.28/78.65 | Iter-1: 199.91/91.82 | Iter-2: 171.04/67.05 | Iter-3: 159.41/63.94 | Iter-4: 89.97/41.05 | 
Iter-0: 171.66/68.71 | Iter-1: 167.98/78.76 | Iter-2: 182.53/76.93 | Iter-3: 172.98/89.13 | Iter-4: 145.28/61.82 | 
Iter-0: 196.45/91.78 | Iter-1: 172.16/80.28 | Iter-2: 164.04/67.85 | Iter-3: 194.85/70.74 | Iter-4: 122.32/65.3 | 
Iter-0: 202.43/85.72 | Iter-1: 194.72/84.93 | Iter-2: 177.44/81.33 | Iter-3: 161.97/65.96 | Iter-4: 124.6/74.35 | 
Iter-0: 177.95/72.55 | Iter-1: 207.38/106.4 | Iter-2: 194.78/91.48 | Iter-3: 170.64/76.97 | Iter-4: 110.04/61.05 | 
Iter-0: 178.67/78.23 | Iter-1: 208.22/94.37 | Iter-2: 179.47/69.98 | Iter-3: 196.28/84.07 | Iter-4: 110.66/61.8 | 
prob_mse: 0.415116299007, running time: 4090.37819791
5.0 ~~~~~~~~~~~~~~~~~~~~~~~~~~~~~~~~~~~~~~~~~~~~~~~~~~~~~~~~~~~~~~~`
dataset: enron method: CSL-Plus, #attack_edge:10000,T:10,test_ratio: 0.3,gamma:0.09
/network/rit/lab/ceashpc/adil/data/adv_csl/Jan2/random_pgd/enron/enron-attackedges-10000-T-10-testratio-0.3-swap_ratio-0.01-gamma-0.09-realization-0-data-X.pkl
#Rule:743244 Nodes:67392 Edges:743244
0 Creating 10 consumers










1 Creating 10 consumers
Iter-0: 98.94/40.16 | Iter-1: 99.4/38.28 | Iter-2: 94.55/40.67 | Iter-3: 88.23/39.2 | Iter-4: 82.98/33.72 | 
Iter-0: 148.22/65.39 | Iter-1: 155.73/72.94 | Iter-2: 149.42/65.02 | Iter-3: 152.77/69.49 | Iter-4: 150.19/66.63 | 
Iter-0: 151.73/67.9 | Iter-1: 158.81/74.77 | Iter-2: 151.69/65.86 | Iter-3: 154.06/69.88 | Iter-4: 151.22/67.03 | 
Iter-0: 151.23/56.99 | Iter-1: 190.69/97.24 | Iter-2: 183.42/77.22 | Iter-3: 169.19/73.13 | Iter-4: 159.99/76.12 | 
Iter-0: 143.25/51.34 | Iter-1: 192.19/89.71 | Iter-2: 188.77/73.66 | Iter-3: 216.5/106.43 | Iter-4: 124.25/62.06 | 
Iter-0: 166.27/77.43 | Iter-1: 192.29/92.55 | Iter-2: 167.03/68.11 | Iter-3: 159.57/73.92 | Iter-4: 134.07/64.9 | 
Iter-0: 187.0/78.01 | Iter-1: 202.17/89.81 | Iter-2: 168.04/71.61 | Iter-3: 178.51/86.34 | Iter-4: 115.76/61.29 | 
Iter-0: 180.45/91.97 | Iter-1: 198.26/97.38 | Iter-2: 177.58/74.05 | Iter-3: 163.89/81.61 | Iter-4: 144.9/68.28 | 
Iter-0: 167.57/78.88 | Iter-1: 189.12/93.05 | Iter-2: 199.73/73.81 | Iter-3: 159.15/75.94 | Iter-4: 138.78/67.22 | 
Iter-0: 197.04/84.12 | Iter-1: 203.91/85.14 | Iter-2: 204.62/97.88 | Iter-3: 173.48/89.81 | Iter-4: 87.48/39.97 | 
2 Creating 10 consumers
Iter-0: 88.87/37.76 | Iter-1: 96.33/45.22 | Iter-2: 91.22/38.93 | Iter-3: 85.3/36.19 | Iter-4: 90.19/32.4 | 
Iter-0: 150.27/66.46 | Iter-1: 156.06/73.66 | Iter-2: 146.43/63.87 | Iter-3: 144.58/62.01 | Iter-4: 145.76/61.75 | 
Iter-0: 151.14/67.09 | Iter-1: 156.66/73.9 | Iter-2: 147.14/64.16 | Iter-3: 145.13/62.04 | Iter-4: 145.84/61.57 | 
Iter-0: 168.78/55.39 | Iter-1: 189.29/82.41 | Iter-2: 184.4/76.04 | Iter-3: 152.87/65.24 | Iter-4: 139.65/64.07 | 
Iter-0: 166.06/52.78 | Iter-1: 199.76/86.24 | Iter-2: 170.76/76.34 | Iter-3: 157.89/65.13 | Iter-4: 161.86/74.54 | 
Iter-0: 185.14/77.82 | Iter-1: 178.51/81.21 | Iter-2: 181.32/66.96 | Iter-3: 175.64/91.73 | Iter-4: 99.59/46.07 | 
Iter-0: 173.5/80.26 | Iter-1: 214.08/104.49 | Iter-2: 180.93/83.98 | Iter-3: 207.56/80.56 | Iter-4: 106.73/54.67 | 
Iter-0: 183.27/76.85 | Iter-1: 190.77/79.77 | Iter-2: 168.83/73.19 | Iter-3: 159.32/66.27 | Iter-4: 147.2/64.53 | 
Iter-0: 189.14/85.19 | Iter-1: 201.04/99.72 | Iter-2: 200.44/81.16 | Iter-3: 162.1/64.29 | Iter-4: 105.27/56.4 | 
Iter-0: 190.83/83.15 | Iter-1: 183.49/76.35 | Iter-2: 205.55/97.52 | Iter-3: 173.03/76.0 | Iter-4: 113.06/61.61 | 
3 Creating 10 consumers
Iter-0: 89.15/34.21 | Iter-1: 91.88/39.09 | Iter-2: 82.8/33.75 | Iter-3: 89.21/40.81 | Iter-4: 85.13/37.3 | 
Iter-0: 149.86/65.39 | Iter-1: 158.07/73.76 | Iter-2: 150.13/64.08 | Iter-3: 144.27/61.88 | Iter-4: 143.59/61.18 | 
Iter-0: 134.99/48.05 | Iter-1: 157.29/73.21 | Iter-2: 149.17/63.76 | Iter-3: 174.49/61.85 | Iter-4: 206.94/95.29 | 
Iter-0: 153.52/59.89 | Iter-1: 192.08/77.47 | Iter-2: 170.12/68.49 | Iter-3: 161.66/65.53 | Iter-4: 147.56/51.24 | 
Iter-0: 180.98/72.22 | Iter-1: 185.19/79.53 | Iter-2: 180.83/81.57 | Iter-3: 153.58/65.63 | Iter-4: 142.3/54.97 | 
Iter-0: 169.25/69.75 | Iter-1: 180.98/82.88 | Iter-2: 166.23/67.7 | Iter-3: 148.67/65.67 | Iter-4: 126.39/63.61 | 
Iter-0: 181.22/79.83 | Iter-1: 182.59/86.96 | Iter-2: 176.32/70.92 | Iter-3: 197.39/90.95 | Iter-4: 106.95/59.18 | 
Iter-0: 207.96/89.49 | Iter-1: 204.25/92.68 | Iter-2: 159.31/75.46 | Iter-3: 143.24/60.99 | Iter-4: 118.51/62.51 | 
Iter-0: 195.48/85.39 | Iter-1: 171.7/74.33 | Iter-2: 181.3/79.94 | Iter-3: 174.49/60.94 | Iter-4: 108.68/59.42 | 
Iter-0: 186.28/74.96 | Iter-1: 220.94/101.18 | Iter-2: 214.4/86.92 | Iter-3: 189.31/93.13 | Iter-4: 86.31/38.61 | 
4 Creating 10 consumers
Iter-0: 86.11/37.56 | Iter-1: 93.57/41.64 | Iter-2: 85.63/36.96 | Iter-3: 90.2/36.09 | Iter-4: 87.06/33.27 | 
Iter-0: 148.8/66.09 | Iter-1: 157.07/74.46 | Iter-2: 149.14/64.9 | Iter-3: 145.01/62.29 | Iter-4: 145.09/62.39 | 
Iter-0: 150.16/66.9 | Iter-1: 157.38/74.23 | Iter-2: 149.41/64.3 | Iter-3: 145.0/61.73 | Iter-4: 145.18/61.93 | 
Iter-0: 163.93/65.25 | Iter-1: 206.68/89.0 | Iter-2: 168.43/72.48 | Iter-3: 161.32/65.15 | Iter-4: 145.32/64.93 | 
Iter-0: 165.03/67.48 | Iter-1: 173.33/80.16 | Iter-2: 161.51/61.64 | Iter-3: 170.16/66.09 | Iter-4: 187.52/90.75 | 
Iter-0: 177.11/62.04 | Iter-1: 188.99/74.42 | Iter-2: 171.67/73.19 | Iter-3: 160.44/65.23 | Iter-4: 155.84/65.07 | 
Iter-0: 187.01/82.27 | Iter-1: 214.91/101.42 | Iter-2: 171.96/75.51 | Iter-3: 155.92/63.12 | Iter-4: 105.26/55.78 | 
Iter-0: 192.89/75.34 | Iter-1: 173.46/78.52 | Iter-2: 207.63/80.27 | Iter-3: 195.22/95.12 | Iter-4: 103.66/54.65 | 
Iter-0: 184.0/86.2 | Iter-1: 173.25/81.76 | Iter-2: 208.16/81.09 | Iter-3: 170.39/71.17 | Iter-4: 121.78/67.4 | 
Iter-0: 195.18/75.23 | Iter-1: 204.92/94.81 | Iter-2: 204.29/77.12 | Iter-3: 198.26/92.88 | Iter-4: 93.3/45.45 | 
prob_mse: 0.414667039272, running time: 4125.55351782
6.0 ~~~~~~~~~~~~~~~~~~~~~~~~~~~~~~~~~~~~~~~~~~~~~~~~~~~~~~~~~~~~~~~`
dataset: enron method: CSL-Plus, #attack_edge:10000,T:10,test_ratio: 0.3,gamma:0.2
/network/rit/lab/ceashpc/adil/data/adv_csl/Jan2/random_pgd/enron/enron-attackedges-10000-T-10-testratio-0.3-swap_ratio-0.01-gamma-0.2-realization-0-data-X.pkl
#Rule:743244 Nodes:67392 Edges:743244
0 Creating 10 consumers










1 Creating 10 consumers
Iter-0: 89.1/34.77 | Iter-1: 92.47/42.85 | Iter-2: 109.16/39.9 | Iter-3: 85.97/37.81 | Iter-4: 86.54/34.97 | 
Iter-0: 138.56/54.96 | Iter-1: 156.43/72.8 | Iter-2: 151.26/66.09 | Iter-3: 152.45/68.38 | Iter-4: 150.89/66.88 | 
Iter-0: 151.24/67.02 | Iter-1: 156.89/72.91 | Iter-2: 152.97/67.14 | Iter-3: 152.73/68.51 | Iter-4: 149.47/67.12 | 
Iter-0: 173.38/69.98 | Iter-1: 188.81/83.97 | Iter-2: 190.08/88.65 | Iter-3: 167.77/72.12 | Iter-4: 141.38/70.47 | 
Iter-0: 170.25/71.35 | Iter-1: 169.87/78.22 | Iter-2: 169.82/70.9 | Iter-3: 205.12/105.6 | Iter-4: 115.25/48.8 | 
Iter-0: 181.41/68.57 | Iter-1: 206.91/93.81 | Iter-2: 181.88/81.29 | Iter-3: 169.32/73.22 | Iter-4: 145.83/71.76 | 
Iter-0: 173.22/70.39 | Iter-1: 186.94/80.96 | Iter-2: 175.26/78.44 | Iter-3: 180.32/72.88 | Iter-4: 134.04/69.11 | 
Iter-0: 168.04/71.48 | Iter-1: 206.02/96.35 | Iter-2: 199.9/84.41 | Iter-3: 205.96/103.97 | Iter-4: 116.73/64.84 | 
Iter-0: 192.31/80.25 | Iter-1: 199.08/92.38 | Iter-2: 190.02/85.11 | Iter-3: 167.65/72.27 | Iter-4: 129.76/67.2 | 
Iter-0: 178.0/79.88 | Iter-1: 174.04/78.21 | Iter-2: 209.31/78.9 | Iter-3: 193.47/102.72 | Iter-4: 109.31/61.65 | 
2 Creating 10 consumers
Iter-0: 88.88/37.79 | Iter-1: 92.15/43.37 | Iter-2: 84.07/36.08 | Iter-3: 78.22/31.54 | Iter-4: 88.03/33.07 | 
Iter-0: 142.41/56.54 | Iter-1: 162.88/78.3 | Iter-2: 152.34/66.08 | Iter-3: 147.84/63.17 | Iter-4: 146.28/61.75 | 
Iter-0: 156.33/71.77 | Iter-1: 163.17/78.81 | Iter-2: 152.67/66.53 | Iter-3: 147.56/63.12 | Iter-4: 144.53/61.94 | 
Iter-0: 177.84/71.93 | Iter-1: 189.94/94.26 | Iter-2: 165.19/70.48 | Iter-3: 143.2/56.98 | Iter-4: 159.01/80.85 | 
Iter-0: 159.39/60.3 | Iter-1: 200.52/90.32 | Iter-2: 184.41/84.45 | Iter-3: 153.38/60.19 | Iter-4: 156.06/65.17 | 
Iter-0: 174.02/72.62 | Iter-1: 181.92/86.58 | Iter-2: 178.08/79.74 | Iter-3: 183.38/82.57 | Iter-4: 131.79/65.81 | 
Iter-0: 165.16/67.74 | Iter-1: 206.86/97.28 | Iter-2: 205.4/76.61 | Iter-3: 202.78/93.27 | Iter-4: 100.26/49.14 | 
Iter-0: 209.11/93.24 | Iter-1: 198.22/94.43 | Iter-2: 200.45/85.35 | Iter-3: 156.65/66.74 | Iter-4: 93.88/46.25 | 
Iter-0: 192.56/88.19 | Iter-1: 201.31/101.7 | Iter-2: 163.96/72.83 | Iter-3: 169.64/81.42 | Iter-4: 123.56/58.66 | 
Iter-0: 193.6/93.54 | Iter-1: 203.33/95.35 | Iter-2: 210.25/100.35 | Iter-3: 162.6/74.02 | Iter-4: 108.74/59.75 | 
3 Creating 10 consumers
Iter-0: 85.96/38.78 | Iter-1: 91.53/43.63 | Iter-2: 90.77/33.31 | Iter-3: 82.64/34.18 | Iter-4: 80.93/31.05 | 
Iter-0: 150.98/68.42 | Iter-1: 162.82/78.7 | Iter-2: 149.18/66.44 | Iter-3: 145.92/63.11 | Iter-4: 144.29/61.64 | 
Iter-0: 150.38/67.3 | Iter-1: 163.29/78.57 | Iter-2: 149.31/66.01 | Iter-3: 145.9/62.62 | Iter-4: 144.35/61.19 | 
Iter-0: 186.97/79.33 | Iter-1: 179.65/88.03 | Iter-2: 168.67/68.23 | Iter-3: 183.0/73.13 | Iter-4: 129.89/55.6 | 
Iter-0: 174.25/71.55 | Iter-1: 207.41/100.95 | Iter-2: 168.0/72.05 | Iter-3: 162.36/66.51 | Iter-4: 144.4/61.93 | 
Iter-0: 192.04/68.26 | Iter-1: 207.38/98.51 | Iter-2: 168.29/72.68 | Iter-3: 164.64/66.45 | Iter-4: 110.9/54.11 | 
Iter-0: 182.94/73.86 | Iter-1: 177.95/83.58 | Iter-2: 192.97/74.33 | Iter-3: 205.09/95.31 | Iter-4: 137.87/60.79 | 
Iter-0: 189.37/79.18 | Iter-1: 202.36/91.54 | Iter-2: 169.92/73.61 | Iter-3: 165.95/66.73 | Iter-4: 139.07/62.88 | 
Iter-0: 177.53/86.93 | Iter-1: 214.27/99.98 | Iter-2: 193.9/90.65 | Iter-3: 154.81/78.22 | Iter-4: 97.47/49.44 | 
Iter-0: 162.18/71.15 | Iter-1: 201.13/106.19 | Iter-2: 229.1/100.02 | Iter-3: 178.84/91.36 | Iter-4: 109.4/61.91 | 
4 Creating 10 consumers
Iter-0: 108.2/48.06 | Iter-1: 87.25/40.31 | Iter-2: 88.59/33.95 | Iter-3: 86.67/31.62 | 
Iter-0: 149.81/67.72 | Iter-1: 160.38/78.31 | Iter-2: 149.78/66.17 | Iter-3: 144.4/62.34 | Iter-4: 143.1/61.05 | 
Iter-0: 148.4/66.19 | Iter-1: 160.17/78.15 | Iter-2: 149.73/65.84 | Iter-3: 144.28/62.2 | 
Iter-0: 192.04/88.37 | Iter-1: 176.28/81.08 | Iter-2: 171.19/72.46 | Iter-3: 161.15/65.26 | Iter-4: 131.66/63.87 | 
Iter-0: 183.04/66.66 | Iter-1: 193.07/84.37 | Iter-2: 186.27/88.07 | Iter-3: 162.31/66.24 | Iter-4: 130.89/63.11 | 
Iter-0: 170.8/64.85 | Iter-1: 203.53/96.67 | Iter-2: 207.75/91.9 | Iter-3: 160.24/64.46 | Iter-4: 131.15/60.76 | 
Iter-0: 167.66/72.16 | Iter-1: 196.71/91.15 | Iter-2: 188.0/78.34 | Iter-3: 186.89/90.96 | 
Iter-0: 178.89/67.12 | Iter-1: 213.71/111.06 | Iter-2: 174.07/70.69 | Iter-3: 218.11/94.85 | 
Iter-0: 165.27/71.46 | Iter-1: 182.24/85.48 | Iter-2: 169.84/76.65 | Iter-3: 194.67/70.07 | 
Iter-0: 170.94/59.73 | Iter-1: 200.49/101.16 | Iter-2: 200.0/78.98 | Iter-3: 196.73/97.26 | 
prob_mse: 0.410125267913, running time: 4129.65227103
7.0 ~~~~~~~~~~~~~~~~~~~~~~~~~~~~~~~~~~~~~~~~~~~~~~~~~~~~~~~~~~~~~~~`
dataset: enron method: CSL-Plus, #attack_edge:10000,T:10,test_ratio: 0.3,gamma:0.3
/network/rit/lab/ceashpc/adil/data/adv_csl/Jan2/random_pgd/enron/enron-attackedges-10000-T-10-testratio-0.3-swap_ratio-0.01-gamma-0.3-realization-0-data-X.pkl
#Rule:743244 Nodes:67392 Edges:743244
0 Creating 10 consumers










1 Creating 10 consumers
Iter-0: 86.36/36.12 | Iter-1: 98.17/41.59 | Iter-2: 84.7/35.15 | Iter-3: 89.48/33.06 | Iter-4: 89.86/37.96 | 
Iter-0: 149.28/66.71 | Iter-1: 155.72/73.29 | Iter-2: 149.25/65.15 | Iter-3: 150.13/67.12 | Iter-4: 150.92/67.82 | 
Iter-0: 151.87/67.99 | Iter-1: 156.59/72.77 | Iter-2: 152.75/66.92 | Iter-3: 151.99/67.78 | Iter-4: 152.38/68.39 | 
Iter-0: 180.5/72.72 | Iter-1: 186.13/94.04 | Iter-2: 175.08/73.78 | Iter-3: 160.83/80.09 | Iter-4: 157.71/72.04 | 
Iter-0: 187.12/83.36 | Iter-1: 179.21/79.16 | Iter-2: 176.03/77.21 | Iter-3: 180.2/80.08 | Iter-4: 134.11/57.95 | 
Iter-0: 179.74/79.94 | Iter-1: 188.99/81.44 | Iter-2: 204.45/80.56 | Iter-3: 158.95/62.5 | Iter-4: 128.16/71.12 | 
Iter-0: 194.06/71.82 | Iter-1: 198.42/101.38 | Iter-2: 164.32/69.16 | Iter-3: 187.82/92.04 | Iter-4: 109.19/42.35 | 
Iter-0: 182.81/78.06 | Iter-1: 185.11/79.74 | Iter-2: 207.4/80.6 | Iter-3: 170.82/68.69 | Iter-4: 149.79/67.73 | 
Iter-0: 184.85/81.85 | Iter-1: 191.49/96.26 | Iter-2: 192.95/70.06 | Iter-3: 199.61/103.88 | Iter-4: 144.72/68.05 | 
Iter-0: 172.31/77.36 | Iter-1: 197.22/86.63 | Iter-2: 173.62/74.92 | Iter-3: 185.08/86.57 | Iter-4: 122.04/68.71 | 
2 Creating 10 consumers
Iter-0: 101.19/52.8 | Iter-1: 107.72/51.58 | Iter-2: 84.53/37.95 | Iter-3: 83.01/31.49 | Iter-4: 87.49/39.36 | 
Iter-0: 149.47/66.98 | Iter-1: 166.56/82.58 | Iter-2: 149.84/67.29 | Iter-3: 145.2/62.54 | Iter-4: 142.94/60.34 | 
Iter-0: 168.55/73.74 | Iter-1: 172.39/87.65 | Iter-2: 149.67/66.64 | Iter-3: 145.32/62.28 | Iter-4: 145.9/59.93 | 
Iter-0: 157.81/68.34 | Iter-1: 190.43/91.63 | Iter-2: 163.67/68.48 | Iter-3: 160.64/64.5 | Iter-4: 132.71/63.37 | 
Iter-0: 177.63/69.89 | Iter-1: 206.43/93.41 | Iter-2: 169.65/81.74 | Iter-3: 210.23/82.62 | Iter-4: 106.49/58.95 | 
Iter-0: 176.94/82.59 | Iter-1: 202.85/99.84 | Iter-2: 190.07/82.34 | Iter-3: 185.44/90.86 | Iter-4: 87.9/39.73 | 
Iter-0: 155.25/71.93 | Iter-1: 192.07/93.86 | Iter-2: 183.43/83.99 | Iter-3: 188.63/88.89 | Iter-4: 137.38/69.18 | 
Iter-0: 189.1/81.89 | Iter-1: 186.21/90.83 | Iter-2: 195.45/87.09 | Iter-3: 182.17/80.99 | Iter-4: 119.76/61.42 | 
Iter-0: 178.53/70.86 | Iter-1: 217.56/109.61 | Iter-2: 168.21/73.2 | Iter-3: 150.48/67.29 | Iter-4: 125.65/61.53 | 
Iter-0: 193.7/79.5 | Iter-1: 203.62/106.82 | Iter-2: 177.83/84.95 | Iter-3: 165.3/85.85 | Iter-4: 120.23/60.91 | 
3 Creating 10 consumers
Iter-0: 103.99/41.55 | Iter-1: 97.68/47.05 | Iter-2: 87.23/39.39 | Iter-3: 86.46/33.62 | Iter-4: 82.7/33.65 | 
Iter-0: 137.03/54.7 | Iter-1: 164.16/81.95 | Iter-2: 150.21/66.47 | Iter-3: 144.94/62.18 | Iter-4: 142.31/59.97 | 
Iter-0: 142.56/59.67 | Iter-1: 164.09/81.45 | Iter-2: 150.43/65.93 | Iter-3: 144.86/61.63 | Iter-4: 142.34/59.47 | 
Iter-0: 168.56/72.79 | Iter-1: 215.13/99.14 | Iter-2: 172.72/74.13 | Iter-3: 162.12/66.03 | Iter-4: 81.17/33.49 | 
Iter-0: 170.92/65.99 | Iter-1: 180.81/87.95 | Iter-2: 193.99/92.42 | Iter-3: 189.08/65.96 | Iter-4: 87.0/39.41 | 
Iter-0: 167.92/67.24 | Iter-1: 196.15/94.25 | Iter-2: 172.55/72.79 | Iter-3: 160.16/66.71 | Iter-4: 113.46/65.28 | 
Iter-0: 163.79/71.69 | Iter-1: 202.68/98.12 | Iter-2: 203.75/78.63 | Iter-3: 176.33/65.9 | Iter-4: 96.62/48.96 | 
Iter-0: 209.9/88.78 | Iter-1: 183.3/85.74 | Iter-2: 170.52/72.31 | Iter-3: 156.93/66.46 | Iter-4: 126.03/61.49 | 
Iter-0: 197.01/92.35 | Iter-1: 206.96/103.11 | Iter-2: 205.59/77.64 | Iter-3: 197.57/93.59 | Iter-4: 79.27/31.63 | 
Iter-0: 209.75/83.47 | Iter-1: 187.68/85.8 | Iter-2: 228.6/99.38 | Iter-3: 170.96/86.58 | Iter-4: 101.13/52.93 | 
4 Creating 10 consumers
Iter-0: 82.56/33.98 | Iter-1: 103.4/51.63 | Iter-2: 81.19/33.67 | 
Iter-0: 150.43/67.38 | Iter-1: 166.53/81.69 | Iter-2: 150.41/67.16 | 
Iter-0: 161.87/67.97 | Iter-1: 184.6/86.37 | Iter-2: 162.64/69.51 | 
Iter-0: 171.4/71.94 | Iter-1: 197.18/95.77 | Iter-2: 168.47/72.16 | 
Iter-0: 185.13/70.99 | Iter-1: 189.31/94.99 | Iter-2: 203.88/78.48 | 
Iter-0: 148.22/65.86 | Iter-1: 166.01/82.23 | Iter-2: 149.39/66.74 | Iter-3: 145.15/62.47 | Iter-4: 145.02/61.25 | 
Iter-0: 221.86/94.68 | Iter-1: 203.89/91.7 | Iter-2: 157.59/71.34 | 
Iter-0: 171.68/90.41 | Iter-1: 183.25/88.52 | Iter-2: 196.61/98.48 | 
Iter-0: 182.72/78.65 | Iter-1: 215.94/104.95 | Iter-2: 214.04/92.92 | 
Iter-0: 162.86/54.65 | Iter-1: 205.17/104.87 | Iter-2: 180.9/88.02 | Iter-3: 165.75/90.47 | Iter-4: 85.54/38.1 | 
prob_mse: 0.406741507568, running time: 3974.08006597
8.0 ~~~~~~~~~~~~~~~~~~~~~~~~~~~~~~~~~~~~~~~~~~~~~~~~~~~~~~~~~~~~~~~`
dataset: enron method: CSL-Plus, #attack_edge:10000,T:10,test_ratio: 0.3,gamma:0.4
/network/rit/lab/ceashpc/adil/data/adv_csl/Jan2/random_pgd/enron/enron-attackedges-10000-T-10-testratio-0.3-swap_ratio-0.01-gamma-0.4-realization-0-data-X.pkl
#Rule:743244 Nodes:67392 Edges:743244
0 Creating 10 consumers










1 Creating 10 consumers
Iter-0: 94.16/41.04 | Iter-1: 88.28/41.03 | Iter-2: 87.9/40.1 | Iter-3: 80.62/33.63 | Iter-4: 94.58/34.87 | 
Iter-0: 147.79/65.19 | Iter-1: 155.18/72.77 | Iter-2: 147.62/63.55 | Iter-3: 150.28/67.24 | Iter-4: 149.94/66.95 | 
Iter-0: 152.98/69.26 | Iter-1: 155.69/72.07 | Iter-2: 150.25/64.83 | Iter-3: 151.5/67.74 | Iter-4: 151.1/67.36 | 
Iter-0: 170.92/76.18 | Iter-1: 186.97/84.91 | Iter-2: 183.08/76.36 | Iter-3: 174.34/80.06 | Iter-4: 140.34/69.62 | 
Iter-0: 169.21/62.89 | Iter-1: 185.63/86.62 | Iter-2: 169.97/64.63 | Iter-3: 182.9/64.0 | Iter-4: 168.24/86.06 | 
Iter-0: 187.49/79.36 | Iter-1: 190.25/88.9 | Iter-2: 179.32/64.45 | Iter-3: 177.99/81.92 | Iter-4: 112.89/62.61 | 
Iter-0: 179.6/75.18 | Iter-1: 163.74/76.69 | Iter-2: 168.31/70.98 | Iter-3: 171.33/75.12 | Iter-4: 150.7/71.43 | 
Iter-0: 192.08/86.08 | Iter-1: 187.59/89.04 | Iter-2: 177.61/76.47 | Iter-3: 182.16/74.23 | Iter-4: 105.52/45.38 | 
Iter-0: 167.51/71.53 | Iter-1: 172.22/78.02 | Iter-2: 185.23/85.61 | Iter-3: 185.36/89.62 | Iter-4: 124.75/69.01 | 
Iter-0: 194.64/79.06 | Iter-1: 191.77/95.24 | Iter-2: 197.02/83.41 | Iter-3: 208.4/100.43 | Iter-4: 119.89/71.57 | 
2 Creating 10 consumers
Iter-0: 88.51/36.06 | Iter-1: 92.91/42.42 | Iter-2: 88.69/42.5 | Iter-3: 77.91/32.12 | Iter-4: 75.54/29.67 | 
Iter-0: 198.94/78.52 | Iter-1: 179.04/80.11 | Iter-2: 108.71/61.12 | Iter-3: 78.55/32.11 | Iter-4: 75.46/29.56 | 
Iter-0: 148.33/65.67 | Iter-1: 164.89/80.6 | Iter-2: 150.91/68.07 | Iter-3: 146.92/64.09 | Iter-4: 142.39/59.56 | 
Iter-0: 151.36/67.57 | Iter-1: 165.95/80.37 | Iter-2: 152.34/68.34 | Iter-3: 148.18/64.11 | Iter-4: 142.83/59.53 | 
Iter-0: 169.18/73.68 | Iter-1: 187.96/89.17 | Iter-2: 169.4/73.25 | Iter-3: 163.41/67.82 | Iter-4: 121.87/62.71 | 
Iter-0: 165.91/60.85 | Iter-1: 216.66/87.87 | Iter-2: 183.9/98.55 | Iter-3: 149.18/63.89 | Iter-4: 129.17/59.32 | 
Iter-0: 180.87/76.08 | Iter-1: 190.78/92.32 | Iter-2: 169.6/73.53 | Iter-3: 164.04/68.06 | Iter-4: 122.02/62.9 | 
Iter-0: 184.73/76.47 | Iter-1: 182.85/87.24 | Iter-2: 167.28/72.15 | Iter-3: 163.25/67.67 | Iter-4: 139.66/62.69 | 
Iter-0: 170.77/58.87 | Iter-1: 215.43/90.91 | Iter-2: 195.54/99.58 | Iter-3: 162.9/67.24 | Iter-4: 129.92/62.65 | 
Iter-0: 184.0/76.56 | Iter-1: 243.92/123.77 | Iter-2: 154.74/69.11 | Iter-3: 150.28/64.69 | Iter-4: 89.1/40.95 | 
3 Creating 10 consumers
Iter-0: 78.71/33.32 | Iter-1: 85.65/40.27 | Iter-2: 80.61/33.93 | Iter-3: 76.96/31.55 | Iter-4: 74.79/29.39 | 
Iter-0: 78.81/33.46 | Iter-1: 86.77/40.92 | Iter-2: 82.35/35.66 | Iter-3: 81.62/31.63 | Iter-4: 78.69/29.47 | 
Iter-0: 143.08/46.84 | Iter-1: 140.45/53.98 | Iter-2: 95.79/43.53 | Iter-3: 165.1/72.51 | Iter-4: 155.18/68.26 | 
Iter-0: 135.35/51.52 | Iter-1: 197.45/103.8 | Iter-2: 185.51/89.47 | Iter-3: 144.04/57.45 | Iter-4: 99.27/51.31 | 
Iter-0: 154.82/66.94 | Iter-1: 184.67/99.46 | Iter-2: 164.19/68.92 | Iter-3: 163.29/64.19 | Iter-4: 99.94/52.19 | 
Iter-0: 149.08/66.46 | Iter-1: 163.43/80.68 | Iter-2: 152.27/68.02 | Iter-3: 146.57/63.81 | Iter-4: 134.6/59.51 | 
Iter-0: 154.98/77.77 | Iter-1: 195.48/99.63 | Iter-2: 118.92/39.17 | Iter-3: 154.9/64.85 | Iter-4: 150.24/62.53 | 
Iter-0: 150.54/67.11 | Iter-1: 163.55/80.32 | Iter-2: 152.51/67.43 | Iter-3: 146.94/63.55 | Iter-4: 125.11/59.29 | 
Iter-0: 168.2/72.35 | Iter-1: 162.72/75.24 | Iter-2: 173.55/79.49 | Iter-3: 165.58/69.83 | Iter-4: 124.21/75.72 | 
Iter-0: 165.56/71.98 | Iter-1: 200.76/90.59 | Iter-2: 167.93/72.43 | Iter-3: 167.89/64.34 | Iter-4: 81.19/33.48 | 
4 Creating 10 consumers
Iter-0: 79.14/33.46 | Iter-1: 96.49/46.82 | 
Iter-0: 166.96/72.06 | Iter-1: 110.91/64.17 | 
Iter-0: 149.61/66.7 | Iter-1: 163.1/80.13 | 
Iter-0: 174.82/85.24 | Iter-1: 181.26/84.82 | 
Iter-0: 191.43/69.05 | Iter-1: 190.11/98.92 | 
Iter-0: 165.79/69.86 | Iter-1: 168.13/74.91 | Iter-2: 156.06/68.56 | Iter-3: 122.53/63.8 | Iter-4: 79.6/31.35 | 
Iter-0: 152.9/56.7 | Iter-1: 216.35/116.32 | Iter-2: 153.92/71.71 | Iter-3: 102.59/50.11 | Iter-4: 78.86/31.03 | 
Iter-0: 165.51/69.96 | Iter-1: 176.94/84.2 | Iter-2: 167.49/69.15 | Iter-3: 108.55/56.09 | Iter-4: 78.68/31.1 | 
Iter-0: 148.39/66.29 | Iter-1: 162.44/80.3 | Iter-2: 151.21/67.52 | Iter-3: 147.73/63.28 | Iter-4: 107.88/58.86 | 
Iter-0: 194.36/79.1 | Iter-1: 204.17/109.67 | Iter-2: 160.64/71.93 | Iter-3: 137.49/63.42 | Iter-4: 79.98/31.79 | 
prob_mse: 0.405076532463, running time: 3867.70820308
