

--------------------------------------------------
--------------------------------------------------

-------------------Sat, 20 Jul 2019 08:10:20 AM EDT---------------------

0 ~~~~~~~~~~~~~~~~~~~~~~~~~~~~
method: CSL-Plus, T, 10, real_i: 0, ratio: 0.2, test_ratio: 0.3, swaprate: 0.0,gamma:0.0, graph_size: 5000
/network/rit/lab/ceashpc/adil/data/adv_csl/Jan2//random_pgd/5000/nodes-5000-T-10-rate-0.2-testratio-0.3-swaprate-0.0-gamma-0.0-realization-0-data-X.pkl
#Rules: 10734 Gen rule time:0.0919120311737
0 Creating 10 consumers
1 Creating 10 consumers
2 Creating 10 consumers
prob_mse: 0.183004563492, running time: 183.86954093 gamma:0.0 TR:0.3
1.0 ~~~~~~~~~~~~~~~~~~~~~~~~~~~~
method: CSL-Plus, T, 10, real_i: 0, ratio: 0.2, test_ratio: 0.3, swaprate: 0.0,gamma:0.01, graph_size: 5000
/network/rit/lab/ceashpc/adil/data/adv_csl/Jan2//random_pgd/5000/nodes-5000-T-10-rate-0.2-testratio-0.3-swaprate-0.0-gamma-0.01-realization-0-data-X.pkl
#Rules: 10734 Gen rule time:0.0424740314484
0 Creating 10 consumers
1 Creating 10 consumers
2 Creating 10 consumers
prob_mse: 0.178043353175, running time: 108.771542072 gamma:0.01 TR:0.3
2.0 ~~~~~~~~~~~~~~~~~~~~~~~~~~~~
method: CSL-Plus, T, 10, real_i: 0, ratio: 0.2, test_ratio: 0.3, swaprate: 0.0,gamma:0.03, graph_size: 5000
/network/rit/lab/ceashpc/adil/data/adv_csl/Jan2//random_pgd/5000/nodes-5000-T-10-rate-0.2-testratio-0.3-swaprate-0.0-gamma-0.03-realization-0-data-X.pkl
#Rules: 10734 Gen rule time:0.113769054413
0 Creating 10 consumers
1 Creating 10 consumers
2 Creating 10 consumers
prob_mse: 0.224652480159, running time: 162.434685946 gamma:0.03 TR:0.3
3.0 ~~~~~~~~~~~~~~~~~~~~~~~~~~~~
method: CSL-Plus, T, 10, real_i: 0, ratio: 0.2, test_ratio: 0.3, swaprate: 0.0,gamma:0.05, graph_size: 5000
/network/rit/lab/ceashpc/adil/data/adv_csl/Jan2//random_pgd/5000/nodes-5000-T-10-rate-0.2-testratio-0.3-swaprate-0.0-gamma-0.05-realization-0-data-X.pkl
#Rules: 10734 Gen rule time:0.0504410266876
0 Creating 10 consumers
1 Creating 10 consumers
2 Creating 10 consumers
prob_mse: 0.225892857143, running time: 159.874212027 gamma:0.05 TR:0.3
4.0 ~~~~~~~~~~~~~~~~~~~~~~~~~~~~
method: CSL-Plus, T, 10, real_i: 0, ratio: 0.2, test_ratio: 0.3, swaprate: 0.0,gamma:0.07, graph_size: 5000
/network/rit/lab/ceashpc/adil/data/adv_csl/Jan2//random_pgd/5000/nodes-5000-T-10-rate-0.2-testratio-0.3-swaprate-0.0-gamma-0.07-realization-0-data-X.pkl
#Rules: 10734 Gen rule time:0.0475552082062
0 Creating 10 consumers
1 Creating 10 consumers
2 Creating 10 consumers
prob_mse: 0.224653075397, running time: 166.409446955 gamma:0.07 TR:0.3
5.0 ~~~~~~~~~~~~~~~~~~~~~~~~~~~~
method: CSL-Plus, T, 10, real_i: 0, ratio: 0.2, test_ratio: 0.3, swaprate: 0.0,gamma:0.09, graph_size: 5000
/network/rit/lab/ceashpc/adil/data/adv_csl/Jan2//random_pgd/5000/nodes-5000-T-10-rate-0.2-testratio-0.3-swaprate-0.0-gamma-0.09-realization-0-data-X.pkl
#Rules: 10734 Gen rule time:0.0420188903809
0 Creating 10 consumers
1 Creating 10 consumers
2 Creating 10 consumers
prob_mse: 0.224653373016, running time: 172.735878944 gamma:0.09 TR:0.3
6.0 ~~~~~~~~~~~~~~~~~~~~~~~~~~~~
method: CSL-Plus, T, 10, real_i: 0, ratio: 0.2, test_ratio: 0.3, swaprate: 0.0,gamma:0.2, graph_size: 5000
/network/rit/lab/ceashpc/adil/data/adv_csl/Jan2//random_pgd/5000/nodes-5000-T-10-rate-0.2-testratio-0.3-swaprate-0.0-gamma-0.2-realization-0-data-X.pkl
#Rules: 10734 Gen rule time:0.106579065323
0 Creating 10 consumers
1 Creating 10 consumers
2 Creating 10 consumers
prob_mse: 0.411110416667, running time: 268.246060848 gamma:0.2 TR:0.3
7.0 ~~~~~~~~~~~~~~~~~~~~~~~~~~~~
method: CSL-Plus, T, 10, real_i: 0, ratio: 0.2, test_ratio: 0.3, swaprate: 0.0,gamma:0.3, graph_size: 5000
/network/rit/lab/ceashpc/adil/data/adv_csl/Jan2//random_pgd/5000/nodes-5000-T-10-rate-0.2-testratio-0.3-swaprate-0.0-gamma-0.3-realization-0-data-X.pkl
#Rules: 10734 Gen rule time:0.045469045639
0 Creating 10 consumers
1 Creating 10 consumers
2 Creating 10 consumers
prob_mse: 0.414584126984, running time: 273.16149807 gamma:0.3 TR:0.3
8.0 ~~~~~~~~~~~~~~~~~~~~~~~~~~~~
method: CSL-Plus, T, 10, real_i: 0, ratio: 0.2, test_ratio: 0.3, swaprate: 0.0,gamma:0.4, graph_size: 5000
/network/rit/lab/ceashpc/adil/data/adv_csl/Jan2//random_pgd/5000/nodes-5000-T-10-rate-0.2-testratio-0.3-swaprate-0.0-gamma-0.4-realization-0-data-X.pkl
#Rules: 10734 Gen rule time:0.10643696785
0 Creating 10 consumers
1 Creating 10 consumers
2 Creating 10 consumers
prob_mse: 0.413344642857, running time: 266.609446049 gamma:0.4 TR:0.3
9.0 ~~~~~~~~~~~~~~~~~~~~~~~~~~~~
method: CSL-Plus, T, 10, real_i: 0, ratio: 0.2, test_ratio: 0.1, swaprate: 0.0,gamma:0.0, graph_size: 5000
/network/rit/lab/ceashpc/adil/data/adv_csl/Jan2//random_pgd/5000/nodes-5000-T-10-rate-0.2-testratio-0.1-swaprate-0.0-gamma-0.0-realization-0-data-X.pkl
#Rules: 10734 Gen rule time:0.113390922546
0 Creating 10 consumers
1 Creating 10 consumers
2 Creating 10 consumers
prob_mse: 0.188981777778, running time: 98.6642918587 gamma:0.0 TR:0.1
10.0 ~~~~~~~~~~~~~~~~~~~~~~~~~~~~
method: CSL-Plus, T, 10, real_i: 0, ratio: 0.2, test_ratio: 0.1, swaprate: 0.0,gamma:0.01, graph_size: 5000
/network/rit/lab/ceashpc/adil/data/adv_csl/Jan2//random_pgd/5000/nodes-5000-T-10-rate-0.2-testratio-0.1-swaprate-0.0-gamma-0.01-realization-0-data-X.pkl
#Rules: 10734 Gen rule time:0.117697954178
0 Creating 10 consumers
1 Creating 10 consumers
2 Creating 10 consumers
prob_mse: 0.183053185185, running time: 80.9589531422 gamma:0.01 TR:0.1
11.0 ~~~~~~~~~~~~~~~~~~~~~~~~~~~~
method: CSL-Plus, T, 10, real_i: 0, ratio: 0.2, test_ratio: 0.1, swaprate: 0.0,gamma:0.03, graph_size: 5000
/network/rit/lab/ceashpc/adil/data/adv_csl/Jan2//random_pgd/5000/nodes-5000-T-10-rate-0.2-testratio-0.1-swaprate-0.0-gamma-0.03-realization-0-data-X.pkl
#Rules: 10734 Gen rule time:0.0430908203125
0 Creating 10 consumers
1 Creating 10 consumers
2 Creating 10 consumers
prob_mse: 0.277092592593, running time: 113.793867111 gamma:0.03 TR:0.1
12.0 ~~~~~~~~~~~~~~~~~~~~~~~~~~~~
method: CSL-Plus, T, 10, real_i: 0, ratio: 0.2, test_ratio: 0.1, swaprate: 0.0,gamma:0.05, graph_size: 5000
/network/rit/lab/ceashpc/adil/data/adv_csl/Jan2//random_pgd/5000/nodes-5000-T-10-rate-0.2-testratio-0.1-swaprate-0.0-gamma-0.05-realization-0-data-X.pkl
#Rules: 10734 Gen rule time:0.0457570552826
0 Creating 10 consumers
1 Creating 10 consumers
2 Creating 10 consumers
prob_mse: 0.277092592593, running time: 120.180143118 gamma:0.05 TR:0.1
13.0 ~~~~~~~~~~~~~~~~~~~~~~~~~~~~
method: CSL-Plus, T, 10, real_i: 0, ratio: 0.2, test_ratio: 0.1, swaprate: 0.0,gamma:0.07, graph_size: 5000
/network/rit/lab/ceashpc/adil/data/adv_csl/Jan2//random_pgd/5000/nodes-5000-T-10-rate-0.2-testratio-0.1-swaprate-0.0-gamma-0.07-realization-0-data-X.pkl
#Rules: 10734 Gen rule time:0.0970189571381
0 Creating 10 consumers
1 Creating 10 consumers
2 Creating 10 consumers
prob_mse: 0.277092592593, running time: 119.360337019 gamma:0.07 TR:0.1
14.0 ~~~~~~~~~~~~~~~~~~~~~~~~~~~~
method: CSL-Plus, T, 10, real_i: 0, ratio: 0.2, test_ratio: 0.1, swaprate: 0.0,gamma:0.09, graph_size: 5000
/network/rit/lab/ceashpc/adil/data/adv_csl/Jan2//random_pgd/5000/nodes-5000-T-10-rate-0.2-testratio-0.1-swaprate-0.0-gamma-0.09-realization-0-data-X.pkl
#Rules: 10734 Gen rule time:0.0415830612183
0 Creating 10 consumers
1 Creating 10 consumers
2 Creating 10 consumers
prob_mse: 0.277092592593, running time: 121.734194994 gamma:0.09 TR:0.1
15.0 ~~~~~~~~~~~~~~~~~~~~~~~~~~~~
method: CSL-Plus, T, 10, real_i: 0, ratio: 0.2, test_ratio: 0.1, swaprate: 0.0,gamma:0.2, graph_size: 5000
/network/rit/lab/ceashpc/adil/data/adv_csl/Jan2//random_pgd/5000/nodes-5000-T-10-rate-0.2-testratio-0.1-swaprate-0.0-gamma-0.2-realization-0-data-X.pkl
#Rules: 10734 Gen rule time:0.05193400383
0 Creating 10 consumers
1 Creating 10 consumers
2 Creating 10 consumers
prob_mse: 0.572562814815, running time: 151.505280018 gamma:0.2 TR:0.1
16.0 ~~~~~~~~~~~~~~~~~~~~~~~~~~~~
method: CSL-Plus, T, 10, real_i: 0, ratio: 0.2, test_ratio: 0.1, swaprate: 0.0,gamma:0.3, graph_size: 5000
/network/rit/lab/ceashpc/adil/data/adv_csl/Jan2//random_pgd/5000/nodes-5000-T-10-rate-0.2-testratio-0.1-swaprate-0.0-gamma-0.3-realization-0-data-X.pkl
#Rules: 10734 Gen rule time:0.0468690395355
0 Creating 10 consumers
1 Creating 10 consumers
2 Creating 10 consumers
prob_mse: 0.573304444444, running time: 148.965144873 gamma:0.3 TR:0.1
17.0 ~~~~~~~~~~~~~~~~~~~~~~~~~~~~
method: CSL-Plus, T, 10, real_i: 0, ratio: 0.2, test_ratio: 0.1, swaprate: 0.0,gamma:0.4, graph_size: 5000
/network/rit/lab/ceashpc/adil/data/adv_csl/Jan2//random_pgd/5000/nodes-5000-T-10-rate-0.2-testratio-0.1-swaprate-0.0-gamma-0.4-realization-0-data-X.pkl
#Rules: 10734 Gen rule time:0.118448019028
0 Creating 10 consumers
1 Creating 10 consumers
2 Creating 10 consumers
prob_mse: 0.573304444444, running time: 146.973586082 gamma:0.4 TR:0.1
18.0 ~~~~~~~~~~~~~~~~~~~~~~~~~~~~
method: CSL-Plus, T, 10, real_i: 0, ratio: 0.2, test_ratio: 0.2, swaprate: 0.0,gamma:0.0, graph_size: 5000
/network/rit/lab/ceashpc/adil/data/adv_csl/Jan2//random_pgd/5000/nodes-5000-T-10-rate-0.2-testratio-0.2-swaprate-0.0-gamma-0.0-realization-0-data-X.pkl
#Rules: 10734 Gen rule time:0.100194215775
0 Creating 10 consumers
1 Creating 10 consumers
2 Creating 10 consumers
prob_mse: 0.175297030438, running time: 144.41350913 gamma:0.0 TR:0.2
19.0 ~~~~~~~~~~~~~~~~~~~~~~~~~~~~
method: CSL-Plus, T, 10, real_i: 0, ratio: 0.2, test_ratio: 0.2, swaprate: 0.0,gamma:0.01, graph_size: 5000
/network/rit/lab/ceashpc/adil/data/adv_csl/Jan2//random_pgd/5000/nodes-5000-T-10-rate-0.2-testratio-0.2-swaprate-0.0-gamma-0.01-realization-0-data-X.pkl
#Rules: 10734 Gen rule time:0.0459060668945
0 Creating 10 consumers
1 Creating 10 consumers
2 Creating 10 consumers
prob_mse: 0.173439272457, running time: 90.176156044 gamma:0.01 TR:0.2
20.0 ~~~~~~~~~~~~~~~~~~~~~~~~~~~~
method: CSL-Plus, T, 10, real_i: 0, ratio: 0.2, test_ratio: 0.2, swaprate: 0.0,gamma:0.03, graph_size: 5000
/network/rit/lab/ceashpc/adil/data/adv_csl/Jan2//random_pgd/5000/nodes-5000-T-10-rate-0.2-testratio-0.2-swaprate-0.0-gamma-0.03-realization-0-data-X.pkl
#Rules: 10734 Gen rule time:0.0967440605164
0 Creating 10 consumers
1 Creating 10 consumers
2 Creating 10 consumers
prob_mse: 0.254701633259, running time: 158.73059082 gamma:0.03 TR:0.2
21.0 ~~~~~~~~~~~~~~~~~~~~~~~~~~~~
method: CSL-Plus, T, 10, real_i: 0, ratio: 0.2, test_ratio: 0.2, swaprate: 0.0,gamma:0.05, graph_size: 5000
/network/rit/lab/ceashpc/adil/data/adv_csl/Jan2//random_pgd/5000/nodes-5000-T-10-rate-0.2-testratio-0.2-swaprate-0.0-gamma-0.05-realization-0-data-X.pkl
#Rules: 10734 Gen rule time:0.0459930896759
0 Creating 10 consumers
1 Creating 10 consumers
2 Creating 10 consumers
prob_mse: 0.25284610245, running time: 158.488029003 gamma:0.05 TR:0.2
22.0 ~~~~~~~~~~~~~~~~~~~~~~~~~~~~
method: CSL-Plus, T, 10, real_i: 0, ratio: 0.2, test_ratio: 0.2, swaprate: 0.0,gamma:0.07, graph_size: 5000
/network/rit/lab/ceashpc/adil/data/adv_csl/Jan2//random_pgd/5000/nodes-5000-T-10-rate-0.2-testratio-0.2-swaprate-0.0-gamma-0.07-realization-0-data-X.pkl
#Rules: 10734 Gen rule time:0.0467441082001
0 Creating 10 consumers
1 Creating 10 consumers
2 Creating 10 consumers
prob_mse: 0.25284610245, running time: 170.5067029 gamma:0.07 TR:0.2
23.0 ~~~~~~~~~~~~~~~~~~~~~~~~~~~~
method: CSL-Plus, T, 10, real_i: 0, ratio: 0.2, test_ratio: 0.2, swaprate: 0.0,gamma:0.09, graph_size: 5000
/network/rit/lab/ceashpc/adil/data/adv_csl/Jan2//random_pgd/5000/nodes-5000-T-10-rate-0.2-testratio-0.2-swaprate-0.0-gamma-0.09-realization-0-data-X.pkl
#Rules: 10734 Gen rule time:0.0416159629822
0 Creating 10 consumers
1 Creating 10 consumers
2 Creating 10 consumers
prob_mse: 0.254702078693, running time: 160.581323147 gamma:0.09 TR:0.2
24.0 ~~~~~~~~~~~~~~~~~~~~~~~~~~~~
method: CSL-Plus, T, 10, real_i: 0, ratio: 0.2, test_ratio: 0.2, swaprate: 0.0,gamma:0.2, graph_size: 5000
/network/rit/lab/ceashpc/adil/data/adv_csl/Jan2//random_pgd/5000/nodes-5000-T-10-rate-0.2-testratio-0.2-swaprate-0.0-gamma-0.2-realization-0-data-X.pkl
#Rules: 10734 Gen rule time:0.046942949295
0 Creating 10 consumers
1 Creating 10 consumers
2 Creating 10 consumers
prob_mse: 0.483291982183, running time: 232.070271969 gamma:0.2 TR:0.2
25.0 ~~~~~~~~~~~~~~~~~~~~~~~~~~~~
method: CSL-Plus, T, 10, real_i: 0, ratio: 0.2, test_ratio: 0.2, swaprate: 0.0,gamma:0.3, graph_size: 5000
/network/rit/lab/ceashpc/adil/data/adv_csl/Jan2//random_pgd/5000/nodes-5000-T-10-rate-0.2-testratio-0.2-swaprate-0.0-gamma-0.3-realization-0-data-X.pkl
#Rules: 10734 Gen rule time:0.117637872696
0 Creating 10 consumers
1 Creating 10 consumers
2 Creating 10 consumers
prob_mse: 0.481436451373, running time: 244.43888998 gamma:0.3 TR:0.2
26.0 ~~~~~~~~~~~~~~~~~~~~~~~~~~~~
method: CSL-Plus, T, 10, real_i: 0, ratio: 0.2, test_ratio: 0.2, swaprate: 0.0,gamma:0.4, graph_size: 5000
/network/rit/lab/ceashpc/adil/data/adv_csl/Jan2//random_pgd/5000/nodes-5000-T-10-rate-0.2-testratio-0.2-swaprate-0.0-gamma-0.4-realization-0-data-X.pkl
#Rules: 10734 Gen rule time:0.0470290184021
0 Creating 10 consumers
1 Creating 10 consumers
2 Creating 10 consumers
prob_mse: 0.481437342242, running time: 245.244888067 gamma:0.4 TR:0.2
27.0 ~~~~~~~~~~~~~~~~~~~~~~~~~~~~
method: CSL-Plus, T, 10, real_i: 0, ratio: 0.2, test_ratio: 0.4, swaprate: 0.0,gamma:0.0, graph_size: 5000
/network/rit/lab/ceashpc/adil/data/adv_csl/Jan2//random_pgd/5000/nodes-5000-T-10-rate-0.2-testratio-0.4-swaprate-0.0-gamma-0.0-realization-0-data-X.pkl
#Rules: 10734 Gen rule time:0.0457208156586
0 Creating 10 consumers
1 Creating 10 consumers
2 Creating 10 consumers
prob_mse: 0.193918824405, running time: 198.073373079 gamma:0.0 TR:0.4
28.0 ~~~~~~~~~~~~~~~~~~~~~~~~~~~~
method: CSL-Plus, T, 10, real_i: 0, ratio: 0.2, test_ratio: 0.4, swaprate: 0.0,gamma:0.01, graph_size: 5000
/network/rit/lab/ceashpc/adil/data/adv_csl/Jan2//random_pgd/5000/nodes-5000-T-10-rate-0.2-testratio-0.4-swaprate-0.0-gamma-0.01-realization-0-data-X.pkl
#Rules: 10734 Gen rule time:0.116312980652
0 Creating 10 consumers
1 Creating 10 consumers
2 Creating 10 consumers
prob_mse: 0.19131421131, running time: 128.890716076 gamma:0.01 TR:0.4
29.0 ~~~~~~~~~~~~~~~~~~~~~~~~~~~~
method: CSL-Plus, T, 10, real_i: 0, ratio: 0.2, test_ratio: 0.4, swaprate: 0.0,gamma:0.03, graph_size: 5000
/network/rit/lab/ceashpc/adil/data/adv_csl/Jan2//random_pgd/5000/nodes-5000-T-10-rate-0.2-testratio-0.4-swaprate-0.0-gamma-0.03-realization-0-data-X.pkl
#Rules: 10734 Gen rule time:0.102931976318
0 Creating 10 consumers
1 Creating 10 consumers
2 Creating 10 consumers
prob_mse: 0.235941220238, running time: 197.878206968 gamma:0.03 TR:0.4
30.0 ~~~~~~~~~~~~~~~~~~~~~~~~~~~~
method: CSL-Plus, T, 10, real_i: 0, ratio: 0.2, test_ratio: 0.4, swaprate: 0.0,gamma:0.05, graph_size: 5000
/network/rit/lab/ceashpc/adil/data/adv_csl/Jan2//random_pgd/5000/nodes-5000-T-10-rate-0.2-testratio-0.4-swaprate-0.0-gamma-0.05-realization-0-data-X.pkl
#Rules: 10734 Gen rule time:0.0991339683533
0 Creating 10 consumers
1 Creating 10 consumers
2 Creating 10 consumers
prob_mse: 0.235011383929, running time: 198.652125835 gamma:0.05 TR:0.4
31.0 ~~~~~~~~~~~~~~~~~~~~~~~~~~~~
method: CSL-Plus, T, 10, real_i: 0, ratio: 0.2, test_ratio: 0.4, swaprate: 0.0,gamma:0.07, graph_size: 5000
/network/rit/lab/ceashpc/adil/data/adv_csl/Jan2//random_pgd/5000/nodes-5000-T-10-rate-0.2-testratio-0.4-swaprate-0.0-gamma-0.07-realization-0-data-X.pkl
#Rules: 10734 Gen rule time:0.112243175507
0 Creating 10 consumers
1 Creating 10 consumers
2 Creating 10 consumers
prob_mse: 0.235011383929, running time: 199.670332193 gamma:0.07 TR:0.4
32.0 ~~~~~~~~~~~~~~~~~~~~~~~~~~~~
method: CSL-Plus, T, 10, real_i: 0, ratio: 0.2, test_ratio: 0.4, swaprate: 0.0,gamma:0.09, graph_size: 5000
/network/rit/lab/ceashpc/adil/data/adv_csl/Jan2//random_pgd/5000/nodes-5000-T-10-rate-0.2-testratio-0.4-swaprate-0.0-gamma-0.09-realization-0-data-X.pkl
#Rules: 10734 Gen rule time:0.0429608821869
0 Creating 10 consumers
1 Creating 10 consumers
2 Creating 10 consumers
prob_mse: 0.235011607143, running time: 207.389544964 gamma:0.09 TR:0.4
33.0 ~~~~~~~~~~~~~~~~~~~~~~~~~~~~
method: CSL-Plus, T, 10, real_i: 0, ratio: 0.2, test_ratio: 0.4, swaprate: 0.0,gamma:0.2, graph_size: 5000
/network/rit/lab/ceashpc/adil/data/adv_csl/Jan2//random_pgd/5000/nodes-5000-T-10-rate-0.2-testratio-0.4-swaprate-0.0-gamma-0.2-realization-0-data-X.pkl
#Rules: 10734 Gen rule time:0.0414009094238
0 Creating 10 consumers
1 Creating 10 consumers
2 Creating 10 consumers
prob_mse: 0.357372842262, running time: 319.445798874 gamma:0.2 TR:0.4
34.0 ~~~~~~~~~~~~~~~~~~~~~~~~~~~~
method: CSL-Plus, T, 10, real_i: 0, ratio: 0.2, test_ratio: 0.4, swaprate: 0.0,gamma:0.3, graph_size: 5000
/network/rit/lab/ceashpc/adil/data/adv_csl/Jan2//random_pgd/5000/nodes-5000-T-10-rate-0.2-testratio-0.4-swaprate-0.0-gamma-0.3-realization-0-data-X.pkl
#Rules: 10734 Gen rule time:0.103588104248
0 Creating 10 consumers
1 Creating 10 consumers
2 Creating 10 consumers
prob_mse: 0.356443452381, running time: 342.911898136 gamma:0.3 TR:0.4
35.0 ~~~~~~~~~~~~~~~~~~~~~~~~~~~~
method: CSL-Plus, T, 10, real_i: 0, ratio: 0.2, test_ratio: 0.4, swaprate: 0.0,gamma:0.4, graph_size: 5000
/network/rit/lab/ceashpc/adil/data/adv_csl/Jan2//random_pgd/5000/nodes-5000-T-10-rate-0.2-testratio-0.4-swaprate-0.0-gamma-0.4-realization-0-data-X.pkl
#Rules: 10734 Gen rule time:0.106470108032
0 Creating 10 consumers
1 Creating 10 consumers
2 Creating 10 consumers
prob_mse: 0.354583556548, running time: 335.292488098 gamma:0.4 TR:0.4
36.0 ~~~~~~~~~~~~~~~~~~~~~~~~~~~~
method: CSL-Plus, T, 10, real_i: 0, ratio: 0.2, test_ratio: 0.5, swaprate: 0.0,gamma:0.0, graph_size: 5000
/network/rit/lab/ceashpc/adil/data/adv_csl/Jan2//random_pgd/5000/nodes-5000-T-10-rate-0.2-testratio-0.5-swaprate-0.0-gamma-0.0-realization-0-data-X.pkl
#Rules: 10734 Gen rule time:0.0436949729919
0 Creating 10 consumers
1 Creating 10 consumers
2 Creating 10 consumers
prob_mse: 0.203594880952, running time: 212.185842037 gamma:0.0 TR:0.5
37.0 ~~~~~~~~~~~~~~~~~~~~~~~~~~~~
method: CSL-Plus, T, 10, real_i: 0, ratio: 0.2, test_ratio: 0.5, swaprate: 0.0,gamma:0.01, graph_size: 5000
/network/rit/lab/ceashpc/adil/data/adv_csl/Jan2//random_pgd/5000/nodes-5000-T-10-rate-0.2-testratio-0.5-swaprate-0.0-gamma-0.01-realization-0-data-X.pkl
#Rules: 10734 Gen rule time:0.0419170856476
0 Creating 10 consumers
1 Creating 10 consumers
2 Creating 10 consumers
prob_mse: 0.205826488095, running time: 127.303604841 gamma:0.01 TR:0.5
38.0 ~~~~~~~~~~~~~~~~~~~~~~~~~~~~
method: CSL-Plus, T, 10, real_i: 0, ratio: 0.2, test_ratio: 0.5, swaprate: 0.0,gamma:0.03, graph_size: 5000
/network/rit/lab/ceashpc/adil/data/adv_csl/Jan2//random_pgd/5000/nodes-5000-T-10-rate-0.2-testratio-0.5-swaprate-0.0-gamma-0.03-realization-0-data-X.pkl
#Rules: 10734 Gen rule time:0.0992159843445
0 Creating 10 consumers
1 Creating 10 consumers
2 Creating 10 consumers
prob_mse: 0.229030595238, running time: 185.134516954 gamma:0.03 TR:0.5
39.0 ~~~~~~~~~~~~~~~~~~~~~~~~~~~~
method: CSL-Plus, T, 10, real_i: 0, ratio: 0.2, test_ratio: 0.5, swaprate: 0.0,gamma:0.05, graph_size: 5000
/network/rit/lab/ceashpc/adil/data/adv_csl/Jan2//random_pgd/5000/nodes-5000-T-10-rate-0.2-testratio-0.5-swaprate-0.0-gamma-0.05-realization-0-data-X.pkl
#Rules: 10734 Gen rule time:0.0454580783844
0 Creating 10 consumers
1 Creating 10 consumers
2 Creating 10 consumers
prob_mse: 0.228286547619, running time: 193.735435963 gamma:0.05 TR:0.5
40.0 ~~~~~~~~~~~~~~~~~~~~~~~~~~~~
method: CSL-Plus, T, 10, real_i: 0, ratio: 0.2, test_ratio: 0.5, swaprate: 0.0,gamma:0.07, graph_size: 5000
/network/rit/lab/ceashpc/adil/data/adv_csl/Jan2//random_pgd/5000/nodes-5000-T-10-rate-0.2-testratio-0.5-swaprate-0.0-gamma-0.07-realization-0-data-X.pkl
#Rules: 10734 Gen rule time:0.04372382164
0 Creating 10 consumers
1 Creating 10 consumers
2 Creating 10 consumers
prob_mse: 0.227989285714, running time: 183.619121075 gamma:0.07 TR:0.5
41.0 ~~~~~~~~~~~~~~~~~~~~~~~~~~~~
method: CSL-Plus, T, 10, real_i: 0, ratio: 0.2, test_ratio: 0.5, swaprate: 0.0,gamma:0.09, graph_size: 5000
/network/rit/lab/ceashpc/adil/data/adv_csl/Jan2//random_pgd/5000/nodes-5000-T-10-rate-0.2-testratio-0.5-swaprate-0.0-gamma-0.09-realization-0-data-X.pkl
#Rules: 10734 Gen rule time:0.109588861465
0 Creating 10 consumers
1 Creating 10 consumers
2 Creating 10 consumers
prob_mse: 0.228733154762, running time: 187.298105001 gamma:0.09 TR:0.5
42.0 ~~~~~~~~~~~~~~~~~~~~~~~~~~~~
method: CSL-Plus, T, 10, real_i: 0, ratio: 0.2, test_ratio: 0.5, swaprate: 0.0,gamma:0.2, graph_size: 5000
/network/rit/lab/ceashpc/adil/data/adv_csl/Jan2//random_pgd/5000/nodes-5000-T-10-rate-0.2-testratio-0.5-swaprate-0.0-gamma-0.2-realization-0-data-X.pkl
#Rules: 10734 Gen rule time:0.0416221618652
0 Creating 10 consumers
1 Creating 10 consumers
2 Creating 10 consumers
prob_mse: 0.308916666667, running time: 272.325759172 gamma:0.2 TR:0.5
43.0 ~~~~~~~~~~~~~~~~~~~~~~~~~~~~
method: CSL-Plus, T, 10, real_i: 0, ratio: 0.2, test_ratio: 0.5, swaprate: 0.0,gamma:0.3, graph_size: 5000
/network/rit/lab/ceashpc/adil/data/adv_csl/Jan2//random_pgd/5000/nodes-5000-T-10-rate-0.2-testratio-0.5-swaprate-0.0-gamma-0.3-realization-0-data-X.pkl
#Rules: 10734 Gen rule time:0.100921869278
0 Creating 10 consumers
1 Creating 10 consumers
2 Creating 10 consumers
prob_mse: 0.315017857143, running time: 272.245032072 gamma:0.3 TR:0.5
44.0 ~~~~~~~~~~~~~~~~~~~~~~~~~~~~
method: CSL-Plus, T, 10, real_i: 0, ratio: 0.2, test_ratio: 0.5, swaprate: 0.0,gamma:0.4, graph_size: 5000
/network/rit/lab/ceashpc/adil/data/adv_csl/Jan2//random_pgd/5000/nodes-5000-T-10-rate-0.2-testratio-0.5-swaprate-0.0-gamma-0.4-realization-0-data-X.pkl
#Rules: 10734 Gen rule time:0.0458099842072
0 Creating 10 consumers
1 Creating 10 consumers
2 Creating 10 consumers
prob_mse: 0.316952559524, running time: 266.076852083 gamma:0.4 TR:0.5


T= 10 is done.......................................




N= 5000 is done.........................................


45.0 ~~~~~~~~~~~~~~~~~~~~~~~~~~~~
method: CSL-Plus, T, 10, real_i: 1, ratio: 0.2, test_ratio: 0.3, swaprate: 0.0,gamma:0.0, graph_size: 5000
/network/rit/lab/ceashpc/adil/data/adv_csl/Jan2//random_pgd/5000/nodes-5000-T-10-rate-0.2-testratio-0.3-swaprate-0.0-gamma-0.0-realization-1-data-X.pkl
#Rules: 10734 Gen rule time:0.0446190834045
0 Creating 10 consumers
1 Creating 10 consumers
2 Creating 10 consumers
prob_mse: 0.185861805556, running time: 175.17918992 gamma:0.0 TR:0.3
46.0 ~~~~~~~~~~~~~~~~~~~~~~~~~~~~
method: CSL-Plus, T, 10, real_i: 1, ratio: 0.2, test_ratio: 0.3, swaprate: 0.0,gamma:0.01, graph_size: 5000
/network/rit/lab/ceashpc/adil/data/adv_csl/Jan2//random_pgd/5000/nodes-5000-T-10-rate-0.2-testratio-0.3-swaprate-0.0-gamma-0.01-realization-1-data-X.pkl
#Rules: 10734 Gen rule time:0.0463569164276
0 Creating 10 consumers
1 Creating 10 consumers
2 Creating 10 consumers
prob_mse: 0.186108333333, running time: 87.7264640331 gamma:0.01 TR:0.3
47.0 ~~~~~~~~~~~~~~~~~~~~~~~~~~~~
method: CSL-Plus, T, 10, real_i: 1, ratio: 0.2, test_ratio: 0.3, swaprate: 0.0,gamma:0.03, graph_size: 5000
/network/rit/lab/ceashpc/adil/data/adv_csl/Jan2//random_pgd/5000/nodes-5000-T-10-rate-0.2-testratio-0.3-swaprate-0.0-gamma-0.03-realization-1-data-X.pkl
#Rules: 10734 Gen rule time:0.0463428497314
0 Creating 10 consumers
1 Creating 10 consumers
2 Creating 10 consumers
prob_mse: 0.23941031746, running time: 178.015208006 gamma:0.03 TR:0.3
48.0 ~~~~~~~~~~~~~~~~~~~~~~~~~~~~
method: CSL-Plus, T, 10, real_i: 1, ratio: 0.2, test_ratio: 0.3, swaprate: 0.0,gamma:0.05, graph_size: 5000
/network/rit/lab/ceashpc/adil/data/adv_csl/Jan2//random_pgd/5000/nodes-5000-T-10-rate-0.2-testratio-0.3-swaprate-0.0-gamma-0.05-realization-1-data-X.pkl
#Rules: 10734 Gen rule time:0.045902967453
0 Creating 10 consumers
1 Creating 10 consumers
2 Creating 10 consumers
prob_mse: 0.238170535714, running time: 178.57013011 gamma:0.05 TR:0.3
49.0 ~~~~~~~~~~~~~~~~~~~~~~~~~~~~
method: CSL-Plus, T, 10, real_i: 1, ratio: 0.2, test_ratio: 0.3, swaprate: 0.0,gamma:0.07, graph_size: 5000
/network/rit/lab/ceashpc/adil/data/adv_csl/Jan2//random_pgd/5000/nodes-5000-T-10-rate-0.2-testratio-0.3-swaprate-0.0-gamma-0.07-realization-1-data-X.pkl
#Rules: 10734 Gen rule time:0.10306096077
0 Creating 10 consumers
1 Creating 10 consumers
2 Creating 10 consumers
prob_mse: 0.240650396825, running time: 178.244679928 gamma:0.07 TR:0.3
50.0 ~~~~~~~~~~~~~~~~~~~~~~~~~~~~
method: CSL-Plus, T, 10, real_i: 1, ratio: 0.2, test_ratio: 0.3, swaprate: 0.0,gamma:0.09, graph_size: 5000
/network/rit/lab/ceashpc/adil/data/adv_csl/Jan2//random_pgd/5000/nodes-5000-T-10-rate-0.2-testratio-0.3-swaprate-0.0-gamma-0.09-realization-1-data-X.pkl
#Rules: 10734 Gen rule time:0.129842996597
0 Creating 10 consumers
1 Creating 10 consumers
2 Creating 10 consumers
prob_mse: 0.239410615079, running time: 179.901918888 gamma:0.09 TR:0.3
51.0 ~~~~~~~~~~~~~~~~~~~~~~~~~~~~
method: CSL-Plus, T, 10, real_i: 1, ratio: 0.2, test_ratio: 0.3, swaprate: 0.0,gamma:0.2, graph_size: 5000
/network/rit/lab/ceashpc/adil/data/adv_csl/Jan2//random_pgd/5000/nodes-5000-T-10-rate-0.2-testratio-0.3-swaprate-0.0-gamma-0.2-realization-1-data-X.pkl
#Rules: 10734 Gen rule time:0.0428569316864
0 Creating 10 consumers
1 Creating 10 consumers
2 Creating 10 consumers
prob_mse: 0.424872321429, running time: 304.14171505 gamma:0.2 TR:0.3
52.0 ~~~~~~~~~~~~~~~~~~~~~~~~~~~~
method: CSL-Plus, T, 10, real_i: 1, ratio: 0.2, test_ratio: 0.3, swaprate: 0.0,gamma:0.3, graph_size: 5000
/network/rit/lab/ceashpc/adil/data/adv_csl/Jan2//random_pgd/5000/nodes-5000-T-10-rate-0.2-testratio-0.3-swaprate-0.0-gamma-0.3-realization-1-data-X.pkl
#Rules: 10734 Gen rule time:0.118023872375
0 Creating 10 consumers
1 Creating 10 consumers
2 Creating 10 consumers
prob_mse: 0.42115297619, running time: 311.149924994 gamma:0.3 TR:0.3
53.0 ~~~~~~~~~~~~~~~~~~~~~~~~~~~~
method: CSL-Plus, T, 10, real_i: 1, ratio: 0.2, test_ratio: 0.3, swaprate: 0.0,gamma:0.4, graph_size: 5000
/network/rit/lab/ceashpc/adil/data/adv_csl/Jan2//random_pgd/5000/nodes-5000-T-10-rate-0.2-testratio-0.3-swaprate-0.0-gamma-0.4-realization-1-data-X.pkl
#Rules: 10734 Gen rule time:0.120546102524
0 Creating 10 consumers
1 Creating 10 consumers
2 Creating 10 consumers
prob_mse: 0.424625198413, running time: 290.118610144 gamma:0.4 TR:0.3
54.0 ~~~~~~~~~~~~~~~~~~~~~~~~~~~~
method: CSL-Plus, T, 10, real_i: 1, ratio: 0.2, test_ratio: 0.1, swaprate: 0.0,gamma:0.0, graph_size: 5000
/network/rit/lab/ceashpc/adil/data/adv_csl/Jan2//random_pgd/5000/nodes-5000-T-10-rate-0.2-testratio-0.1-swaprate-0.0-gamma-0.0-realization-1-data-X.pkl
#Rules: 10734 Gen rule time:0.0467970371246
0 Creating 10 consumers
1 Creating 10 consumers
2 Creating 10 consumers
prob_mse: 0.187872444444, running time: 107.789422989 gamma:0.0 TR:0.1
55.0 ~~~~~~~~~~~~~~~~~~~~~~~~~~~~
method: CSL-Plus, T, 10, real_i: 1, ratio: 0.2, test_ratio: 0.1, swaprate: 0.0,gamma:0.01, graph_size: 5000
/network/rit/lab/ceashpc/adil/data/adv_csl/Jan2//random_pgd/5000/nodes-5000-T-10-rate-0.2-testratio-0.1-swaprate-0.0-gamma-0.01-realization-1-data-X.pkl
#Rules: 10734 Gen rule time:0.0468208789825
0 Creating 10 consumers
1 Creating 10 consumers
2 Creating 10 consumers
prob_mse: 0.17823837037, running time: 69.5218219757 gamma:0.01 TR:0.1
56.0 ~~~~~~~~~~~~~~~~~~~~~~~~~~~~
method: CSL-Plus, T, 10, real_i: 1, ratio: 0.2, test_ratio: 0.1, swaprate: 0.0,gamma:0.03, graph_size: 5000
/network/rit/lab/ceashpc/adil/data/adv_csl/Jan2//random_pgd/5000/nodes-5000-T-10-rate-0.2-testratio-0.1-swaprate-0.0-gamma-0.03-realization-1-data-X.pkl
#Rules: 10734 Gen rule time:0.0459740161896
0 Creating 10 consumers
1 Creating 10 consumers
2 Creating 10 consumers
prob_mse: 0.306338518519, running time: 112.973042011 gamma:0.03 TR:0.1
57.0 ~~~~~~~~~~~~~~~~~~~~~~~~~~~~
method: CSL-Plus, T, 10, real_i: 1, ratio: 0.2, test_ratio: 0.1, swaprate: 0.0,gamma:0.05, graph_size: 5000
/network/rit/lab/ceashpc/adil/data/adv_csl/Jan2//random_pgd/5000/nodes-5000-T-10-rate-0.2-testratio-0.1-swaprate-0.0-gamma-0.05-realization-1-data-X.pkl
#Rules: 10734 Gen rule time:0.104838848114
0 Creating 10 consumers
1 Creating 10 consumers
2 Creating 10 consumers
prob_mse: 0.306338518519, running time: 118.076018095 gamma:0.05 TR:0.1
58.0 ~~~~~~~~~~~~~~~~~~~~~~~~~~~~
method: CSL-Plus, T, 10, real_i: 1, ratio: 0.2, test_ratio: 0.1, swaprate: 0.0,gamma:0.07, graph_size: 5000
/network/rit/lab/ceashpc/adil/data/adv_csl/Jan2//random_pgd/5000/nodes-5000-T-10-rate-0.2-testratio-0.1-swaprate-0.0-gamma-0.07-realization-1-data-X.pkl
#Rules: 10734 Gen rule time:0.0475070476532
0 Creating 10 consumers
1 Creating 10 consumers
2 Creating 10 consumers
prob_mse: 0.306338518519, running time: 120.126716852 gamma:0.07 TR:0.1
59.0 ~~~~~~~~~~~~~~~~~~~~~~~~~~~~
method: CSL-Plus, T, 10, real_i: 1, ratio: 0.2, test_ratio: 0.1, swaprate: 0.0,gamma:0.09, graph_size: 5000
/network/rit/lab/ceashpc/adil/data/adv_csl/Jan2//random_pgd/5000/nodes-5000-T-10-rate-0.2-testratio-0.1-swaprate-0.0-gamma-0.09-realization-1-data-X.pkl
#Rules: 10734 Gen rule time:0.110965967178
0 Creating 10 consumers
1 Creating 10 consumers
2 Creating 10 consumers
prob_mse: 0.306338518519, running time: 120.78883791 gamma:0.09 TR:0.1
60.0 ~~~~~~~~~~~~~~~~~~~~~~~~~~~~
method: CSL-Plus, T, 10, real_i: 1, ratio: 0.2, test_ratio: 0.1, swaprate: 0.0,gamma:0.2, graph_size: 5000
/network/rit/lab/ceashpc/adil/data/adv_csl/Jan2//random_pgd/5000/nodes-5000-T-10-rate-0.2-testratio-0.1-swaprate-0.0-gamma-0.2-realization-1-data-X.pkl
#Rules: 10734 Gen rule time:0.0524880886078
0 Creating 10 consumers
1 Creating 10 consumers
2 Creating 10 consumers
prob_mse: 0.534414666667, running time: 158.602796793 gamma:0.2 TR:0.1
61.0 ~~~~~~~~~~~~~~~~~~~~~~~~~~~~
method: CSL-Plus, T, 10, real_i: 1, ratio: 0.2, test_ratio: 0.1, swaprate: 0.0,gamma:0.3, graph_size: 5000
/network/rit/lab/ceashpc/adil/data/adv_csl/Jan2//random_pgd/5000/nodes-5000-T-10-rate-0.2-testratio-0.1-swaprate-0.0-gamma-0.3-realization-1-data-X.pkl
#Rules: 10734 Gen rule time:0.115074872971
0 Creating 10 consumers
1 Creating 10 consumers
2 Creating 10 consumers
prob_mse: 0.534414666667, running time: 158.835277081 gamma:0.3 TR:0.1
62.0 ~~~~~~~~~~~~~~~~~~~~~~~~~~~~
method: CSL-Plus, T, 10, real_i: 1, ratio: 0.2, test_ratio: 0.1, swaprate: 0.0,gamma:0.4, graph_size: 5000
/network/rit/lab/ceashpc/adil/data/adv_csl/Jan2//random_pgd/5000/nodes-5000-T-10-rate-0.2-testratio-0.1-swaprate-0.0-gamma-0.4-realization-1-data-X.pkl
#Rules: 10734 Gen rule time:0.113929986954
0 Creating 10 consumers
1 Creating 10 consumers
2 Creating 10 consumers
prob_mse: 0.53811837037, running time: 147.247566938 gamma:0.4 TR:0.1
63.0 ~~~~~~~~~~~~~~~~~~~~~~~~~~~~
method: CSL-Plus, T, 10, real_i: 1, ratio: 0.2, test_ratio: 0.2, swaprate: 0.0,gamma:0.0, graph_size: 5000
/network/rit/lab/ceashpc/adil/data/adv_csl/Jan2//random_pgd/5000/nodes-5000-T-10-rate-0.2-testratio-0.2-swaprate-0.0-gamma-0.0-realization-1-data-X.pkl
#Rules: 10734 Gen rule time:0.0981531143188
0 Creating 10 consumers
1 Creating 10 consumers
2 Creating 10 consumers
prob_mse: 0.174187008166, running time: 143.962523937 gamma:0.0 TR:0.2
64.0 ~~~~~~~~~~~~~~~~~~~~~~~~~~~~
method: CSL-Plus, T, 10, real_i: 1, ratio: 0.2, test_ratio: 0.2, swaprate: 0.0,gamma:0.01, graph_size: 5000
/network/rit/lab/ceashpc/adil/data/adv_csl/Jan2//random_pgd/5000/nodes-5000-T-10-rate-0.2-testratio-0.2-swaprate-0.0-gamma-0.01-realization-1-data-X.pkl
#Rules: 10734 Gen rule time:0.0437018871307
0 Creating 10 consumers
1 Creating 10 consumers
2 Creating 10 consumers
prob_mse: 0.174928062361, running time: 74.5443270206 gamma:0.01 TR:0.2
65.0 ~~~~~~~~~~~~~~~~~~~~~~~~~~~~
method: CSL-Plus, T, 10, real_i: 1, ratio: 0.2, test_ratio: 0.2, swaprate: 0.0,gamma:0.03, graph_size: 5000
/network/rit/lab/ceashpc/adil/data/adv_csl/Jan2//random_pgd/5000/nodes-5000-T-10-rate-0.2-testratio-0.2-swaprate-0.0-gamma-0.03-realization-1-data-X.pkl
#Rules: 10734 Gen rule time:0.0458168983459
0 Creating 10 consumers
1 Creating 10 consumers
2 Creating 10 consumers
prob_mse: 0.219818188567, running time: 140.958760977 gamma:0.03 TR:0.2
66.0 ~~~~~~~~~~~~~~~~~~~~~~~~~~~~
method: CSL-Plus, T, 10, real_i: 1, ratio: 0.2, test_ratio: 0.2, swaprate: 0.0,gamma:0.05, graph_size: 5000
/network/rit/lab/ceashpc/adil/data/adv_csl/Jan2//random_pgd/5000/nodes-5000-T-10-rate-0.2-testratio-0.2-swaprate-0.0-gamma-0.05-realization-1-data-X.pkl
#Rules: 10734 Gen rule time:0.0964698791504
0 Creating 10 consumers
1 Creating 10 consumers
2 Creating 10 consumers
prob_mse: 0.219818188567, running time: 143.399779081 gamma:0.05 TR:0.2
67.0 ~~~~~~~~~~~~~~~~~~~~~~~~~~~~
method: CSL-Plus, T, 10, real_i: 1, ratio: 0.2, test_ratio: 0.2, swaprate: 0.0,gamma:0.07, graph_size: 5000
/network/rit/lab/ceashpc/adil/data/adv_csl/Jan2//random_pgd/5000/nodes-5000-T-10-rate-0.2-testratio-0.2-swaprate-0.0-gamma-0.07-realization-1-data-X.pkl
#Rules: 10734 Gen rule time:0.101495027542
0 Creating 10 consumers
1 Creating 10 consumers
2 Creating 10 consumers
prob_mse: 0.219818188567, running time: 145.404064894 gamma:0.07 TR:0.2
68.0 ~~~~~~~~~~~~~~~~~~~~~~~~~~~~
method: CSL-Plus, T, 10, real_i: 1, ratio: 0.2, test_ratio: 0.2, swaprate: 0.0,gamma:0.09, graph_size: 5000
/network/rit/lab/ceashpc/adil/data/adv_csl/Jan2//random_pgd/5000/nodes-5000-T-10-rate-0.2-testratio-0.2-swaprate-0.0-gamma-0.09-realization-1-data-X.pkl
#Rules: 10734 Gen rule time:0.0465669631958
0 Creating 10 consumers
1 Creating 10 consumers
2 Creating 10 consumers
prob_mse: 0.219818188567, running time: 144.423036098 gamma:0.09 TR:0.2
69.0 ~~~~~~~~~~~~~~~~~~~~~~~~~~~~
method: CSL-Plus, T, 10, real_i: 1, ratio: 0.2, test_ratio: 0.2, swaprate: 0.0,gamma:0.2, graph_size: 5000
/network/rit/lab/ceashpc/adil/data/adv_csl/Jan2//random_pgd/5000/nodes-5000-T-10-rate-0.2-testratio-0.2-swaprate-0.0-gamma-0.2-realization-1-data-X.pkl
#Rules: 10734 Gen rule time:0.0455300807953
0 Creating 10 consumers
1 Creating 10 consumers
2 Creating 10 consumers
prob_mse: 0.457313659985, running time: 207.285763025 gamma:0.2 TR:0.2
70.0 ~~~~~~~~~~~~~~~~~~~~~~~~~~~~
method: CSL-Plus, T, 10, real_i: 1, ratio: 0.2, test_ratio: 0.2, swaprate: 0.0,gamma:0.3, graph_size: 5000
/network/rit/lab/ceashpc/adil/data/adv_csl/Jan2//random_pgd/5000/nodes-5000-T-10-rate-0.2-testratio-0.2-swaprate-0.0-gamma-0.3-realization-1-data-X.pkl
#Rules: 10734 Gen rule time:0.045567035675
0 Creating 10 consumers
1 Creating 10 consumers
2 Creating 10 consumers
prob_mse: 0.459169636229, running time: 226.808952808 gamma:0.3 TR:0.2
71.0 ~~~~~~~~~~~~~~~~~~~~~~~~~~~~
method: CSL-Plus, T, 10, real_i: 1, ratio: 0.2, test_ratio: 0.2, swaprate: 0.0,gamma:0.4, graph_size: 5000
/network/rit/lab/ceashpc/adil/data/adv_csl/Jan2//random_pgd/5000/nodes-5000-T-10-rate-0.2-testratio-0.2-swaprate-0.0-gamma-0.4-realization-1-data-X.pkl
#Rules: 10734 Gen rule time:0.103809118271
0 Creating 10 consumers
1 Creating 10 consumers
2 Creating 10 consumers
prob_mse: 0.462510393467, running time: 206.347086906 gamma:0.4 TR:0.2
72.0 ~~~~~~~~~~~~~~~~~~~~~~~~~~~~
method: CSL-Plus, T, 10, real_i: 1, ratio: 0.2, test_ratio: 0.4, swaprate: 0.0,gamma:0.0, graph_size: 5000
/network/rit/lab/ceashpc/adil/data/adv_csl/Jan2//random_pgd/5000/nodes-5000-T-10-rate-0.2-testratio-0.4-swaprate-0.0-gamma-0.0-realization-1-data-X.pkl
#Rules: 10734 Gen rule time:0.109239816666
0 Creating 10 consumers
1 Creating 10 consumers
2 Creating 10 consumers
prob_mse: 0.210938467262, running time: 203.285004139 gamma:0.0 TR:0.4
73.0 ~~~~~~~~~~~~~~~~~~~~~~~~~~~~
method: CSL-Plus, T, 10, real_i: 1, ratio: 0.2, test_ratio: 0.4, swaprate: 0.0,gamma:0.01, graph_size: 5000
/network/rit/lab/ceashpc/adil/data/adv_csl/Jan2//random_pgd/5000/nodes-5000-T-10-rate-0.2-testratio-0.4-swaprate-0.0-gamma-0.01-realization-1-data-X.pkl
#Rules: 10734 Gen rule time:0.104363918304
0 Creating 10 consumers
1 Creating 10 consumers
2 Creating 10 consumers
prob_mse: 0.21037953869, running time: 109.687766075 gamma:0.01 TR:0.4
74.0 ~~~~~~~~~~~~~~~~~~~~~~~~~~~~
method: CSL-Plus, T, 10, real_i: 1, ratio: 0.2, test_ratio: 0.4, swaprate: 0.0,gamma:0.03, graph_size: 5000
/network/rit/lab/ceashpc/adil/data/adv_csl/Jan2//random_pgd/5000/nodes-5000-T-10-rate-0.2-testratio-0.4-swaprate-0.0-gamma-0.03-realization-1-data-X.pkl
#Rules: 10734 Gen rule time:0.0431709289551
0 Creating 10 consumers
1 Creating 10 consumers
2 Creating 10 consumers
prob_mse: 0.256491294643, running time: 216.88383007 gamma:0.03 TR:0.4
75.0 ~~~~~~~~~~~~~~~~~~~~~~~~~~~~
method: CSL-Plus, T, 10, real_i: 1, ratio: 0.2, test_ratio: 0.4, swaprate: 0.0,gamma:0.05, graph_size: 5000
/network/rit/lab/ceashpc/adil/data/adv_csl/Jan2//random_pgd/5000/nodes-5000-T-10-rate-0.2-testratio-0.4-swaprate-0.0-gamma-0.05-realization-1-data-X.pkl
#Rules: 10734 Gen rule time:0.112531900406
0 Creating 10 consumers
1 Creating 10 consumers
2 Creating 10 consumers
prob_mse: 0.257421130952, running time: 215.835073948 gamma:0.05 TR:0.4
76.0 ~~~~~~~~~~~~~~~~~~~~~~~~~~~~
method: CSL-Plus, T, 10, real_i: 1, ratio: 0.2, test_ratio: 0.4, swaprate: 0.0,gamma:0.07, graph_size: 5000
/network/rit/lab/ceashpc/adil/data/adv_csl/Jan2//random_pgd/5000/nodes-5000-T-10-rate-0.2-testratio-0.4-swaprate-0.0-gamma-0.07-realization-1-data-X.pkl
#Rules: 10734 Gen rule time:0.0452780723572
0 Creating 10 consumers
1 Creating 10 consumers
2 Creating 10 consumers
prob_mse: 0.25909546131, running time: 210.860271931 gamma:0.07 TR:0.4
77.0 ~~~~~~~~~~~~~~~~~~~~~~~~~~~~
method: CSL-Plus, T, 10, real_i: 1, ratio: 0.2, test_ratio: 0.4, swaprate: 0.0,gamma:0.09, graph_size: 5000
/network/rit/lab/ceashpc/adil/data/adv_csl/Jan2//random_pgd/5000/nodes-5000-T-10-rate-0.2-testratio-0.4-swaprate-0.0-gamma-0.09-realization-1-data-X.pkl
#Rules: 10734 Gen rule time:0.0990710258484
0 Creating 10 consumers
1 Creating 10 consumers
2 Creating 10 consumers
prob_mse: 0.257421354167, running time: 230.333719015 gamma:0.09 TR:0.4
78.0 ~~~~~~~~~~~~~~~~~~~~~~~~~~~~
method: CSL-Plus, T, 10, real_i: 1, ratio: 0.2, test_ratio: 0.4, swaprate: 0.0,gamma:0.2, graph_size: 5000
/network/rit/lab/ceashpc/adil/data/adv_csl/Jan2//random_pgd/5000/nodes-5000-T-10-rate-0.2-testratio-0.4-swaprate-0.0-gamma-0.2-realization-1-data-X.pkl
#Rules: 10734 Gen rule time:0.111319065094
0 Creating 10 consumers
1 Creating 10 consumers
2 Creating 10 consumers
prob_mse: 0.402097991071, running time: 335.67059207 gamma:0.2 TR:0.4
79.0 ~~~~~~~~~~~~~~~~~~~~~~~~~~~~
method: CSL-Plus, T, 10, real_i: 1, ratio: 0.2, test_ratio: 0.4, swaprate: 0.0,gamma:0.3, graph_size: 5000
/network/rit/lab/ceashpc/adil/data/adv_csl/Jan2//random_pgd/5000/nodes-5000-T-10-rate-0.2-testratio-0.4-swaprate-0.0-gamma-0.3-realization-1-data-X.pkl
#Rules: 10734 Gen rule time:0.0475211143494
0 Creating 10 consumers
1 Creating 10 consumers
2 Creating 10 consumers
prob_mse: 0.40191264881, running time: 341.44542408 gamma:0.3 TR:0.4
80.0 ~~~~~~~~~~~~~~~~~~~~~~~~~~~~
method: CSL-Plus, T, 10, real_i: 1, ratio: 0.2, test_ratio: 0.4, swaprate: 0.0,gamma:0.4, graph_size: 5000
/network/rit/lab/ceashpc/adil/data/adv_csl/Jan2//random_pgd/5000/nodes-5000-T-10-rate-0.2-testratio-0.4-swaprate-0.0-gamma-0.4-realization-1-data-X.pkl
#Rules: 10734 Gen rule time:0.104156970978
0 Creating 10 consumers
1 Creating 10 consumers
2 Creating 10 consumers
prob_mse: 0.404702604167, running time: 332.991679907 gamma:0.4 TR:0.4
81.0 ~~~~~~~~~~~~~~~~~~~~~~~~~~~~
method: CSL-Plus, T, 10, real_i: 1, ratio: 0.2, test_ratio: 0.5, swaprate: 0.0,gamma:0.0, graph_size: 5000
/network/rit/lab/ceashpc/adil/data/adv_csl/Jan2//random_pgd/5000/nodes-5000-T-10-rate-0.2-testratio-0.5-swaprate-0.0-gamma-0.0-realization-1-data-X.pkl
#Rules: 10734 Gen rule time:0.11172580719
0 Creating 10 consumers
1 Creating 10 consumers
2 Creating 10 consumers
prob_mse: 0.188268035714, running time: 194.492155075 gamma:0.0 TR:0.5
82.0 ~~~~~~~~~~~~~~~~~~~~~~~~~~~~
method: CSL-Plus, T, 10, real_i: 1, ratio: 0.2, test_ratio: 0.5, swaprate: 0.0,gamma:0.01, graph_size: 5000
/network/rit/lab/ceashpc/adil/data/adv_csl/Jan2//random_pgd/5000/nodes-5000-T-10-rate-0.2-testratio-0.5-swaprate-0.0-gamma-0.01-realization-1-data-X.pkl
#Rules: 10734 Gen rule time:0.0467171669006
0 Creating 10 consumers
1 Creating 10 consumers
2 Creating 10 consumers
prob_mse: 0.187523988095, running time: 85.2461721897 gamma:0.01 TR:0.5
83.0 ~~~~~~~~~~~~~~~~~~~~~~~~~~~~
method: CSL-Plus, T, 10, real_i: 1, ratio: 0.2, test_ratio: 0.5, swaprate: 0.0,gamma:0.03, graph_size: 5000
/network/rit/lab/ceashpc/adil/data/adv_csl/Jan2//random_pgd/5000/nodes-5000-T-10-rate-0.2-testratio-0.5-swaprate-0.0-gamma-0.03-realization-1-data-X.pkl
#Rules: 10734 Gen rule time:0.104754924774
0 Creating 10 consumers
1 Creating 10 consumers
2 Creating 10 consumers
prob_mse: 0.217273214286, running time: 172.716921091 gamma:0.03 TR:0.5
84.0 ~~~~~~~~~~~~~~~~~~~~~~~~~~~~
method: CSL-Plus, T, 10, real_i: 1, ratio: 0.2, test_ratio: 0.5, swaprate: 0.0,gamma:0.05, graph_size: 5000
/network/rit/lab/ceashpc/adil/data/adv_csl/Jan2//random_pgd/5000/nodes-5000-T-10-rate-0.2-testratio-0.5-swaprate-0.0-gamma-0.05-realization-1-data-X.pkl
#Rules: 10734 Gen rule time:0.0487480163574
0 Creating 10 consumers
1 Creating 10 consumers
2 Creating 10 consumers
prob_mse: 0.218761309524, running time: 173.064387083 gamma:0.05 TR:0.5
85.0 ~~~~~~~~~~~~~~~~~~~~~~~~~~~~
method: CSL-Plus, T, 10, real_i: 1, ratio: 0.2, test_ratio: 0.5, swaprate: 0.0,gamma:0.07, graph_size: 5000
/network/rit/lab/ceashpc/adil/data/adv_csl/Jan2//random_pgd/5000/nodes-5000-T-10-rate-0.2-testratio-0.5-swaprate-0.0-gamma-0.07-realization-1-data-X.pkl
#Rules: 10734 Gen rule time:0.0457589626312
0 Creating 10 consumers
1 Creating 10 consumers
2 Creating 10 consumers
prob_mse: 0.218761488095, running time: 178.299869061 gamma:0.07 TR:0.5
86.0 ~~~~~~~~~~~~~~~~~~~~~~~~~~~~
method: CSL-Plus, T, 10, real_i: 1, ratio: 0.2, test_ratio: 0.5, swaprate: 0.0,gamma:0.09, graph_size: 5000
/network/rit/lab/ceashpc/adil/data/adv_csl/Jan2//random_pgd/5000/nodes-5000-T-10-rate-0.2-testratio-0.5-swaprate-0.0-gamma-0.09-realization-1-data-X.pkl
#Rules: 10734 Gen rule time:0.0463719367981
0 Creating 10 consumers
1 Creating 10 consumers
2 Creating 10 consumers
prob_mse: 0.219505535714, running time: 180.039849997 gamma:0.09 TR:0.5
87.0 ~~~~~~~~~~~~~~~~~~~~~~~~~~~~
method: CSL-Plus, T, 10, real_i: 1, ratio: 0.2, test_ratio: 0.5, swaprate: 0.0,gamma:0.2, graph_size: 5000
/network/rit/lab/ceashpc/adil/data/adv_csl/Jan2//random_pgd/5000/nodes-5000-T-10-rate-0.2-testratio-0.5-swaprate-0.0-gamma-0.2-realization-1-data-X.pkl
#Rules: 10734 Gen rule time:0.116166114807
0 Creating 10 consumers
1 Creating 10 consumers
2 Creating 10 consumers
prob_mse: 0.296860238095, running time: 290.843282938 gamma:0.2 TR:0.5
88.0 ~~~~~~~~~~~~~~~~~~~~~~~~~~~~
method: CSL-Plus, T, 10, real_i: 1, ratio: 0.2, test_ratio: 0.5, swaprate: 0.0,gamma:0.3, graph_size: 5000
/network/rit/lab/ceashpc/adil/data/adv_csl/Jan2//random_pgd/5000/nodes-5000-T-10-rate-0.2-testratio-0.5-swaprate-0.0-gamma-0.3-realization-1-data-X.pkl
#Rules: 10734 Gen rule time:0.101846933365
0 Creating 10 consumers
1 Creating 10 consumers
2 Creating 10 consumers
prob_mse: 0.300431488095, running time: 295.916383982 gamma:0.3 TR:0.5
89.0 ~~~~~~~~~~~~~~~~~~~~~~~~~~~~
method: CSL-Plus, T, 10, real_i: 1, ratio: 0.2, test_ratio: 0.5, swaprate: 0.0,gamma:0.4, graph_size: 5000
/network/rit/lab/ceashpc/adil/data/adv_csl/Jan2//random_pgd/5000/nodes-5000-T-10-rate-0.2-testratio-0.5-swaprate-0.0-gamma-0.4-realization-1-data-X.pkl
#Rules: 10734 Gen rule time:0.0496668815613
0 Creating 10 consumers
1 Creating 10 consumers
2 Creating 10 consumers
prob_mse: 0.300282678571, running time: 283.042087078 gamma:0.4 TR:0.5


T= 10 is done.......................................




N= 5000 is done.........................................


