

--------------------------------------------------
--------------------------------------------------

-------------------Thu, 18 Jul 2019 04:35:21 PM EDT---------------------

0 ~~~~~~~~~~~~~~~~~~~~~~~~~~~~
method: CSL-Plus, T, 10, real_i: 0, ratio: 0.2, test_ratio: 0.3, swaprate: 0.0,gamma:0.0, graph_size: 5000
/network/rit/lab/ceashpc/adil/data/adv_csl/Jan2//random_pgd/5000/nodes-5000-T-10-rate-0.2-testratio-0.3-swaprate-0.0-gamma-0.0-realization-0-data-X.pkl
#Rules: 10734 Gen rule time:0.100699901581
0 Creating 10 consumers
1 Creating 10 consumers
2 Creating 10 consumers
prob_mse: 0.188466269841, running time: 172.393234015 gamma:0.0 TR:0.3
1.0 ~~~~~~~~~~~~~~~~~~~~~~~~~~~~
method: CSL-Plus, T, 10, real_i: 0, ratio: 0.2, test_ratio: 0.3, swaprate: 0.0,gamma:0.01, graph_size: 5000
/network/rit/lab/ceashpc/adil/data/adv_csl/Jan2//random_pgd/5000/nodes-5000-T-10-rate-0.2-testratio-0.3-swaprate-0.0-gamma-0.01-realization-0-data-X.pkl
#Rules: 10734 Gen rule time:0.0944218635559
0 Creating 10 consumers
1 Creating 10 consumers
2 Creating 10 consumers
prob_mse: 0.184746031746, running time: 108.451459885 gamma:0.01 TR:0.3
2.0 ~~~~~~~~~~~~~~~~~~~~~~~~~~~~
method: CSL-Plus, T, 10, real_i: 0, ratio: 0.2, test_ratio: 0.3, swaprate: 0.0,gamma:0.03, graph_size: 5000
/network/rit/lab/ceashpc/adil/data/adv_csl/Jan2//random_pgd/5000/nodes-5000-T-10-rate-0.2-testratio-0.3-swaprate-0.0-gamma-0.03-realization-0-data-X.pkl
#Rules: 10734 Gen rule time:0.110589027405
0 Creating 10 consumers
1 Creating 10 consumers
2 Creating 10 consumers
prob_mse: 0.231354861111, running time: 158.795017004 gamma:0.03 TR:0.3
3.0 ~~~~~~~~~~~~~~~~~~~~~~~~~~~~
method: CSL-Plus, T, 10, real_i: 0, ratio: 0.2, test_ratio: 0.3, swaprate: 0.0,gamma:0.05, graph_size: 5000
/network/rit/lab/ceashpc/adil/data/adv_csl/Jan2//random_pgd/5000/nodes-5000-T-10-rate-0.2-testratio-0.3-swaprate-0.0-gamma-0.05-realization-0-data-X.pkl
#Rules: 10734 Gen rule time:0.0440509319305
0 Creating 10 consumers
1 Creating 10 consumers
2 Creating 10 consumers
prob_mse: 0.231354861111, running time: 164.65553689 gamma:0.05 TR:0.3
4.0 ~~~~~~~~~~~~~~~~~~~~~~~~~~~~
method: CSL-Plus, T, 10, real_i: 0, ratio: 0.2, test_ratio: 0.3, swaprate: 0.0,gamma:0.07, graph_size: 5000
/network/rit/lab/ceashpc/adil/data/adv_csl/Jan2//random_pgd/5000/nodes-5000-T-10-rate-0.2-testratio-0.3-swaprate-0.0-gamma-0.07-realization-0-data-X.pkl
#Rules: 10734 Gen rule time:0.0458319187164
0 Creating 10 consumers
1 Creating 10 consumers
2 Creating 10 consumers
prob_mse: 0.232594345238, running time: 167.312005997 gamma:0.07 TR:0.3
5.0 ~~~~~~~~~~~~~~~~~~~~~~~~~~~~
method: CSL-Plus, T, 10, real_i: 0, ratio: 0.2, test_ratio: 0.3, swaprate: 0.0,gamma:0.09, graph_size: 5000
/network/rit/lab/ceashpc/adil/data/adv_csl/Jan2//random_pgd/5000/nodes-5000-T-10-rate-0.2-testratio-0.3-swaprate-0.0-gamma-0.09-realization-0-data-X.pkl
#Rules: 10734 Gen rule time:0.0961809158325
0 Creating 10 consumers
1 Creating 10 consumers
2 Creating 10 consumers
prob_mse: 0.232594345238, running time: 169.548079014 gamma:0.09 TR:0.3
6.0 ~~~~~~~~~~~~~~~~~~~~~~~~~~~~
method: CSL-Plus, T, 10, real_i: 0, ratio: 0.2, test_ratio: 0.3, swaprate: 0.0,gamma:0.2, graph_size: 5000
/network/rit/lab/ceashpc/adil/data/adv_csl/Jan2//random_pgd/5000/nodes-5000-T-10-rate-0.2-testratio-0.3-swaprate-0.0-gamma-0.2-realization-0-data-X.pkl
#Rules: 10734 Gen rule time:0.0460247993469
0 Creating 10 consumers
1 Creating 10 consumers
2 Creating 10 consumers
prob_mse: 0.404666765873, running time: 272.077912092 gamma:0.2 TR:0.3
7.0 ~~~~~~~~~~~~~~~~~~~~~~~~~~~~
method: CSL-Plus, T, 10, real_i: 0, ratio: 0.2, test_ratio: 0.3, swaprate: 0.0,gamma:0.3, graph_size: 5000
/network/rit/lab/ceashpc/adil/data/adv_csl/Jan2//random_pgd/5000/nodes-5000-T-10-rate-0.2-testratio-0.3-swaprate-0.0-gamma-0.3-realization-0-data-X.pkl
#Rules: 10734 Gen rule time:0.0480818748474
0 Creating 10 consumers
1 Creating 10 consumers
2 Creating 10 consumers
prob_mse: 0.405906845238, running time: 273.729645967 gamma:0.3 TR:0.3
8.0 ~~~~~~~~~~~~~~~~~~~~~~~~~~~~
method: CSL-Plus, T, 10, real_i: 0, ratio: 0.2, test_ratio: 0.3, swaprate: 0.0,gamma:0.4, graph_size: 5000
/network/rit/lab/ceashpc/adil/data/adv_csl/Jan2//random_pgd/5000/nodes-5000-T-10-rate-0.2-testratio-0.3-swaprate-0.0-gamma-0.4-realization-0-data-X.pkl
#Rules: 10734 Gen rule time:0.135272979736
0 Creating 10 consumers
1 Creating 10 consumers
2 Creating 10 consumers
prob_mse: 0.405906845238, running time: 267.290892839 gamma:0.4 TR:0.3
9.0 ~~~~~~~~~~~~~~~~~~~~~~~~~~~~
method: CSL-Plus, T, 10, real_i: 0, ratio: 0.2, test_ratio: 0.1, swaprate: 0.0,gamma:0.0, graph_size: 5000
/network/rit/lab/ceashpc/adil/data/adv_csl/Jan2//random_pgd/5000/nodes-5000-T-10-rate-0.2-testratio-0.1-swaprate-0.0-gamma-0.0-realization-0-data-X.pkl
#Rules: 10734 Gen rule time:0.0985450744629
0 Creating 10 consumers
1 Creating 10 consumers
2 Creating 10 consumers
prob_mse: 0.186023259259, running time: 104.784183025 gamma:0.0 TR:0.1
10.0 ~~~~~~~~~~~~~~~~~~~~~~~~~~~~
method: CSL-Plus, T, 10, real_i: 0, ratio: 0.2, test_ratio: 0.1, swaprate: 0.0,gamma:0.01, graph_size: 5000
/network/rit/lab/ceashpc/adil/data/adv_csl/Jan2//random_pgd/5000/nodes-5000-T-10-rate-0.2-testratio-0.1-swaprate-0.0-gamma-0.01-realization-0-data-X.pkl
#Rules: 10734 Gen rule time:0.0468280315399
0 Creating 10 consumers
1 Creating 10 consumers
2 Creating 10 consumers
3 Creating 10 consumers
prob_mse: 0.186023259259, running time: 108.561698914 gamma:0.01 TR:0.1
11.0 ~~~~~~~~~~~~~~~~~~~~~~~~~~~~
method: CSL-Plus, T, 10, real_i: 0, ratio: 0.2, test_ratio: 0.1, swaprate: 0.0,gamma:0.03, graph_size: 5000
/network/rit/lab/ceashpc/adil/data/adv_csl/Jan2//random_pgd/5000/nodes-5000-T-10-rate-0.2-testratio-0.1-swaprate-0.0-gamma-0.03-realization-0-data-X.pkl
#Rules: 10734 Gen rule time:0.047238111496
0 Creating 10 consumers
1 Creating 10 consumers
2 Creating 10 consumers
prob_mse: 0.266727555556, running time: 117.441837072 gamma:0.03 TR:0.1
12.0 ~~~~~~~~~~~~~~~~~~~~~~~~~~~~
method: CSL-Plus, T, 10, real_i: 0, ratio: 0.2, test_ratio: 0.1, swaprate: 0.0,gamma:0.05, graph_size: 5000
/network/rit/lab/ceashpc/adil/data/adv_csl/Jan2//random_pgd/5000/nodes-5000-T-10-rate-0.2-testratio-0.1-swaprate-0.0-gamma-0.05-realization-0-data-X.pkl
#Rules: 10734 Gen rule time:0.0605959892273
0 Creating 10 consumers
1 Creating 10 consumers
2 Creating 10 consumers
prob_mse: 0.27043037037, running time: 123.589231014 gamma:0.05 TR:0.1
13.0 ~~~~~~~~~~~~~~~~~~~~~~~~~~~~
method: CSL-Plus, T, 10, real_i: 0, ratio: 0.2, test_ratio: 0.1, swaprate: 0.0,gamma:0.07, graph_size: 5000
/network/rit/lab/ceashpc/adil/data/adv_csl/Jan2//random_pgd/5000/nodes-5000-T-10-rate-0.2-testratio-0.1-swaprate-0.0-gamma-0.07-realization-0-data-X.pkl
#Rules: 10734 Gen rule time:0.0458059310913
0 Creating 10 consumers
1 Creating 10 consumers
2 Creating 10 consumers
prob_mse: 0.266726666667, running time: 125.859610796 gamma:0.07 TR:0.1
14.0 ~~~~~~~~~~~~~~~~~~~~~~~~~~~~
method: CSL-Plus, T, 10, real_i: 0, ratio: 0.2, test_ratio: 0.1, swaprate: 0.0,gamma:0.09, graph_size: 5000
/network/rit/lab/ceashpc/adil/data/adv_csl/Jan2//random_pgd/5000/nodes-5000-T-10-rate-0.2-testratio-0.1-swaprate-0.0-gamma-0.09-realization-0-data-X.pkl
#Rules: 10734 Gen rule time:0.0457351207733
0 Creating 10 consumers
1 Creating 10 consumers
2 Creating 10 consumers
prob_mse: 0.266726666667, running time: 125.713138103 gamma:0.09 TR:0.1
15.0 ~~~~~~~~~~~~~~~~~~~~~~~~~~~~
method: CSL-Plus, T, 10, real_i: 0, ratio: 0.2, test_ratio: 0.1, swaprate: 0.0,gamma:0.2, graph_size: 5000
/network/rit/lab/ceashpc/adil/data/adv_csl/Jan2//random_pgd/5000/nodes-5000-T-10-rate-0.2-testratio-0.1-swaprate-0.0-gamma-0.2-realization-0-data-X.pkl
#Rules: 10734 Gen rule time:0.131538152695
0 Creating 10 consumers
1 Creating 10 consumers
2 Creating 10 consumers
prob_mse: 0.576268296296, running time: 156.108609915 gamma:0.2 TR:0.1
16.0 ~~~~~~~~~~~~~~~~~~~~~~~~~~~~
method: CSL-Plus, T, 10, real_i: 0, ratio: 0.2, test_ratio: 0.1, swaprate: 0.0,gamma:0.3, graph_size: 5000
/network/rit/lab/ceashpc/adil/data/adv_csl/Jan2//random_pgd/5000/nodes-5000-T-10-rate-0.2-testratio-0.1-swaprate-0.0-gamma-0.3-realization-0-data-X.pkl
#Rules: 10734 Gen rule time:0.0453579425812
0 Creating 10 consumers
1 Creating 10 consumers
2 Creating 10 consumers
prob_mse: 0.576268296296, running time: 162.286213875 gamma:0.3 TR:0.1
17.0 ~~~~~~~~~~~~~~~~~~~~~~~~~~~~
method: CSL-Plus, T, 10, real_i: 0, ratio: 0.2, test_ratio: 0.1, swaprate: 0.0,gamma:0.4, graph_size: 5000
/network/rit/lab/ceashpc/adil/data/adv_csl/Jan2//random_pgd/5000/nodes-5000-T-10-rate-0.2-testratio-0.1-swaprate-0.0-gamma-0.4-realization-0-data-X.pkl
#Rules: 10734 Gen rule time:0.0474240779877
0 Creating 10 consumers
1 Creating 10 consumers
2 Creating 10 consumers
prob_mse: 0.576268296296, running time: 156.492550135 gamma:0.4 TR:0.1
18.0 ~~~~~~~~~~~~~~~~~~~~~~~~~~~~
method: CSL-Plus, T, 10, real_i: 0, ratio: 0.2, test_ratio: 0.2, swaprate: 0.0,gamma:0.0, graph_size: 5000
/network/rit/lab/ceashpc/adil/data/adv_csl/Jan2//random_pgd/5000/nodes-5000-T-10-rate-0.2-testratio-0.2-swaprate-0.0-gamma-0.0-realization-0-data-X.pkl
#Rules: 10734 Gen rule time:0.112364053726
0 Creating 10 consumers
1 Creating 10 consumers
2 Creating 10 consumers
prob_mse: 0.189035708983, running time: 154.10500598 gamma:0.0 TR:0.2
19.0 ~~~~~~~~~~~~~~~~~~~~~~~~~~~~
method: CSL-Plus, T, 10, real_i: 0, ratio: 0.2, test_ratio: 0.2, swaprate: 0.0,gamma:0.01, graph_size: 5000
/network/rit/lab/ceashpc/adil/data/adv_csl/Jan2//random_pgd/5000/nodes-5000-T-10-rate-0.2-testratio-0.2-swaprate-0.0-gamma-0.01-realization-0-data-X.pkl
#Rules: 10734 Gen rule time:0.0460720062256
0 Creating 10 consumers
1 Creating 10 consumers
2 Creating 10 consumers
prob_mse: 0.18977809948, running time: 91.1759791374 gamma:0.01 TR:0.2
20.0 ~~~~~~~~~~~~~~~~~~~~~~~~~~~~
method: CSL-Plus, T, 10, real_i: 0, ratio: 0.2, test_ratio: 0.2, swaprate: 0.0,gamma:0.03, graph_size: 5000
/network/rit/lab/ceashpc/adil/data/adv_csl/Jan2//random_pgd/5000/nodes-5000-T-10-rate-0.2-testratio-0.2-swaprate-0.0-gamma-0.03-realization-0-data-X.pkl
#Rules: 10734 Gen rule time:0.0466041564941
0 Creating 10 consumers
1 Creating 10 consumers
2 Creating 10 consumers
prob_mse: 0.249140386043, running time: 164.643595934 gamma:0.03 TR:0.2
21.0 ~~~~~~~~~~~~~~~~~~~~~~~~~~~~
method: CSL-Plus, T, 10, real_i: 0, ratio: 0.2, test_ratio: 0.2, swaprate: 0.0,gamma:0.05, graph_size: 5000
/network/rit/lab/ceashpc/adil/data/adv_csl/Jan2//random_pgd/5000/nodes-5000-T-10-rate-0.2-testratio-0.2-swaprate-0.0-gamma-0.05-realization-0-data-X.pkl
#Rules: 10734 Gen rule time:0.0457379817963
0 Creating 10 consumers
1 Creating 10 consumers
2 Creating 10 consumers
prob_mse: 0.249140386043, running time: 168.995850086 gamma:0.05 TR:0.2
22.0 ~~~~~~~~~~~~~~~~~~~~~~~~~~~~
method: CSL-Plus, T, 10, real_i: 0, ratio: 0.2, test_ratio: 0.2, swaprate: 0.0,gamma:0.07, graph_size: 5000
/network/rit/lab/ceashpc/adil/data/adv_csl/Jan2//random_pgd/5000/nodes-5000-T-10-rate-0.2-testratio-0.2-swaprate-0.0-gamma-0.07-realization-0-data-X.pkl
#Rules: 10734 Gen rule time:0.0486161708832
0 Creating 10 consumers
1 Creating 10 consumers
2 Creating 10 consumers
prob_mse: 0.249140386043, running time: 169.497549057 gamma:0.07 TR:0.2
23.0 ~~~~~~~~~~~~~~~~~~~~~~~~~~~~
method: CSL-Plus, T, 10, real_i: 0, ratio: 0.2, test_ratio: 0.2, swaprate: 0.0,gamma:0.09, graph_size: 5000
/network/rit/lab/ceashpc/adil/data/adv_csl/Jan2//random_pgd/5000/nodes-5000-T-10-rate-0.2-testratio-0.2-swaprate-0.0-gamma-0.09-realization-0-data-X.pkl
#Rules: 10734 Gen rule time:0.0523459911346
0 Creating 10 consumers
1 Creating 10 consumers
2 Creating 10 consumers
prob_mse: 0.250995916852, running time: 174.265896082 gamma:0.09 TR:0.2
24.0 ~~~~~~~~~~~~~~~~~~~~~~~~~~~~
method: CSL-Plus, T, 10, real_i: 0, ratio: 0.2, test_ratio: 0.2, swaprate: 0.0,gamma:0.2, graph_size: 5000
/network/rit/lab/ceashpc/adil/data/adv_csl/Jan2//random_pgd/5000/nodes-5000-T-10-rate-0.2-testratio-0.2-swaprate-0.0-gamma-0.2-realization-0-data-X.pkl
#Rules: 10734 Gen rule time:0.134212017059
0 Creating 10 consumers
1 Creating 10 consumers
2 Creating 10 consumers
prob_mse: 0.479583147736, running time: 247.398835897 gamma:0.2 TR:0.2
25.0 ~~~~~~~~~~~~~~~~~~~~~~~~~~~~
method: CSL-Plus, T, 10, real_i: 0, ratio: 0.2, test_ratio: 0.2, swaprate: 0.0,gamma:0.3, graph_size: 5000
/network/rit/lab/ceashpc/adil/data/adv_csl/Jan2//random_pgd/5000/nodes-5000-T-10-rate-0.2-testratio-0.2-swaprate-0.0-gamma-0.3-realization-0-data-X.pkl
#Rules: 10734 Gen rule time:0.0617198944092
0 Creating 10 consumers
1 Creating 10 consumers
2 Creating 10 consumers
prob_mse: 0.479583147736, running time: 251.001705885 gamma:0.3 TR:0.2
26.0 ~~~~~~~~~~~~~~~~~~~~~~~~~~~~
method: CSL-Plus, T, 10, real_i: 0, ratio: 0.2, test_ratio: 0.2, swaprate: 0.0,gamma:0.4, graph_size: 5000
/network/rit/lab/ceashpc/adil/data/adv_csl/Jan2//random_pgd/5000/nodes-5000-T-10-rate-0.2-testratio-0.2-swaprate-0.0-gamma-0.4-realization-0-data-X.pkl
#Rules: 10734 Gen rule time:0.0974469184875
0 Creating 10 consumers
1 Creating 10 consumers
2 Creating 10 consumers
prob_mse: 0.479583147736, running time: 242.423356056 gamma:0.4 TR:0.2
27.0 ~~~~~~~~~~~~~~~~~~~~~~~~~~~~
method: CSL-Plus, T, 10, real_i: 0, ratio: 0.2, test_ratio: 0.4, swaprate: 0.0,gamma:0.0, graph_size: 5000
/network/rit/lab/ceashpc/adil/data/adv_csl/Jan2//random_pgd/5000/nodes-5000-T-10-rate-0.2-testratio-0.4-swaprate-0.0-gamma-0.0-realization-0-data-X.pkl
#Rules: 10734 Gen rule time:0.101348161697
0 Creating 10 consumers
1 Creating 10 consumers
2 Creating 10 consumers
prob_mse: 0.186483035714, running time: 207.248018026 gamma:0.0 TR:0.4
28.0 ~~~~~~~~~~~~~~~~~~~~~~~~~~~~
method: CSL-Plus, T, 10, real_i: 0, ratio: 0.2, test_ratio: 0.4, swaprate: 0.0,gamma:0.01, graph_size: 5000
/network/rit/lab/ceashpc/adil/data/adv_csl/Jan2//random_pgd/5000/nodes-5000-T-10-rate-0.2-testratio-0.4-swaprate-0.0-gamma-0.01-realization-0-data-X.pkl
#Rules: 10734 Gen rule time:0.0495438575745
0 Creating 10 consumers
1 Creating 10 consumers
2 Creating 10 consumers
prob_mse: 0.186483258929, running time: 122.361407995 gamma:0.01 TR:0.4
29.0 ~~~~~~~~~~~~~~~~~~~~~~~~~~~~
method: CSL-Plus, T, 10, real_i: 0, ratio: 0.2, test_ratio: 0.4, swaprate: 0.0,gamma:0.03, graph_size: 5000
/network/rit/lab/ceashpc/adil/data/adv_csl/Jan2//random_pgd/5000/nodes-5000-T-10-rate-0.2-testratio-0.4-swaprate-0.0-gamma-0.03-realization-0-data-X.pkl
#Rules: 10734 Gen rule time:0.0486011505127
0 Creating 10 consumers
1 Creating 10 consumers
2 Creating 10 consumers
prob_mse: 0.220881175595, running time: 196.328009129 gamma:0.03 TR:0.4
30.0 ~~~~~~~~~~~~~~~~~~~~~~~~~~~~
method: CSL-Plus, T, 10, real_i: 0, ratio: 0.2, test_ratio: 0.4, swaprate: 0.0,gamma:0.05, graph_size: 5000
/network/rit/lab/ceashpc/adil/data/adv_csl/Jan2//random_pgd/5000/nodes-5000-T-10-rate-0.2-testratio-0.4-swaprate-0.0-gamma-0.05-realization-0-data-X.pkl
#Rules: 10734 Gen rule time:0.117558002472
0 Creating 10 consumers
1 Creating 10 consumers
2 Creating 10 consumers
prob_mse: 0.222740848214, running time: 200.923794985 gamma:0.05 TR:0.4
31.0 ~~~~~~~~~~~~~~~~~~~~~~~~~~~~
method: CSL-Plus, T, 10, real_i: 0, ratio: 0.2, test_ratio: 0.4, swaprate: 0.0,gamma:0.07, graph_size: 5000
/network/rit/lab/ceashpc/adil/data/adv_csl/Jan2//random_pgd/5000/nodes-5000-T-10-rate-0.2-testratio-0.4-swaprate-0.0-gamma-0.07-realization-0-data-X.pkl
#Rules: 10734 Gen rule time:0.0455861091614
0 Creating 10 consumers
1 Creating 10 consumers
2 Creating 10 consumers
prob_mse: 0.224600520833, running time: 202.132087946 gamma:0.07 TR:0.4
32.0 ~~~~~~~~~~~~~~~~~~~~~~~~~~~~
method: CSL-Plus, T, 10, real_i: 0, ratio: 0.2, test_ratio: 0.4, swaprate: 0.0,gamma:0.09, graph_size: 5000
/network/rit/lab/ceashpc/adil/data/adv_csl/Jan2//random_pgd/5000/nodes-5000-T-10-rate-0.2-testratio-0.4-swaprate-0.0-gamma-0.09-realization-0-data-X.pkl
#Rules: 10734 Gen rule time:0.110188961029
0 Creating 10 consumers
1 Creating 10 consumers
2 Creating 10 consumers
prob_mse: 0.224600520833, running time: 198.140861988 gamma:0.09 TR:0.4
33.0 ~~~~~~~~~~~~~~~~~~~~~~~~~~~~
method: CSL-Plus, T, 10, real_i: 0, ratio: 0.2, test_ratio: 0.4, swaprate: 0.0,gamma:0.2, graph_size: 5000
/network/rit/lab/ceashpc/adil/data/adv_csl/Jan2//random_pgd/5000/nodes-5000-T-10-rate-0.2-testratio-0.4-swaprate-0.0-gamma-0.2-realization-0-data-X.pkl
#Rules: 10734 Gen rule time:0.100416898727
0 Creating 10 consumers
1 Creating 10 consumers
2 Creating 10 consumers
prob_mse: 0.350307291667, running time: 307.243242025 gamma:0.2 TR:0.4
34.0 ~~~~~~~~~~~~~~~~~~~~~~~~~~~~
method: CSL-Plus, T, 10, real_i: 0, ratio: 0.2, test_ratio: 0.4, swaprate: 0.0,gamma:0.3, graph_size: 5000
/network/rit/lab/ceashpc/adil/data/adv_csl/Jan2//random_pgd/5000/nodes-5000-T-10-rate-0.2-testratio-0.4-swaprate-0.0-gamma-0.3-realization-0-data-X.pkl
#Rules: 10734 Gen rule time:0.0481960773468
0 Creating 10 consumers
1 Creating 10 consumers
2 Creating 10 consumers
prob_mse: 0.352166964286, running time: 317.426671982 gamma:0.3 TR:0.4
35.0 ~~~~~~~~~~~~~~~~~~~~~~~~~~~~
method: CSL-Plus, T, 10, real_i: 0, ratio: 0.2, test_ratio: 0.4, swaprate: 0.0,gamma:0.4, graph_size: 5000
/network/rit/lab/ceashpc/adil/data/adv_csl/Jan2//random_pgd/5000/nodes-5000-T-10-rate-0.2-testratio-0.4-swaprate-0.0-gamma-0.4-realization-0-data-X.pkl
#Rules: 10734 Gen rule time:0.0958859920502
0 Creating 10 consumers
1 Creating 10 consumers
2 Creating 10 consumers
prob_mse: 0.352166964286, running time: 308.562962055 gamma:0.4 TR:0.4
36.0 ~~~~~~~~~~~~~~~~~~~~~~~~~~~~
method: CSL-Plus, T, 10, real_i: 0, ratio: 0.2, test_ratio: 0.5, swaprate: 0.0,gamma:0.0, graph_size: 5000
/network/rit/lab/ceashpc/adil/data/adv_csl/Jan2//random_pgd/5000/nodes-5000-T-10-rate-0.2-testratio-0.5-swaprate-0.0-gamma-0.0-realization-0-data-X.pkl
#Rules: 10734 Gen rule time:0.0462729930878
0 Creating 10 consumers
1 Creating 10 consumers
2 Creating 10 consumers
prob_mse: 0.212673869048, running time: 205.434519053 gamma:0.0 TR:0.5
37.0 ~~~~~~~~~~~~~~~~~~~~~~~~~~~~
method: CSL-Plus, T, 10, real_i: 0, ratio: 0.2, test_ratio: 0.5, swaprate: 0.0,gamma:0.01, graph_size: 5000
/network/rit/lab/ceashpc/adil/data/adv_csl/Jan2//random_pgd/5000/nodes-5000-T-10-rate-0.2-testratio-0.5-swaprate-0.0-gamma-0.01-realization-0-data-X.pkl
#Rules: 10734 Gen rule time:0.0429329872131
0 Creating 10 consumers
1 Creating 10 consumers
2 Creating 10 consumers
prob_mse: 0.212674047619, running time: 115.132183075 gamma:0.01 TR:0.5
38.0 ~~~~~~~~~~~~~~~~~~~~~~~~~~~~
method: CSL-Plus, T, 10, real_i: 0, ratio: 0.2, test_ratio: 0.5, swaprate: 0.0,gamma:0.03, graph_size: 5000
/network/rit/lab/ceashpc/adil/data/adv_csl/Jan2//random_pgd/5000/nodes-5000-T-10-rate-0.2-testratio-0.5-swaprate-0.0-gamma-0.03-realization-0-data-X.pkl
#Rules: 10734 Gen rule time:0.0462610721588
0 Creating 10 consumers
1 Creating 10 consumers
2 Creating 10 consumers
prob_mse: 0.232902142857, running time: 180.983337879 gamma:0.03 TR:0.5
39.0 ~~~~~~~~~~~~~~~~~~~~~~~~~~~~
method: CSL-Plus, T, 10, real_i: 0, ratio: 0.2, test_ratio: 0.5, swaprate: 0.0,gamma:0.05, graph_size: 5000
/network/rit/lab/ceashpc/adil/data/adv_csl/Jan2//random_pgd/5000/nodes-5000-T-10-rate-0.2-testratio-0.5-swaprate-0.0-gamma-0.05-realization-0-data-X.pkl
#Rules: 10734 Gen rule time:0.117388010025
0 Creating 10 consumers
1 Creating 10 consumers
2 Creating 10 consumers
prob_mse: 0.232902142857, running time: 176.402584791 gamma:0.05 TR:0.5
40.0 ~~~~~~~~~~~~~~~~~~~~~~~~~~~~
method: CSL-Plus, T, 10, real_i: 0, ratio: 0.2, test_ratio: 0.5, swaprate: 0.0,gamma:0.07, graph_size: 5000
/network/rit/lab/ceashpc/adil/data/adv_csl/Jan2//random_pgd/5000/nodes-5000-T-10-rate-0.2-testratio-0.5-swaprate-0.0-gamma-0.07-realization-0-data-X.pkl
#Rules: 10734 Gen rule time:0.0952579975128
0 Creating 10 consumers
1 Creating 10 consumers
2 Creating 10 consumers
prob_mse: 0.232902142857, running time: 188.734620094 gamma:0.07 TR:0.5
41.0 ~~~~~~~~~~~~~~~~~~~~~~~~~~~~
method: CSL-Plus, T, 10, real_i: 0, ratio: 0.2, test_ratio: 0.5, swaprate: 0.0,gamma:0.09, graph_size: 5000
/network/rit/lab/ceashpc/adil/data/adv_csl/Jan2//random_pgd/5000/nodes-5000-T-10-rate-0.2-testratio-0.5-swaprate-0.0-gamma-0.09-realization-0-data-X.pkl
#Rules: 10734 Gen rule time:0.101832151413
0 Creating 10 consumers
1 Creating 10 consumers
2 Creating 10 consumers
prob_mse: 0.233646011905, running time: 193.064136028 gamma:0.09 TR:0.5
42.0 ~~~~~~~~~~~~~~~~~~~~~~~~~~~~
method: CSL-Plus, T, 10, real_i: 0, ratio: 0.2, test_ratio: 0.5, swaprate: 0.0,gamma:0.2, graph_size: 5000
/network/rit/lab/ceashpc/adil/data/adv_csl/Jan2//random_pgd/5000/nodes-5000-T-10-rate-0.2-testratio-0.5-swaprate-0.0-gamma-0.2-realization-0-data-X.pkl
#Rules: 10734 Gen rule time:0.1038210392
0 Creating 10 consumers
1 Creating 10 consumers
2 Creating 10 consumers
prob_mse: 0.314721309524, running time: 283.586267948 gamma:0.2 TR:0.5
43.0 ~~~~~~~~~~~~~~~~~~~~~~~~~~~~
method: CSL-Plus, T, 10, real_i: 0, ratio: 0.2, test_ratio: 0.5, swaprate: 0.0,gamma:0.3, graph_size: 5000
/network/rit/lab/ceashpc/adil/data/adv_csl/Jan2//random_pgd/5000/nodes-5000-T-10-rate-0.2-testratio-0.5-swaprate-0.0-gamma-0.3-realization-0-data-X.pkl
#Rules: 10734 Gen rule time:0.0464279651642
0 Creating 10 consumers
1 Creating 10 consumers
2 Creating 10 consumers
prob_mse: 0.313977261905, running time: 292.028836012 gamma:0.3 TR:0.5
44.0 ~~~~~~~~~~~~~~~~~~~~~~~~~~~~
method: CSL-Plus, T, 10, real_i: 0, ratio: 0.2, test_ratio: 0.5, swaprate: 0.0,gamma:0.4, graph_size: 5000
/network/rit/lab/ceashpc/adil/data/adv_csl/Jan2//random_pgd/5000/nodes-5000-T-10-rate-0.2-testratio-0.5-swaprate-0.0-gamma-0.4-realization-0-data-X.pkl
#Rules: 10734 Gen rule time:0.0465779304504
0 Creating 10 consumers
1 Creating 10 consumers
2 Creating 10 consumers
prob_mse: 0.313977261905, running time: 281.03004694 gamma:0.4 TR:0.5


T= 10 is done.......................................




N= 5000 is done.........................................


