

--------------------------------------------------
--------------------------------------------------

-------------------Thu, 18 Jul 2019 04:26:17 PM EDT---------------------

0 ~~~~~~~~~~~~~~~~~~~~~~~~~~~~
method: CSL-Plus, T, 10, real_i: 0, ratio: 0.2, test_ratio: 0.3, swaprate: 0.0,gamma:0.0, graph_size: 5000
/network/rit/lab/ceashpc/adil/data/adv_csl/Jan2//random_pgd/5000/nodes-5000-T-10-rate-0.2-testratio-0.3-swaprate-0.0-gamma-0.0-realization-0-data-X.pkl
#Rules: 10734 Gen rule time:0.0885019302368
0 Creating 10 consumers
1 Creating 10 consumers
2 Creating 10 consumers
prob_mse: 0.190170386905, running time: 166.871944904 gamma:0.0 TR:0.3
1.0 ~~~~~~~~~~~~~~~~~~~~~~~~~~~~
method: CSL-Plus, T, 10, real_i: 0, ratio: 0.2, test_ratio: 0.3, swaprate: 0.0,gamma:0.01, graph_size: 5000
/network/rit/lab/ceashpc/adil/data/adv_csl/Jan2//random_pgd/5000/nodes-5000-T-10-rate-0.2-testratio-0.3-swaprate-0.0-gamma-0.01-realization-0-data-X.pkl
#Rules: 10734 Gen rule time:0.0438449382782
0 Creating 10 consumers
1 Creating 10 consumers
2 Creating 10 consumers
3 Creating 10 consumers
prob_mse: 0.186990823413, running time: 166.315642834 gamma:0.01 TR:0.3
2.0 ~~~~~~~~~~~~~~~~~~~~~~~~~~~~
method: CSL-Plus, T, 10, real_i: 0, ratio: 0.2, test_ratio: 0.3, swaprate: 0.0,gamma:0.03, graph_size: 5000
/network/rit/lab/ceashpc/adil/data/adv_csl/Jan2//random_pgd/5000/nodes-5000-T-10-rate-0.2-testratio-0.3-swaprate-0.0-gamma-0.03-realization-0-data-X.pkl
#Rules: 10734 Gen rule time:0.0965020656586
0 Creating 10 consumers
1 Creating 10 consumers
2 Creating 10 consumers
