

--------------------------------------------------
--------------------------------------------------

-------------------Sat, 20 Jul 2019 08:24:39 AM EDT---------------------

0 ~~~~~~~~~~~~~~~~~~~~~~~~~~~~~~~~~~~~~~~~~~~~~~~~~~~~~~~~~~~~~~~`
dataset: facebook method: CSL-Plus, #attack_edge:10000,T:10,test_ratio: 0.3,gamma:0.0
/network/rit/lab/ceashpc/adil/data/adv_csl/Jan2/random_pgd/facebook/facebook-attackedges-10000-T-10-testratio-0.3-swap_ratio-0.01-gamma-0.0-realization-0-data-X.pkl
#Rule:372936 Nodes:8078 Edges:372936
0 Creating 10 consumers
Iter-0: 22.86/10.33 | Iter-1: 28.93/16.4 | Iter-2: 25.65/13.14 | Iter-3: 29.73/17.13 | Iter-4: 29.57/16.99 | 
Iter-0: 21.97/9.47 | Iter-1: 28.68/16.14 | Iter-2: 25.54/12.96 | Iter-3: 29.46/16.88 | Iter-4: 29.23/16.63 | 
Iter-0: 21.96/9.47 | Iter-1: 28.46/15.95 | Iter-2: 25.42/12.89 | Iter-3: 29.21/16.63 | Iter-4: 29.09/16.49 | 
Iter-0: 23.55/10.23 | Iter-1: 30.43/17.19 | Iter-2: 27.26/13.88 | Iter-3: 31.13/17.74 | Iter-4: 30.65/17.63 | 
Iter-0: 41.6/18.08 | Iter-1: 53.63/30.1 | Iter-2: 41.41/24.5 | Iter-3: 30.58/17.53 | Iter-4: 30.39/17.36 | 
Iter-0: 41.49/18.04 | Iter-1: 53.28/29.89 | Iter-2: 40.31/24.32 | Iter-3: 31.38/17.94 | Iter-4: 31.22/17.73 | 
Iter-0: 43.77/19.07 | Iter-1: 56.31/31.78 | Iter-2: 49.74/25.78 | Iter-3: 30.69/17.74 | Iter-4: 30.54/17.56 | 
Iter-0: 43.3/18.69 | Iter-1: 55.51/30.89 | Iter-2: 44.53/25.27 | Iter-3: 30.27/17.29 | Iter-4: 30.16/17.08 | 
Iter-0: 43.25/18.98 | Iter-1: 56.15/31.84 | Iter-2: 50.08/25.79 | Iter-3: 56.67/33.14 | Iter-4: 31.21/17.77 | 
Iter-0: 43.25/18.81 | Iter-1: 55.68/31.3 | Iter-2: 49.82/25.46 | Iter-3: 54.0/32.6 | Iter-4: 30.42/17.52 | 
1 Creating 10 consumers
Iter-0: 22.59/9.64 | Iter-1: 30.44/16.63 | Iter-2: 26.3/13.04 | Iter-3: 28.45/15.19 | Iter-4: 28.69/15.44 | 
Iter-0: 23.23/10.14 | Iter-1: 29.7/16.25 | Iter-2: 26.0/12.91 | Iter-3: 28.0/14.81 | Iter-4: 28.18/15.0 | 
Iter-0: 22.97/9.81 | Iter-1: 31.46/17.25 | Iter-2: 27.22/13.54 | Iter-3: 29.42/15.74 | Iter-4: 29.82/16.14 | 
Iter-0: 22.7/9.55 | Iter-1: 29.67/16.11 | Iter-2: 26.04/12.82 | Iter-3: 27.86/14.64 | Iter-4: 28.03/14.76 | 
Iter-0: 41.81/16.9 | Iter-1: 56.29/30.79 | Iter-2: 43.89/24.48 | Iter-3: 28.22/15.06 | Iter-4: 28.43/15.28 | 
Iter-0: 43.16/18.33 | Iter-1: 56.11/30.81 | Iter-2: 41.42/24.65 | Iter-3: 28.6/15.28 | Iter-4: 28.54/15.45 | 
Iter-0: 43.39/18.91 | Iter-1: 55.36/30.3 | Iter-2: 40.35/24.31 | Iter-3: 28.04/14.81 | Iter-4: 28.18/14.93 | 
Iter-0: 43.35/18.87 | Iter-1: 55.41/30.32 | Iter-2: 40.47/24.32 | Iter-3: 28.25/14.92 | Iter-4: 28.29/15.02 | 
Iter-0: 43.52/19.02 | Iter-1: 55.73/30.64 | Iter-2: 49.12/24.41 | Iter-3: 50.76/28.14 | Iter-4: 26.3/13.88 | 
Iter-0: 43.59/18.8 | Iter-1: 55.26/30.01 | Iter-2: 49.07/24.13 | Iter-3: 46.07/27.37 | Iter-4: 27.71/14.68 | 
2 Creating 10 consumers
Iter-0: 22.12/9.6 | Iter-1: 27.92/15.42 | Iter-2: 25.01/12.07 | Iter-3: 26.47/13.88 | 
Iter-0: 21.82/9.38 | Iter-1: 27.54/15.11 | Iter-2: 24.75/11.91 | Iter-3: 25.99/13.55 | 
Iter-0: 22.3/9.62 | Iter-1: 27.92/15.33 | Iter-2: 25.18/12.12 | Iter-3: 26.21/13.56 | 
Iter-0: 23.4/10.14 | Iter-1: 30.0/16.68 | Iter-2: 26.63/12.94 | Iter-3: 28.51/15.08 | 
Iter-0: 37.37/13.62 | Iter-1: 52.51/28.71 | Iter-2: 44.91/22.52 | Iter-3: 28.58/15.29 | 
Iter-0: 41.9/17.85 | Iter-1: 52.27/28.23 | Iter-2: 35.95/22.4 | Iter-3: 27.49/14.4 | 
Iter-0: 42.97/18.7 | Iter-1: 54.16/29.88 | Iter-2: 42.29/23.67 | Iter-3: 27.48/14.45 | 
Iter-0: 43.02/18.7 | Iter-1: 54.06/29.76 | Iter-2: 40.77/23.56 | Iter-3: 27.4/14.36 | 
Iter-0: 43.41/19.0 | Iter-1: 55.02/30.6 | Iter-2: 48.96/24.09 | Iter-3: 47.75/27.66 | 
Iter-0: 43.58/18.94 | Iter-1: 54.75/30.14 | Iter-2: 48.9/23.85 | Iter-3: 44.3/27.18 | 
3 Creating 10 consumers
Iter-0: 22.43/9.53 | Iter-1: 27.91/15.4 | Iter-2: 24.45/12.02 | Iter-3: 26.38/13.88 | 
Iter-0: 24.07/10.34 | Iter-1: 30.21/16.83 | Iter-2: 26.19/13.05 | Iter-3: 28.3/15.21 | 
Iter-0: 22.76/9.59 | Iter-1: 27.82/15.19 | Iter-2: 24.58/12.04 | Iter-3: 26.09/13.52 | 
Iter-0: 23.93/10.28 | Iter-1: 29.79/16.48 | Iter-2: 26.29/13.02 | Iter-3: 28.1/14.89 | 
Iter-0: 42.16/18.07 | Iter-1: 52.55/28.97 | Iter-2: 38.88/22.92 | Iter-3: 27.64/14.52 | 
Iter-0: 42.1/18.04 | Iter-1: 52.23/28.66 | Iter-2: 37.57/22.78 | Iter-3: 28.56/15.01 | 
Iter-0: 41.57/17.81 | Iter-1: 51.35/28.31 | Iter-2: 42.11/22.46 | Iter-3: 27.61/14.48 | 
Iter-0: 41.46/17.73 | Iter-1: 51.06/28.06 | Iter-2: 40.76/22.31 | Iter-3: 27.42/14.32 | 
Iter-0: 44.44/18.89 | Iter-1: 54.7/30.1 | Iter-2: 41.81/23.8 | Iter-3: 27.79/14.69 | 
Iter-0: 44.02/18.89 | Iter-1: 54.32/29.77 | Iter-2: 38.97/23.63 | Iter-3: 27.25/14.25 | 
prob_mse: 0.131519114411, running time: 945.854982853
1.0 ~~~~~~~~~~~~~~~~~~~~~~~~~~~~~~~~~~~~~~~~~~~~~~~~~~~~~~~~~~~~~~~`
dataset: facebook method: CSL-Plus, #attack_edge:10000,T:10,test_ratio: 0.3,gamma:0.01
/network/rit/lab/ceashpc/adil/data/adv_csl/Jan2/random_pgd/facebook/facebook-attackedges-10000-T-10-testratio-0.3-swap_ratio-0.01-gamma-0.01-realization-0-data-X.pkl
#Rule:372936 Nodes:8078 Edges:372936
0 Creating 10 consumers
Iter-0: 30.17/17.67 | Iter-1: 33.46/20.95 | Iter-2: 29.64/17.07 | Iter-3: 26.79/14.28 | Iter-4: 29.5/16.43 | 
Iter-0: 31.9/18.68 | Iter-1: 35.44/22.21 | Iter-2: 31.37/18.05 | Iter-3: 28.11/14.83 | Iter-4: 30.13/17.15 | 
Iter-0: 31.49/18.46 | Iter-1: 35.55/22.46 | Iter-2: 30.67/17.62 | Iter-3: 44.48/20.18 | Iter-4: 39.38/26.35 | 
Iter-0: 29.94/17.4 | Iter-1: 33.64/20.95 | Iter-2: 29.56/16.95 | Iter-3: 45.26/20.21 | Iter-4: 54.82/31.05 | 
Iter-0: 55.4/32.07 | Iter-1: 51.39/38.45 | Iter-2: 29.5/16.82 | Iter-3: 27.08/14.62 | Iter-4: 28.62/16.05 | 
Iter-0: 54.49/31.51 | Iter-1: 60.22/37.14 | Iter-2: 49.85/30.48 | Iter-3: 25.86/13.47 | Iter-4: 29.43/16.38 | 
Iter-0: 56.33/32.81 | Iter-1: 49.96/37.24 | Iter-2: 30.4/17.33 | Iter-3: 41.33/18.08 | Iter-4: 33.94/20.46 | 
Iter-0: 54.9/31.69 | Iter-1: 61.28/38.04 | Iter-2: 45.85/31.41 | Iter-3: 26.07/13.7 | Iter-4: 30.07/17.03 | 
Iter-0: 55.55/31.29 | Iter-1: 64.41/40.14 | Iter-2: 50.36/32.45 | Iter-3: 27.24/14.3 | Iter-4: 29.79/16.85 | 
Iter-0: 57.99/33.39 | Iter-1: 64.78/40.49 | Iter-2: 48.4/32.42 | Iter-3: 27.71/14.62 | Iter-4: 29.81/16.86 | 
1 Creating 10 consumers
Iter-0: 31.27/18.3 | Iter-1: 33.36/19.93 | Iter-2: 30.36/17.45 | Iter-3: 29.53/16.5 | Iter-4: 29.87/16.95 | 
Iter-0: 31.44/18.38 | Iter-1: 33.4/19.86 | Iter-2: 30.53/17.55 | Iter-3: 29.2/16.13 | Iter-4: 30.19/17.21 | 
Iter-0: 31.47/18.4 | Iter-1: 33.48/19.97 | Iter-2: 30.76/17.73 | Iter-3: 29.54/16.46 | Iter-4: 30.31/17.3 | 
Iter-0: 32.46/18.96 | Iter-1: 34.66/20.69 | Iter-2: 31.83/18.32 | Iter-3: 30.69/17.12 | Iter-4: 31.22/17.69 | 
Iter-0: 58.96/34.37 | Iter-1: 62.42/37.28 | Iter-2: 44.65/31.64 | Iter-3: 29.63/16.65 | Iter-4: 30.1/17.16 | 
Iter-0: 59.07/34.25 | Iter-1: 62.72/37.43 | Iter-2: 42.21/29.16 | Iter-3: 29.71/16.69 | Iter-4: 30.94/17.08 | 
Iter-0: 58.66/34.43 | Iter-1: 62.6/37.82 | Iter-2: 40.75/27.54 | Iter-3: 28.62/16.25 | Iter-4: 30.28/17.14 | 
Iter-0: 58.88/34.6 | Iter-1: 62.64/37.87 | Iter-2: 39.72/26.6 | Iter-3: 28.24/15.91 | Iter-4: 30.58/17.49 | 
Iter-0: 58.23/33.97 | Iter-1: 61.91/37.18 | Iter-2: 55.25/33.18 | Iter-3: 29.58/16.59 | Iter-4: 29.81/17.39 | 
Iter-0: 58.17/33.95 | Iter-1: 61.97/37.27 | Iter-2: 54.02/33.29 | Iter-3: 29.96/16.84 | Iter-4: 30.54/17.55 | 
2 Creating 10 consumers
Iter-0: 30.58/17.47 | Iter-1: 32.46/19.43 | Iter-2: 30.02/17.05 | Iter-3: 29.42/16.42 | Iter-4: 29.68/16.72 | 
Iter-0: 31.67/18.79 | Iter-1: 32.69/19.7 | Iter-2: 30.25/17.33 | Iter-3: 29.34/16.37 | Iter-4: 29.84/16.89 | 
Iter-0: 31.48/18.03 | Iter-1: 33.47/19.99 | Iter-2: 31.03/17.61 | Iter-3: 29.72/16.22 | Iter-4: 30.79/17.33 | 
Iter-0: 31.41/18.42 | Iter-1: 32.88/19.91 | Iter-2: 30.56/17.57 | Iter-3: 29.52/16.49 | Iter-4: 30.27/17.11 | 
Iter-0: 56.25/31.77 | Iter-1: 60.69/36.16 | Iter-2: 43.94/30.79 | Iter-3: 29.55/16.39 | Iter-4: 30.17/17.02 | 
Iter-0: 58.33/33.95 | Iter-1: 60.94/36.52 | Iter-2: 44.04/30.8 | Iter-3: 29.59/16.34 | Iter-4: 30.35/17.11 | 
Iter-0: 58.48/33.71 | Iter-1: 61.18/36.39 | Iter-2: 37.34/24.31 | Iter-3: 29.26/16.23 | Iter-4: 29.67/17.43 | 
Iter-0: 58.47/34.07 | Iter-1: 61.2/36.83 | Iter-2: 42.5/29.4 | Iter-3: 29.6/16.49 | Iter-4: 30.41/17.34 | 
Iter-0: 57.48/33.29 | Iter-1: 60.25/35.87 | Iter-2: 56.11/31.69 | Iter-3: 52.44/29.8 | Iter-4: 27.29/15.08 | 
Iter-0: 58.2/33.62 | Iter-1: 60.95/36.27 | Iter-2: 56.72/32.11 | Iter-3: 47.59/30.04 | Iter-4: 29.81/16.91 | 
3 Creating 10 consumers
Iter-0: 30.67/17.5 | Iter-1: 32.81/19.61 | Iter-2: 30.52/17.31 | Iter-3: 29.46/16.25 | Iter-4: 29.97/16.8 | 
Iter-0: 30.6/17.45 | Iter-1: 32.77/19.62 | Iter-2: 30.48/17.32 | Iter-3: 29.41/16.21 | Iter-4: 30.14/16.92 | 
Iter-0: 31.02/17.62 | Iter-1: 33.62/20.07 | Iter-2: 31.32/17.74 | Iter-3: 29.95/16.37 | Iter-4: 31.08/17.46 | 
Iter-0: 31.89/18.84 | Iter-1: 32.89/19.8 | Iter-2: 30.53/17.49 | Iter-3: 29.54/16.48 | Iter-4: 30.13/17.08 | 
Iter-0: 55.39/30.72 | Iter-1: 60.37/35.96 | Iter-2: 48.74/31.71 | Iter-3: 29.44/16.53 | Iter-4: 29.76/16.85 | 
Iter-0: 58.81/34.41 | Iter-1: 61.14/36.68 | Iter-2: 47.6/32.43 | Iter-3: 29.88/16.72 | Iter-4: 29.95/17.23 | 
Iter-0: 57.91/33.13 | Iter-1: 61.04/36.27 | Iter-2: 42.64/29.46 | Iter-3: 29.71/16.52 | Iter-4: 29.7/17.32 | 
Iter-0: 58.66/34.03 | Iter-1: 61.47/36.79 | Iter-2: 43.41/30.17 | Iter-3: 29.97/16.79 | Iter-4: 30.69/17.31 | 
Iter-0: 57.85/33.59 | Iter-1: 60.58/36.3 | Iter-2: 56.53/32.23 | Iter-3: 47.45/30.26 | Iter-4: 29.96/16.97 | 
Iter-0: 58.21/33.83 | Iter-1: 60.94/36.5 | Iter-2: 57.0/32.53 | Iter-3: 44.63/30.14 | Iter-4: 28.66/16.4 | 
4 Creating 10 consumers
Iter-0: 30.65/17.61 | Iter-1: 31.18/18.57 | Iter-2: 28.85/16.36 | Iter-3: 28.09/15.68 | Iter-4: 28.36/15.96 | 
Iter-0: 30.54/17.6 | Iter-1: 31.3/18.69 | Iter-2: 29.06/16.48 | Iter-3: 28.3/15.62 | Iter-4: 28.83/16.06 | 
Iter-0: 30.48/17.46 | Iter-1: 31.39/18.76 | Iter-2: 29.18/16.63 | Iter-3: 28.23/15.65 | Iter-4: 29.35/16.19 | 
Iter-0: 33.6/19.93 | Iter-1: 33.42/19.97 | Iter-2: 30.91/17.57 | Iter-3: 29.85/16.45 | Iter-4: 30.18/17.12 | 
Iter-0: 55.98/32.08 | Iter-1: 57.95/34.5 | Iter-2: 41.75/28.22 | Iter-3: 30.59/17.07 | Iter-4: 31.14/17.64 | 
Iter-0: 58.89/33.86 | Iter-1: 60.29/35.73 | Iter-2: 48.39/31.75 | Iter-3: 28.78/15.8 | Iter-4: 29.87/16.82 | 
Iter-0: 56.74/32.48 | Iter-1: 58.86/35.03 | Iter-2: 37.01/23.95 | Iter-3: 29.33/16.29 | Iter-4: 30.24/17.47 | 
Iter-0: 59.1/33.95 | Iter-1: 61.16/36.41 | Iter-2: 44.08/31.03 | Iter-3: 29.42/16.41 | Iter-4: 30.15/17.08 | 
Iter-0: 58.57/33.76 | Iter-1: 60.48/36.19 | Iter-2: 56.52/32.19 | Iter-3: 48.49/30.15 | Iter-4: 29.33/16.38 | 
Iter-0: 58.82/33.97 | Iter-1: 60.98/36.55 | Iter-2: 56.92/32.47 | Iter-3: 45.61/30.34 | Iter-4: 28.15/15.69 | 
prob_mse: 0.375785671067, running time: 1321.46732402
2.0 ~~~~~~~~~~~~~~~~~~~~~~~~~~~~~~~~~~~~~~~~~~~~~~~~~~~~~~~~~~~~~~~`
dataset: facebook method: CSL-Plus, #attack_edge:10000,T:10,test_ratio: 0.3,gamma:0.03
/network/rit/lab/ceashpc/adil/data/adv_csl/Jan2/random_pgd/facebook/facebook-attackedges-10000-T-10-testratio-0.3-swap_ratio-0.01-gamma-0.03-realization-0-data-X.pkl
#Rule:372936 Nodes:8078 Edges:372936
0 Creating 10 consumers
Iter-0: 29.96/17.54 | Iter-1: 34.85/22.34 | Iter-2: 29.41/16.97 | Iter-3: 27.01/14.47 | Iter-4: 29.96/17.46 | 
Iter-0: 29.87/17.41 | Iter-1: 34.74/22.24 | Iter-2: 29.43/16.97 | Iter-3: 27.43/14.88 | Iter-4: 30.21/17.52 | 
Iter-0: 34.12/20.98 | Iter-1: 36.26/23.02 | Iter-2: 30.77/17.61 | Iter-3: 29.29/16.02 | Iter-4: 30.94/18.02 | 
Iter-0: 29.51/17.18 | Iter-1: 33.85/21.55 | Iter-2: 29.09/16.79 | Iter-3: 27.57/15.24 | Iter-4: 29.53/16.46 | 
Iter-0: 55.76/32.17 | Iter-1: 64.23/40.62 | Iter-2: 40.7/27.75 | Iter-3: 28.87/15.94 | Iter-4: 30.91/17.98 | 
Iter-0: 56.14/31.8 | Iter-1: 66.28/41.9 | Iter-2: 46.98/32.4 | Iter-3: 28.47/15.59 | Iter-4: 30.95/18.05 | 
Iter-0: 55.37/31.82 | Iter-1: 63.65/40.11 | Iter-2: 38.21/24.83 | Iter-3: 29.78/16.46 | Iter-4: 31.69/18.33 | 
Iter-0: 57.92/33.32 | Iter-1: 66.51/41.88 | Iter-2: 42.16/29.26 | Iter-3: 28.56/15.71 | Iter-4: 30.77/17.85 | 
Iter-0: 58.16/33.91 | Iter-1: 66.56/42.26 | Iter-2: 57.01/32.7 | Iter-3: 47.6/29.49 | Iter-4: 31.33/17.97 | 
Iter-0: 57.92/33.65 | Iter-1: 66.78/42.47 | Iter-2: 57.13/32.78 | Iter-3: 46.2/29.07 | Iter-4: 30.94/18.1 | 
1 Creating 10 consumers
Iter-0: 29.85/17.37 | Iter-1: 32.95/20.42 | Iter-2: 31.0/18.44 | Iter-3: 29.47/16.87 | Iter-4: 29.96/17.37 | 
Iter-0: 30.6/18.09 | Iter-1: 33.2/20.59 | Iter-2: 31.27/18.63 | Iter-3: 29.85/17.21 | Iter-4: 30.23/17.55 | 
Iter-0: 31.63/18.48 | Iter-1: 34.59/21.47 | Iter-2: 32.84/19.61 | Iter-3: 31.13/17.9 | Iter-4: 31.48/18.33 | 
Iter-0: 31.52/18.37 | Iter-1: 34.78/21.62 | Iter-2: 32.77/19.57 | Iter-3: 31.15/17.92 | Iter-4: 31.58/18.53 | 
Iter-0: 55.9/32.32 | Iter-1: 61.11/37.44 | Iter-2: 49.52/34.06 | Iter-3: 31.79/18.3 | Iter-4: 32.79/19.24 | 
Iter-0: 54.77/30.03 | Iter-1: 63.87/39.08 | Iter-2: 52.93/34.98 | Iter-3: 31.07/18.08 | Iter-4: 31.29/18.29 | 
Iter-0: 54.85/31.87 | Iter-1: 60.64/37.64 | Iter-2: 47.07/34.0 | Iter-3: 30.98/17.86 | Iter-4: 31.62/18.47 | 
Iter-0: 56.26/32.36 | Iter-1: 62.17/38.15 | Iter-2: 44.8/31.65 | Iter-3: 30.81/17.68 | Iter-4: 31.73/18.49 | 
Iter-0: 54.91/31.75 | Iter-1: 60.85/37.66 | Iter-2: 45.05/31.86 | Iter-3: 30.93/17.76 | Iter-4: 31.89/18.68 | 
Iter-0: 58.0/33.26 | Iter-1: 64.1/39.35 | Iter-2: 45.48/32.54 | Iter-3: 30.64/17.71 | Iter-4: 31.27/18.33 | 
2 Creating 10 consumers
Iter-0: 30.15/17.63 | Iter-1: 32.31/19.71 | Iter-2: 30.35/17.76 | Iter-3: 28.83/16.2 | Iter-4: 29.62/17.08 | 
Iter-0: 30.44/17.83 | Iter-1: 32.81/20.14 | Iter-2: 30.5/17.97 | Iter-3: 29.1/16.55 | Iter-4: 29.45/16.83 | 
Iter-0: 30.23/17.72 | Iter-1: 32.69/20.15 | Iter-2: 30.86/18.16 | Iter-3: 29.58/16.91 | Iter-4: 29.85/17.08 | 
Iter-0: 31.66/18.47 | Iter-1: 34.55/21.26 | Iter-2: 32.76/19.4 | Iter-3: 31.21/17.83 | Iter-4: 31.4/18.43 | 
Iter-0: 55.5/31.98 | Iter-1: 60.75/37.21 | Iter-2: 44.96/31.47 | Iter-3: 31.49/18.04 | Iter-4: 32.2/18.72 | 
Iter-0: 58.67/34.08 | Iter-1: 63.46/38.89 | Iter-2: 52.07/34.86 | Iter-3: 30.73/17.8 | Iter-4: 30.72/17.79 | 
Iter-0: 56.07/32.16 | Iter-1: 61.51/37.56 | Iter-2: 40.33/27.32 | Iter-3: 30.37/17.36 | Iter-4: 31.09/18.32 | 
Iter-0: 58.36/33.59 | Iter-1: 63.55/38.79 | Iter-2: 47.89/34.8 | Iter-3: 30.68/17.66 | Iter-4: 31.05/17.94 | 
Iter-0: 57.92/33.49 | Iter-1: 63.38/38.94 | Iter-2: 59.62/35.21 | Iter-3: 48.42/32.31 | Iter-4: 28.68/16.38 | 
Iter-0: 57.96/33.57 | Iter-1: 63.53/39.12 | Iter-2: 59.77/35.33 | Iter-3: 47.49/32.45 | Iter-4: 30.85/17.94 | 
3 Creating 10 consumers
Iter-0: 30.73/17.7 | Iter-1: 33.99/21.01 | Iter-2: 32.36/18.91 | Iter-3: 30.22/17.23 | Iter-4: 30.99/17.95 | 
Iter-0: 31.44/18.56 | Iter-1: 33.97/21.04 | Iter-2: 32.2/18.91 | Iter-3: 30.4/17.45 | Iter-4: 30.72/17.78 | 
Iter-0: 30.96/17.94 | Iter-1: 34.15/21.19 | Iter-2: 32.53/19.09 | Iter-3: 30.39/17.42 | Iter-4: 31.07/18.0 | 
Iter-0: 32.5/18.91 | Iter-1: 35.37/21.94 | Iter-2: 33.65/19.76 | Iter-3: 31.39/17.96 | Iter-4: 32.23/18.74 | 
Iter-0: 50.21/25.64 | Iter-1: 63.09/38.89 | Iter-2: 54.79/34.91 | Iter-3: 30.97/17.88 | Iter-4: 31.0/17.98 | 
Iter-0: 51.66/27.25 | Iter-1: 63.73/39.31 | Iter-2: 53.06/35.36 | Iter-3: 30.61/17.46 | Iter-4: 30.86/17.8 | 
Iter-0: 57.79/33.57 | Iter-1: 62.61/38.38 | Iter-2: 51.65/34.61 | Iter-3: 30.02/16.96 | Iter-4: 30.94/17.94 | 
Iter-0: 56.65/32.3 | Iter-1: 63.37/39.03 | Iter-2: 49.33/35.16 | Iter-3: 30.45/17.41 | Iter-4: 31.05/18.04 | 
Iter-0: 57.93/33.61 | Iter-1: 63.02/38.67 | Iter-2: 59.54/34.78 | Iter-3: 51.04/32.39 | Iter-4: 31.73/18.12 | 
Iter-0: 57.63/33.3 | Iter-1: 63.21/38.84 | Iter-2: 60.14/35.16 | Iter-3: 45.8/31.66 | Iter-4: 30.94/18.12 | 
4 Creating 10 consumers
Iter-0: 31.37/18.3 | Iter-1: 32.59/20.01 | Iter-2: 30.53/17.99 | Iter-3: 29.47/16.92 | Iter-4: 29.37/16.87 | 
Iter-0: 30.31/17.39 | Iter-1: 32.27/19.8 | Iter-2: 30.37/17.87 | Iter-3: 29.19/16.62 | Iter-4: 29.18/16.62 | 
Iter-0: 30.08/17.32 | Iter-1: 32.4/20.0 | Iter-2: 30.37/18.05 | Iter-3: 28.65/16.3 | Iter-4: 29.67/17.01 | 
Iter-0: 32.35/18.78 | Iter-1: 34.99/21.61 | Iter-2: 32.56/19.25 | Iter-3: 31.05/17.71 | Iter-4: 31.0/17.96 | 
Iter-0: 56.35/32.25 | Iter-1: 60.52/37.23 | Iter-2: 45.36/31.93 | Iter-3: 31.49/18.12 | Iter-4: 31.88/18.46 | 
Iter-0: 56.69/32.51 | Iter-1: 61.46/37.8 | Iter-2: 41.39/28.44 | Iter-3: 30.21/17.22 | Iter-4: 31.08/18.26 | 
Iter-0: 58.96/33.68 | Iter-1: 63.18/38.69 | Iter-2: 49.15/35.02 | Iter-3: 30.25/17.12 | Iter-4: 30.65/17.73 | 
Iter-0: 59.05/33.94 | Iter-1: 63.93/39.34 | Iter-2: 45.38/32.36 | Iter-3: 30.35/17.41 | Iter-4: 30.96/18.0 | 
Iter-0: 58.96/33.9 | Iter-1: 62.51/38.2 | Iter-2: 58.87/34.56 | Iter-3: 54.13/31.25 | Iter-4: 28.45/16.38 | 
Iter-0: 58.52/33.53 | Iter-1: 63.25/38.75 | Iter-2: 59.58/35.04 | Iter-3: 49.59/31.94 | Iter-4: 30.81/17.9 | 
prob_mse: 0.367120654565, running time: 1378.97406292
3.0 ~~~~~~~~~~~~~~~~~~~~~~~~~~~~~~~~~~~~~~~~~~~~~~~~~~~~~~~~~~~~~~~`
dataset: facebook method: CSL-Plus, #attack_edge:10000,T:10,test_ratio: 0.3,gamma:0.05
/network/rit/lab/ceashpc/adil/data/adv_csl/Jan2/random_pgd/facebook/facebook-attackedges-10000-T-10-testratio-0.3-swap_ratio-0.01-gamma-0.05-realization-0-data-X.pkl
#Rule:372936 Nodes:8078 Edges:372936
0 Creating 10 consumers
Iter-0: 29.32/17.11 | Iter-1: 33.81/21.56 | Iter-2: 29.01/16.78 | Iter-3: 27.31/15.02 | Iter-4: 29.2/16.96 | 
Iter-0: 31.58/18.48 | Iter-1: 36.68/23.57 | Iter-2: 31.08/18.03 | Iter-3: 28.85/15.76 | Iter-4: 31.77/18.7 | 
Iter-0: 31.89/18.49 | Iter-1: 36.15/23.07 | Iter-2: 30.95/17.89 | Iter-3: 29.69/16.65 | Iter-4: 31.42/18.42 | 
Iter-0: 29.92/17.44 | Iter-1: 34.66/22.18 | Iter-2: 29.91/17.42 | Iter-3: 28.33/15.92 | Iter-4: 29.91/17.18 | 
Iter-0: 54.47/31.65 | Iter-1: 61.86/38.96 | Iter-2: 49.86/30.42 | Iter-3: 28.84/15.92 | Iter-4: 30.82/17.93 | 
Iter-0: 54.16/29.81 | Iter-1: 66.57/42.21 | Iter-2: 50.05/32.42 | Iter-3: 27.89/15.07 | Iter-4: 31.08/18.25 | 
Iter-0: 55.0/31.87 | Iter-1: 62.84/39.67 | Iter-2: 44.63/30.96 | Iter-3: 29.93/16.51 | Iter-4: 32.06/18.61 | 
Iter-0: 55.36/32.08 | Iter-1: 63.58/40.25 | Iter-2: 42.62/29.67 | Iter-3: 28.91/15.94 | Iter-4: 31.06/18.09 | 
Iter-0: 54.69/31.65 | Iter-1: 62.95/39.88 | Iter-2: 46.28/31.02 | Iter-3: 28.68/15.76 | Iter-4: 31.28/18.31 | 
Iter-0: 57.31/32.81 | Iter-1: 65.83/41.4 | Iter-2: 42.76/30.01 | Iter-3: 28.84/16.08 | Iter-4: 30.69/17.93 | 
1 Creating 10 consumers
Iter-0: 30.1/17.63 | Iter-1: 33.73/20.72 | Iter-2: 30.66/18.2 | Iter-3: 29.66/17.17 | Iter-4: 29.93/17.45 | 
Iter-0: 29.8/17.39 | Iter-1: 33.11/20.18 | Iter-2: 30.67/18.19 | Iter-3: 29.51/16.93 | Iter-4: 29.78/17.24 | 
Iter-0: 31.36/18.37 | Iter-1: 34.62/21.2 | Iter-2: 31.92/19.0 | Iter-3: 30.48/17.51 | Iter-4: 31.24/18.28 | 
Iter-0: 31.76/18.65 | Iter-1: 35.49/21.77 | Iter-2: 32.78/19.55 | Iter-3: 31.59/18.3 | Iter-4: 31.5/18.47 | 
Iter-0: 54.47/31.65 | Iter-1: 60.57/37.22 | Iter-2: 45.9/32.94 | Iter-3: 30.81/17.82 | Iter-4: 31.26/18.28 | 
Iter-0: 55.86/32.49 | Iter-1: 61.96/38.11 | Iter-2: 45.1/32.0 | Iter-3: 30.94/17.83 | Iter-4: 31.41/18.31 | 
Iter-0: 54.76/31.67 | Iter-1: 61.05/37.37 | Iter-2: 43.33/30.23 | Iter-3: 30.83/17.74 | Iter-4: 31.65/18.54 | 
Iter-0: 58.16/33.87 | Iter-1: 64.27/39.53 | Iter-2: 47.0/33.99 | Iter-3: 30.66/17.72 | Iter-4: 31.19/18.24 | 
Iter-0: 55.56/32.37 | Iter-1: 61.77/38.03 | Iter-2: 44.71/31.16 | Iter-3: 31.94/18.46 | Iter-4: 32.53/19.05 | 
Iter-0: 58.34/34.08 | Iter-1: 64.94/40.08 | Iter-2: 44.56/31.69 | Iter-3: 30.65/17.76 | Iter-4: 31.42/18.46 | 
2 Creating 10 consumers
Iter-0: 29.88/17.37 | Iter-1: 32.51/19.93 | Iter-2: 30.32/17.75 | Iter-3: 29.15/16.51 | Iter-4: 29.5/16.87 | 
Iter-0: 29.64/17.24 | Iter-1: 32.43/19.92 | Iter-2: 30.34/17.85 | Iter-3: 28.87/16.34 | Iter-4: 29.53/16.99 | 
Iter-0: 31.92/18.8 | Iter-1: 34.88/21.71 | Iter-2: 32.44/19.28 | Iter-3: 31.12/17.95 | Iter-4: 31.15/18.17 | 
Iter-0: 31.36/18.37 | Iter-1: 34.36/21.38 | Iter-2: 32.13/19.11 | Iter-3: 30.41/17.41 | Iter-4: 31.2/18.17 | 
Iter-0: 54.33/31.42 | Iter-1: 58.94/35.97 | Iter-2: 47.72/32.28 | Iter-3: 29.9/16.91 | Iter-4: 30.83/17.85 | 
Iter-0: 54.62/31.49 | Iter-1: 59.57/36.45 | Iter-2: 44.47/31.52 | Iter-3: 30.51/17.51 | Iter-4: 30.96/17.9 | 
Iter-0: 54.26/29.77 | Iter-1: 62.35/37.83 | Iter-2: 53.93/33.74 | Iter-3: 30.21/17.47 | Iter-4: 30.32/17.56 | 
Iter-0: 55.69/32.32 | Iter-1: 60.72/37.36 | Iter-2: 44.54/31.55 | Iter-3: 30.31/17.3 | Iter-4: 30.91/17.92 | 
Iter-0: 55.37/32.1 | Iter-1: 60.63/37.32 | Iter-2: 43.28/29.76 | Iter-3: 31.15/17.71 | Iter-4: 32.14/18.77 | 
Iter-0: 57.64/33.03 | Iter-1: 63.07/38.42 | Iter-2: 45.32/32.48 | Iter-3: 30.09/17.27 | Iter-4: 30.73/17.87 | 
3 Creating 10 consumers
Iter-0: 29.87/17.33 | Iter-1: 32.36/19.78 | Iter-2: 30.24/17.67 | Iter-3: 28.61/16.05 | Iter-4: 29.51/16.96 | 
Iter-0: 29.62/17.23 | Iter-1: 32.37/19.96 | Iter-2: 30.29/17.84 | Iter-3: 28.7/16.27 | Iter-4: 29.62/16.89 | 
Iter-0: 29.73/17.21 | Iter-1: 32.51/19.99 | Iter-2: 30.49/17.97 | Iter-3: 28.79/16.24 | Iter-4: 29.97/17.01 | 
Iter-0: 31.66/18.55 | Iter-1: 34.86/21.71 | Iter-2: 32.36/19.23 | Iter-3: 31.13/17.86 | Iter-4: 30.94/18.01 | 
Iter-0: 51.35/27.47 | Iter-1: 60.47/36.53 | Iter-2: 49.18/32.6 | Iter-3: 30.47/17.5 | Iter-4: 30.52/17.62 | 
Iter-0: 55.15/31.49 | Iter-1: 60.35/36.67 | Iter-2: 41.91/28.45 | Iter-3: 31.25/17.88 | Iter-4: 31.65/18.57 | 
Iter-0: 57.83/33.61 | Iter-1: 62.74/38.5 | Iter-2: 49.65/34.49 | Iter-3: 30.12/17.17 | Iter-4: 31.18/17.61 | 
Iter-0: 57.8/33.53 | Iter-1: 62.83/38.55 | Iter-2: 48.28/34.57 | Iter-3: 30.05/17.09 | Iter-4: 30.97/17.84 | 
Iter-0: 58.07/33.95 | Iter-1: 63.09/38.93 | Iter-2: 58.95/34.83 | Iter-3: 45.2/32.09 | Iter-4: 29.25/16.41 | 
Iter-0: 57.5/33.34 | Iter-1: 63.04/38.84 | Iter-2: 59.26/34.96 | Iter-3: 42.11/29.04 | Iter-4: 30.82/18.04 | 
4 Creating 10 consumers
Iter-0: 29.48/17.12 | Iter-1: 32.19/19.84 | Iter-2: 30.07/17.73 | Iter-3: 28.72/16.36 | Iter-4: 29.1/16.75 | 
Iter-0: 29.81/17.28 | Iter-1: 32.44/19.91 | Iter-2: 30.41/17.86 | Iter-3: 28.85/16.3 | Iter-4: 29.68/16.99 | 
Iter-0: 29.69/17.17 | Iter-1: 32.54/20.01 | Iter-2: 30.51/17.97 | Iter-3: 28.93/16.37 | Iter-4: 29.85/17.08 | 
Iter-0: 32.04/18.71 | Iter-1: 35.23/21.85 | Iter-2: 32.83/19.36 | Iter-3: 31.01/17.55 | Iter-4: 31.22/18.12 | 
Iter-0: 54.96/31.75 | Iter-1: 59.73/36.47 | Iter-2: 48.61/32.77 | Iter-3: 31.18/17.8 | Iter-4: 31.66/18.23 | 
Iter-0: 55.75/32.0 | Iter-1: 60.2/36.68 | Iter-2: 46.06/32.97 | Iter-3: 30.08/17.12 | Iter-4: 30.76/17.74 | 
Iter-0: 57.54/33.17 | Iter-1: 62.24/37.82 | Iter-2: 54.45/33.92 | Iter-3: 29.6/16.73 | Iter-4: 30.64/17.71 | 
Iter-0: 57.6/33.15 | Iter-1: 63.07/38.57 | Iter-2: 48.46/34.62 | Iter-3: 30.01/17.07 | Iter-4: 31.05/18.11 | 
Iter-0: 57.79/33.59 | Iter-1: 62.38/38.24 | Iter-2: 58.32/34.19 | Iter-3: 53.89/32.3 | Iter-4: 30.48/17.59 | 
Iter-0: 57.61/33.49 | Iter-1: 62.57/38.4 | Iter-2: 58.56/34.37 | Iter-3: 50.45/32.07 | Iter-4: 31.68/18.13 | 
prob_mse: 0.372449394939, running time: 1304.87464499
4.0 ~~~~~~~~~~~~~~~~~~~~~~~~~~~~~~~~~~~~~~~~~~~~~~~~~~~~~~~~~~~~~~~`
dataset: facebook method: CSL-Plus, #attack_edge:10000,T:10,test_ratio: 0.3,gamma:0.07
/network/rit/lab/ceashpc/adil/data/adv_csl/Jan2/random_pgd/facebook/facebook-attackedges-10000-T-10-testratio-0.3-swap_ratio-0.01-gamma-0.07-realization-0-data-X.pkl
#Rule:372936 Nodes:8078 Edges:372936
0 Creating 10 consumers
Iter-0: 29.69/17.27 | Iter-1: 33.76/21.5 | Iter-2: 28.92/16.68 | Iter-3: 27.25/14.95 | Iter-4: 29.17/16.96 | 
Iter-0: 29.55/17.17 | Iter-1: 34.1/21.71 | Iter-2: 29.59/17.19 | Iter-3: 28.33/15.89 | Iter-4: 29.5/16.63 | 
Iter-0: 31.36/18.35 | Iter-1: 36.57/23.55 | Iter-2: 31.26/18.19 | Iter-3: 28.97/15.98 | Iter-4: 31.39/18.55 | 
Iter-0: 31.45/18.4 | Iter-1: 36.46/23.39 | Iter-2: 31.26/18.15 | Iter-3: 29.3/16.1 | Iter-4: 31.39/18.47 | 
Iter-0: 54.86/31.7 | Iter-1: 62.14/38.92 | Iter-2: 44.33/30.52 | Iter-3: 29.97/16.58 | Iter-4: 31.5/18.13 | 
Iter-0: 54.58/31.66 | Iter-1: 62.32/39.37 | Iter-2: 47.13/31.05 | Iter-3: 29.09/16.12 | Iter-4: 30.72/17.75 | 
Iter-0: 55.72/32.13 | Iter-1: 63.88/40.18 | Iter-2: 40.32/27.31 | Iter-3: 29.17/16.14 | Iter-4: 30.82/17.81 | 
Iter-0: 56.65/32.45 | Iter-1: 66.8/42.57 | Iter-2: 48.34/32.68 | Iter-3: 27.82/15.13 | Iter-4: 31.0/18.3 | 
Iter-0: 54.79/31.71 | Iter-1: 62.9/39.81 | Iter-2: 44.47/31.56 | Iter-3: 29.29/16.38 | Iter-4: 30.62/17.69 | 
Iter-0: 57.83/33.38 | Iter-1: 66.31/41.88 | Iter-2: 43.52/30.76 | Iter-3: 28.82/16.06 | Iter-4: 30.5/17.65 | 
1 Creating 10 consumers
Iter-0: 30.51/18.06 | Iter-1: 33.26/20.31 | Iter-2: 30.78/18.25 | Iter-3: 29.97/17.36 | Iter-4: 30.04/17.37 | 
Iter-0: 31.37/18.48 | Iter-1: 35.42/21.85 | Iter-2: 32.49/19.43 | Iter-3: 31.63/18.49 | Iter-4: 31.51/18.54 | 
Iter-0: 29.85/17.43 | Iter-1: 33.27/20.39 | Iter-2: 30.53/18.11 | Iter-3: 29.42/16.92 | Iter-4: 35.71/17.19 | 
Iter-0: 31.69/18.63 | Iter-1: 34.86/21.45 | Iter-2: 32.04/19.04 | Iter-3: 31.19/18.13 | Iter-4: 31.06/18.0 | 
Iter-0: 56.22/32.57 | Iter-1: 62.27/37.97 | Iter-2: 39.22/26.25 | Iter-3: 31.13/18.03 | Iter-4: 31.27/18.19 | 
Iter-0: 55.77/32.65 | Iter-1: 60.98/37.28 | Iter-2: 48.39/33.22 | Iter-3: 31.88/18.37 | Iter-4: 32.32/18.87 | 
Iter-0: 54.51/31.67 | Iter-1: 60.58/37.19 | Iter-2: 48.92/33.43 | Iter-3: 31.13/18.05 | Iter-4: 31.34/18.26 | 
Iter-0: 54.56/31.73 | Iter-1: 60.72/37.26 | Iter-2: 47.66/33.81 | Iter-3: 31.08/18.02 | Iter-4: 31.47/18.32 | 
Iter-0: 57.91/33.75 | Iter-1: 64.41/39.69 | Iter-2: 46.36/33.44 | Iter-3: 30.71/17.79 | Iter-4: 31.27/18.23 | 
Iter-0: 58.15/33.78 | Iter-1: 64.74/39.75 | Iter-2: 43.72/30.74 | Iter-3: 30.94/17.94 | Iter-4: 31.43/18.56 | 
2 Creating 10 consumers
Iter-0: 29.87/17.34 | Iter-1: 33.16/20.11 | Iter-2: 30.18/17.61 | Iter-3: 29.06/16.51 | Iter-4: 29.17/16.67 | 
Iter-0: 31.39/18.38 | Iter-1: 34.49/20.99 | Iter-2: 31.44/18.5 | Iter-3: 30.62/17.56 | Iter-4: 30.66/17.72 | 
Iter-0: 29.96/17.41 | Iter-1: 33.48/20.42 | Iter-2: 30.73/18.16 | Iter-3: 29.11/16.53 | Iter-4: 30.21/17.3 | 
Iter-0: 29.95/17.39 | Iter-1: 33.46/20.41 | Iter-2: 30.75/18.18 | Iter-3: 29.13/16.58 | Iter-4: 30.08/17.17 | 
Iter-0: 53.21/29.28 | Iter-1: 60.86/36.27 | Iter-2: 48.56/32.33 | Iter-3: 29.66/16.75 | Iter-4: 30.6/17.7 | 
Iter-0: 58.67/34.02 | Iter-1: 64.14/38.94 | Iter-2: 46.22/33.19 | Iter-3: 30.32/17.3 | Iter-4: 30.82/17.75 | 
Iter-0: 55.62/31.72 | Iter-1: 61.38/36.96 | Iter-2: 42.36/28.93 | Iter-3: 30.91/17.57 | Iter-4: 32.09/18.7 | 
Iter-0: 58.21/33.47 | Iter-1: 63.86/38.67 | Iter-2: 43.22/30.29 | Iter-3: 29.95/17.08 | Iter-4: 30.67/17.73 | 
Iter-0: 57.93/33.64 | Iter-1: 63.4/38.58 | Iter-2: 58.73/34.59 | Iter-3: 46.76/31.78 | Iter-4: 31.22/17.89 | 
Iter-0: 58.38/34.04 | Iter-1: 64.05/39.18 | Iter-2: 59.24/35.03 | Iter-3: 45.67/32.46 | Iter-4: 30.67/17.85 | 
3 Creating 10 consumers
Iter-0: 30.05/17.19 | Iter-1: 32.39/19.81 | Iter-2: 30.08/17.55 | Iter-3: 28.86/16.28 | Iter-4: 29.19/16.65 | 
Iter-0: 30.08/17.28 | Iter-1: 32.62/20.09 | Iter-2: 30.25/17.82 | Iter-3: 28.97/16.45 | Iter-4: 29.42/16.91 | 
Iter-0: 32.1/18.64 | Iter-1: 34.74/21.64 | Iter-2: 32.22/19.1 | Iter-3: 30.84/17.72 | Iter-4: 31.11/18.03 | 
Iter-0: 31.9/18.37 | Iter-1: 34.42/21.28 | Iter-2: 32.08/18.93 | Iter-3: 30.43/17.28 | Iter-4: 31.06/17.96 | 
Iter-0: 55.53/31.55 | Iter-1: 59.77/36.31 | Iter-2: 48.46/32.34 | Iter-3: 29.85/16.8 | Iter-4: 30.78/17.75 | 
Iter-0: 55.46/31.88 | Iter-1: 59.59/36.55 | Iter-2: 45.34/32.66 | Iter-3: 30.15/17.09 | Iter-4: 30.87/17.8 | 
Iter-0: 55.49/31.75 | Iter-1: 60.21/36.92 | Iter-2: 41.32/28.58 | Iter-3: 30.07/17.08 | Iter-4: 31.09/18.11 | 
Iter-0: 57.27/32.34 | Iter-1: 62.4/38.03 | Iter-2: 52.42/33.71 | Iter-3: 30.33/17.49 | Iter-4: 30.49/17.62 | 
Iter-0: 56.76/32.41 | Iter-1: 61.41/37.53 | Iter-2: 43.58/30.3 | Iter-3: 31.35/17.9 | Iter-4: 31.92/18.55 | 
Iter-0: 58.29/33.34 | Iter-1: 63.19/38.64 | Iter-2: 46.42/33.53 | Iter-3: 29.98/17.1 | Iter-4: 31.37/17.92 | 
4 Creating 10 consumers
Iter-0: 29.84/17.37 | Iter-1: 32.45/19.93 | Iter-2: 29.96/17.57 | Iter-3: 28.8/16.43 | Iter-4: 28.92/16.58 | 
Iter-0: 29.45/17.08 | Iter-1: 32.19/19.8 | Iter-2: 30.11/17.6 | Iter-3: 28.81/16.27 | Iter-4: 29.45/16.75 | 
Iter-0: 29.77/17.25 | Iter-1: 32.64/20.14 | Iter-2: 30.54/17.98 | Iter-3: 29.13/16.62 | Iter-4: 30.15/17.17 | 
Iter-0: 35.01/21.82 | Iter-1: 34.69/21.46 | Iter-2: 32.23/18.94 | Iter-3: 31.1/17.74 | Iter-4: 31.12/18.1 | 
Iter-0: 50.9/27.07 | Iter-1: 60.19/36.29 | Iter-2: 49.87/32.05 | Iter-3: 31.39/18.15 | Iter-4: 31.41/18.16 | 
Iter-0: 55.58/31.59 | Iter-1: 60.89/36.87 | Iter-2: 40.28/27.31 | Iter-3: 29.94/17.01 | Iter-4: 29.99/18.0 | 
Iter-0: 57.92/33.56 | Iter-1: 62.81/38.35 | Iter-2: 51.5/34.15 | Iter-3: 29.72/16.77 | Iter-4: 30.63/17.68 | 
Iter-0: 58.11/33.56 | Iter-1: 63.35/38.75 | Iter-2: 47.63/34.45 | Iter-3: 30.31/17.39 | Iter-4: 30.72/17.76 | 
Iter-0: 57.63/33.44 | Iter-1: 62.67/38.47 | Iter-2: 58.57/34.3 | Iter-3: 46.21/31.59 | Iter-4: 31.68/18.19 | 
Iter-0: 58.11/33.73 | Iter-1: 63.43/38.99 | Iter-2: 59.26/34.77 | Iter-3: 44.14/31.09 | Iter-4: 30.73/17.92 | 
prob_mse: 0.370592711771, running time: 1306.02568197
5.0 ~~~~~~~~~~~~~~~~~~~~~~~~~~~~~~~~~~~~~~~~~~~~~~~~~~~~~~~~~~~~~~~`
dataset: facebook method: CSL-Plus, #attack_edge:10000,T:10,test_ratio: 0.3,gamma:0.09
/network/rit/lab/ceashpc/adil/data/adv_csl/Jan2/random_pgd/facebook/facebook-attackedges-10000-T-10-testratio-0.3-swap_ratio-0.01-gamma-0.09-realization-0-data-X.pkl
#Rule:372936 Nodes:8078 Edges:372936
0 Creating 10 consumers
Iter-0: 29.6/17.19 | Iter-1: 34.05/21.7 | Iter-2: 29.24/16.81 | Iter-3: 27.32/14.85 | Iter-4: 29.44/17.01 | 
Iter-0: 29.5/17.13 | Iter-1: 33.76/21.3 | Iter-2: 29.24/16.8 | Iter-3: 27.84/15.43 | Iter-4: 29.03/16.4 | 
Iter-0: 29.5/17.13 | Iter-1: 33.83/21.47 | Iter-2: 29.33/16.94 | Iter-3: 27.87/15.46 | Iter-4: 29.21/16.48 | 
Iter-0: 35.9/22.9 | Iter-1: 36.33/23.17 | Iter-2: 31.3/18.14 | Iter-3: 30.07/16.81 | Iter-4: 30.5/17.6 | 
Iter-0: 44.81/20.92 | Iter-1: 64.14/40.21 | Iter-2: 49.93/30.87 | Iter-3: 28.02/15.21 | Iter-4: 30.95/18.12 | 
Iter-0: 57.5/33.4 | Iter-1: 65.57/41.4 | Iter-2: 48.01/32.55 | Iter-3: 28.8/15.96 | Iter-4: 31.07/17.63 | 
Iter-0: 56.12/31.72 | Iter-1: 63.23/39.37 | Iter-2: 39.59/26.24 | Iter-3: 30.45/17.13 | Iter-4: 31.36/17.89 | 
Iter-0: 57.77/33.4 | Iter-1: 66.17/41.8 | Iter-2: 45.38/32.37 | Iter-3: 28.95/16.0 | Iter-4: 30.86/17.79 | 
Iter-0: 57.81/33.64 | Iter-1: 65.14/40.99 | Iter-2: 56.64/32.49 | Iter-3: 42.64/29.83 | Iter-4: 28.45/16.37 | 
Iter-0: 57.42/32.99 | Iter-1: 65.53/41.22 | Iter-2: 57.35/32.98 | Iter-3: 39.77/26.92 | Iter-4: 29.87/17.07 | 
1 Creating 10 consumers
Iter-0: 30.69/18.13 | Iter-1: 33.67/20.64 | Iter-2: 30.49/17.97 | Iter-3: 30.09/17.47 | Iter-4: 29.67/17.1 | 
Iter-0: 29.9/17.36 | Iter-1: 33.49/20.44 | Iter-2: 30.58/18.05 | Iter-3: 29.85/17.26 | Iter-4: 29.75/17.16 | 
Iter-0: 31.39/18.37 | Iter-1: 34.89/21.43 | Iter-2: 34.19/19.81 | Iter-3: 31.2/18.17 | Iter-4: 30.95/17.91 | 
Iter-0: 31.76/18.58 | Iter-1: 35.29/21.68 | Iter-2: 32.27/19.1 | Iter-3: 31.35/18.14 | Iter-4: 31.28/18.26 | 
Iter-0: 55.21/31.44 | Iter-1: 61.53/37.29 | Iter-2: 50.2/33.21 | Iter-3: 30.84/17.8 | Iter-4: 31.18/18.13 | 
Iter-0: 54.45/31.41 | Iter-1: 60.55/37.04 | Iter-2: 45.99/32.93 | Iter-3: 31.04/17.99 | Iter-4: 31.09/18.05 | 
Iter-0: 55.75/31.08 | Iter-1: 63.97/38.8 | Iter-2: 50.23/34.45 | Iter-3: 30.89/17.96 | Iter-4: 30.72/17.79 | 
Iter-0: 54.87/31.7 | Iter-1: 61.11/37.36 | Iter-2: 44.34/31.27 | Iter-3: 31.09/18.03 | Iter-4: 31.25/18.2 | 
Iter-0: 55.7/31.85 | Iter-1: 61.93/37.49 | Iter-2: 45.4/31.9 | Iter-3: 32.13/18.61 | Iter-4: 32.38/18.91 | 
Iter-0: 57.76/33.02 | Iter-1: 64.23/38.99 | Iter-2: 43.67/30.74 | Iter-3: 30.87/17.92 | Iter-4: 31.29/18.34 | 
2 Creating 10 consumers
Iter-0: 30.96/17.47 | Iter-1: 34.05/21.06 | Iter-2: 31.5/18.5 | Iter-3: 30.52/17.48 | Iter-4: 30.68/17.64 | 
Iter-0: 32.39/18.99 | Iter-1: 33.92/20.93 | Iter-2: 31.39/18.42 | Iter-3: 30.26/17.24 | Iter-4: 30.59/17.63 | 
Iter-0: 31.27/17.81 | Iter-1: 34.32/21.28 | Iter-2: 31.85/18.79 | Iter-3: 30.37/17.3 | Iter-4: 30.94/17.89 | 
Iter-0: 31.92/18.02 | Iter-1: 35.25/21.76 | Iter-2: 32.73/19.22 | Iter-3: 31.27/17.77 | Iter-4: 32.01/18.47 | 
Iter-0: 52.07/26.33 | Iter-1: 63.09/38.19 | Iter-2: 52.48/33.59 | Iter-3: 30.72/17.68 | Iter-4: 30.74/17.7 | 
Iter-0: 58.49/33.68 | Iter-1: 63.07/38.78 | Iter-2: 47.58/34.36 | Iter-3: 30.26/17.21 | Iter-4: 30.9/17.91 | 
Iter-0: 58.47/33.04 | Iter-1: 63.69/38.76 | Iter-2: 41.97/28.78 | Iter-3: 30.2/17.12 | Iter-4: 29.82/18.13 | 
Iter-0: 58.6/33.86 | Iter-1: 63.63/39.28 | Iter-2: 45.67/32.57 | Iter-3: 30.37/17.34 | Iter-4: 31.04/18.06 | 
Iter-0: 58.6/33.59 | Iter-1: 62.54/38.31 | Iter-2: 58.18/33.93 | Iter-3: 51.8/31.26 | Iter-4: 30.75/17.91 | 
Iter-0: 58.37/33.43 | Iter-1: 62.94/38.57 | Iter-2: 58.46/34.08 | Iter-3: 47.94/31.83 | Iter-4: 28.31/16.08 | 
3 Creating 10 consumers
Iter-0: 32.06/19.49 | Iter-1: 32.54/19.89 | Iter-2: 29.99/17.39 | Iter-3: 29.36/16.7 | Iter-4: 29.39/16.78 | 
Iter-0: 29.87/17.34 | Iter-1: 32.54/19.97 | Iter-2: 30.13/17.54 | Iter-3: 29.24/16.6 | Iter-4: 29.4/16.76 | 
Iter-0: 29.88/17.35 | Iter-1: 32.89/20.23 | Iter-2: 30.57/17.9 | Iter-3: 29.05/16.38 | Iter-4: 30.08/17.11 | 
Iter-0: 32.3/19.1 | Iter-1: 34.39/21.18 | Iter-2: 31.99/18.68 | Iter-3: 30.57/17.26 | Iter-4: 30.84/17.83 | 
Iter-0: 54.82/31.25 | Iter-1: 60.8/37.27 | Iter-2: 44.78/31.26 | Iter-3: 31.23/17.74 | Iter-4: 31.88/18.35 | 
Iter-0: 56.69/32.51 | Iter-1: 61.5/37.59 | Iter-2: 40.78/27.69 | Iter-3: 30.17/17.14 | Iter-4: 31.01/18.15 | 
Iter-0: 56.44/31.59 | Iter-1: 62.94/38.07 | Iter-2: 54.34/33.7 | Iter-3: 29.82/16.81 | Iter-4: 30.76/17.71 | 
Iter-0: 58.18/33.25 | Iter-1: 63.58/38.65 | Iter-2: 46.42/33.37 | Iter-3: 30.31/17.31 | Iter-4: 31.12/17.88 | 
Iter-0: 57.97/33.49 | Iter-1: 62.9/38.42 | Iter-2: 58.54/33.96 | Iter-3: 53.59/31.78 | Iter-4: 29.45/17.07 | 
Iter-0: 58.18/33.54 | Iter-1: 63.46/38.79 | Iter-2: 58.97/34.21 | Iter-3: 49.18/31.94 | Iter-4: 30.01/17.09 | 
4 Creating 10 consumers
Iter-0: 29.77/17.28 | Iter-1: 32.41/19.81 | Iter-2: 29.89/17.37 | Iter-3: 29.16/16.61 | Iter-4: 29.19/16.62 | 
Iter-0: 29.61/17.15 | Iter-1: 32.41/19.92 | Iter-2: 30.24/17.72 | Iter-3: 28.98/16.38 | Iter-4: 29.8/16.92 | 
Iter-0: 29.8/17.26 | Iter-1: 32.64/20.18 | Iter-2: 30.24/17.81 | Iter-3: 28.85/16.42 | Iter-4: 29.96/16.91 | 
Iter-0: 31.62/18.42 | Iter-1: 34.76/21.51 | Iter-2: 31.93/18.74 | Iter-3: 31.07/17.78 | Iter-4: 30.87/17.91 | 
Iter-0: 55.62/32.27 | Iter-1: 60.51/37.09 | Iter-2: 44.34/31.26 | Iter-3: 30.24/17.2 | Iter-4: 30.75/17.73 | 
Iter-0: 55.19/32.0 | Iter-1: 60.15/36.94 | Iter-2: 44.58/30.92 | Iter-3: 31.45/17.97 | Iter-4: 31.79/18.29 | 
Iter-0: 57.19/32.79 | Iter-1: 62.29/37.83 | Iter-2: 50.97/33.48 | Iter-3: 29.79/16.83 | Iter-4: 30.67/17.71 | 
Iter-0: 57.79/33.18 | Iter-1: 63.05/38.42 | Iter-2: 45.61/32.68 | Iter-3: 29.97/17.1 | Iter-4: 30.8/17.81 | 
Iter-0: 57.53/33.07 | Iter-1: 62.43/37.95 | Iter-2: 58.13/33.57 | Iter-3: 51.51/31.45 | Iter-4: 30.57/17.6 | 
Iter-0: 57.61/33.08 | Iter-1: 63.0/38.48 | Iter-2: 58.71/34.13 | Iter-3: 45.06/31.11 | Iter-4: 31.51/18.11 | 
prob_mse: 0.367876320132, running time: 1363.92695022
6.0 ~~~~~~~~~~~~~~~~~~~~~~~~~~~~~~~~~~~~~~~~~~~~~~~~~~~~~~~~~~~~~~~`
dataset: facebook method: CSL-Plus, #attack_edge:10000,T:10,test_ratio: 0.3,gamma:0.2
/network/rit/lab/ceashpc/adil/data/adv_csl/Jan2/random_pgd/facebook/facebook-attackedges-10000-T-10-testratio-0.3-swap_ratio-0.01-gamma-0.2-realization-0-data-X.pkl
#Rule:372936 Nodes:8078 Edges:372936
0 Creating 10 consumers
Iter-0: 29.76/17.43 | Iter-1: 32.11/19.78 | Iter-2: 32.9/20.54 | Iter-3: 28.61/16.23 | Iter-4: 28.52/16.09 | 
Iter-0: 29.73/17.33 | Iter-1: 31.86/19.46 | Iter-2: 33.09/20.7 | Iter-3: 28.87/16.49 | Iter-4: 28.64/16.05 | 
Iter-0: 29.58/17.08 | Iter-1: 31.79/19.34 | Iter-2: 33.03/20.55 | Iter-3: 28.72/16.25 | Iter-4: 28.63/15.97 | 
Iter-0: 31.23/18.29 | Iter-1: 34.37/21.32 | Iter-2: 34.62/21.67 | Iter-3: 30.15/17.11 | Iter-4: 30.64/17.86 | 
Iter-0: 52.07/28.41 | Iter-1: 59.05/35.34 | Iter-2: 52.9/37.3 | Iter-3: 30.05/17.18 | Iter-4: 29.6/16.78 | 
Iter-0: 57.32/33.29 | Iter-1: 61.44/37.4 | Iter-2: 51.83/39.02 | Iter-3: 29.94/17.13 | Iter-4: 29.88/16.79 | 
Iter-0: 54.82/31.25 | Iter-1: 58.7/35.13 | Iter-2: 46.26/32.96 | Iter-3: 31.09/17.78 | Iter-4: 30.87/17.49 | 
Iter-0: 57.66/33.38 | Iter-1: 61.91/37.64 | Iter-2: 49.31/36.45 | Iter-3: 29.95/17.13 | Iter-4: 29.77/16.88 | 
Iter-0: 57.61/33.42 | Iter-1: 61.62/37.4 | Iter-2: 63.8/39.6 | Iter-3: 45.37/31.78 | Iter-4: 28.8/16.0 | 
Iter-0: 57.78/33.4 | Iter-1: 61.95/37.6 | Iter-2: 64.38/39.93 | Iter-3: 42.09/29.2 | Iter-4: 28.15/15.84 | 
1 Creating 10 consumers
Iter-0: 29.77/17.31 | Iter-1: 33.95/21.33 | Iter-2: 31.45/18.87 | Iter-3: 29.44/16.74 | Iter-4: 29.35/16.68 | 
Iter-0: 29.68/17.28 | Iter-1: 33.85/21.45 | Iter-2: 31.42/18.97 | Iter-3: 29.16/16.71 | Iter-4: 29.24/16.76 | 
Iter-0: 32.02/18.67 | Iter-1: 36.81/23.46 | Iter-2: 33.89/20.57 | Iter-3: 31.6/18.17 | Iter-4: 31.52/18.23 | 
Iter-0: 31.78/18.45 | Iter-1: 36.22/22.88 | Iter-2: 33.72/20.35 | Iter-3: 31.24/17.92 | Iter-4: 31.16/17.96 | 
Iter-0: 54.96/31.7 | Iter-1: 62.57/39.26 | Iter-2: 48.53/34.51 | Iter-3: 29.51/16.66 | Iter-4: 30.85/17.69 | 
Iter-0: 55.61/32.17 | Iter-1: 63.09/39.6 | Iter-2: 49.05/34.72 | Iter-3: 29.58/16.74 | Iter-4: 30.76/17.67 | 
Iter-0: 55.19/31.72 | Iter-1: 62.84/39.35 | Iter-2: 45.12/32.56 | Iter-3: 29.86/16.71 | Iter-4: 30.94/17.8 | 
Iter-0: 54.98/30.38 | Iter-1: 65.79/41.29 | Iter-2: 54.71/35.7 | Iter-3: 30.55/17.66 | Iter-4: 30.61/17.79 | 
Iter-0: 56.07/32.28 | Iter-1: 63.89/39.98 | Iter-2: 46.5/33.64 | Iter-3: 30.68/17.03 | Iter-4: 31.93/18.37 | 
Iter-0: 58.03/33.15 | Iter-1: 66.04/41.14 | Iter-2: 47.43/34.17 | Iter-3: 30.73/17.76 | Iter-4: 30.67/17.67 | 
2 Creating 10 consumers
Iter-0: 29.88/17.34 | Iter-1: 35.18/22.07 | Iter-2: 33.14/19.63 | Iter-3: 29.65/16.58 | Iter-4: 30.07/17.06 | 
Iter-0: 31.65/18.49 | Iter-1: 35.66/22.67 | Iter-2: 32.42/19.18 | Iter-3: 29.65/16.81 | Iter-4: 30.06/17.3 | 
Iter-0: 30.08/17.44 | Iter-1: 35.65/22.61 | Iter-2: 33.38/19.87 | Iter-3: 29.79/16.78 | Iter-4: 30.48/17.41 | 
Iter-0: 30.45/17.55 | Iter-1: 36.87/23.29 | Iter-2: 34.44/20.43 | Iter-3: 30.7/17.25 | Iter-4: 31.44/17.91 | 
Iter-0: 52.63/28.16 | Iter-1: 65.94/40.97 | Iter-2: 50.57/35.47 | Iter-3: 29.75/16.71 | Iter-4: 30.31/17.3 | 
Iter-0: 58.27/33.65 | Iter-1: 66.27/41.59 | Iter-2: 46.31/32.86 | Iter-3: 29.98/16.92 | Iter-4: 30.56/17.47 | 
Iter-0: 56.51/31.77 | Iter-1: 65.89/41.06 | Iter-2: 43.05/29.53 | Iter-3: 29.92/16.83 | Iter-4: 29.61/17.51 | 
Iter-0: 58.23/33.65 | Iter-1: 66.21/41.62 | Iter-2: 42.11/28.53 | Iter-3: 30.0/16.96 | Iter-4: 30.63/17.69 | 
Iter-0: 57.62/33.42 | Iter-1: 65.26/41.03 | Iter-2: 60.66/35.92 | Iter-3: 47.91/30.94 | Iter-4: 30.02/17.2 | 
Iter-0: 57.67/33.47 | Iter-1: 65.48/41.27 | Iter-2: 60.75/36.02 | Iter-3: 46.34/31.03 | Iter-4: 31.14/17.7 | 
3 Creating 10 consumers
Iter-0: 29.69/17.28 | Iter-1: 34.45/21.42 | Iter-2: 31.21/18.66 | Iter-3: 28.32/15.69 | Iter-4: 28.99/16.42 | 
Iter-0: 29.94/17.48 | Iter-1: 35.01/22.03 | Iter-2: 31.39/18.95 | Iter-3: 28.21/15.77 | Iter-4: 29.33/16.69 | 
Iter-0: 31.71/18.44 | Iter-1: 36.29/22.82 | Iter-2: 32.5/19.5 | Iter-3: 29.52/16.54 | Iter-4: 30.41/17.45 | 
Iter-0: 32.09/18.52 | Iter-1: 36.91/23.08 | Iter-2: 33.03/19.78 | Iter-3: 29.9/16.67 | Iter-4: 30.95/17.63 | 
Iter-0: 55.26/31.79 | Iter-1: 63.23/39.25 | Iter-2: 48.56/34.27 | Iter-3: 30.3/16.82 | Iter-4: 31.11/17.63 | 
Iter-0: 55.46/30.83 | Iter-1: 66.32/41.36 | Iter-2: 50.9/34.83 | Iter-3: 29.44/16.64 | Iter-4: 30.23/17.48 | 
Iter-0: 55.86/32.18 | Iter-1: 64.22/39.91 | Iter-2: 44.98/31.94 | Iter-3: 29.52/16.49 | Iter-4: 30.4/17.38 | 
Iter-0: 54.85/32.0 | Iter-1: 62.92/39.56 | Iter-2: 47.36/34.25 | Iter-3: 29.6/16.5 | Iter-4: 30.63/17.37 | 
Iter-0: 54.57/31.75 | Iter-1: 62.68/39.3 | Iter-2: 46.58/33.52 | Iter-3: 29.45/16.4 | Iter-4: 30.42/17.32 | 
Iter-0: 57.82/33.22 | Iter-1: 66.23/41.12 | Iter-2: 44.53/31.63 | Iter-3: 29.23/16.33 | Iter-4: 30.2/17.29 | 
4 Creating 10 consumers
Iter-0: 31.59/18.55 | Iter-1: 34.38/21.77 | Iter-2: 31.48/18.84 | Iter-3: 28.67/16.04 | Iter-4: 29.35/16.68 | 
Iter-0: 30.24/17.36 | Iter-1: 33.97/21.43 | Iter-2: 31.2/18.67 | Iter-3: 28.61/16.06 | Iter-4: 29.11/16.53 | 
Iter-0: 31.55/18.18 | Iter-1: 35.26/22.28 | Iter-2: 32.41/19.47 | Iter-3: 29.55/16.54 | Iter-4: 29.94/17.0 | 
Iter-0: 31.99/18.45 | Iter-1: 36.17/22.99 | Iter-2: 32.93/19.8 | Iter-3: 30.01/16.9 | Iter-4: 30.38/17.4 | 
Iter-0: 56.28/32.16 | Iter-1: 62.92/39.65 | Iter-2: 49.35/33.63 | Iter-3: 30.87/17.51 | Iter-4: 31.31/17.98 | 
Iter-0: 55.17/31.52 | Iter-1: 61.88/39.0 | Iter-2: 47.28/33.84 | Iter-3: 29.96/16.85 | Iter-4: 30.52/17.4 | 
Iter-0: 55.21/31.64 | Iter-1: 62.11/39.06 | Iter-2: 45.43/32.37 | Iter-3: 29.74/16.7 | Iter-4: 30.38/17.32 | 
Iter-0: 56.68/32.35 | Iter-1: 63.6/39.84 | Iter-2: 44.16/31.14 | Iter-3: 29.88/16.85 | Iter-4: 30.49/17.45 | 
Iter-0: 58.38/33.73 | Iter-1: 65.95/41.76 | Iter-2: 42.42/29.51 | Iter-3: 29.58/16.69 | Iter-4: 30.27/17.35 | 
Iter-0: 58.41/33.73 | Iter-1: 66.01/41.76 | Iter-2: 41.77/28.8 | Iter-3: 29.71/16.73 | Iter-4: 30.32/17.42 | 
prob_mse: 0.393317436744, running time: 1318.66756701
7.0 ~~~~~~~~~~~~~~~~~~~~~~~~~~~~~~~~~~~~~~~~~~~~~~~~~~~~~~~~~~~~~~~`
dataset: facebook method: CSL-Plus, #attack_edge:10000,T:10,test_ratio: 0.3,gamma:0.3
/network/rit/lab/ceashpc/adil/data/adv_csl/Jan2/random_pgd/facebook/facebook-attackedges-10000-T-10-testratio-0.3-swap_ratio-0.01-gamma-0.3-realization-0-data-X.pkl
#Rule:372936 Nodes:8078 Edges:372936
0 Creating 10 consumers
Iter-0: 29.75/17.42 | Iter-1: 30.68/18.33 | Iter-2: 33.13/20.79 | Iter-3: 29.12/16.75 | Iter-4: 28.92/16.59 | 
Iter-0: 30.0/17.54 | Iter-1: 30.95/18.42 | Iter-2: 33.56/21.03 | Iter-3: 29.71/17.19 | Iter-4: 29.43/16.83 | 
Iter-0: 31.49/18.4 | Iter-1: 32.43/19.39 | Iter-2: 34.97/21.92 | Iter-3: 31.03/17.97 | Iter-4: 30.78/17.74 | 
Iter-0: 31.41/18.3 | Iter-1: 33.41/20.31 | Iter-2: 35.58/22.44 | Iter-3: 31.09/17.94 | Iter-4: 30.59/17.6 | 
Iter-0: 54.66/31.52 | Iter-1: 58.43/35.39 | Iter-2: 53.76/37.4 | Iter-3: 29.92/16.95 | Iter-4: 29.73/16.75 | 
Iter-0: 55.69/31.15 | Iter-1: 59.46/35.0 | Iter-2: 55.97/39.64 | Iter-3: 30.88/17.95 | Iter-4: 30.51/17.59 | 
Iter-0: 55.03/31.64 | Iter-1: 56.82/33.49 | Iter-2: 50.28/37.24 | Iter-3: 30.97/17.95 | Iter-4: 30.67/17.63 | 
Iter-0: 55.81/32.4 | Iter-1: 57.62/34.26 | Iter-2: 49.45/36.38 | Iter-3: 30.89/17.86 | Iter-4: 30.66/17.59 | 
Iter-0: 55.61/32.34 | Iter-1: 57.15/33.91 | Iter-2: 48.89/35.39 | Iter-3: 31.97/18.54 | Iter-4: 31.57/18.2 | 
Iter-0: 57.55/33.0 | Iter-1: 59.38/34.81 | Iter-2: 49.58/36.76 | Iter-3: 30.55/17.73 | Iter-4: 30.25/17.44 | 
1 Creating 10 consumers
Iter-0: 29.91/17.48 | Iter-1: 35.32/22.44 | Iter-2: 31.71/19.21 | Iter-3: 27.88/15.27 | Iter-4: 28.44/15.89 | 
Iter-0: 29.63/17.18 | Iter-1: 35.25/22.37 | Iter-2: 32.11/19.68 | Iter-3: 27.83/15.39 | Iter-4: 28.25/15.66 | 
Iter-0: 29.83/17.45 | Iter-1: 35.72/22.86 | Iter-2: 32.58/20.11 | Iter-3: 28.01/15.52 | Iter-4: 28.66/15.88 | 
Iter-0: 32.81/19.61 | Iter-1: 38.41/24.76 | Iter-2: 33.6/20.5 | Iter-3: 29.63/16.34 | Iter-4: 30.34/17.35 | 
Iter-0: 52.18/28.47 | Iter-1: 66.06/41.71 | Iter-2: 50.33/36.38 | Iter-3: 30.33/16.88 | Iter-4: 30.33/16.92 | 
Iter-0: 56.02/32.01 | Iter-1: 66.24/41.62 | Iter-2: 41.91/28.89 | Iter-3: 29.24/16.24 | Iter-4: 28.71/16.6 | 
Iter-0: 58.28/33.98 | Iter-1: 69.05/44.15 | Iter-2: 47.31/34.33 | Iter-3: 29.02/16.11 | Iter-4: 28.88/16.46 | 
Iter-0: 58.14/33.76 | Iter-1: 68.67/43.85 | Iter-2: 44.8/31.77 | Iter-3: 29.13/16.17 | Iter-4: 29.97/16.75 | 
Iter-0: 57.72/33.65 | Iter-1: 68.42/43.77 | Iter-2: 62.01/37.84 | Iter-3: 46.57/29.96 | Iter-4: 28.33/15.33 | 
Iter-0: 57.83/33.54 | Iter-1: 68.27/43.47 | Iter-2: 62.28/37.98 | Iter-3: 44.14/29.88 | Iter-4: 30.05/16.69 | 
2 Creating 10 consumers
Iter-0: 30.79/17.47 | Iter-1: 36.23/23.11 | Iter-2: 33.39/20.3 | Iter-3: 29.37/16.25 | Iter-4: 30.08/17.02 | 
Iter-0: 31.23/17.57 | Iter-1: 36.78/23.25 | Iter-2: 34.64/21.12 | Iter-3: 30.23/16.71 | Iter-4: 30.64/17.14 | 
Iter-0: 30.49/17.26 | Iter-1: 35.83/22.8 | Iter-2: 33.53/20.54 | Iter-3: 29.2/16.17 | Iter-4: 30.06/17.0 | 
Iter-0: 31.98/18.63 | Iter-1: 36.66/23.66 | Iter-2: 33.44/20.49 | Iter-3: 29.34/16.36 | Iter-4: 30.05/17.12 | 
Iter-0: 58.47/33.74 | Iter-1: 67.85/43.62 | Iter-2: 50.83/36.49 | Iter-3: 29.52/16.52 | Iter-4: 30.04/16.98 | 
Iter-0: 58.16/33.35 | Iter-1: 67.19/42.86 | Iter-2: 48.98/35.88 | Iter-3: 29.4/16.33 | Iter-4: 30.2/17.12 | 
Iter-0: 56.82/32.31 | Iter-1: 67.71/43.5 | Iter-2: 44.71/31.64 | Iter-3: 29.35/16.28 | Iter-4: 30.32/17.24 | 
Iter-0: 56.99/32.32 | Iter-1: 67.81/43.5 | Iter-2: 43.86/30.82 | Iter-3: 29.34/16.28 | Iter-4: 29.93/16.84 | 
Iter-0: 58.84/33.95 | Iter-1: 68.01/43.67 | Iter-2: 61.98/37.64 | Iter-3: 49.52/30.57 | Iter-4: 30.11/17.18 | 
Iter-0: 58.65/33.84 | Iter-1: 67.87/43.52 | Iter-2: 62.86/38.38 | Iter-3: 45.74/30.26 | Iter-4: 27.53/15.34 | 
3 Creating 10 consumers
Iter-0: 29.69/17.28 | Iter-1: 35.41/22.87 | Iter-2: 32.12/19.55 | Iter-3: 27.92/15.4 | Iter-4: 28.48/15.95 | 
Iter-0: 29.54/17.11 | Iter-1: 35.0/22.5 | Iter-2: 31.88/19.34 | Iter-3: 27.65/15.16 | Iter-4: 28.3/15.74 | 
Iter-0: 30.1/17.44 | Iter-1: 35.27/22.75 | Iter-2: 31.96/19.46 | Iter-3: 27.95/15.43 | Iter-4: 28.71/16.06 | 
Iter-0: 31.76/18.64 | Iter-1: 36.79/23.75 | Iter-2: 33.06/20.07 | Iter-3: 29.05/16.02 | Iter-4: 29.6/16.62 | 
Iter-0: 54.21/30.46 | Iter-1: 65.42/41.84 | Iter-2: 49.28/34.33 | Iter-3: 28.87/15.98 | Iter-4: 29.3/16.5 | 
Iter-0: 58.31/33.53 | Iter-1: 68.08/43.6 | Iter-2: 49.64/36.63 | Iter-3: 29.03/16.02 | Iter-4: 29.22/16.18 | 
Iter-0: 55.48/31.72 | Iter-1: 64.76/41.11 | Iter-2: 44.92/31.47 | Iter-3: 29.89/16.47 | Iter-4: 30.69/17.24 | 
Iter-0: 58.12/33.46 | Iter-1: 68.04/43.39 | Iter-2: 44.24/31.31 | Iter-3: 28.87/15.99 | Iter-4: 29.35/16.36 | 
Iter-0: 57.78/33.61 | Iter-1: 67.64/43.43 | Iter-2: 61.02/36.81 | Iter-3: 45.83/29.75 | Iter-4: 29.52/16.64 | 
Iter-0: 58.21/33.75 | Iter-1: 68.08/43.59 | Iter-2: 62.32/37.83 | Iter-3: 41.57/28.53 | Iter-4: 30.16/16.74 | 
4 Creating 10 consumers
Iter-0: 29.94/17.41 | Iter-1: 35.07/22.43 | Iter-2: 32.52/19.43 | Iter-3: 27.98/15.31 | Iter-4: 28.36/15.78 | 
Iter-0: 29.73/17.34 | Iter-1: 34.71/22.29 | Iter-2: 31.88/19.05 | Iter-3: 27.8/15.35 | Iter-4: 28.5/16.09 | 
Iter-0: 29.97/17.38 | Iter-1: 34.98/22.43 | Iter-2: 32.71/19.72 | Iter-3: 27.96/15.41 | Iter-4: 28.96/16.09 | 
Iter-0: 32.51/19.05 | Iter-1: 37.92/24.57 | Iter-2: 34.11/20.44 | Iter-3: 29.9/16.66 | Iter-4: 30.13/17.23 | 
Iter-0: 55.72/32.24 | Iter-1: 64.92/41.42 | Iter-2: 42.57/29.03 | Iter-3: 29.23/16.23 | Iter-4: 30.26/17.25 | 
Iter-0: 55.15/31.97 | Iter-1: 64.39/41.21 | Iter-2: 43.42/29.51 | Iter-3: 30.06/16.68 | Iter-4: 30.74/17.28 | 
Iter-0: 57.97/33.71 | Iter-1: 67.67/43.37 | Iter-2: 48.29/34.78 | Iter-3: 29.22/16.23 | Iter-4: 30.11/17.05 | 
Iter-0: 58.04/33.72 | Iter-1: 67.76/43.39 | Iter-2: 47.33/33.9 | Iter-3: 29.16/16.23 | Iter-4: 30.04/17.03 | 
Iter-0: 57.97/33.56 | Iter-1: 67.62/43.26 | Iter-2: 62.25/37.2 | Iter-3: 51.29/29.95 | Iter-4: 29.94/17.01 | 
Iter-0: 57.85/33.26 | Iter-1: 67.31/42.74 | Iter-2: 62.46/37.43 | Iter-3: 47.09/29.79 | Iter-4: 30.34/17.12 | 
prob_mse: 0.400122964796, running time: 1385.377455
8.0 ~~~~~~~~~~~~~~~~~~~~~~~~~~~~~~~~~~~~~~~~~~~~~~~~~~~~~~~~~~~~~~~`
dataset: facebook method: CSL-Plus, #attack_edge:10000,T:10,test_ratio: 0.3,gamma:0.4
/network/rit/lab/ceashpc/adil/data/adv_csl/Jan2/random_pgd/facebook/facebook-attackedges-10000-T-10-testratio-0.3-swap_ratio-0.01-gamma-0.4-realization-0-data-X.pkl
#Rule:372936 Nodes:8078 Edges:372936
0 Creating 10 consumers
Iter-0: 29.79/17.33 | Iter-1: 30.61/18.12 | Iter-2: 33.39/20.94 | Iter-3: 29.86/17.36 | Iter-4: 29.06/16.61 | 
Iter-0: 29.85/17.44 | Iter-1: 31.37/18.9 | Iter-2: 33.79/21.36 | Iter-3: 30.24/17.74 | Iter-4: 29.36/16.88 | 
Iter-0: 29.88/17.47 | Iter-1: 30.65/18.16 | Iter-2: 33.61/21.09 | Iter-3: 29.94/17.41 | Iter-4: 29.4/16.68 | 
Iter-0: 31.37/18.59 | Iter-1: 31.99/19.11 | Iter-2: 35.0/22.15 | Iter-3: 31.12/18.2 | Iter-4: 30.29/17.48 | 
Iter-0: 56.07/32.53 | Iter-1: 57.19/33.88 | Iter-2: 49.9/36.96 | Iter-3: 31.12/18.23 | Iter-4: 30.46/17.57 | 
Iter-0: 55.3/32.18 | Iter-1: 56.35/33.28 | Iter-2: 49.3/35.92 | Iter-3: 31.89/18.6 | Iter-4: 31.27/17.95 | 
Iter-0: 57.88/33.54 | Iter-1: 59.77/35.46 | Iter-2: 53.42/40.58 | Iter-3: 31.0/18.21 | Iter-4: 30.26/17.41 | 
Iter-0: 57.99/33.51 | Iter-1: 59.23/34.75 | Iter-2: 49.1/36.21 | Iter-3: 30.78/17.94 | Iter-4: 30.42/17.33 | 
Iter-0: 57.93/33.8 | Iter-1: 59.17/35.0 | Iter-2: 64.59/40.44 | Iter-3: 51.51/33.37 | Iter-4: 30.68/17.39 | 
Iter-0: 57.76/33.55 | Iter-1: 59.06/34.85 | Iter-2: 64.5/40.3 | Iter-3: 48.25/33.21 | Iter-4: 30.01/17.25 | 
1 Creating 10 consumers
Iter-0: 31.01/18.61 | Iter-1: 35.42/22.52 | Iter-2: 32.06/19.71 | Iter-3: 27.91/15.49 | Iter-4: 27.77/15.43 | 
Iter-0: 31.57/19.04 | Iter-1: 35.85/22.82 | Iter-2: 32.73/20.16 | Iter-3: 29.23/16.57 | Iter-4: 28.81/16.19 | 
Iter-0: 31.9/18.63 | Iter-1: 37.67/24.02 | Iter-2: 34.63/21.4 | Iter-3: 30.72/17.42 | Iter-4: 30.09/17.02 | 
Iter-0: 31.53/18.37 | Iter-1: 37.41/23.78 | Iter-2: 35.12/21.86 | Iter-3: 30.72/17.49 | Iter-4: 30.2/17.06 | 
Iter-0: 54.6/31.7 | Iter-1: 64.17/40.71 | Iter-2: 44.78/31.79 | Iter-3: 30.22/17.22 | Iter-4: 29.92/16.92 | 
Iter-0: 54.84/31.87 | Iter-1: 64.34/40.77 | Iter-2: 43.58/30.47 | Iter-3: 30.41/17.29 | Iter-4: 30.16/17.04 | 
Iter-0: 55.69/32.32 | Iter-1: 65.56/41.58 | Iter-2: 47.97/34.89 | Iter-3: 30.35/17.27 | Iter-4: 29.98/16.89 | 
Iter-0: 54.07/29.23 | Iter-1: 68.39/43.15 | Iter-2: 54.49/38.51 | Iter-3: 30.25/17.33 | Iter-4: 29.78/16.86 | 
Iter-0: 55.43/32.13 | Iter-1: 65.15/41.25 | Iter-2: 46.98/33.52 | Iter-3: 31.32/17.87 | Iter-4: 30.94/17.54 | 
Iter-0: 57.93/33.2 | Iter-1: 67.81/42.52 | Iter-2: 46.92/34.02 | Iter-3: 30.03/17.12 | Iter-4: 29.77/16.86 | 
2 Creating 10 consumers
Iter-0: 30.35/17.76 | Iter-1: 34.8/22.19 | Iter-2: 32.4/19.82 | Iter-3: 28.91/16.31 | Iter-4: 28.43/15.86 | 
Iter-0: 29.5/17.11 | Iter-1: 34.4/21.99 | Iter-2: 32.2/19.79 | Iter-3: 28.57/16.15 | Iter-4: 28.49/15.81 | 
Iter-0: 30.05/17.44 | Iter-1: 35.17/22.6 | Iter-2: 32.78/20.22 | Iter-3: 29.11/16.5 | Iter-4: 29.15/16.18 | 
Iter-0: 32.18/18.98 | Iter-1: 37.32/24.0 | Iter-2: 35.15/21.84 | Iter-3: 30.97/17.67 | Iter-4: 30.21/17.2 | 
Iter-0: 54.78/31.02 | Iter-1: 64.91/41.13 | Iter-2: 48.27/35.15 | Iter-3: 30.28/17.24 | Iter-4: 29.8/16.76 | 
Iter-0: 57.37/32.72 | Iter-1: 68.3/43.73 | Iter-2: 54.06/38.38 | Iter-3: 29.56/16.61 | Iter-4: 29.29/16.33 | 
Iter-0: 55.59/31.87 | Iter-1: 64.46/40.71 | Iter-2: 43.89/30.42 | Iter-3: 31.21/17.76 | Iter-4: 30.98/17.45 | 
Iter-0: 58.74/33.88 | Iter-1: 68.05/43.29 | Iter-2: 49.94/36.94 | Iter-3: 30.14/17.17 | Iter-4: 29.8/16.81 | 
Iter-0: 57.76/33.37 | Iter-1: 67.16/42.74 | Iter-2: 62.93/38.49 | Iter-3: 46.22/31.6 | Iter-4: 29.72/16.82 | 
Iter-0: 58.06/33.49 | Iter-1: 67.4/42.81 | Iter-2: 63.48/38.84 | Iter-3: 42.6/29.26 | Iter-4: 30.17/16.96 | 
3 Creating 10 consumers
Iter-0: 31.16/18.16 | Iter-1: 36.9/23.9 | Iter-2: 33.7/20.82 | Iter-3: 29.04/16.45 | Iter-4: 28.79/15.93 | 
Iter-0: 31.29/18.3 | Iter-1: 36.66/23.57 | Iter-2: 34.12/20.85 | Iter-3: 30.5/17.12 | Iter-4: 29.78/16.74 | 
Iter-0: 31.15/18.21 | Iter-1: 36.45/23.44 | Iter-2: 33.92/20.97 | Iter-3: 29.5/17.04 | Iter-4: 29.5/16.51 | 
Iter-0: 32.21/18.82 | Iter-1: 37.56/24.17 | Iter-2: 35.25/21.83 | Iter-3: 30.0/16.98 | Iter-4: 30.8/17.36 | 
Iter-0: 57.02/32.64 | Iter-1: 67.62/43.15 | Iter-2: 51.72/38.33 | Iter-3: 30.47/17.34 | Iter-4: 29.95/16.83 | 
Iter-0: 58.23/33.93 | Iter-1: 66.93/43.12 | Iter-2: 46.54/33.54 | Iter-3: 30.17/17.16 | Iter-4: 29.78/16.74 | 
Iter-0: 58.06/33.58 | Iter-1: 66.54/43.03 | Iter-2: 43.6/30.53 | Iter-3: 30.49/17.38 | Iter-4: 30.12/17.06 | 
Iter-0: 57.98/33.4 | Iter-1: 67.4/42.82 | Iter-2: 46.73/33.74 | Iter-3: 30.12/17.19 | Iter-4: 29.84/16.82 | 
Iter-0: 57.83/33.73 | Iter-1: 67.39/43.28 | Iter-2: 62.43/38.28 | Iter-3: 50.88/31.69 | Iter-4: 27.52/15.35 | 
Iter-0: 57.73/33.46 | Iter-1: 67.04/42.79 | Iter-2: 62.69/38.42 | Iter-3: 48.31/31.45 | Iter-4: 29.51/16.66 | 
4 Creating 10 consumers
Iter-0: 29.71/17.22 | Iter-1: 34.52/22.05 | Iter-2: 32.76/19.8 | Iter-3: 28.67/16.13 | Iter-4: 28.27/15.75 | 
Iter-0: 30.17/17.72 | Iter-1: 35.32/22.78 | Iter-2: 33.2/20.2 | Iter-3: 29.16/16.64 | Iter-4: 28.79/16.2 | 
Iter-0: 29.44/17.09 | Iter-1: 34.32/21.94 | Iter-2: 32.57/19.75 | Iter-3: 28.45/16.07 | Iter-4: 28.24/15.73 | 
Iter-0: 31.54/18.41 | Iter-1: 37.0/23.8 | Iter-2: 34.83/21.22 | Iter-3: 30.75/17.48 | Iter-4: 29.99/16.94 | 
Iter-0: 54.77/31.01 | Iter-1: 65.03/41.14 | Iter-2: 50.53/36.75 | Iter-3: 30.25/17.21 | Iter-4: 29.76/16.73 | 
Iter-0: 57.95/33.7 | Iter-1: 67.36/43.06 | Iter-2: 48.65/35.3 | Iter-3: 29.93/17.02 | Iter-4: 29.82/16.58 | 
Iter-0: 55.47/31.75 | Iter-1: 64.27/40.62 | Iter-2: 45.4/31.49 | Iter-3: 31.06/17.64 | Iter-4: 30.89/17.33 | 
Iter-0: 58.15/33.74 | Iter-1: 67.41/43.0 | Iter-2: 46.44/33.04 | Iter-3: 30.11/17.09 | Iter-4: 29.75/16.78 | 
Iter-0: 57.19/32.82 | Iter-1: 67.39/43.1 | Iter-2: 62.73/37.88 | Iter-3: 50.43/30.37 | Iter-4: 28.87/16.23 | 
Iter-0: 57.9/33.29 | Iter-1: 67.03/42.47 | Iter-2: 63.32/38.33 | Iter-3: 44.19/31.25 | Iter-4: 27.55/15.23 | 
prob_mse: 0.422606628163, running time: 1395.63607693
