

--------------------------------------------------
--------------------------------------------------

-------------------Sat, 20 Jul 2019 08:28:41 AM EDT---------------------

0 ~~~~~~~~~~~~~~~~~~~~~~~~~~~~~~~~~~~~~~~~~~~~~~~~~~~~~~~~~~~~~~~`
dataset: slashdot method: CSL-Plus, #attack_edge:10000,T:10,test_ratio: 0.3,gamma:0.09
/network/rit/lab/ceashpc/adil/data/adv_csl/Jan2/random_pgd/slashdot/slashdot-attackedges-10000-T-10-testratio-0.3-swap_ratio-0.01-gamma-0.09-realization-0-data-X.pkl
#Rule:2036920 Nodes:164336 Edges:2036920
0 Creating 10 consumers
Iter-0: 108.6/49.31 | Iter-1: 121.49/61.17 | Iter-2: 106.57/47.94 | Iter-3: 102.15/43.34 | Iter-4: 107.16/48.51 | 
Iter-0: 108.03/48.82 | Iter-1: 119.75/59.72 | Iter-2: 106.24/47.8 | Iter-3: 103.84/44.8 | Iter-4: 106.2/47.72 | 
Iter-0: 191.77/68.9 | Iter-1: 257.37/131.78 | Iter-2: 156.82/97.87 | Iter-3: 102.32/43.32 | Iter-4: 106.44/47.76 | 
Iter-0: 220.24/102.57 | Iter-1: 252.13/132.3 | Iter-2: 143.58/85.41 | Iter-3: 102.74/44.35 | Iter-4: 106.32/48.13 | 
Iter-0: 224.94/105.92 | Iter-1: 254.15/133.16 | Iter-2: 116.96/59.68 | Iter-3: 102.33/45.11 | Iter-4: 105.37/48.0 | 
Iter-0: 228.8/105.51 | Iter-1: 248.25/132.89 | Iter-2: 107.2/48.86 | Iter-3: 103.98/45.41 | Iter-4: 106.55/48.06 | 
Iter-0: 183.92/65.74 | Iter-1: 253.54/130.46 | Iter-2: 221.34/101.98 | Iter-3: 208.3/93.96 | Iter-4: 108.99/48.95 | 
Iter-0: 222.07/105.67 | Iter-1: 254.43/135.64 | Iter-2: 224.77/107.28 | Iter-3: 145.27/87.75 | Iter-4: 106.7/48.23 | 
Iter-0: 224.49/107.5 | Iter-1: 252.52/133.4 | Iter-2: 223.32/106.68 | Iter-3: 139.99/80.65 | Iter-4: 107.34/47.83 | 
Iter-0: 226.66/105.69 | Iter-1: 253.78/132.72 | Iter-2: 225.62/108.01 | Iter-3: 138.05/79.3 | Iter-4: 105.34/47.66 | 
1 Creating 10 consumers
Iter-0: 122.3/64.53 | Iter-1: 114.65/55.27 | Iter-2: 106.4/48.08 | Iter-3: 104.11/45.77 | Iter-4: 102.99/44.89 | 
Iter-0: 108.04/49.06 | Iter-1: 116.98/56.22 | Iter-2: 108.5/49.36 | Iter-3: 106.36/46.53 | Iter-4: 105.12/45.95 | 
Iter-0: 200.54/81.02 | Iter-1: 243.17/121.3 | Iter-2: 175.36/104.97 | Iter-3: 103.69/45.78 | Iter-4: 104.23/45.04 | 
Iter-0: 197.37/75.69 | Iter-1: 244.61/120.98 | Iter-2: 178.83/104.17 | Iter-3: 103.85/45.59 | Iter-4: 104.44/44.49 | 
Iter-0: 225.06/104.85 | Iter-1: 244.26/121.96 | Iter-2: 128.61/70.62 | Iter-3: 104.65/46.71 | Iter-4: 105.24/45.76 | 
Iter-0: 225.31/104.58 | Iter-1: 245.32/122.58 | Iter-2: 129.54/70.77 | Iter-3: 106.35/47.34 | Iter-4: 106.3/46.06 | 
Iter-0: 206.09/84.5 | Iter-1: 249.07/125.05 | Iter-2: 229.99/108.14 | Iter-3: 165.09/101.7 | Iter-4: 104.31/45.92 | 
Iter-0: 209.48/87.59 | Iter-1: 248.07/123.87 | Iter-2: 230.52/108.39 | Iter-3: 176.72/101.7 | Iter-4: 105.09/45.87 | 
Iter-0: 228.79/105.91 | Iter-1: 249.58/124.55 | Iter-2: 232.15/109.03 | Iter-3: 128.3/69.93 | Iter-4: 103.6/45.66 | 
Iter-0: 229.31/106.14 | Iter-1: 250.57/125.16 | Iter-2: 232.99/109.58 | Iter-3: 117.39/58.08 | Iter-4: 105.54/46.42 | 
2 Creating 10 consumers
Iter-0: 109.31/48.55 | Iter-1: 114.49/55.55 | Iter-2: 106.55/47.61 | Iter-3: 103.71/44.25 | Iter-4: 107.03/44.63 | 
Iter-0: 108.37/48.57 | Iter-1: 113.88/56.07 | Iter-2: 106.6/48.72 | Iter-3: 103.05/44.92 | Iter-4: 105.59/45.0 | 
Iter-0: 216.6/95.88 | Iter-1: 240.58/121.87 | Iter-2: 169.64/103.41 | Iter-3: 101.51/43.67 | Iter-4: 103.04/43.78 | 
Iter-0: 214.43/94.1 | Iter-1: 238.4/120.22 | Iter-2: 182.9/102.38 | Iter-3: 101.01/43.22 | Iter-4: 102.46/43.46 | 
Iter-0: 225.68/104.67 | Iter-1: 239.96/121.19 | Iter-2: 148.59/91.29 | Iter-3: 101.31/43.99 | Iter-4: 103.41/44.34 | 
Iter-0: 226.12/104.75 | Iter-1: 241.17/121.61 | Iter-2: 138.38/79.83 | Iter-3: 103.11/44.32 | Iter-4: 105.18/44.8 | 
Iter-0: 215.84/92.44 | Iter-1: 244.5/123.29 | Iter-2: 227.29/105.42 | Iter-3: 177.89/97.51 | Iter-4: 105.66/44.69 | 
Iter-0: 227.6/104.08 | Iter-1: 244.77/123.47 | Iter-2: 226.56/105.18 | Iter-3: 167.06/97.21 | Iter-4: 103.54/44.14 | 
Iter-0: 230.35/106.33 | Iter-1: 246.53/124.0 | Iter-2: 228.24/106.52 | Iter-3: 137.82/79.85 | Iter-4: 104.32/44.89 | 
Iter-0: 231.75/107.12 | Iter-1: 247.37/124.61 | Iter-2: 228.24/106.44 | Iter-3: 141.45/82.61 | Iter-4: 105.27/44.94 | 
3 Creating 10 consumers
Iter-0: 114.36/57.0 | Iter-1: 113.43/54.29 | Iter-2: 106.02/47.11 | Iter-3: 102.38/44.6 | Iter-4: 101.56/44.1 | 
Iter-0: 107.99/49.31 | Iter-1: 116.82/56.21 | Iter-2: 108.33/48.59 | Iter-3: 104.61/45.65 | Iter-4: 104.14/45.32 | 
Iter-0: 221.15/102.75 | Iter-1: 242.39/121.92 | Iter-2: 161.1/103.72 | Iter-3: 102.26/44.85 | Iter-4: 101.88/44.38 | 
Iter-0: 226.37/106.1 | Iter-1: 244.61/122.78 | Iter-2: 134.92/77.21 | Iter-3: 103.8/45.97 | Iter-4: 103.31/45.45 | 
Iter-0: 219.14/98.26 | Iter-1: 246.45/123.16 | Iter-2: 222.29/105.28 | Iter-3: 102.98/44.67 | Iter-4: 102.51/44.08 | 
Iter-0: 229.13/106.61 | Iter-1: 246.59/122.41 | Iter-2: 189.45/106.12 | Iter-3: 104.42/45.9 | Iter-4: 104.19/45.34 | 
Iter-0: 187.66/67.46 | Iter-1: 243.47/118.46 | Iter-2: 190.64/101.09 | Iter-3: 214.17/95.86 | Iter-4: 129.69/73.07 | 
Iter-0: 219.59/99.22 | Iter-1: 244.69/122.38 | Iter-2: 225.69/105.67 | Iter-3: 186.94/99.3 | Iter-4: 102.2/44.47 | 
Iter-0: 229.81/107.3 | Iter-1: 247.18/123.51 | Iter-2: 228.6/107.37 | Iter-3: 152.7/93.71 | Iter-4: 104.24/45.41 | 
Iter-0: 228.46/105.51 | Iter-1: 244.52/121.89 | Iter-2: 196.57/77.36 | Iter-3: 180.6/100.7 | Iter-4: 102.91/45.4 | 
4 Creating 10 consumers
Iter-0: 111.72/53.56 | Iter-1: 113.56/54.22 | Iter-2: 105.96/46.92 | Iter-3: 102.08/43.91 | Iter-4: 102.38/44.59 | 
Iter-0: 109.52/49.82 | Iter-1: 116.83/55.74 | Iter-2: 109.71/47.99 | Iter-3: 104.22/45.07 | Iter-4: 104.02/45.0 | 
Iter-0: 218.91/98.4 | Iter-1: 247.69/124.51 | Iter-2: 129.33/71.6 | Iter-3: 101.75/44.28 | Iter-4: 102.09/44.6 | 
Iter-0: 221.62/103.25 | Iter-1: 243.33/122.38 | Iter-2: 150.48/91.78 | Iter-3: 103.56/44.84 | Iter-4: 104.2/45.1 | 
Iter-0: 227.11/106.67 | Iter-1: 245.86/123.1 | Iter-2: 123.54/65.69 | Iter-3: 102.68/44.89 | Iter-4: 103.04/45.22 | 
Iter-0: 229.68/107.11 | Iter-1: 237.79/124.01 | Iter-2: 107.44/48.69 | Iter-3: 103.76/45.02 | Iter-4: 104.14/45.06 | 
Iter-0: 216.91/96.35 | Iter-1: 245.44/121.76 | Iter-2: 224.0/103.97 | Iter-3: 186.18/97.33 | Iter-4: 100.5/44.06 | 
Iter-0: 209.84/90.69 | Iter-1: 243.35/120.54 | Iter-2: 221.67/102.53 | Iter-3: 205.39/96.14 | Iter-4: 101.31/43.88 | 
Iter-0: 229.33/107.55 | Iter-1: 247.83/123.2 | Iter-2: 227.44/105.81 | Iter-3: 150.17/91.49 | Iter-4: 103.15/44.71 | 
Iter-0: 223.78/103.7 | Iter-1: 242.06/119.85 | Iter-2: 223.35/103.89 | Iter-3: 158.85/95.7 | Iter-4: 103.67/44.82 | 
prob_mse: 0.266075487492, running time: 5406.33745098
1.0 ~~~~~~~~~~~~~~~~~~~~~~~~~~~~~~~~~~~~~~~~~~~~~~~~~~~~~~~~~~~~~~~`
dataset: slashdot method: CSL-Plus, #attack_edge:10000,T:10,test_ratio: 0.3,gamma:0.2
/network/rit/lab/ceashpc/adil/data/adv_csl/Jan2/random_pgd/slashdot/slashdot-attackedges-10000-T-10-testratio-0.3-swap_ratio-0.01-gamma-0.2-realization-0-data-X.pkl
#Rule:2036920 Nodes:164336 Edges:2036920
0 Creating 10 consumers
Iter-0: 111.91/54.35 | Iter-1: 115.92/56.29 | Iter-2: 115.85/56.6 | Iter-3: 107.5/49.63 | Iter-4: 105.39/47.76 | 
Iter-0: 109.36/49.69 | Iter-1: 118.94/57.45 | Iter-2: 118.6/57.09 | Iter-3: 110.38/50.56 | Iter-4: 107.7/48.32 | 
Iter-0: 198.53/79.02 | Iter-1: 246.24/123.85 | Iter-2: 185.66/121.59 | Iter-3: 105.71/49.31 | Iter-4: 102.97/46.79 | 
Iter-0: 225.55/105.17 | Iter-1: 245.42/122.86 | Iter-2: 136.39/79.18 | Iter-3: 106.94/49.49 | Iter-4: 105.27/48.08 | 
Iter-0: 205.02/86.99 | Iter-1: 244.38/123.38 | Iter-2: 239.74/124.14 | Iter-3: 107.56/49.47 | Iter-4: 105.85/47.83 | 
Iter-0: 224.76/105.06 | Iter-1: 243.65/122.24 | Iter-2: 198.15/124.17 | Iter-3: 108.68/50.34 | Iter-4: 107.8/48.42 | 
Iter-0: 230.83/110.8 | Iter-1: 254.32/131.84 | Iter-2: 247.69/127.38 | Iter-3: 162.46/103.39 | Iter-4: 106.84/47.25 | 
Iter-0: 229.5/108.34 | Iter-1: 252.45/128.8 | Iter-2: 247.95/126.93 | Iter-3: 139.72/82.21 | Iter-4: 105.61/47.81 | 
Iter-0: 227.21/108.29 | Iter-1: 249.59/128.09 | Iter-2: 248.61/129.15 | Iter-3: 169.14/110.51 | Iter-4: 107.07/48.44 | 
Iter-0: 229.54/109.85 | Iter-1: 249.43/127.67 | Iter-2: 248.07/129.11 | Iter-3: 155.06/97.74 | Iter-4: 105.53/48.16 | 
1 Creating 10 consumers
Iter-0: 106.86/48.65 | Iter-1: 115.69/57.75 | Iter-2: 110.37/50.73 | Iter-3: 103.62/43.71 | Iter-4: 102.31/44.09 | 
Iter-0: 107.39/48.62 | Iter-1: 117.66/58.81 | Iter-2: 112.21/51.84 | Iter-3: 105.31/44.74 | Iter-4: 103.59/45.05 | 
Iter-0: 226.72/104.94 | Iter-1: 254.47/132.11 | Iter-2: 132.72/74.61 | Iter-3: 103.85/44.04 | Iter-4: 102.42/44.45 | 
Iter-0: 232.8/108.42 | Iter-1: 247.64/132.7 | Iter-2: 112.18/52.73 | Iter-3: 106.43/44.86 | Iter-4: 105.08/45.74 | 
Iter-0: 219.03/98.62 | Iter-1: 251.76/130.33 | Iter-2: 232.34/113.03 | Iter-3: 184.27/97.32 | Iter-4: 99.92/43.54 | 
Iter-0: 230.39/107.9 | Iter-1: 254.03/131.36 | Iter-2: 238.2/115.4 | Iter-3: 148.55/87.17 | Iter-4: 104.46/45.0 | 
Iter-0: 205.75/83.33 | Iter-1: 247.95/127.49 | Iter-2: 230.8/110.52 | Iter-3: 217.3/95.27 | Iter-4: 141.46/83.49 | 
Iter-0: 210.15/91.44 | Iter-1: 248.07/128.24 | Iter-2: 232.49/112.75 | Iter-3: 218.31/96.48 | Iter-4: 121.96/64.02 | 
Iter-0: 225.1/104.69 | Iter-1: 247.49/127.13 | Iter-2: 233.14/112.73 | Iter-3: 211.04/95.07 | Iter-4: 104.27/45.35 | 
Iter-0: 225.01/104.55 | Iter-1: 248.5/128.31 | Iter-2: 234.44/114.16 | Iter-3: 194.5/96.52 | Iter-4: 105.2/45.42 | 
2 Creating 10 consumers
Iter-0: 108.11/48.97 | Iter-1: 119.31/57.81 | Iter-2: 111.51/50.97 | Iter-3: 104.3/45.22 | Iter-4: 103.7/44.91 | 
Iter-0: 106.64/48.79 | Iter-1: 118.3/58.03 | Iter-2: 110.63/51.76 | Iter-3: 103.54/45.32 | Iter-4: 103.24/45.41 | 
Iter-0: 214.01/96.03 | Iter-1: 247.54/126.62 | Iter-2: 174.69/110.54 | Iter-3: 101.45/44.81 | Iter-4: 100.8/44.27 | 
Iter-0: 217.36/98.83 | Iter-1: 247.81/127.08 | Iter-2: 177.8/111.76 | Iter-3: 102.64/44.67 | Iter-4: 102.46/44.53 | 
Iter-0: 225.06/105.38 | Iter-1: 247.33/126.0 | Iter-2: 141.99/84.44 | Iter-3: 102.76/45.0 | Iter-4: 102.67/44.95 | 
Iter-0: 225.39/105.27 | Iter-1: 248.57/126.71 | Iter-2: 148.42/89.85 | Iter-3: 104.57/46.0 | Iter-4: 104.65/45.88 | 
Iter-0: 220.6/99.86 | Iter-1: 252.26/129.3 | Iter-2: 235.22/114.42 | Iter-3: 161.85/100.48 | Iter-4: 104.31/45.19 | 
Iter-0: 222.54/100.71 | Iter-1: 252.71/127.71 | Iter-2: 235.31/111.44 | Iter-3: 186.31/98.53 | Iter-4: 102.97/44.88 | 
Iter-0: 229.07/106.31 | Iter-1: 252.67/128.45 | Iter-2: 236.37/114.76 | Iter-3: 125.04/66.81 | Iter-4: 104.69/45.69 | 
Iter-0: 230.23/106.31 | Iter-1: 254.14/128.2 | Iter-2: 238.28/114.9 | Iter-3: 134.4/75.35 | Iter-4: 104.85/46.07 | 
3 Creating 10 consumers
Iter-0: 108.16/48.93 | Iter-1: 119.34/58.25 | Iter-2: 112.1/51.19 | Iter-3: 103.62/44.34 | Iter-4: 103.59/44.51 | 
Iter-0: 107.42/49.39 | Iter-1: 118.88/58.22 | Iter-2: 111.11/51.18 | Iter-3: 102.21/44.02 | Iter-4: 102.65/44.49 | 
Iter-0: 209.49/87.05 | Iter-1: 254.74/128.87 | Iter-2: 176.65/110.88 | Iter-3: 101.5/43.76 | Iter-4: 101.32/43.61 | 
Iter-0: 206.0/86.94 | Iter-1: 250.5/128.29 | Iter-2: 165.02/107.07 | Iter-3: 102.22/44.41 | Iter-4: 102.13/44.21 | 
Iter-0: 229.45/106.26 | Iter-1: 253.82/128.07 | Iter-2: 131.74/73.97 | Iter-3: 101.88/44.05 | Iter-4: 102.36/44.39 | 
Iter-0: 224.75/104.38 | Iter-1: 250.12/127.77 | Iter-2: 123.75/64.79 | Iter-3: 103.74/44.71 | Iter-4: 104.12/45.13 | 
Iter-0: 193.85/69.94 | Iter-1: 257.58/128.56 | Iter-2: 234.92/110.12 | Iter-3: 184.14/95.75 | Iter-4: 103.78/43.99 | 
Iter-0: 210.02/91.77 | Iter-1: 247.99/126.38 | Iter-2: 228.54/110.3 | Iter-3: 186.35/94.9 | Iter-4: 102.19/43.51 | 
Iter-0: 225.43/105.41 | Iter-1: 249.71/127.25 | Iter-2: 231.69/112.18 | Iter-3: 145.7/87.94 | Iter-4: 102.2/44.45 | 
Iter-0: 231.08/105.93 | Iter-1: 254.79/128.17 | Iter-2: 236.16/113.83 | Iter-3: 124.37/65.11 | Iter-4: 103.77/45.09 | 
4 Creating 10 consumers
Iter-0: 114.77/55.31 | Iter-1: 119.44/58.58 | Iter-2: 112.86/51.87 | Iter-3: 104.73/45.65 | Iter-4: 104.82/45.55 | 
Iter-0: 108.32/49.42 | Iter-1: 119.43/58.81 | Iter-2: 112.69/51.98 | Iter-3: 104.73/45.67 | Iter-4: 105.23/45.88 | 
Iter-0: 222.73/102.29 | Iter-1: 253.73/129.7 | Iter-2: 161.53/102.64 | Iter-3: 104.67/45.51 | Iter-4: 104.34/45.4 | 
Iter-0: 210.89/93.04 | Iter-1: 249.86/128.15 | Iter-2: 207.94/112.49 | Iter-3: 104.0/45.24 | Iter-4: 105.56/47.03 | 
Iter-0: 229.81/107.44 | Iter-1: 254.35/129.96 | Iter-2: 125.4/66.72 | Iter-3: 104.69/45.57 | Iter-4: 105.05/45.87 | 
Iter-0: 225.05/105.92 | Iter-1: 248.69/127.03 | Iter-2: 171.86/112.62 | Iter-3: 103.14/44.99 | Iter-4: 103.24/45.09 | 
Iter-0: 195.7/76.6 | Iter-1: 250.49/124.47 | Iter-2: 228.02/107.92 | Iter-3: 213.54/96.59 | Iter-4: 101.9/44.49 | 
Iter-0: 216.07/96.78 | Iter-1: 250.11/127.17 | Iter-2: 229.72/110.32 | Iter-3: 209.09/98.09 | Iter-4: 103.8/45.72 | 
Iter-0: 226.42/104.85 | Iter-1: 248.88/126.09 | Iter-2: 231.57/112.98 | Iter-3: 145.62/87.95 | Iter-4: 103.82/46.15 | 
Iter-0: 226.95/106.39 | Iter-1: 250.65/127.91 | Iter-2: 233.52/113.41 | Iter-3: 163.5/98.54 | Iter-4: 104.89/46.15 | 
prob_mse: 0.348694872211, running time: 5569.55254197
2.0 ~~~~~~~~~~~~~~~~~~~~~~~~~~~~~~~~~~~~~~~~~~~~~~~~~~~~~~~~~~~~~~~`
dataset: slashdot method: CSL-Plus, #attack_edge:10000,T:10,test_ratio: 0.3,gamma:0.3
/network/rit/lab/ceashpc/adil/data/adv_csl/Jan2/random_pgd/slashdot/slashdot-attackedges-10000-T-10-testratio-0.3-swap_ratio-0.01-gamma-0.3-realization-0-data-X.pkl
#Rule:2036920 Nodes:164336 Edges:2036920
0 Creating 10 consumers
Iter-0: 107.23/48.42 | Iter-1: 114.07/53.56 | Iter-2: 117.5/58.36 | Iter-3: 106.03/47.27 | Iter-4: 104.07/45.89 | 
Iter-0: 107.15/48.51 | Iter-1: 115.61/54.11 | Iter-2: 117.92/59.0 | Iter-3: 106.9/47.76 | Iter-4: 173.16/52.75 | 
Iter-0: 223.12/106.07 | Iter-1: 242.25/122.15 | Iter-2: 190.17/127.88 | Iter-3: 102.95/46.96 | Iter-4: 101.36/45.46 | 
Iter-0: 223.6/106.6 | Iter-1: 243.43/123.75 | Iter-2: 185.08/126.54 | Iter-3: 105.38/46.99 | Iter-4: 104.48/46.05 | 
Iter-0: 230.36/107.44 | Iter-1: 236.88/120.2 | Iter-2: 118.45/59.39 | Iter-3: 107.27/48.12 | Iter-4: 105.78/46.59 | 
Iter-0: 224.87/104.5 | Iter-1: 243.42/120.16 | Iter-2: 210.94/127.16 | Iter-3: 105.76/47.35 | Iter-4: 104.56/45.89 | 
Iter-0: 211.41/94.04 | Iter-1: 238.86/118.66 | Iter-2: 243.83/126.55 | Iter-3: 194.25/102.59 | Iter-4: 102.73/45.32 | 
Iter-0: 224.5/105.19 | Iter-1: 239.61/118.42 | Iter-2: 246.63/127.72 | Iter-3: 157.75/99.95 | Iter-4: 102.85/45.58 | 
Iter-0: 221.97/104.28 | Iter-1: 239.58/119.45 | Iter-2: 245.15/127.72 | Iter-3: 209.57/104.08 | Iter-4: 104.13/45.66 | 
Iter-0: 225.24/107.74 | Iter-1: 242.16/122.36 | Iter-2: 246.92/129.35 | Iter-3: 193.93/104.43 | Iter-4: 102.89/45.61 | 
1 Creating 10 consumers
Iter-0: 119.29/59.28 | Iter-1: 119.64/61.3 | Iter-2: 111.12/52.27 | Iter-3: 100.84/43.23 | Iter-4: 101.29/42.22 | 
Iter-0: 110.13/48.95 | Iter-1: 122.23/62.63 | Iter-2: 113.2/53.34 | Iter-3: 103.13/44.03 | Iter-4: 103.55/43.02 | 
Iter-0: 217.58/95.96 | Iter-1: 257.58/138.55 | Iter-2: 136.65/78.31 | Iter-3: 102.08/43.68 | Iter-4: 103.23/43.19 | 
Iter-0: 197.38/74.55 | Iter-1: 256.58/135.28 | Iter-2: 160.65/101.02 | Iter-3: 104.16/44.41 | Iter-4: 105.31/43.57 | 
Iter-0: 228.3/105.02 | Iter-1: 247.74/136.47 | Iter-2: 112.93/54.07 | Iter-3: 103.01/44.15 | Iter-4: 104.93/43.67 | 
Iter-0: 228.95/104.16 | Iter-1: 249.96/135.29 | Iter-2: 111.92/54.08 | Iter-3: 101.94/44.24 | Iter-4: 103.5/43.65 | 
Iter-0: 217.95/91.36 | Iter-1: 267.26/139.55 | Iter-2: 245.02/117.86 | Iter-3: 167.98/96.76 | Iter-4: 105.46/42.88 | 
Iter-0: 228.44/105.16 | Iter-1: 261.24/140.48 | Iter-2: 240.62/119.92 | Iter-3: 171.39/97.96 | Iter-4: 103.29/42.8 | 
Iter-0: 235.37/107.71 | Iter-1: 264.86/140.63 | Iter-2: 245.03/121.04 | Iter-3: 121.48/62.28 | Iter-4: 104.61/43.91 | 
Iter-0: 231.96/107.26 | Iter-1: 260.67/139.18 | Iter-2: 240.92/119.49 | Iter-3: 151.29/92.87 | Iter-4: 102.88/43.25 | 
2 Creating 10 consumers
Iter-0: 108.17/48.47 | Iter-1: 121.87/60.67 | Iter-2: 113.0/53.0 | Iter-3: 103.5/44.67 | Iter-4: 102.44/43.92 | 
Iter-0: 108.92/49.49 | Iter-1: 123.35/61.41 | Iter-2: 113.66/54.09 | Iter-3: 104.94/45.47 | Iter-4: 104.31/44.97 | 
Iter-0: 226.79/105.71 | Iter-1: 260.53/136.77 | Iter-2: 149.32/90.16 | Iter-3: 103.97/44.74 | Iter-4: 103.32/44.28 | 
Iter-0: 215.68/96.83 | Iter-1: 255.88/134.28 | Iter-2: 175.96/117.08 | Iter-3: 104.01/44.9 | Iter-4: 103.23/44.36 | 
Iter-0: 230.53/108.16 | Iter-1: 260.96/136.56 | Iter-2: 130.25/70.93 | Iter-3: 104.66/45.33 | Iter-4: 104.55/45.08 | 
Iter-0: 225.82/105.32 | Iter-1: 255.05/133.18 | Iter-2: 136.95/79.04 | Iter-3: 103.02/45.14 | Iter-4: 103.06/45.05 | 
Iter-0: 215.62/96.18 | Iter-1: 257.59/135.3 | Iter-2: 235.6/116.51 | Iter-3: 203.85/98.76 | Iter-4: 100.77/44.1 | 
Iter-0: 225.62/105.21 | Iter-1: 255.28/133.07 | Iter-2: 237.25/117.84 | Iter-3: 169.35/97.43 | Iter-4: 104.17/45.29 | 
Iter-0: 222.54/104.44 | Iter-1: 257.18/136.74 | Iter-2: 237.44/119.66 | Iter-3: 209.0/99.74 | Iter-4: 103.07/44.4 | 
Iter-0: 226.56/106.99 | Iter-1: 256.46/135.33 | Iter-2: 238.67/120.14 | Iter-3: 189.99/99.04 | Iter-4: 102.09/44.63 | 
3 Creating 10 consumers
Iter-0: 128.11/68.25 | Iter-1: 120.05/61.6 | Iter-2: 110.06/51.62 | Iter-3: 100.84/42.8 | Iter-4: 101.85/42.09 | 
Iter-0: 109.86/48.85 | Iter-1: 121.41/62.11 | Iter-2: 112.02/52.72 | Iter-3: 102.33/43.27 | Iter-4: 103.33/42.58 | 
Iter-0: 206.19/85.93 | Iter-1: 254.29/135.02 | Iter-2: 156.2/98.56 | Iter-3: 101.1/43.2 | Iter-4: 102.19/42.61 | 
Iter-0: 211.33/87.43 | Iter-1: 262.64/139.83 | Iter-2: 157.68/98.82 | Iter-3: 102.65/43.77 | Iter-4: 104.1/43.2 | 
Iter-0: 228.31/104.55 | Iter-1: 256.23/135.12 | Iter-2: 110.79/53.13 | Iter-3: 101.0/43.14 | Iter-4: 102.32/42.74 | 
Iter-0: 235.02/107.69 | Iter-1: 260.76/139.0 | Iter-2: 113.98/54.84 | Iter-3: 104.26/44.94 | Iter-4: 105.19/44.18 | 
Iter-0: 208.31/86.66 | Iter-1: 256.09/136.5 | Iter-2: 231.13/113.65 | Iter-3: 182.07/93.18 | Iter-4: 99.66/41.8 | 
Iter-0: 210.7/87.21 | Iter-1: 259.9/137.5 | Iter-2: 237.71/115.8 | Iter-3: 190.79/94.41 | Iter-4: 101.81/42.15 | 
Iter-0: 228.17/104.87 | Iter-1: 256.26/136.0 | Iter-2: 235.15/115.27 | Iter-3: 137.45/79.39 | Iter-4: 102.18/42.53 | 
Iter-0: 233.8/106.74 | Iter-1: 261.72/137.73 | Iter-2: 240.74/117.58 | Iter-3: 143.54/84.59 | Iter-4: 103.78/43.1 | 
4 Creating 10 consumers
Iter-0: 107.48/48.4 | Iter-1: 123.68/60.64 | Iter-2: 113.75/54.69 | Iter-3: 104.88/45.35 | Iter-4: 104.41/45.4 | 
Iter-0: 108.3/48.57 | Iter-1: 124.1/61.37 | Iter-2: 113.5/54.29 | Iter-3: 104.66/45.2 | Iter-4: 123.43/44.9 | 
Iter-0: 214.86/96.36 | Iter-1: 255.49/133.99 | Iter-2: 171.18/112.16 | Iter-3: 103.95/44.7 | Iter-4: 102.82/43.96 | 
Iter-0: 225.49/106.13 | Iter-1: 256.31/135.36 | Iter-2: 190.12/118.14 | Iter-3: 101.77/44.01 | Iter-4: 101.4/43.45 | 
Iter-0: 227.74/106.58 | Iter-1: 257.7/134.99 | Iter-2: 156.24/98.31 | Iter-3: 102.7/44.86 | Iter-4: 102.81/44.71 | 
Iter-0: 226.03/107.1 | Iter-1: 255.37/135.01 | Iter-2: 184.87/118.32 | Iter-3: 103.66/44.63 | Iter-4: 103.29/44.04 | 
Iter-0: 213.79/95.14 | Iter-1: 255.71/134.03 | Iter-2: 232.73/115.85 | Iter-3: 212.02/97.66 | Iter-4: 100.02/43.37 | 
Iter-0: 226.36/104.06 | Iter-1: 260.84/136.37 | Iter-2: 240.76/119.54 | Iter-3: 178.46/99.57 | Iter-4: 103.28/44.35 | 
Iter-0: 225.94/105.87 | Iter-1: 254.85/133.51 | Iter-2: 236.27/117.35 | Iter-3: 175.91/97.67 | Iter-4: 102.54/44.71 | 
Iter-0: 233.04/109.11 | Iter-1: 263.75/138.43 | Iter-2: 245.29/122.71 | Iter-3: 149.01/89.77 | Iter-4: 103.64/44.85 | 
prob_mse: 0.363363630832, running time: 5590.32277703
3.0 ~~~~~~~~~~~~~~~~~~~~~~~~~~~~~~~~~~~~~~~~~~~~~~~~~~~~~~~~~~~~~~~`
dataset: slashdot method: CSL-Plus, #attack_edge:10000,T:10,test_ratio: 0.3,gamma:0.4
/network/rit/lab/ceashpc/adil/data/adv_csl/Jan2/random_pgd/slashdot/slashdot-attackedges-10000-T-10-testratio-0.3-swap_ratio-0.01-gamma-0.4-realization-0-data-X.pkl
#Rule:2036920 Nodes:164336 Edges:2036920
0 Creating 10 consumers
Iter-0: 107.84/49.09 | Iter-1: 115.97/53.95 | Iter-2: 118.33/59.77 | Iter-3: 107.08/48.29 | Iter-4: 103.52/44.92 | 
Iter-0: 107.26/48.89 | Iter-1: 114.71/53.05 | Iter-2: 117.5/58.58 | Iter-3: 106.44/47.68 | Iter-4: 103.23/44.88 | 
Iter-0: 225.5/105.23 | Iter-1: 240.8/118.4 | Iter-2: 175.73/116.82 | Iter-3: 106.15/47.65 | Iter-4: 103.3/44.73 | 
Iter-0: 221.63/102.83 | Iter-1: 236.76/116.63 | Iter-2: 184.71/125.94 | Iter-3: 106.11/47.43 | Iter-4: 103.32/44.71 | 
Iter-0: 230.82/108.82 | Iter-1: 242.84/119.27 | Iter-2: 155.37/96.5 | Iter-3: 106.73/47.87 | Iter-4: 103.62/44.82 | 
Iter-0: 225.56/105.62 | Iter-1: 236.37/115.26 | Iter-2: 160.22/102.7 | Iter-3: 104.69/47.21 | Iter-4: 102.4/44.58 | 
Iter-0: 184.8/65.14 | Iter-1: 237.68/114.72 | Iter-2: 247.07/127.66 | Iter-3: 220.15/102.54 | Iter-4: 104.25/47.51 | 
Iter-0: 219.88/100.69 | Iter-1: 236.13/116.4 | Iter-2: 247.18/129.31 | Iter-3: 206.69/104.22 | Iter-4: 101.51/44.21 | 
Iter-0: 226.43/104.78 | Iter-1: 238.6/114.64 | Iter-2: 247.15/127.7 | Iter-3: 160.68/102.7 | Iter-4: 102.26/44.52 | 
Iter-0: 223.98/104.85 | Iter-1: 234.65/114.36 | Iter-2: 245.56/127.55 | Iter-3: 171.9/102.52 | Iter-4: 102.55/44.54 | 
1 Creating 10 consumers
Iter-0: 110.83/48.83 | Iter-1: 121.33/60.95 | Iter-2: 115.03/55.7 | Iter-3: 104.95/46.33 | Iter-4: 105.3/45.75 | 
Iter-0: 111.65/48.82 | Iter-1: 121.01/60.98 | Iter-2: 116.02/56.51 | Iter-3: 106.17/46.48 | Iter-4: 107.56/45.79 | 
Iter-0: 202.08/78.35 | Iter-1: 250.82/130.94 | Iter-2: 162.92/103.58 | Iter-3: 105.3/46.03 | Iter-4: 106.42/45.49 | 
Iter-0: 227.57/104.39 | Iter-1: 250.47/131.29 | Iter-2: 114.49/56.58 | Iter-3: 103.61/45.97 | Iter-4: 104.97/45.41 | 
Iter-0: 229.8/106.02 | Iter-1: 255.89/135.97 | Iter-2: 160.16/100.86 | Iter-3: 105.51/46.37 | Iter-4: 107.27/45.88 | 
Iter-0: 232.41/108.36 | Iter-1: 256.47/135.48 | Iter-2: 141.59/82.41 | Iter-3: 105.18/46.14 | Iter-4: 106.66/45.66 | 
Iter-0: 207.27/84.01 | Iter-1: 251.82/132.05 | Iter-2: 241.08/121.48 | Iter-3: 208.87/99.99 | Iter-4: 104.5/44.89 | 
Iter-0: 222.95/95.89 | Iter-1: 255.12/131.47 | Iter-2: 244.12/120.38 | Iter-3: 192.41/99.65 | Iter-4: 107.92/44.88 | 
Iter-0: 227.78/104.16 | Iter-1: 251.79/131.07 | Iter-2: 242.92/122.58 | Iter-3: 142.12/84.33 | Iter-4: 104.83/45.29 | 
Iter-0: 228.76/105.47 | Iter-1: 253.65/132.54 | Iter-2: 243.0/122.46 | Iter-3: 163.8/99.88 | Iter-4: 107.02/45.97 | 
2 Creating 10 consumers
Iter-0: 109.88/49.3 | Iter-1: 119.88/60.55 | Iter-2: 116.45/55.53 | Iter-3: 105.4/46.23 | Iter-4: 104.82/45.51 | 
Iter-0: 111.67/52.02 | Iter-1: 118.32/60.25 | Iter-2: 114.93/55.33 | Iter-3: 119.76/45.7 | Iter-4: 158.59/99.63 | 
Iter-0: 216.74/96.93 | Iter-1: 247.9/132.86 | Iter-2: 112.85/54.19 | Iter-3: 102.34/45.39 | Iter-4: 101.62/44.7 | 
Iter-0: 225.7/105.72 | Iter-1: 250.13/131.42 | Iter-2: 150.48/90.54 | Iter-3: 103.64/45.67 | Iter-4: 103.2/45.22 | 
Iter-0: 226.15/104.03 | Iter-1: 255.77/134.34 | Iter-2: 245.9/122.42 | Iter-3: 124.28/66.29 | Iter-4: 102.49/44.6 | 
Iter-0: 223.57/105.73 | Iter-1: 251.77/133.92 | Iter-2: 233.97/124.31 | Iter-3: 105.77/46.33 | Iter-4: 105.35/45.8 | 
Iter-0: 225.45/107.29 | Iter-1: 251.23/133.38 | Iter-2: 222.26/123.82 | Iter-3: 103.31/45.43 | Iter-4: 102.88/45.02 | 
Iter-0: 232.04/108.65 | Iter-1: 258.92/135.61 | Iter-2: 239.88/124.83 | Iter-3: 106.31/46.95 | Iter-4: 106.26/46.34 | 
Iter-0: 214.72/92.06 | Iter-1: 256.26/134.6 | Iter-2: 246.37/122.37 | Iter-3: 193.95/102.17 | Iter-4: 104.72/45.35 | 
Iter-0: 229.27/106.5 | Iter-1: 255.8/133.19 | Iter-2: 247.65/122.7 | Iter-3: 152.42/94.33 | Iter-4: 102.83/45.01 | 
3 Creating 10 consumers
Iter-0: 108.33/48.45 | Iter-1: 119.45/59.74 | Iter-2: 115.59/54.71 | Iter-3: 104.55/45.83 | Iter-4: 104.0/45.23 | 
Iter-0: 114.68/55.83 | Iter-1: 117.37/59.05 | Iter-2: 113.85/54.13 | Iter-3: 102.78/45.13 | Iter-4: 102.28/44.59 | 
Iter-0: 221.77/98.7 | Iter-1: 254.53/134.34 | Iter-2: 174.55/115.01 | Iter-3: 103.05/45.57 | Iter-4: 103.25/45.42 | 
Iter-0: 229.91/107.04 | Iter-1: 256.17/133.82 | Iter-2: 134.48/74.56 | Iter-3: 103.68/45.56 | Iter-4: 103.42/45.08 | 
Iter-0: 225.7/104.75 | Iter-1: 251.68/130.8 | Iter-2: 122.06/62.35 | Iter-3: 103.04/45.44 | Iter-4: 102.97/45.06 | 
Iter-0: 204.42/83.68 | Iter-1: 250.35/130.89 | Iter-2: 169.5/108.14 | Iter-3: 123.7/46.21 | Iter-4: 172.39/97.39 | 
Iter-0: 229.09/105.39 | Iter-1: 254.26/131.71 | Iter-2: 210.06/122.22 | Iter-3: 105.4/46.13 | Iter-4: 104.91/45.55 | 
Iter-0: 210.5/87.85 | Iter-1: 254.18/132.67 | Iter-2: 245.4/121.07 | Iter-3: 177.66/100.32 | Iter-4: 103.8/45.34 | 
Iter-0: 187.12/65.3 | Iter-1: 253.46/130.57 | Iter-2: 243.83/118.29 | Iter-3: 218.62/99.18 | Iter-4: 105.88/47.9 | 
Iter-0: 229.53/106.09 | Iter-1: 256.01/132.88 | Iter-2: 248.17/122.12 | Iter-3: 132.0/73.02 | Iter-4: 104.27/45.16 | 
4 Creating 10 consumers
