

--------------------------------------------------
--------------------------------------------------

-------------------Thu, 18 Jul 2019 03:36:54 PM EDT---------------------

0 ~~~~~~~~~~~~~~~~~~~~~~~~~~~~
method: CSL-Plus, T, 10, real_i: 0, ratio: 0.2, test_ratio: 0.3, swaprate: 0.0,gamma:0.0, graph_size: 5000
/network/rit/lab/ceashpc/adil/data/adv_csl/Jan2//random_pgd/5000/nodes-5000-T-10-rate-0.2-testratio-0.3-swaprate-0.0-gamma-0.0-realization-0-data-X.pkl
#Rules: 10734 Gen rule time:0.0886130332947
0 Creating 10 consumers
1 Creating 10 consumers
2 Creating 10 consumers
3 Creating 10 consumers
prob_mse: 0.196853769841, running time: 180.367444992 gamma:0.0 TR:0.3
1.0 ~~~~~~~~~~~~~~~~~~~~~~~~~~~~
method: CSL-Plus, T, 10, real_i: 0, ratio: 0.2, test_ratio: 0.3, swaprate: 0.0,gamma:0.01, graph_size: 5000
/network/rit/lab/ceashpc/adil/data/adv_csl/Jan2//random_pgd/5000/nodes-5000-T-10-rate-0.2-testratio-0.3-swaprate-0.0-gamma-0.01-realization-0-data-X.pkl
#Rules: 10734 Gen rule time:0.0971839427948
0 Creating 10 consumers
1 Creating 10 consumers
2 Creating 10 consumers
3 Creating 10 consumers
prob_mse: 0.194686111111, running time: 149.802661896 gamma:0.01 TR:0.3
2.0 ~~~~~~~~~~~~~~~~~~~~~~~~~~~~
method: CSL-Plus, T, 10, real_i: 0, ratio: 0.2, test_ratio: 0.3, swaprate: 0.0,gamma:0.03, graph_size: 5000
/network/rit/lab/ceashpc/adil/data/adv_csl/Jan2//random_pgd/5000/nodes-5000-T-10-rate-0.2-testratio-0.3-swaprate-0.0-gamma-0.03-realization-0-data-X.pkl
#Rules: 10734 Gen rule time:0.0924081802368
0 Creating 10 consumers
1 Creating 10 consumers
2 Creating 10 consumers
3 Creating 10 consumers
prob_mse: 0.195045734127, running time: 149.578328133 gamma:0.03 TR:0.3
3.0 ~~~~~~~~~~~~~~~~~~~~~~~~~~~~
method: CSL-Plus, T, 10, real_i: 0, ratio: 0.2, test_ratio: 0.3, swaprate: 0.0,gamma:0.05, graph_size: 5000
/network/rit/lab/ceashpc/adil/data/adv_csl/Jan2//random_pgd/5000/nodes-5000-T-10-rate-0.2-testratio-0.3-swaprate-0.0-gamma-0.05-realization-0-data-X.pkl
#Rules: 10734 Gen rule time:0.0942540168762
0 Creating 10 consumers
1 Creating 10 consumers
2 Creating 10 consumers
3 Creating 10 consumers
prob_mse: 0.194855133929, running time: 160.061154127 gamma:0.05 TR:0.3
4.0 ~~~~~~~~~~~~~~~~~~~~~~~~~~~~
method: CSL-Plus, T, 10, real_i: 0, ratio: 0.2, test_ratio: 0.3, swaprate: 0.0,gamma:0.07, graph_size: 5000
/network/rit/lab/ceashpc/adil/data/adv_csl/Jan2//random_pgd/5000/nodes-5000-T-10-rate-0.2-testratio-0.3-swaprate-0.0-gamma-0.07-realization-0-data-X.pkl
#Rules: 10734 Gen rule time:0.0453698635101
0 Creating 10 consumers
1 Creating 10 consumers
2 Creating 10 consumers
3 Creating 10 consumers
prob_mse: 0.195577728175, running time: 149.443101168 gamma:0.07 TR:0.3
5.0 ~~~~~~~~~~~~~~~~~~~~~~~~~~~~
method: CSL-Plus, T, 10, real_i: 0, ratio: 0.2, test_ratio: 0.3, swaprate: 0.0,gamma:0.09, graph_size: 5000
/network/rit/lab/ceashpc/adil/data/adv_csl/Jan2//random_pgd/5000/nodes-5000-T-10-rate-0.2-testratio-0.3-swaprate-0.0-gamma-0.09-realization-0-data-X.pkl
#Rules: 10734 Gen rule time:0.100281953812
0 Creating 10 consumers
1 Creating 10 consumers
2 Creating 10 consumers
3 Creating 10 consumers
prob_mse: 0.195806770833, running time: 157.011571884 gamma:0.09 TR:0.3
6.0 ~~~~~~~~~~~~~~~~~~~~~~~~~~~~
method: CSL-Plus, T, 10, real_i: 0, ratio: 0.2, test_ratio: 0.3, swaprate: 0.0,gamma:0.2, graph_size: 5000
/network/rit/lab/ceashpc/adil/data/adv_csl/Jan2//random_pgd/5000/nodes-5000-T-10-rate-0.2-testratio-0.3-swaprate-0.0-gamma-0.2-realization-0-data-X.pkl
#Rules: 10734 Gen rule time:0.104398965836
0 Creating 10 consumers
1 Creating 10 consumers
2 Creating 10 consumers
3 Creating 10 consumers
prob_mse: 0.198992906746, running time: 120.448299885 gamma:0.2 TR:0.3
7.0 ~~~~~~~~~~~~~~~~~~~~~~~~~~~~
method: CSL-Plus, T, 10, real_i: 0, ratio: 0.2, test_ratio: 0.3, swaprate: 0.0,gamma:0.3, graph_size: 5000
/network/rit/lab/ceashpc/adil/data/adv_csl/Jan2//random_pgd/5000/nodes-5000-T-10-rate-0.2-testratio-0.3-swaprate-0.0-gamma-0.3-realization-0-data-X.pkl
#Rules: 10734 Gen rule time:0.0455451011658
0 Creating 10 consumers
1 Creating 10 consumers
2 Creating 10 consumers
prob_mse: 0.211123363095, running time: 101.851241112 gamma:0.3 TR:0.3
8.0 ~~~~~~~~~~~~~~~~~~~~~~~~~~~~
method: CSL-Plus, T, 10, real_i: 0, ratio: 0.2, test_ratio: 0.3, swaprate: 0.0,gamma:0.4, graph_size: 5000
/network/rit/lab/ceashpc/adil/data/adv_csl/Jan2//random_pgd/5000/nodes-5000-T-10-rate-0.2-testratio-0.3-swaprate-0.0-gamma-0.4-realization-0-data-X.pkl
#Rules: 10734 Gen rule time:0.0456380844116
0 Creating 10 consumers
1 Creating 10 consumers
2 Creating 10 consumers
3 Creating 10 consumers
prob_mse: 0.212165029762, running time: 130.287271023 gamma:0.4 TR:0.3
9.0 ~~~~~~~~~~~~~~~~~~~~~~~~~~~~
method: CSL-Plus, T, 10, real_i: 0, ratio: 0.2, test_ratio: 0.1, swaprate: 0.0,gamma:0.0, graph_size: 5000
/network/rit/lab/ceashpc/adil/data/adv_csl/Jan2//random_pgd/5000/nodes-5000-T-10-rate-0.2-testratio-0.1-swaprate-0.0-gamma-0.0-realization-0-data-X.pkl
#Rules: 10734 Gen rule time:0.0950589179993
0 Creating 10 consumers
1 Creating 10 consumers
2 Creating 10 consumers
3 Creating 10 consumers
prob_mse: 0.204146814815, running time: 121.884057045 gamma:0.0 TR:0.1
10.0 ~~~~~~~~~~~~~~~~~~~~~~~~~~~~
method: CSL-Plus, T, 10, real_i: 0, ratio: 0.2, test_ratio: 0.1, swaprate: 0.0,gamma:0.01, graph_size: 5000
/network/rit/lab/ceashpc/adil/data/adv_csl/Jan2//random_pgd/5000/nodes-5000-T-10-rate-0.2-testratio-0.1-swaprate-0.0-gamma-0.01-realization-0-data-X.pkl
#Rules: 10734 Gen rule time:0.108662843704
0 Creating 10 consumers
1 Creating 10 consumers
2 Creating 10 consumers
3 Creating 10 consumers
prob_mse: 0.205365333333, running time: 94.5623381138 gamma:0.01 TR:0.1
11.0 ~~~~~~~~~~~~~~~~~~~~~~~~~~~~
method: CSL-Plus, T, 10, real_i: 0, ratio: 0.2, test_ratio: 0.1, swaprate: 0.0,gamma:0.03, graph_size: 5000
/network/rit/lab/ceashpc/adil/data/adv_csl/Jan2//random_pgd/5000/nodes-5000-T-10-rate-0.2-testratio-0.1-swaprate-0.0-gamma-0.03-realization-0-data-X.pkl
#Rules: 10734 Gen rule time:0.117223978043
0 Creating 10 consumers
1 Creating 10 consumers
2 Creating 10 consumers
3 Creating 10 consumers
prob_mse: 0.205365333333, running time: 95.6265180111 gamma:0.03 TR:0.1
12.0 ~~~~~~~~~~~~~~~~~~~~~~~~~~~~
method: CSL-Plus, T, 10, real_i: 0, ratio: 0.2, test_ratio: 0.1, swaprate: 0.0,gamma:0.05, graph_size: 5000
/network/rit/lab/ceashpc/adil/data/adv_csl/Jan2//random_pgd/5000/nodes-5000-T-10-rate-0.2-testratio-0.1-swaprate-0.0-gamma-0.05-realization-0-data-X.pkl
#Rules: 10734 Gen rule time:0.0454428195953
0 Creating 10 consumers
1 Creating 10 consumers
2 Creating 10 consumers
3 Creating 10 consumers
prob_mse: 0.205365333333, running time: 95.1965060234 gamma:0.05 TR:0.1
13.0 ~~~~~~~~~~~~~~~~~~~~~~~~~~~~
method: CSL-Plus, T, 10, real_i: 0, ratio: 0.2, test_ratio: 0.1, swaprate: 0.0,gamma:0.07, graph_size: 5000
/network/rit/lab/ceashpc/adil/data/adv_csl/Jan2//random_pgd/5000/nodes-5000-T-10-rate-0.2-testratio-0.1-swaprate-0.0-gamma-0.07-realization-0-data-X.pkl
#Rules: 10734 Gen rule time:0.0454630851746
0 Creating 10 consumers
1 Creating 10 consumers
2 Creating 10 consumers
3 Creating 10 consumers
prob_mse: 0.201239407407, running time: 115.299565077 gamma:0.07 TR:0.1
14.0 ~~~~~~~~~~~~~~~~~~~~~~~~~~~~
method: CSL-Plus, T, 10, real_i: 0, ratio: 0.2, test_ratio: 0.1, swaprate: 0.0,gamma:0.09, graph_size: 5000
/network/rit/lab/ceashpc/adil/data/adv_csl/Jan2//random_pgd/5000/nodes-5000-T-10-rate-0.2-testratio-0.1-swaprate-0.0-gamma-0.09-realization-0-data-X.pkl
#Rules: 10734 Gen rule time:0.0487639904022
0 Creating 10 consumers
1 Creating 10 consumers
2 Creating 10 consumers
3 Creating 10 consumers
prob_mse: 0.201276444444, running time: 115.51264596 gamma:0.09 TR:0.1
15.0 ~~~~~~~~~~~~~~~~~~~~~~~~~~~~
method: CSL-Plus, T, 10, real_i: 0, ratio: 0.2, test_ratio: 0.1, swaprate: 0.0,gamma:0.2, graph_size: 5000
/network/rit/lab/ceashpc/adil/data/adv_csl/Jan2//random_pgd/5000/nodes-5000-T-10-rate-0.2-testratio-0.1-swaprate-0.0-gamma-0.2-realization-0-data-X.pkl
#Rules: 10734 Gen rule time:0.0463681221008
0 Creating 10 consumers
1 Creating 10 consumers
2 Creating 10 consumers
prob_mse: 0.201791259259, running time: 88.0464172363 gamma:0.2 TR:0.1
16.0 ~~~~~~~~~~~~~~~~~~~~~~~~~~~~
method: CSL-Plus, T, 10, real_i: 0, ratio: 0.2, test_ratio: 0.1, swaprate: 0.0,gamma:0.3, graph_size: 5000
/network/rit/lab/ceashpc/adil/data/adv_csl/Jan2//random_pgd/5000/nodes-5000-T-10-rate-0.2-testratio-0.1-swaprate-0.0-gamma-0.3-realization-0-data-X.pkl
#Rules: 10734 Gen rule time:0.0451829433441
0 Creating 10 consumers
1 Creating 10 consumers
2 Creating 10 consumers
