

--------------------------------------------------
--------------------------------------------------

-------------------Thu, 18 Jul 2019 11:01:21 PM EDT---------------------

0 ~~~~~~~~~~~~~~~~~~~~~~~~~~~~~~~~~~~~~~~~~~~~~~~~~~~~~~~~~~~~~~~`
dataset: philly method: CSL-Plus, weekday:0,hour:8,T, 43,ref_ratio:0.6, test_ratio: 0.3,gamma:0.0
/network/rit/lab/ceashpc/adil/data/adv_csl/Jan2/traffic/random_pgd/philly//network_philly_weekday_0_hour_8_refspeed_0.6-testratio-0.3-gamma-0.0-realization-0.pkl
#Rule:980 Nodes:603 Edges:708
prob_mse: 0.0931611371935, running time: 100.197936058
1.0 ~~~~~~~~~~~~~~~~~~~~~~~~~~~~~~~~~~~~~~~~~~~~~~~~~~~~~~~~~~~~~~~`
dataset: philly method: CSL-Plus, weekday:0,hour:8,T, 43,ref_ratio:0.6, test_ratio: 0.3,gamma:0.01
/network/rit/lab/ceashpc/adil/data/adv_csl/Jan2/traffic/random_pgd/philly//network_philly_weekday_0_hour_8_refspeed_0.6-testratio-0.3-gamma-0.01-realization-0.pkl
#Rule:980 Nodes:603 Edges:708
prob_mse: 0.22145096505, running time: 173.216452122
2.0 ~~~~~~~~~~~~~~~~~~~~~~~~~~~~~~~~~~~~~~~~~~~~~~~~~~~~~~~~~~~~~~~`
dataset: philly method: CSL-Plus, weekday:0,hour:8,T, 43,ref_ratio:0.6, test_ratio: 0.3,gamma:0.03
/network/rit/lab/ceashpc/adil/data/adv_csl/Jan2/traffic/random_pgd/philly//network_philly_weekday_0_hour_8_refspeed_0.6-testratio-0.3-gamma-0.03-realization-0.pkl
#Rule:980 Nodes:603 Edges:708
prob_mse: 0.22145096505, running time: 170.734112024
3.0 ~~~~~~~~~~~~~~~~~~~~~~~~~~~~~~~~~~~~~~~~~~~~~~~~~~~~~~~~~~~~~~~`
dataset: philly method: CSL-Plus, weekday:0,hour:8,T, 43,ref_ratio:0.6, test_ratio: 0.3,gamma:0.05
/network/rit/lab/ceashpc/adil/data/adv_csl/Jan2/traffic/random_pgd/philly//network_philly_weekday_0_hour_8_refspeed_0.6-testratio-0.3-gamma-0.05-realization-0.pkl
#Rule:980 Nodes:603 Edges:708
prob_mse: 0.23042143975, running time: 171.996669054
4.0 ~~~~~~~~~~~~~~~~~~~~~~~~~~~~~~~~~~~~~~~~~~~~~~~~~~~~~~~~~~~~~~~`
dataset: philly method: CSL-Plus, weekday:0,hour:8,T, 43,ref_ratio:0.6, test_ratio: 0.3,gamma:0.07
/network/rit/lab/ceashpc/adil/data/adv_csl/Jan2/traffic/random_pgd/philly//network_philly_weekday_0_hour_8_refspeed_0.6-testratio-0.3-gamma-0.07-realization-0.pkl
#Rule:980 Nodes:603 Edges:708
prob_mse: 0.23042143975, running time: 171.238872051
5.0 ~~~~~~~~~~~~~~~~~~~~~~~~~~~~~~~~~~~~~~~~~~~~~~~~~~~~~~~~~~~~~~~`
dataset: philly method: CSL-Plus, weekday:0,hour:8,T, 43,ref_ratio:0.6, test_ratio: 0.3,gamma:0.09
/network/rit/lab/ceashpc/adil/data/adv_csl/Jan2/traffic/random_pgd/philly//network_philly_weekday_0_hour_8_refspeed_0.6-testratio-0.3-gamma-0.09-realization-0.pkl
#Rule:980 Nodes:603 Edges:708
prob_mse: 0.234280699009, running time: 174.401094913
6.0 ~~~~~~~~~~~~~~~~~~~~~~~~~~~~~~~~~~~~~~~~~~~~~~~~~~~~~~~~~~~~~~~`
dataset: philly method: CSL-Plus, weekday:0,hour:8,T, 43,ref_ratio:0.6, test_ratio: 0.3,gamma:0.2
/network/rit/lab/ceashpc/adil/data/adv_csl/Jan2/traffic/random_pgd/philly//network_philly_weekday_0_hour_8_refspeed_0.6-testratio-0.3-gamma-0.2-realization-0.pkl
#Rule:980 Nodes:603 Edges:708
prob_mse: 0.261921491914, running time: 181.830347061
7.0 ~~~~~~~~~~~~~~~~~~~~~~~~~~~~~~~~~~~~~~~~~~~~~~~~~~~~~~~~~~~~~~~`
dataset: philly method: CSL-Plus, weekday:0,hour:8,T, 43,ref_ratio:0.6, test_ratio: 0.3,gamma:0.3
/network/rit/lab/ceashpc/adil/data/adv_csl/Jan2/traffic/random_pgd/philly//network_philly_weekday_0_hour_8_refspeed_0.6-testratio-0.3-gamma-0.3-realization-0.pkl
#Rule:980 Nodes:603 Edges:708
prob_mse: 0.261921491914, running time: 184.872835875
8.0 ~~~~~~~~~~~~~~~~~~~~~~~~~~~~~~~~~~~~~~~~~~~~~~~~~~~~~~~~~~~~~~~`
dataset: philly method: CSL-Plus, weekday:0,hour:8,T, 43,ref_ratio:0.6, test_ratio: 0.3,gamma:0.4
/network/rit/lab/ceashpc/adil/data/adv_csl/Jan2/traffic/random_pgd/philly//network_philly_weekday_0_hour_8_refspeed_0.6-testratio-0.3-gamma-0.4-realization-0.pkl
#Rule:980 Nodes:603 Edges:708
prob_mse: 0.261921491914, running time: 182.140598059
