

--------------------------------------------------
--------------------------------------------------

-------------------Fri, 19 Jul 2019 12:23:11 AM EDT---------------------

0 ~~~~~~~~~~~~~~~~~~~~~~~~~~~~~~~~~~~~~~~~~~~~~~~~~~~~~~~~~~~~~~~`
dataset: slashdot method: CSL-Plus, #attack_edge:10000,T:10,test_ratio: 0.3,gamma:0.0
/network/rit/lab/ceashpc/adil/data/adv_csl/Jan2/random_pgd/slashdot/slashdot-attackedges-10000-T-10-testratio-0.3-swap_ratio-0.01-gamma-0.0-realization-0-data-X.pkl
#Rule:2036920 Nodes:164336 Edges:2036920
0 Creating 10 consumers










1 Creating 10 consumers
Iter-0: 157.14/25.75 | Iter-1: 244.67/104.23 | Iter-2: 216.79/80.03 | Iter-3: 229.87/89.72 | Iter-4: 231.85/91.35 | 
Iter-0: 189.7/34.16 | Iter-1: 245.4/104.13 | Iter-2: 217.22/79.03 | Iter-3: 231.87/90.4 | Iter-4: 235.27/92.04 | 
Iter-0: 202.59/47.98 | Iter-1: 243.39/103.99 | Iter-2: 217.45/80.64 | Iter-3: 232.72/90.6 | Iter-4: 233.03/91.78 | 
Iter-0: 191.03/55.12 | Iter-1: 236.67/98.71 | Iter-2: 214.43/79.36 | Iter-3: 227.82/89.26 | Iter-4: 147.77/76.37 | 
Iter-0: 193.39/47.48 | Iter-1: 242.39/102.77 | Iter-2: 215.92/79.58 | Iter-3: 232.43/89.12 | Iter-4: 232.34/91.34 | 
Iter-0: 205.17/53.57 | Iter-1: 242.48/102.97 | Iter-2: 216.77/80.14 | Iter-3: 233.0/89.48 | Iter-4: 230.93/91.6 | 
Iter-0: 195.05/53.16 | Iter-1: 240.48/99.65 | Iter-2: 217.29/78.2 | Iter-3: 230.3/87.75 | Iter-4: 190.08/88.75 | 
Iter-0: 197.26/52.68 | Iter-1: 240.91/101.55 | Iter-2: 217.31/79.78 | Iter-3: 231.18/88.67 | Iter-4: 209.48/90.37 | 
Iter-0: 190.77/52.16 | Iter-1: 238.13/99.23 | Iter-2: 214.96/77.99 | Iter-3: 227.34/87.38 | Iter-4: 204.67/88.64 | 
Iter-0: 190.2/52.0 | Iter-1: 237.02/98.2 | Iter-2: 214.5/77.86 | Iter-3: 227.2/87.06 | Iter-4: 197.59/87.74 | 
2 Creating 10 consumers
Iter-0: 190.79/55.39 | 
Iter-0: 190.11/53.27 | 
Iter-0: 167.84/36.11 | Iter-1: 246.88/109.1 | Iter-2: 151.76/84.02 | Iter-3: 108.15/42.21 | Iter-4: 106.62/40.67 | 
Iter-0: 185.11/52.03 | Iter-1: 247.58/110.08 | Iter-2: 124.78/58.33 | Iter-3: 108.25/41.96 | Iter-4: 106.5/40.33 | 
Iter-0: 146.28/25.28 | Iter-1: 247.65/107.8 | Iter-2: 219.78/82.88 | Iter-3: 195.93/92.34 | Iter-4: 106.19/40.53 | 
Iter-0: 187.97/54.38 | Iter-1: 245.32/108.05 | Iter-2: 219.3/84.43 | Iter-3: 166.89/93.92 | Iter-4: 106.78/40.17 | 
Iter-0: 191.39/54.24 | Iter-1: 240.14/102.32 | Iter-2: 218.99/81.08 | Iter-3: 127.22/61.35 | Iter-4: 105.79/39.17 | 
Iter-0: 190.53/53.98 | Iter-1: 243.34/105.42 | Iter-2: 219.1/83.08 | Iter-3: 142.81/76.59 | Iter-4: 105.85/39.32 | 
Iter-0: 174.9/42.72 | Iter-1: 244.36/107.53 | Iter-2: 218.34/83.55 | Iter-3: 228.07/93.17 | Iter-4: 123.84/58.08 | 
Iter-0: 191.15/53.87 | Iter-1: 243.52/104.8 | Iter-2: 219.07/82.33 | Iter-3: 209.76/91.07 | Iter-4: 104.7/39.46 | 
3 Creating 10 consumers
Iter-0: 188.12/53.75 | 
Iter-0: 189.65/54.77 | 
Iter-0: 190.69/54.41 | 
Iter-0: 190.79/54.51 | 
Iter-0: 189.82/53.8 | 
Iter-0: 172.43/40.36 | Iter-1: 243.37/107.98 | Iter-2: 144.9/78.22 | Iter-3: 109.78/41.73 | Iter-4: 110.63/41.13 | 
Iter-0: 173.93/42.21 | Iter-1: 241.18/105.95 | Iter-2: 138.28/71.57 | Iter-3: 109.09/41.35 | Iter-4: 110.23/40.63 | 
Iter-0: 184.38/50.8 | Iter-1: 243.47/107.32 | Iter-2: 128.03/61.04 | Iter-3: 109.77/41.68 | Iter-4: 110.86/41.02 | 
Iter-0: 189.64/54.87 | Iter-1: 244.69/108.89 | Iter-2: 220.35/84.16 | Iter-3: 148.83/78.01 | Iter-4: 109.3/41.4 | 
Iter-0: 189.43/54.78 | Iter-1: 243.86/108.51 | Iter-2: 219.52/83.92 | Iter-3: 144.29/73.95 | Iter-4: 109.09/41.45 | 
4 Creating 10 consumers
Iter-0: 179.02/45.46 | 
Iter-0: 211.39/53.99 | 
Iter-0: 203.78/54.15 | 
Iter-0: 206.63/54.08 | 
Iter-0: 214.53/54.86 | 
Iter-0: 183.77/48.34 | Iter-1: 252.34/110.61 | Iter-2: 148.86/79.63 | 
Iter-0: 160.02/28.4 | Iter-1: 248.54/105.22 | Iter-2: 196.13/80.88 | 
Iter-0: 186.32/50.51 | Iter-1: 251.07/109.97 | Iter-2: 142.61/73.66 | 
Iter-0: 187.1/51.0 | Iter-1: 252.88/111.82 | Iter-2: 169.67/84.62 | 
Iter-0: 194.33/54.54 | Iter-1: 253.17/109.5 | Iter-2: 142.21/73.06 | 
prob_mse: 0.12076986883, running time: 4511.54248905
1.0 ~~~~~~~~~~~~~~~~~~~~~~~~~~~~~~~~~~~~~~~~~~~~~~~~~~~~~~~~~~~~~~~`
dataset: slashdot method: CSL-Plus, #attack_edge:10000,T:10,test_ratio: 0.3,gamma:0.01
/network/rit/lab/ceashpc/adil/data/adv_csl/Jan2/random_pgd/slashdot/slashdot-attackedges-10000-T-10-testratio-0.3-swap_ratio-0.01-gamma-0.01-realization-0-data-X.pkl
#Rule:2036920 Nodes:164336 Edges:2036920
0 Creating 10 consumers










1 Creating 10 consumers
Iter-0: 208.37/62.52 | Iter-1: 267.02/119.45 | Iter-2: 254.64/110.01 | Iter-3: 253.9/111.21 | Iter-4: 245.53/106.7 | 
Iter-0: 212.75/70.8 | Iter-1: 261.4/119.02 | Iter-2: 252.29/111.77 | Iter-3: 253.4/114.5 | Iter-4: 243.43/109.23 | 
Iter-0: 232.97/91.27 | Iter-1: 266.21/123.88 | Iter-2: 256.42/113.39 | Iter-3: 253.64/111.0 | Iter-4: 241.65/103.78 | 
Iter-0: 241.43/98.98 | Iter-1: 267.08/126.17 | Iter-2: 254.54/114.74 | Iter-3: 254.85/113.93 | Iter-4: 242.02/104.96 | 
Iter-0: 240.84/98.63 | Iter-1: 271.09/123.3 | Iter-2: 255.76/110.71 | Iter-3: 255.5/111.87 | Iter-4: 243.85/105.16 | 
Iter-0: 260.41/108.18 | Iter-1: 277.93/126.8 | Iter-2: 266.93/115.57 | Iter-3: 259.57/114.89 | Iter-4: 194.71/106.14 | 
Iter-0: 271.94/108.43 | Iter-1: 286.83/128.84 | Iter-2: 275.24/119.06 | Iter-3: 257.35/120.15 | Iter-4: 148.54/79.94 | 
Iter-0: 263.91/108.09 | Iter-1: 280.38/125.56 | Iter-2: 269.83/114.88 | Iter-3: 259.64/115.99 | Iter-4: 181.34/105.59 | 
Iter-0: 276.25/106.41 | Iter-1: 290.25/128.18 | Iter-2: 277.79/118.18 | Iter-3: 256.47/119.51 | Iter-4: 131.74/64.97 | 
Iter-0: 272.07/108.4 | Iter-1: 287.92/126.39 | Iter-2: 276.65/116.42 | Iter-3: 255.51/116.64 | Iter-4: 167.74/105.4 | 
2 Creating 10 consumers
Iter-0: 216.11/82.47 | Iter-1: 259.94/119.93 | Iter-2: 245.0/106.99 | Iter-3: 237.74/102.14 | Iter-4: 242.86/106.88 | 
Iter-0: 231.33/99.48 | Iter-1: 259.56/121.46 | Iter-2: 244.57/108.57 | Iter-3: 240.0/103.54 | Iter-4: 244.04/108.05 | 
Iter-0: 232.55/100.91 | Iter-1: 260.33/122.36 | Iter-2: 244.65/108.82 | Iter-3: 240.71/104.28 | Iter-4: 244.85/108.99 | 
Iter-0: 239.1/104.66 | Iter-1: 263.27/122.93 | Iter-2: 246.51/108.6 | Iter-3: 241.85/103.23 | Iter-4: 196.42/108.89 | 
Iter-0: 233.35/102.32 | Iter-1: 260.06/122.9 | Iter-2: 244.82/109.48 | Iter-3: 240.24/103.56 | Iter-4: 245.54/109.97 | 
Iter-0: 236.38/104.58 | Iter-1: 260.69/122.64 | Iter-2: 244.21/108.53 | Iter-3: 239.38/102.96 | Iter-4: 227.89/109.12 | 
Iter-0: 237.29/104.53 | Iter-1: 261.52/122.82 | Iter-2: 244.95/108.48 | Iter-3: 240.49/102.83 | Iter-4: 220.06/109.25 | 
Iter-0: 237.04/105.83 | Iter-1: 261.44/124.39 | Iter-2: 244.66/109.9 | Iter-3: 239.72/104.3 | Iter-4: 233.59/110.24 | 
Iter-0: 235.98/104.53 | Iter-1: 262.23/124.77 | Iter-2: 246.05/110.19 | Iter-3: 241.79/105.09 | Iter-4: 223.85/111.12 | 
Iter-0: 239.79/106.88 | Iter-1: 263.63/124.81 | Iter-2: 246.99/111.0 | Iter-3: 242.16/104.89 | Iter-4: 213.46/110.72 | 
3 Creating 10 consumers
Iter-0: 218.28/81.8 | Iter-1: 259.3/120.4 | Iter-2: 242.45/105.62 | Iter-3: 238.21/100.89 | Iter-4: 245.03/105.5 | 
Iter-0: 239.19/102.83 | Iter-1: 262.78/123.77 | Iter-2: 245.92/109.17 | Iter-3: 242.05/105.15 | Iter-4: 248.67/109.09 | 
Iter-0: 238.6/102.77 | Iter-1: 262.02/123.85 | Iter-2: 245.13/108.9 | Iter-3: 240.47/104.15 | Iter-4: 248.45/109.06 | 
Iter-0: 244.6/106.92 | Iter-1: 261.98/121.7 | Iter-2: 245.61/107.55 | Iter-3: 239.99/101.89 | Iter-4: 197.36/107.44 | 
Iter-0: 239.0/103.01 | Iter-1: 262.16/123.73 | Iter-2: 245.48/109.15 | Iter-3: 240.7/104.23 | Iter-4: 245.99/109.42 | 
Iter-0: 245.79/108.42 | Iter-1: 262.78/122.98 | Iter-2: 245.78/108.32 | Iter-3: 241.31/103.41 | Iter-4: 227.32/108.86 | 
Iter-0: 245.08/108.26 | Iter-1: 262.95/123.7 | Iter-2: 246.29/109.36 | Iter-3: 241.83/104.71 | Iter-4: 223.79/109.62 | 
Iter-0: 244.99/108.51 | Iter-1: 262.77/123.75 | Iter-2: 246.46/109.74 | Iter-3: 241.47/104.71 | Iter-4: 219.55/110.23 | 
Iter-0: 244.01/108.8 | Iter-1: 263.21/125.97 | Iter-2: 247.32/111.46 | Iter-3: 242.58/106.19 | Iter-4: 221.28/112.21 | 
Iter-0: 244.44/109.28 | Iter-1: 262.04/124.18 | Iter-2: 245.64/110.39 | Iter-3: 240.61/105.09 | Iter-4: 216.84/111.09 | 
4 Creating 10 consumers
Iter-0: 192.09/50.96 | Iter-1: 260.39/119.43 | Iter-2: 250.14/106.51 | Iter-3: 241.98/102.48 | Iter-4: 245.7/107.37 | 
Iter-0: 223.7/80.63 | Iter-1: 264.54/123.93 | Iter-2: 252.16/107.7 | Iter-3: 247.63/103.32 | Iter-4: 253.74/105.99 | 
Iter-0: 242.87/103.23 | Iter-1: 264.52/124.61 | Iter-2: 251.44/108.16 | Iter-3: 246.12/104.07 | Iter-4: 252.43/109.14 | 
Iter-0: 235.7/96.49 | Iter-1: 265.42/123.87 | Iter-2: 253.29/107.34 | Iter-3: 247.19/102.14 | Iter-4: 253.23/108.82 | 
Iter-0: 253.4/108.69 | Iter-1: 266.62/122.07 | Iter-2: 256.82/107.77 | Iter-3: 247.08/103.46 | Iter-4: 200.21/110.87 | 
Iter-0: 249.98/110.6 | Iter-1: 265.07/124.71 | Iter-2: 254.86/108.3 | Iter-3: 245.13/104.26 | Iter-4: 251.49/111.15 | 
Iter-0: 251.92/109.79 | Iter-1: 266.54/123.95 | Iter-2: 257.07/108.88 | Iter-3: 246.38/104.75 | Iter-4: 219.98/111.71 | 
Iter-0: 262.64/110.13 | Iter-1: 278.06/125.42 | Iter-2: 270.98/113.28 | Iter-3: 257.95/107.31 | Iter-4: 124.99/54.09 | 
Iter-0: 254.01/109.66 | Iter-1: 269.54/124.16 | Iter-2: 257.57/109.74 | Iter-3: 248.39/105.4 | Iter-4: 216.68/111.59 | 
Iter-0: 255.57/108.24 | Iter-1: 272.04/122.98 | Iter-2: 260.99/109.2 | Iter-3: 253.57/104.78 | Iter-4: 195.28/109.38 | 
prob_mse: 0.177067833671, running time: 5877.6889329
2.0 ~~~~~~~~~~~~~~~~~~~~~~~~~~~~~~~~~~~~~~~~~~~~~~~~~~~~~~~~~~~~~~~`
dataset: slashdot method: CSL-Plus, #attack_edge:10000,T:10,test_ratio: 0.3,gamma:0.03
/network/rit/lab/ceashpc/adil/data/adv_csl/Jan2/random_pgd/slashdot/slashdot-attackedges-10000-T-10-testratio-0.3-swap_ratio-0.01-gamma-0.03-realization-0-data-X.pkl
#Rule:2036920 Nodes:164336 Edges:2036920
0 Creating 10 consumers










1 Creating 10 consumers
Iter-0: 179.31/49.23 | Iter-1: 260.13/119.3 | Iter-2: 237.08/103.0 | Iter-3: 243.91/110.84 | Iter-4: 240.87/106.11 | 
Iter-0: 229.9/89.28 | Iter-1: 264.34/125.04 | Iter-2: 240.25/103.54 | Iter-3: 250.25/111.31 | Iter-4: 245.91/107.09 | 
Iter-0: 236.82/95.31 | Iter-1: 261.2/123.06 | Iter-2: 237.85/103.07 | Iter-3: 248.14/111.32 | Iter-4: 243.81/106.26 | 
Iter-0: 239.8/96.42 | Iter-1: 259.45/118.67 | Iter-2: 237.33/99.96 | Iter-3: 248.98/108.91 | Iter-4: 245.11/103.93 | 
Iter-0: 237.12/96.2 | Iter-1: 260.4/122.82 | Iter-2: 238.5/102.78 | Iter-3: 249.18/110.71 | Iter-4: 244.86/105.51 | 
Iter-0: 265.85/109.43 | Iter-1: 265.04/123.67 | Iter-2: 247.66/108.11 | Iter-3: 260.06/115.91 | Iter-4: 129.15/56.82 | 
Iter-0: 252.86/108.26 | Iter-1: 263.87/123.87 | Iter-2: 244.06/104.79 | Iter-3: 253.23/111.23 | Iter-4: 199.85/105.81 | 
Iter-0: 251.78/107.5 | Iter-1: 260.87/122.19 | Iter-2: 241.15/103.79 | Iter-3: 251.27/110.98 | Iter-4: 205.72/105.48 | 
Iter-0: 257.81/107.51 | Iter-1: 263.11/122.94 | Iter-2: 244.01/104.57 | Iter-3: 255.17/111.54 | Iter-4: 200.73/105.16 | 
Iter-0: 265.03/106.18 | Iter-1: 264.62/121.3 | Iter-2: 245.96/104.26 | Iter-3: 258.02/112.56 | Iter-4: 178.35/105.64 | 
2 Creating 10 consumers
Iter-0: 209.77/72.78 | Iter-1: 258.78/117.16 | Iter-2: 239.1/100.51 | Iter-3: 230.14/94.24 | Iter-4: 234.24/97.6 | 
Iter-0: 226.73/92.08 | Iter-1: 257.17/119.43 | Iter-2: 239.2/103.21 | Iter-3: 232.14/96.67 | Iter-4: 236.15/99.7 | 
Iter-0: 233.92/98.77 | Iter-1: 257.66/119.89 | Iter-2: 239.2/103.55 | Iter-3: 232.86/97.48 | Iter-4: 235.92/99.9 | 
Iter-0: 217.59/80.95 | Iter-1: 257.26/118.02 | Iter-2: 239.51/102.12 | Iter-3: 232.28/95.03 | Iter-4: 236.2/98.32 | 
Iter-0: 241.18/106.35 | Iter-1: 257.1/120.04 | Iter-2: 239.61/104.38 | Iter-3: 232.6/96.58 | Iter-4: 206.31/99.54 | 
Iter-0: 243.12/105.81 | Iter-1: 259.68/120.77 | Iter-2: 242.45/105.37 | Iter-3: 235.11/96.36 | Iter-4: 168.91/99.28 | 
Iter-0: 241.49/106.65 | Iter-1: 257.71/120.97 | Iter-2: 240.29/105.39 | Iter-3: 232.83/96.4 | Iter-4: 193.04/99.97 | 
Iter-0: 240.25/107.16 | Iter-1: 258.68/122.37 | Iter-2: 240.59/106.2 | Iter-3: 233.82/98.56 | Iter-4: 228.32/101.42 | 
Iter-0: 240.96/108.4 | Iter-1: 257.51/122.1 | Iter-2: 239.04/106.2 | Iter-3: 232.14/97.97 | Iter-4: 217.07/101.46 | 
Iter-0: 239.8/103.91 | Iter-1: 258.11/120.0 | Iter-2: 240.41/104.54 | Iter-3: 233.42/96.15 | Iter-4: 184.15/98.82 | 
3 Creating 10 consumers
Iter-0: 212.24/75.9 | Iter-1: 255.74/118.5 | Iter-2: 240.81/103.07 | Iter-3: 238.06/95.36 | Iter-4: 239.65/99.01 | 
Iter-0: 236.71/101.18 | Iter-1: 255.17/119.6 | Iter-2: 239.7/104.15 | Iter-3: 237.66/97.99 | Iter-4: 237.66/100.78 | 
Iter-0: 229.13/93.68 | Iter-1: 257.22/121.65 | Iter-2: 240.73/105.69 | Iter-3: 239.27/99.48 | Iter-4: 240.15/102.08 | 
Iter-0: 233.35/98.87 | Iter-1: 255.28/120.57 | Iter-2: 239.19/104.95 | Iter-3: 236.3/97.77 | Iter-4: 239.09/101.19 | 
Iter-0: 235.53/100.78 | Iter-1: 255.57/120.78 | Iter-2: 239.84/104.91 | Iter-3: 237.71/98.06 | Iter-4: 239.72/101.22 | 
Iter-0: 243.08/106.28 | Iter-1: 258.93/121.65 | Iter-2: 242.35/105.34 | Iter-3: 240.14/98.42 | Iter-4: 206.66/101.06 | 
Iter-0: 242.7/106.15 | Iter-1: 258.17/121.3 | Iter-2: 242.28/105.36 | Iter-3: 239.39/97.97 | Iter-4: 206.46/101.38 | 
Iter-0: 242.35/104.83 | Iter-1: 258.94/120.44 | Iter-2: 242.63/104.87 | Iter-3: 240.9/98.22 | Iter-4: 189.05/100.95 | 
Iter-0: 243.02/106.76 | Iter-1: 258.85/122.26 | Iter-2: 242.99/106.19 | Iter-3: 239.77/98.84 | Iter-4: 211.32/101.78 | 
Iter-0: 240.07/104.95 | Iter-1: 256.48/120.89 | Iter-2: 241.31/105.17 | Iter-3: 238.46/97.74 | Iter-4: 200.9/100.76 | 
4 Creating 10 consumers
Iter-0: 187.44/55.73 | Iter-1: 256.41/118.23 | Iter-2: 237.88/103.18 | Iter-3: 232.29/96.96 | Iter-4: 233.72/98.93 | 
Iter-0: 208.58/73.49 | Iter-1: 256.1/116.7 | Iter-2: 234.69/99.85 | Iter-3: 229.29/94.4 | Iter-4: 231.83/97.26 | 
Iter-0: 218.37/83.16 | Iter-1: 257.01/117.93 | Iter-2: 239.56/102.08 | Iter-3: 232.79/95.18 | Iter-4: 234.93/97.53 | 
Iter-0: 235.36/101.3 | Iter-1: 255.78/119.08 | Iter-2: 237.92/103.93 | Iter-3: 230.44/97.0 | Iter-4: 233.82/99.79 | 
Iter-0: 240.65/103.13 | Iter-1: 257.02/119.03 | Iter-2: 240.98/103.97 | Iter-3: 232.15/95.11 | Iter-4: 165.66/98.0 | 
Iter-0: 243.55/106.67 | Iter-1: 258.8/121.92 | Iter-2: 243.55/107.74 | Iter-3: 234.83/98.96 | Iter-4: 149.06/82.83 | 
Iter-0: 239.99/105.57 | Iter-1: 256.74/119.77 | Iter-2: 238.08/104.71 | Iter-3: 230.55/97.03 | Iter-4: 229.34/99.91 | 
Iter-0: 241.73/103.77 | Iter-1: 258.89/119.42 | Iter-2: 242.23/104.13 | Iter-3: 234.15/96.07 | Iter-4: 182.1/98.71 | 
Iter-0: 240.76/105.08 | Iter-1: 257.36/119.61 | Iter-2: 240.07/104.39 | Iter-3: 232.75/96.48 | Iter-4: 203.03/99.02 | 
Iter-0: 239.69/105.86 | Iter-1: 257.81/121.35 | Iter-2: 239.25/106.07 | Iter-3: 232.18/98.49 | Iter-4: 217.34/100.43 | 
prob_mse: 0.440172369168, running time: 5708.87834692
3.0 ~~~~~~~~~~~~~~~~~~~~~~~~~~~~~~~~~~~~~~~~~~~~~~~~~~~~~~~~~~~~~~~`
dataset: slashdot method: CSL-Plus, #attack_edge:10000,T:10,test_ratio: 0.3,gamma:0.05
/network/rit/lab/ceashpc/adil/data/adv_csl/Jan2/random_pgd/slashdot/slashdot-attackedges-10000-T-10-testratio-0.3-swap_ratio-0.01-gamma-0.05-realization-0-data-X.pkl
#Rule:2036920 Nodes:164336 Edges:2036920
0 Creating 10 consumers










1 Creating 10 consumers
Iter-0: 217.42/83.62 | Iter-1: 252.23/116.37 | Iter-2: 234.51/99.84 | Iter-3: 242.43/108.17 | Iter-4: 237.13/101.91 | 
Iter-0: 205.85/71.76 | Iter-1: 254.91/117.63 | Iter-2: 235.98/100.16 | Iter-3: 243.95/108.51 | Iter-4: 237.71/102.4 | 
Iter-0: 231.22/100.62 | Iter-1: 250.8/118.08 | Iter-2: 233.52/102.22 | Iter-3: 241.64/110.56 | Iter-4: 235.08/103.51 | 
Iter-0: 231.48/100.09 | Iter-1: 252.51/118.77 | Iter-2: 234.95/102.91 | Iter-3: 242.92/111.07 | Iter-4: 236.16/104.04 | 
Iter-0: 235.6/105.12 | Iter-1: 250.99/117.71 | Iter-2: 233.39/102.26 | Iter-3: 241.66/110.66 | Iter-4: 222.76/104.03 | 
Iter-0: 237.27/103.07 | Iter-1: 255.06/118.13 | Iter-2: 238.34/103.05 | Iter-3: 245.0/108.91 | Iter-4: 187.81/102.16 | 
Iter-0: 233.33/101.8 | Iter-1: 254.89/120.9 | Iter-2: 235.95/104.22 | Iter-3: 244.05/112.18 | Iter-4: 229.15/105.17 | 
Iter-0: 236.88/105.14 | Iter-1: 252.85/118.88 | Iter-2: 235.41/103.22 | Iter-3: 242.13/109.99 | Iter-4: 218.16/103.85 | 
Iter-0: 238.36/103.3 | Iter-1: 255.36/117.82 | Iter-2: 238.39/103.05 | Iter-3: 245.36/109.89 | Iter-4: 177.83/102.84 | 
Iter-0: 236.04/104.91 | Iter-1: 254.14/120.74 | Iter-2: 236.25/104.71 | Iter-3: 242.44/110.95 | Iter-4: 207.48/103.87 | 
2 Creating 10 consumers
Iter-0: 200.48/66.88 | Iter-1: 253.04/115.1 | Iter-2: 230.4/97.46 | Iter-3: 227.59/93.86 | Iter-4: 228.75/95.12 | 
Iter-0: 227.29/95.32 | Iter-1: 251.45/116.96 | Iter-2: 231.44/100.24 | Iter-3: 225.57/94.15 | Iter-4: 227.61/97.02 | 
Iter-0: 232.43/100.16 | Iter-1: 252.86/118.54 | Iter-2: 232.95/101.75 | Iter-3: 228.19/96.17 | Iter-4: 228.84/98.0 | 
Iter-0: 229.42/98.1 | Iter-1: 250.9/117.47 | Iter-2: 231.28/100.69 | Iter-3: 225.54/94.51 | Iter-4: 227.19/96.96 | 
Iter-0: 225.51/93.88 | Iter-1: 254.03/119.95 | Iter-2: 233.64/102.67 | Iter-3: 227.96/96.8 | Iter-4: 229.0/98.33 | 
Iter-0: 238.27/103.85 | Iter-1: 254.94/119.11 | Iter-2: 235.71/101.93 | Iter-3: 229.27/95.16 | Iter-4: 163.3/96.4 | 
Iter-0: 237.09/105.53 | Iter-1: 252.42/119.17 | Iter-2: 232.74/101.49 | Iter-3: 227.49/95.92 | Iter-4: 212.35/97.8 | 
Iter-0: 236.49/104.19 | Iter-1: 252.7/118.73 | Iter-2: 233.61/101.45 | Iter-3: 226.65/94.13 | Iter-4: 197.03/97.07 | 
Iter-0: 235.67/103.95 | Iter-1: 252.59/119.13 | Iter-2: 233.49/101.72 | Iter-3: 226.58/94.53 | Iter-4: 200.0/97.14 | 
Iter-0: 236.84/105.14 | Iter-1: 254.3/120.33 | Iter-2: 234.8/102.95 | Iter-3: 228.89/96.58 | Iter-4: 188.4/97.51 | 
3 Creating 10 consumers
Iter-0: 205.7/70.97 | Iter-1: 247.04/113.38 | Iter-2: 229.18/97.66 | Iter-3: 223.89/92.14 | Iter-4: 227.73/94.38 | 
Iter-0: 224.29/90.37 | Iter-1: 248.86/116.74 | Iter-2: 232.91/100.61 | Iter-3: 227.1/95.22 | Iter-4: 231.03/96.49 | 
Iter-0: 233.12/99.6 | Iter-1: 248.66/117.2 | Iter-2: 232.95/101.23 | Iter-3: 226.6/95.34 | Iter-4: 231.86/98.03 | 
Iter-0: 231.97/99.26 | Iter-1: 248.19/117.62 | Iter-2: 232.56/101.63 | Iter-3: 226.12/95.33 | Iter-4: 231.5/98.23 | 
Iter-0: 238.59/102.02 | Iter-1: 251.59/118.08 | Iter-2: 234.47/101.99 | Iter-3: 227.38/94.7 | Iter-4: 163.41/96.75 | 
Iter-0: 234.12/101.13 | Iter-1: 250.08/119.11 | Iter-2: 233.95/102.89 | Iter-3: 227.79/96.64 | Iter-4: 227.58/98.61 | 
Iter-0: 236.74/102.41 | Iter-1: 249.97/117.69 | Iter-2: 234.05/101.7 | Iter-3: 226.8/94.2 | Iter-4: 187.9/96.71 | 
Iter-0: 240.15/106.05 | Iter-1: 252.08/119.79 | Iter-2: 235.14/102.73 | Iter-3: 229.67/96.79 | Iter-4: 209.58/97.95 | 
Iter-0: 238.25/105.16 | Iter-1: 250.27/119.13 | Iter-2: 233.3/102.18 | Iter-3: 227.88/95.98 | Iter-4: 211.25/97.52 | 
Iter-0: 239.0/105.9 | Iter-1: 251.39/120.37 | Iter-2: 235.34/104.2 | Iter-3: 228.4/96.83 | Iter-4: 207.94/98.84 | 
4 Creating 10 consumers
Iter-0: 225.86/94.87 | Iter-1: 251.38/117.26 | Iter-2: 231.07/100.82 | Iter-3: 227.08/95.96 | Iter-4: 227.24/96.83 | 
Iter-0: 225.27/94.85 | Iter-1: 249.77/116.19 | Iter-2: 230.03/99.4 | Iter-3: 226.33/94.2 | Iter-4: 227.49/95.56 | 
Iter-0: 233.03/101.4 | Iter-1: 252.11/117.38 | Iter-2: 232.22/101.0 | Iter-3: 227.77/96.11 | Iter-4: 228.43/97.15 | 
Iter-0: 218.01/85.64 | Iter-1: 252.86/117.09 | Iter-2: 232.45/100.34 | Iter-3: 227.5/94.79 | Iter-4: 228.98/96.17 | 
Iter-0: 234.09/102.56 | Iter-1: 250.49/116.89 | Iter-2: 232.01/100.93 | Iter-3: 225.61/94.24 | Iter-4: 208.93/97.26 | 
Iter-0: 236.35/103.53 | Iter-1: 253.44/118.35 | Iter-2: 234.26/101.88 | Iter-3: 228.29/95.24 | Iter-4: 193.67/96.9 | 
Iter-0: 233.36/102.83 | Iter-1: 253.52/119.95 | Iter-2: 234.14/103.41 | Iter-3: 227.96/96.3 | Iter-4: 217.09/98.44 | 
Iter-0: 235.24/103.01 | Iter-1: 253.39/118.8 | Iter-2: 234.38/101.63 | Iter-3: 229.05/95.16 | Iter-4: 185.2/96.58 | 
Iter-0: 234.23/104.09 | Iter-1: 251.85/119.32 | Iter-2: 232.92/102.86 | Iter-3: 227.28/96.24 | Iter-4: 205.49/97.59 | 
Iter-0: 237.29/103.27 | Iter-1: 255.73/119.22 | Iter-2: 236.63/102.63 | Iter-3: 229.51/94.8 | Iter-4: 180.4/97.16 | 
prob_mse: 0.436316678837, running time: 5458.53565598
4.0 ~~~~~~~~~~~~~~~~~~~~~~~~~~~~~~~~~~~~~~~~~~~~~~~~~~~~~~~~~~~~~~~`
dataset: slashdot method: CSL-Plus, #attack_edge:10000,T:10,test_ratio: 0.3,gamma:0.07
/network/rit/lab/ceashpc/adil/data/adv_csl/Jan2/random_pgd/slashdot/slashdot-attackedges-10000-T-10-testratio-0.3-swap_ratio-0.01-gamma-0.07-realization-0-data-X.pkl
#Rule:2036920 Nodes:164336 Edges:2036920
0 Creating 10 consumers










1 Creating 10 consumers
Iter-0: 221.46/89.83 | Iter-1: 251.65/119.27 | Iter-2: 231.67/101.3 | Iter-3: 241.91/110.8 | Iter-4: 234.38/103.59 | 
Iter-0: 213.67/81.45 | Iter-1: 252.79/117.9 | Iter-2: 233.72/99.98 | Iter-3: 242.98/108.51 | Iter-4: 235.1/101.72 | 
Iter-0: 219.83/89.36 | Iter-1: 250.46/117.61 | Iter-2: 231.53/100.67 | Iter-3: 240.48/109.47 | Iter-4: 232.79/102.34 | 
Iter-0: 211.99/79.65 | Iter-1: 251.88/116.77 | Iter-2: 233.94/99.84 | Iter-3: 242.85/108.11 | Iter-4: 234.99/100.71 | 
Iter-0: 226.55/95.96 | Iter-1: 251.89/118.57 | Iter-2: 233.2/101.46 | Iter-3: 242.6/110.7 | Iter-4: 234.47/102.38 | 
Iter-0: 236.75/104.77 | Iter-1: 255.02/120.48 | Iter-2: 236.09/103.31 | Iter-3: 244.08/111.33 | Iter-4: 194.21/103.56 | 
Iter-0: 234.91/103.2 | Iter-1: 252.12/118.02 | Iter-2: 234.16/101.96 | Iter-3: 241.71/109.73 | Iter-4: 195.62/102.38 | 
Iter-0: 236.31/102.55 | Iter-1: 254.37/118.16 | Iter-2: 236.83/102.26 | Iter-3: 244.44/110.03 | Iter-4: 184.8/102.28 | 
Iter-0: 235.99/102.5 | Iter-1: 253.48/117.46 | Iter-2: 236.18/101.63 | Iter-3: 243.36/109.55 | Iter-4: 183.11/102.57 | 
Iter-0: 236.27/103.56 | Iter-1: 254.16/119.15 | Iter-2: 236.42/103.26 | Iter-3: 244.2/111.35 | Iter-4: 192.9/103.66 | 
2 Creating 10 consumers
Iter-0: 210.83/77.19 | Iter-1: 251.93/115.38 | Iter-2: 232.29/97.39 | Iter-3: 227.29/93.09 | Iter-4: 228.08/93.53 | 
Iter-0: 228.88/97.79 | Iter-1: 251.94/117.52 | Iter-2: 231.58/100.26 | Iter-3: 226.64/95.48 | Iter-4: 227.8/96.45 | 
Iter-0: 217.72/85.76 | Iter-1: 251.72/116.63 | Iter-2: 232.93/99.78 | Iter-3: 227.04/93.19 | Iter-4: 229.24/94.94 | 
Iter-0: 231.46/102.19 | Iter-1: 249.97/117.88 | Iter-2: 231.24/101.46 | Iter-3: 225.28/95.45 | Iter-4: 227.02/97.07 | 
Iter-0: 223.23/92.35 | Iter-1: 253.14/118.92 | Iter-2: 233.0/101.41 | Iter-3: 227.17/95.61 | Iter-4: 228.34/96.53 | 
Iter-0: 234.54/105.41 | Iter-1: 250.79/119.19 | Iter-2: 231.51/101.76 | Iter-3: 225.76/95.93 | Iter-4: 214.97/97.34 | 
Iter-0: 235.87/102.24 | Iter-1: 254.3/118.24 | Iter-2: 234.37/101.12 | Iter-3: 227.22/93.95 | Iter-4: 176.75/96.11 | 
Iter-0: 235.53/103.73 | Iter-1: 252.82/118.56 | Iter-2: 233.86/101.58 | Iter-3: 226.56/94.29 | Iter-4: 195.5/97.08 | 
Iter-0: 233.44/102.74 | Iter-1: 252.15/118.38 | Iter-2: 232.53/101.47 | Iter-3: 226.19/95.01 | Iter-4: 197.76/96.58 | 
Iter-0: 235.66/102.9 | Iter-1: 254.55/118.62 | Iter-2: 235.04/101.3 | Iter-3: 229.33/95.66 | Iter-4: 178.23/96.59 | 
3 Creating 10 consumers
Iter-0: 182.39/49.52 | Iter-1: 248.26/113.87 | Iter-2: 228.98/97.89 | Iter-3: 224.14/93.01 | Iter-4: 227.36/94.26 | 
Iter-0: 222.04/88.89 | Iter-1: 247.38/116.81 | Iter-2: 229.82/99.17 | Iter-3: 224.97/93.93 | Iter-4: 228.4/95.49 | 
Iter-0: 229.97/96.71 | Iter-1: 248.78/117.75 | Iter-2: 231.07/99.51 | Iter-3: 226.7/94.72 | Iter-4: 229.91/95.69 | 
Iter-0: 223.04/90.07 | Iter-1: 249.37/118.21 | Iter-2: 231.65/100.53 | Iter-3: 226.29/94.64 | Iter-4: 230.37/96.87 | 
Iter-0: 231.79/99.69 | Iter-1: 248.76/118.34 | Iter-2: 230.83/100.71 | Iter-3: 225.49/94.76 | Iter-4: 229.86/97.13 | 
Iter-0: 238.99/103.24 | Iter-1: 249.8/118.9 | Iter-2: 234.33/103.54 | Iter-3: 229.06/97.12 | Iter-4: 146.2/79.78 | 
Iter-0: 237.92/103.75 | Iter-1: 251.58/119.68 | Iter-2: 232.63/100.96 | Iter-3: 227.87/95.1 | Iter-4: 189.98/95.98 | 
Iter-0: 237.08/105.46 | Iter-1: 249.92/120.24 | Iter-2: 231.39/101.57 | Iter-3: 226.88/96.42 | Iter-4: 211.69/97.0 | 
Iter-0: 238.32/104.46 | Iter-1: 251.82/120.07 | Iter-2: 234.03/102.18 | Iter-3: 228.5/95.32 | Iter-4: 188.05/96.75 | 
Iter-0: 237.34/102.99 | Iter-1: 250.49/119.05 | Iter-2: 233.08/101.84 | Iter-3: 227.1/94.89 | Iter-4: 188.28/96.27 | 
4 Creating 10 consumers
Iter-0: 192.98/61.39 | Iter-1: 253.31/115.94 | Iter-2: 232.16/97.7 | Iter-3: 227.17/94.07 | Iter-4: 227.97/94.45 | 
Iter-0: 225.93/94.18 | Iter-1: 252.13/117.52 | Iter-2: 232.83/100.33 | Iter-3: 227.03/95.14 | Iter-4: 228.81/96.77 | 
Iter-0: 228.38/97.59 | Iter-1: 249.56/116.51 | Iter-2: 230.58/99.52 | Iter-3: 225.43/94.58 | Iter-4: 226.38/95.37 | 
Iter-0: 229.04/98.48 | Iter-1: 250.15/117.11 | Iter-2: 231.2/100.1 | Iter-3: 225.61/94.61 | Iter-4: 226.9/95.8 | 
Iter-0: 224.91/93.86 | Iter-1: 252.64/119.2 | Iter-2: 233.46/102.02 | Iter-3: 227.33/95.99 | Iter-4: 228.65/97.1 | 
Iter-0: 236.09/103.77 | Iter-1: 253.51/118.15 | Iter-2: 234.72/101.84 | Iter-3: 227.9/94.71 | Iter-4: 194.46/96.68 | 
Iter-0: 237.03/102.71 | Iter-1: 253.97/118.91 | Iter-2: 235.36/102.83 | Iter-3: 228.3/95.54 | Iter-4: 159.25/94.71 | 
Iter-0: 235.06/103.83 | Iter-1: 251.19/117.14 | Iter-2: 232.93/101.2 | Iter-3: 225.98/93.92 | Iter-4: 200.57/95.99 | 
Iter-0: 235.42/104.05 | Iter-1: 251.57/118.09 | Iter-2: 233.18/101.65 | Iter-3: 226.63/95.08 | Iter-4: 193.11/96.42 | 
Iter-0: 235.04/103.47 | Iter-1: 252.66/118.76 | Iter-2: 234.2/102.25 | Iter-3: 227.22/95.25 | Iter-4: 190.69/96.71 | 
prob_mse: 0.435498586883, running time: 5445.37547517
