

--------------------------------------------------
--------------------------------------------------

-------------------Thu, 18 Jul 2019 10:48:23 PM EDT---------------------

0 ~~~~~~~~~~~~~~~~~~~~~~~~~~~~~~~~~~~~~~~~~~~~~~~~~~~~~~~~~~~~~~~`
dataset: dc method: CSL-Plus, weekday:0,hour:8,T, 43,ref_ratio:0.6, test_ratio: 0.3,gamma:0.0
/network/rit/lab/ceashpc/adil/data/adv_csl/Jan2/traffic/random_pgd/dc//network_dc_weekday_0_hour_8_refspeed_0.6-testratio-0.3-gamma-0.0-realization-0.pkl
#Rule:3221 Nodes:1383 Edges:1878
prob_mse: 0.0584132781718, running time: 395.212436914
1.0 ~~~~~~~~~~~~~~~~~~~~~~~~~~~~~~~~~~~~~~~~~~~~~~~~~~~~~~~~~~~~~~~`
dataset: dc method: CSL-Plus, weekday:0,hour:8,T, 43,ref_ratio:0.6, test_ratio: 0.3,gamma:0.01
/network/rit/lab/ceashpc/adil/data/adv_csl/Jan2/traffic/random_pgd/dc//network_dc_weekday_0_hour_8_refspeed_0.6-testratio-0.3-gamma-0.01-realization-0.pkl
#Rule:3221 Nodes:1383 Edges:1878
prob_mse: 0.137194208038, running time: 570.502341986
2.0 ~~~~~~~~~~~~~~~~~~~~~~~~~~~~~~~~~~~~~~~~~~~~~~~~~~~~~~~~~~~~~~~`
dataset: dc method: CSL-Plus, weekday:0,hour:8,T, 43,ref_ratio:0.6, test_ratio: 0.3,gamma:0.03
/network/rit/lab/ceashpc/adil/data/adv_csl/Jan2/traffic/random_pgd/dc//network_dc_weekday_0_hour_8_refspeed_0.6-testratio-0.3-gamma-0.03-realization-0.pkl
#Rule:3221 Nodes:1383 Edges:1878
prob_mse: 0.137194208038, running time: 564.411050081
3.0 ~~~~~~~~~~~~~~~~~~~~~~~~~~~~~~~~~~~~~~~~~~~~~~~~~~~~~~~~~~~~~~~`
dataset: dc method: CSL-Plus, weekday:0,hour:8,T, 43,ref_ratio:0.6, test_ratio: 0.3,gamma:0.05
/network/rit/lab/ceashpc/adil/data/adv_csl/Jan2/traffic/random_pgd/dc//network_dc_weekday_0_hour_8_refspeed_0.6-testratio-0.3-gamma-0.05-realization-0.pkl
#Rule:3221 Nodes:1383 Edges:1878
