

--------------------------------------------------
--------------------------------------------------

-------------------Thu, 18 Jul 2019 11:18:52 PM EDT---------------------

0 ~~~~~~~~~~~~~~~~~~~~~~~~~~~~~~~~~~~~~~~~~~~~~~~~~~~~~~~~~~~~~~~`
dataset: dc method: CSL-Plus, weekday:0,hour:8,T, 43,ref_ratio:0.6, test_ratio: 0.3,gamma:0.0
/network/rit/lab/ceashpc/adil/data/adv_csl/Jan2/traffic/random_pgd/dc//network_dc_weekday_0_hour_8_refspeed_0.6-testratio-0.3-gamma-0.0-realization-0.pkl
#Rule:3221 Nodes:1383 Edges:1878
prob_mse: 0.0584132781718, running time: 395.192560911
1.0 ~~~~~~~~~~~~~~~~~~~~~~~~~~~~~~~~~~~~~~~~~~~~~~~~~~~~~~~~~~~~~~~`
dataset: dc method: CSL-Plus, weekday:0,hour:8,T, 43,ref_ratio:0.6, test_ratio: 0.3,gamma:0.01
/network/rit/lab/ceashpc/adil/data/adv_csl/Jan2/traffic/random_pgd/dc//network_dc_weekday_0_hour_8_refspeed_0.6-testratio-0.3-gamma-0.01-realization-0.pkl
#Rule:3221 Nodes:1383 Edges:1878
prob_mse: 0.137194208038, running time: 569.038090944
2.0 ~~~~~~~~~~~~~~~~~~~~~~~~~~~~~~~~~~~~~~~~~~~~~~~~~~~~~~~~~~~~~~~`
dataset: dc method: CSL-Plus, weekday:0,hour:8,T, 43,ref_ratio:0.6, test_ratio: 0.3,gamma:0.03
/network/rit/lab/ceashpc/adil/data/adv_csl/Jan2/traffic/random_pgd/dc//network_dc_weekday_0_hour_8_refspeed_0.6-testratio-0.3-gamma-0.03-realization-0.pkl
#Rule:3221 Nodes:1383 Edges:1878
prob_mse: 0.137194208038, running time: 563.927623034
3.0 ~~~~~~~~~~~~~~~~~~~~~~~~~~~~~~~~~~~~~~~~~~~~~~~~~~~~~~~~~~~~~~~`
dataset: dc method: CSL-Plus, weekday:0,hour:8,T, 43,ref_ratio:0.6, test_ratio: 0.3,gamma:0.05
/network/rit/lab/ceashpc/adil/data/adv_csl/Jan2/traffic/random_pgd/dc//network_dc_weekday_0_hour_8_refspeed_0.6-testratio-0.3-gamma-0.05-realization-0.pkl
#Rule:3221 Nodes:1383 Edges:1878
prob_mse: 0.137194208038, running time: 564.070909023
4.0 ~~~~~~~~~~~~~~~~~~~~~~~~~~~~~~~~~~~~~~~~~~~~~~~~~~~~~~~~~~~~~~~`
dataset: dc method: CSL-Plus, weekday:0,hour:8,T, 43,ref_ratio:0.6, test_ratio: 0.3,gamma:0.07
/network/rit/lab/ceashpc/adil/data/adv_csl/Jan2/traffic/random_pgd/dc//network_dc_weekday_0_hour_8_refspeed_0.6-testratio-0.3-gamma-0.07-realization-0.pkl
#Rule:3221 Nodes:1383 Edges:1878
prob_mse: 0.138494089835, running time: 564.778807878
5.0 ~~~~~~~~~~~~~~~~~~~~~~~~~~~~~~~~~~~~~~~~~~~~~~~~~~~~~~~~~~~~~~~`
dataset: dc method: CSL-Plus, weekday:0,hour:8,T, 43,ref_ratio:0.6, test_ratio: 0.3,gamma:0.09
/network/rit/lab/ceashpc/adil/data/adv_csl/Jan2/traffic/random_pgd/dc//network_dc_weekday_0_hour_8_refspeed_0.6-testratio-0.3-gamma-0.09-realization-0.pkl
#Rule:3221 Nodes:1383 Edges:1878
prob_mse: 0.138494089835, running time: 569.516530037
6.0 ~~~~~~~~~~~~~~~~~~~~~~~~~~~~~~~~~~~~~~~~~~~~~~~~~~~~~~~~~~~~~~~`
dataset: dc method: CSL-Plus, weekday:0,hour:8,T, 43,ref_ratio:0.6, test_ratio: 0.3,gamma:0.2
/network/rit/lab/ceashpc/adil/data/adv_csl/Jan2/traffic/random_pgd/dc//network_dc_weekday_0_hour_8_refspeed_0.6-testratio-0.3-gamma-0.2-realization-0.pkl
#Rule:3221 Nodes:1383 Edges:1878
prob_mse: 0.173986327817, running time: 582.787528992
7.0 ~~~~~~~~~~~~~~~~~~~~~~~~~~~~~~~~~~~~~~~~~~~~~~~~~~~~~~~~~~~~~~~`
dataset: dc method: CSL-Plus, weekday:0,hour:8,T, 43,ref_ratio:0.6, test_ratio: 0.3,gamma:0.3
/network/rit/lab/ceashpc/adil/data/adv_csl/Jan2/traffic/random_pgd/dc//network_dc_weekday_0_hour_8_refspeed_0.6-testratio-0.3-gamma-0.3-realization-0.pkl
#Rule:3221 Nodes:1383 Edges:1878
prob_mse: 0.17414393223, running time: 582.274732828
8.0 ~~~~~~~~~~~~~~~~~~~~~~~~~~~~~~~~~~~~~~~~~~~~~~~~~~~~~~~~~~~~~~~`
dataset: dc method: CSL-Plus, weekday:0,hour:8,T, 43,ref_ratio:0.6, test_ratio: 0.3,gamma:0.4
/network/rit/lab/ceashpc/adil/data/adv_csl/Jan2/traffic/random_pgd/dc//network_dc_weekday_0_hour_8_refspeed_0.6-testratio-0.3-gamma-0.4-realization-0.pkl
#Rule:3221 Nodes:1383 Edges:1878
prob_mse: 0.17414393223, running time: 576.462823868
9.0 ~~~~~~~~~~~~~~~~~~~~~~~~~~~~~~~~~~~~~~~~~~~~~~~~~~~~~~~~~~~~~~~`
dataset: dc method: CSL-Plus, weekday:0,hour:8,T, 43,ref_ratio:0.6, test_ratio: 0.3,gamma:0.0
/network/rit/lab/ceashpc/adil/data/adv_csl/Jan2/traffic/random_pgd/dc//network_dc_weekday_0_hour_8_refspeed_0.6-testratio-0.3-gamma-0.0-realization-1.pkl
#Rule:3221 Nodes:1383 Edges:1878
prob_mse: 0.0604216706068, running time: 398.836699963
10.0 ~~~~~~~~~~~~~~~~~~~~~~~~~~~~~~~~~~~~~~~~~~~~~~~~~~~~~~~~~~~~~~~`
dataset: dc method: CSL-Plus, weekday:0,hour:8,T, 43,ref_ratio:0.6, test_ratio: 0.3,gamma:0.01
/network/rit/lab/ceashpc/adil/data/adv_csl/Jan2/traffic/random_pgd/dc//network_dc_weekday_0_hour_8_refspeed_0.6-testratio-0.3-gamma-0.01-realization-1.pkl
#Rule:3221 Nodes:1383 Edges:1878
prob_mse: 0.118875886525, running time: 589.101840973
11.0 ~~~~~~~~~~~~~~~~~~~~~~~~~~~~~~~~~~~~~~~~~~~~~~~~~~~~~~~~~~~~~~~`
dataset: dc method: CSL-Plus, weekday:0,hour:8,T, 43,ref_ratio:0.6, test_ratio: 0.3,gamma:0.03
/network/rit/lab/ceashpc/adil/data/adv_csl/Jan2/traffic/random_pgd/dc//network_dc_weekday_0_hour_8_refspeed_0.6-testratio-0.3-gamma-0.03-realization-1.pkl
#Rule:3221 Nodes:1383 Edges:1878
prob_mse: 0.120490977147, running time: 585.055994987
12.0 ~~~~~~~~~~~~~~~~~~~~~~~~~~~~~~~~~~~~~~~~~~~~~~~~~~~~~~~~~~~~~~~`
dataset: dc method: CSL-Plus, weekday:0,hour:8,T, 43,ref_ratio:0.6, test_ratio: 0.3,gamma:0.05
/network/rit/lab/ceashpc/adil/data/adv_csl/Jan2/traffic/random_pgd/dc//network_dc_weekday_0_hour_8_refspeed_0.6-testratio-0.3-gamma-0.05-realization-1.pkl
#Rule:3221 Nodes:1383 Edges:1878
prob_mse: 0.120490977147, running time: 580.492810011
13.0 ~~~~~~~~~~~~~~~~~~~~~~~~~~~~~~~~~~~~~~~~~~~~~~~~~~~~~~~~~~~~~~~`
dataset: dc method: CSL-Plus, weekday:0,hour:8,T, 43,ref_ratio:0.6, test_ratio: 0.3,gamma:0.07
/network/rit/lab/ceashpc/adil/data/adv_csl/Jan2/traffic/random_pgd/dc//network_dc_weekday_0_hour_8_refspeed_0.6-testratio-0.3-gamma-0.07-realization-1.pkl
#Rule:3221 Nodes:1383 Edges:1878
prob_mse: 0.122027265563, running time: 585.682019949
14.0 ~~~~~~~~~~~~~~~~~~~~~~~~~~~~~~~~~~~~~~~~~~~~~~~~~~~~~~~~~~~~~~~`
dataset: dc method: CSL-Plus, weekday:0,hour:8,T, 43,ref_ratio:0.6, test_ratio: 0.3,gamma:0.09
/network/rit/lab/ceashpc/adil/data/adv_csl/Jan2/traffic/random_pgd/dc//network_dc_weekday_0_hour_8_refspeed_0.6-testratio-0.3-gamma-0.09-realization-1.pkl
#Rule:3221 Nodes:1383 Edges:1878
prob_mse: 0.122027265563, running time: 587.842542171
15.0 ~~~~~~~~~~~~~~~~~~~~~~~~~~~~~~~~~~~~~~~~~~~~~~~~~~~~~~~~~~~~~~~`
dataset: dc method: CSL-Plus, weekday:0,hour:8,T, 43,ref_ratio:0.6, test_ratio: 0.3,gamma:0.2
/network/rit/lab/ceashpc/adil/data/adv_csl/Jan2/traffic/random_pgd/dc//network_dc_weekday_0_hour_8_refspeed_0.6-testratio-0.3-gamma-0.2-realization-1.pkl
#Rule:3221 Nodes:1383 Edges:1878
prob_mse: 0.161380102443, running time: 609.061706066
16.0 ~~~~~~~~~~~~~~~~~~~~~~~~~~~~~~~~~~~~~~~~~~~~~~~~~~~~~~~~~~~~~~~`
dataset: dc method: CSL-Plus, weekday:0,hour:8,T, 43,ref_ratio:0.6, test_ratio: 0.3,gamma:0.3
/network/rit/lab/ceashpc/adil/data/adv_csl/Jan2/traffic/random_pgd/dc//network_dc_weekday_0_hour_8_refspeed_0.6-testratio-0.3-gamma-0.3-realization-1.pkl
#Rule:3221 Nodes:1383 Edges:1878
prob_mse: 0.16122249803, running time: 623.853043079
17.0 ~~~~~~~~~~~~~~~~~~~~~~~~~~~~~~~~~~~~~~~~~~~~~~~~~~~~~~~~~~~~~~~`
dataset: dc method: CSL-Plus, weekday:0,hour:8,T, 43,ref_ratio:0.6, test_ratio: 0.3,gamma:0.4
/network/rit/lab/ceashpc/adil/data/adv_csl/Jan2/traffic/random_pgd/dc//network_dc_weekday_0_hour_8_refspeed_0.6-testratio-0.3-gamma-0.4-realization-1.pkl
#Rule:3221 Nodes:1383 Edges:1878
prob_mse: 0.164373877069, running time: 618.297252178
18.0 ~~~~~~~~~~~~~~~~~~~~~~~~~~~~~~~~~~~~~~~~~~~~~~~~~~~~~~~~~~~~~~~`
dataset: dc method: CSL-Plus, weekday:0,hour:8,T, 43,ref_ratio:0.6, test_ratio: 0.3,gamma:0.0
/network/rit/lab/ceashpc/adil/data/adv_csl/Jan2/traffic/random_pgd/dc//network_dc_weekday_0_hour_8_refspeed_0.6-testratio-0.3-gamma-0.0-realization-2.pkl
#Rule:3221 Nodes:1383 Edges:1878
prob_mse: 0.0513988179669, running time: 401.49179101
19.0 ~~~~~~~~~~~~~~~~~~~~~~~~~~~~~~~~~~~~~~~~~~~~~~~~~~~~~~~~~~~~~~~`
dataset: dc method: CSL-Plus, weekday:0,hour:8,T, 43,ref_ratio:0.6, test_ratio: 0.3,gamma:0.01
/network/rit/lab/ceashpc/adil/data/adv_csl/Jan2/traffic/random_pgd/dc//network_dc_weekday_0_hour_8_refspeed_0.6-testratio-0.3-gamma-0.01-realization-2.pkl
#Rule:3221 Nodes:1383 Edges:1878
prob_mse: 0.13112679275, running time: 599.724126101
20.0 ~~~~~~~~~~~~~~~~~~~~~~~~~~~~~~~~~~~~~~~~~~~~~~~~~~~~~~~~~~~~~~~`
dataset: dc method: CSL-Plus, weekday:0,hour:8,T, 43,ref_ratio:0.6, test_ratio: 0.3,gamma:0.03
/network/rit/lab/ceashpc/adil/data/adv_csl/Jan2/traffic/random_pgd/dc//network_dc_weekday_0_hour_8_refspeed_0.6-testratio-0.3-gamma-0.03-realization-2.pkl
#Rule:3221 Nodes:1383 Edges:1878
prob_mse: 0.131992907801, running time: 593.032304049
21.0 ~~~~~~~~~~~~~~~~~~~~~~~~~~~~~~~~~~~~~~~~~~~~~~~~~~~~~~~~~~~~~~~`
dataset: dc method: CSL-Plus, weekday:0,hour:8,T, 43,ref_ratio:0.6, test_ratio: 0.3,gamma:0.05
/network/rit/lab/ceashpc/adil/data/adv_csl/Jan2/traffic/random_pgd/dc//network_dc_weekday_0_hour_8_refspeed_0.6-testratio-0.3-gamma-0.05-realization-2.pkl
#Rule:3221 Nodes:1383 Edges:1878
prob_mse: 0.131992907801, running time: 593.932934999
22.0 ~~~~~~~~~~~~~~~~~~~~~~~~~~~~~~~~~~~~~~~~~~~~~~~~~~~~~~~~~~~~~~~`
dataset: dc method: CSL-Plus, weekday:0,hour:8,T, 43,ref_ratio:0.6, test_ratio: 0.3,gamma:0.07
/network/rit/lab/ceashpc/adil/data/adv_csl/Jan2/traffic/random_pgd/dc//network_dc_weekday_0_hour_8_refspeed_0.6-testratio-0.3-gamma-0.07-realization-2.pkl
#Rule:3221 Nodes:1383 Edges:1878
prob_mse: 0.135301891253, running time: 595.280068874
23.0 ~~~~~~~~~~~~~~~~~~~~~~~~~~~~~~~~~~~~~~~~~~~~~~~~~~~~~~~~~~~~~~~`
dataset: dc method: CSL-Plus, weekday:0,hour:8,T, 43,ref_ratio:0.6, test_ratio: 0.3,gamma:0.09
/network/rit/lab/ceashpc/adil/data/adv_csl/Jan2/traffic/random_pgd/dc//network_dc_weekday_0_hour_8_refspeed_0.6-testratio-0.3-gamma-0.09-realization-2.pkl
#Rule:3221 Nodes:1383 Edges:1878
prob_mse: 0.135301891253, running time: 603.927961111
24.0 ~~~~~~~~~~~~~~~~~~~~~~~~~~~~~~~~~~~~~~~~~~~~~~~~~~~~~~~~~~~~~~~`
dataset: dc method: CSL-Plus, weekday:0,hour:8,T, 43,ref_ratio:0.6, test_ratio: 0.3,gamma:0.2
/network/rit/lab/ceashpc/adil/data/adv_csl/Jan2/traffic/random_pgd/dc//network_dc_weekday_0_hour_8_refspeed_0.6-testratio-0.3-gamma-0.2-realization-2.pkl
#Rule:3221 Nodes:1383 Edges:1878
prob_mse: 0.168469818755, running time: 611.393562078
25.0 ~~~~~~~~~~~~~~~~~~~~~~~~~~~~~~~~~~~~~~~~~~~~~~~~~~~~~~~~~~~~~~~`
dataset: dc method: CSL-Plus, weekday:0,hour:8,T, 43,ref_ratio:0.6, test_ratio: 0.3,gamma:0.3
/network/rit/lab/ceashpc/adil/data/adv_csl/Jan2/traffic/random_pgd/dc//network_dc_weekday_0_hour_8_refspeed_0.6-testratio-0.3-gamma-0.3-realization-2.pkl
#Rule:3221 Nodes:1383 Edges:1878
prob_mse: 0.179814499606, running time: 635.163041115
26.0 ~~~~~~~~~~~~~~~~~~~~~~~~~~~~~~~~~~~~~~~~~~~~~~~~~~~~~~~~~~~~~~~`
dataset: dc method: CSL-Plus, weekday:0,hour:8,T, 43,ref_ratio:0.6, test_ratio: 0.3,gamma:0.4
/network/rit/lab/ceashpc/adil/data/adv_csl/Jan2/traffic/random_pgd/dc//network_dc_weekday_0_hour_8_refspeed_0.6-testratio-0.3-gamma-0.4-realization-2.pkl
#Rule:3221 Nodes:1383 Edges:1878
prob_mse: 0.182808274232, running time: 639.427984953
27.0 ~~~~~~~~~~~~~~~~~~~~~~~~~~~~~~~~~~~~~~~~~~~~~~~~~~~~~~~~~~~~~~~`
dataset: dc method: CSL-Plus, weekday:0,hour:8,T, 43,ref_ratio:0.6, test_ratio: 0.3,gamma:0.0
/network/rit/lab/ceashpc/adil/data/adv_csl/Jan2/traffic/random_pgd/dc//network_dc_weekday_0_hour_8_refspeed_0.6-testratio-0.3-gamma-0.0-realization-3.pkl
#Rule:3221 Nodes:1383 Edges:1878
prob_mse: 0.0557730496454, running time: 444.209233046
28.0 ~~~~~~~~~~~~~~~~~~~~~~~~~~~~~~~~~~~~~~~~~~~~~~~~~~~~~~~~~~~~~~~`
dataset: dc method: CSL-Plus, weekday:0,hour:8,T, 43,ref_ratio:0.6, test_ratio: 0.3,gamma:0.01
/network/rit/lab/ceashpc/adil/data/adv_csl/Jan2/traffic/random_pgd/dc//network_dc_weekday_0_hour_8_refspeed_0.6-testratio-0.3-gamma-0.01-realization-3.pkl
#Rule:3221 Nodes:1383 Edges:1878
prob_mse: 0.152322104019, running time: 600.319444895
29.0 ~~~~~~~~~~~~~~~~~~~~~~~~~~~~~~~~~~~~~~~~~~~~~~~~~~~~~~~~~~~~~~~`
dataset: dc method: CSL-Plus, weekday:0,hour:8,T, 43,ref_ratio:0.6, test_ratio: 0.3,gamma:0.03
/network/rit/lab/ceashpc/adil/data/adv_csl/Jan2/traffic/random_pgd/dc//network_dc_weekday_0_hour_8_refspeed_0.6-testratio-0.3-gamma-0.03-realization-3.pkl
#Rule:3221 Nodes:1383 Edges:1878
prob_mse: 0.152322104019, running time: 598.900386095
30.0 ~~~~~~~~~~~~~~~~~~~~~~~~~~~~~~~~~~~~~~~~~~~~~~~~~~~~~~~~~~~~~~~`
dataset: dc method: CSL-Plus, weekday:0,hour:8,T, 43,ref_ratio:0.6, test_ratio: 0.3,gamma:0.05
/network/rit/lab/ceashpc/adil/data/adv_csl/Jan2/traffic/random_pgd/dc//network_dc_weekday_0_hour_8_refspeed_0.6-testratio-0.3-gamma-0.05-realization-3.pkl
#Rule:3221 Nodes:1383 Edges:1878
prob_mse: 0.152243301812, running time: 592.595679998
31.0 ~~~~~~~~~~~~~~~~~~~~~~~~~~~~~~~~~~~~~~~~~~~~~~~~~~~~~~~~~~~~~~~`
dataset: dc method: CSL-Plus, weekday:0,hour:8,T, 43,ref_ratio:0.6, test_ratio: 0.3,gamma:0.07
/network/rit/lab/ceashpc/adil/data/adv_csl/Jan2/traffic/random_pgd/dc//network_dc_weekday_0_hour_8_refspeed_0.6-testratio-0.3-gamma-0.07-realization-3.pkl
#Rule:3221 Nodes:1383 Edges:1878
prob_mse: 0.152243301812, running time: 595.528322935
32.0 ~~~~~~~~~~~~~~~~~~~~~~~~~~~~~~~~~~~~~~~~~~~~~~~~~~~~~~~~~~~~~~~`
dataset: dc method: CSL-Plus, weekday:0,hour:8,T, 43,ref_ratio:0.6, test_ratio: 0.3,gamma:0.09
/network/rit/lab/ceashpc/adil/data/adv_csl/Jan2/traffic/random_pgd/dc//network_dc_weekday_0_hour_8_refspeed_0.6-testratio-0.3-gamma-0.09-realization-3.pkl
#Rule:3221 Nodes:1383 Edges:1878
prob_mse: 0.153779590229, running time: 634.892838955
33.0 ~~~~~~~~~~~~~~~~~~~~~~~~~~~~~~~~~~~~~~~~~~~~~~~~~~~~~~~~~~~~~~~`
dataset: dc method: CSL-Plus, weekday:0,hour:8,T, 43,ref_ratio:0.6, test_ratio: 0.3,gamma:0.2
/network/rit/lab/ceashpc/adil/data/adv_csl/Jan2/traffic/random_pgd/dc//network_dc_weekday_0_hour_8_refspeed_0.6-testratio-0.3-gamma-0.2-realization-3.pkl
#Rule:3221 Nodes:1383 Edges:1878
prob_mse: 0.203137470449, running time: 614.091965914
34.0 ~~~~~~~~~~~~~~~~~~~~~~~~~~~~~~~~~~~~~~~~~~~~~~~~~~~~~~~~~~~~~~~`
dataset: dc method: CSL-Plus, weekday:0,hour:8,T, 43,ref_ratio:0.6, test_ratio: 0.3,gamma:0.3
/network/rit/lab/ceashpc/adil/data/adv_csl/Jan2/traffic/random_pgd/dc//network_dc_weekday_0_hour_8_refspeed_0.6-testratio-0.3-gamma-0.3-realization-3.pkl
#Rule:3221 Nodes:1383 Edges:1878
prob_mse: 0.211606934594, running time: 639.252233028
35.0 ~~~~~~~~~~~~~~~~~~~~~~~~~~~~~~~~~~~~~~~~~~~~~~~~~~~~~~~~~~~~~~~`
dataset: dc method: CSL-Plus, weekday:0,hour:8,T, 43,ref_ratio:0.6, test_ratio: 0.3,gamma:0.4
/network/rit/lab/ceashpc/adil/data/adv_csl/Jan2/traffic/random_pgd/dc//network_dc_weekday_0_hour_8_refspeed_0.6-testratio-0.3-gamma-0.4-realization-3.pkl
#Rule:3221 Nodes:1383 Edges:1878
prob_mse: 0.211606934594, running time: 633.930233002
36.0 ~~~~~~~~~~~~~~~~~~~~~~~~~~~~~~~~~~~~~~~~~~~~~~~~~~~~~~~~~~~~~~~`
dataset: dc method: CSL-Plus, weekday:0,hour:8,T, 43,ref_ratio:0.6, test_ratio: 0.3,gamma:0.0
/network/rit/lab/ceashpc/adil/data/adv_csl/Jan2/traffic/random_pgd/dc//network_dc_weekday_0_hour_8_refspeed_0.6-testratio-0.3-gamma-0.0-realization-4.pkl
#Rule:3221 Nodes:1383 Edges:1878
prob_mse: 0.0596347123719, running time: 392.009968042
37.0 ~~~~~~~~~~~~~~~~~~~~~~~~~~~~~~~~~~~~~~~~~~~~~~~~~~~~~~~~~~~~~~~`
dataset: dc method: CSL-Plus, weekday:0,hour:8,T, 43,ref_ratio:0.6, test_ratio: 0.3,gamma:0.01
/network/rit/lab/ceashpc/adil/data/adv_csl/Jan2/traffic/random_pgd/dc//network_dc_weekday_0_hour_8_refspeed_0.6-testratio-0.3-gamma-0.01-realization-4.pkl
#Rule:3221 Nodes:1383 Edges:1878
prob_mse: 0.144562923562, running time: 593.080114126
38.0 ~~~~~~~~~~~~~~~~~~~~~~~~~~~~~~~~~~~~~~~~~~~~~~~~~~~~~~~~~~~~~~~`
dataset: dc method: CSL-Plus, weekday:0,hour:8,T, 43,ref_ratio:0.6, test_ratio: 0.3,gamma:0.03
/network/rit/lab/ceashpc/adil/data/adv_csl/Jan2/traffic/random_pgd/dc//network_dc_weekday_0_hour_8_refspeed_0.6-testratio-0.3-gamma-0.03-realization-4.pkl
#Rule:3221 Nodes:1383 Edges:1878
prob_mse: 0.155947360126, running time: 586.095048904
39.0 ~~~~~~~~~~~~~~~~~~~~~~~~~~~~~~~~~~~~~~~~~~~~~~~~~~~~~~~~~~~~~~~`
dataset: dc method: CSL-Plus, weekday:0,hour:8,T, 43,ref_ratio:0.6, test_ratio: 0.3,gamma:0.05
/network/rit/lab/ceashpc/adil/data/adv_csl/Jan2/traffic/random_pgd/dc//network_dc_weekday_0_hour_8_refspeed_0.6-testratio-0.3-gamma-0.05-realization-4.pkl
#Rule:3221 Nodes:1383 Edges:1878
prob_mse: 0.156026162333, running time: 585.124737978
40.0 ~~~~~~~~~~~~~~~~~~~~~~~~~~~~~~~~~~~~~~~~~~~~~~~~~~~~~~~~~~~~~~~`
dataset: dc method: CSL-Plus, weekday:0,hour:8,T, 43,ref_ratio:0.6, test_ratio: 0.3,gamma:0.07
/network/rit/lab/ceashpc/adil/data/adv_csl/Jan2/traffic/random_pgd/dc//network_dc_weekday_0_hour_8_refspeed_0.6-testratio-0.3-gamma-0.07-realization-4.pkl
#Rule:3221 Nodes:1383 Edges:1878
prob_mse: 0.162407722616, running time: 588.617263794
41.0 ~~~~~~~~~~~~~~~~~~~~~~~~~~~~~~~~~~~~~~~~~~~~~~~~~~~~~~~~~~~~~~~`
dataset: dc method: CSL-Plus, weekday:0,hour:8,T, 43,ref_ratio:0.6, test_ratio: 0.3,gamma:0.09
/network/rit/lab/ceashpc/adil/data/adv_csl/Jan2/traffic/random_pgd/dc//network_dc_weekday_0_hour_8_refspeed_0.6-testratio-0.3-gamma-0.09-realization-4.pkl
#Rule:3221 Nodes:1383 Edges:1878
prob_mse: 0.165795508274, running time: 586.133508205
42.0 ~~~~~~~~~~~~~~~~~~~~~~~~~~~~~~~~~~~~~~~~~~~~~~~~~~~~~~~~~~~~~~~`
dataset: dc method: CSL-Plus, weekday:0,hour:8,T, 43,ref_ratio:0.6, test_ratio: 0.3,gamma:0.2
/network/rit/lab/ceashpc/adil/data/adv_csl/Jan2/traffic/random_pgd/dc//network_dc_weekday_0_hour_8_refspeed_0.6-testratio-0.3-gamma-0.2-realization-4.pkl
#Rule:3221 Nodes:1383 Edges:1878
prob_mse: 0.191124389283, running time: 606.555961847
43.0 ~~~~~~~~~~~~~~~~~~~~~~~~~~~~~~~~~~~~~~~~~~~~~~~~~~~~~~~~~~~~~~~`
dataset: dc method: CSL-Plus, weekday:0,hour:8,T, 43,ref_ratio:0.6, test_ratio: 0.3,gamma:0.3
/network/rit/lab/ceashpc/adil/data/adv_csl/Jan2/traffic/random_pgd/dc//network_dc_weekday_0_hour_8_refspeed_0.6-testratio-0.3-gamma-0.3-realization-4.pkl
#Rule:3221 Nodes:1383 Edges:1878
prob_mse: 0.192266666667, running time: 740.632301092
44.0 ~~~~~~~~~~~~~~~~~~~~~~~~~~~~~~~~~~~~~~~~~~~~~~~~~~~~~~~~~~~~~~~`
dataset: dc method: CSL-Plus, weekday:0,hour:8,T, 43,ref_ratio:0.6, test_ratio: 0.3,gamma:0.4
/network/rit/lab/ceashpc/adil/data/adv_csl/Jan2/traffic/random_pgd/dc//network_dc_weekday_0_hour_8_refspeed_0.6-testratio-0.3-gamma-0.4-realization-4.pkl
#Rule:3221 Nodes:1383 Edges:1878
prob_mse: 0.192266666667, running time: 750.851099968
45.0 ~~~~~~~~~~~~~~~~~~~~~~~~~~~~~~~~~~~~~~~~~~~~~~~~~~~~~~~~~~~~~~~`
dataset: dc method: CSL-Plus, weekday:0,hour:8,T, 43,ref_ratio:0.6, test_ratio: 0.3,gamma:0.0
/network/rit/lab/ceashpc/adil/data/adv_csl/Jan2/traffic/random_pgd/dc//network_dc_weekday_0_hour_8_refspeed_0.6-testratio-0.3-gamma-0.0-realization-5.pkl
#Rule:3221 Nodes:1383 Edges:1878
prob_mse: 0.0521474389283, running time: 407.790145159
46.0 ~~~~~~~~~~~~~~~~~~~~~~~~~~~~~~~~~~~~~~~~~~~~~~~~~~~~~~~~~~~~~~~`
dataset: dc method: CSL-Plus, weekday:0,hour:8,T, 43,ref_ratio:0.6, test_ratio: 0.3,gamma:0.01
/network/rit/lab/ceashpc/adil/data/adv_csl/Jan2/traffic/random_pgd/dc//network_dc_weekday_0_hour_8_refspeed_0.6-testratio-0.3-gamma-0.01-realization-5.pkl
#Rule:3221 Nodes:1383 Edges:1878
prob_mse: 0.135381048069, running time: 613.547714949
47.0 ~~~~~~~~~~~~~~~~~~~~~~~~~~~~~~~~~~~~~~~~~~~~~~~~~~~~~~~~~~~~~~~`
dataset: dc method: CSL-Plus, weekday:0,hour:8,T, 43,ref_ratio:0.6, test_ratio: 0.3,gamma:0.03
/network/rit/lab/ceashpc/adil/data/adv_csl/Jan2/traffic/random_pgd/dc//network_dc_weekday_0_hour_8_refspeed_0.6-testratio-0.3-gamma-0.03-realization-5.pkl
#Rule:3221 Nodes:1383 Edges:1878
prob_mse: 0.136838534279, running time: 748.830823898
48.0 ~~~~~~~~~~~~~~~~~~~~~~~~~~~~~~~~~~~~~~~~~~~~~~~~~~~~~~~~~~~~~~~`
dataset: dc method: CSL-Plus, weekday:0,hour:8,T, 43,ref_ratio:0.6, test_ratio: 0.3,gamma:0.05
/network/rit/lab/ceashpc/adil/data/adv_csl/Jan2/traffic/random_pgd/dc//network_dc_weekday_0_hour_8_refspeed_0.6-testratio-0.3-gamma-0.05-realization-5.pkl
#Rule:3221 Nodes:1383 Edges:1878
prob_mse: 0.135302245863, running time: 608.032351971
49.0 ~~~~~~~~~~~~~~~~~~~~~~~~~~~~~~~~~~~~~~~~~~~~~~~~~~~~~~~~~~~~~~~`
dataset: dc method: CSL-Plus, weekday:0,hour:8,T, 43,ref_ratio:0.6, test_ratio: 0.3,gamma:0.07
/network/rit/lab/ceashpc/adil/data/adv_csl/Jan2/traffic/random_pgd/dc//network_dc_weekday_0_hour_8_refspeed_0.6-testratio-0.3-gamma-0.07-realization-5.pkl
#Rule:3221 Nodes:1383 Edges:1878
prob_mse: 0.137035185185, running time: 609.933132887
50.0 ~~~~~~~~~~~~~~~~~~~~~~~~~~~~~~~~~~~~~~~~~~~~~~~~~~~~~~~~~~~~~~~`
dataset: dc method: CSL-Plus, weekday:0,hour:8,T, 43,ref_ratio:0.6, test_ratio: 0.3,gamma:0.09
/network/rit/lab/ceashpc/adil/data/adv_csl/Jan2/traffic/random_pgd/dc//network_dc_weekday_0_hour_8_refspeed_0.6-testratio-0.3-gamma-0.09-realization-5.pkl
#Rule:3221 Nodes:1383 Edges:1878
prob_mse: 0.147946808511, running time: 613.714234114
51.0 ~~~~~~~~~~~~~~~~~~~~~~~~~~~~~~~~~~~~~~~~~~~~~~~~~~~~~~~~~~~~~~~`
dataset: dc method: CSL-Plus, weekday:0,hour:8,T, 43,ref_ratio:0.6, test_ratio: 0.3,gamma:0.2
/network/rit/lab/ceashpc/adil/data/adv_csl/Jan2/traffic/random_pgd/dc//network_dc_weekday_0_hour_8_refspeed_0.6-testratio-0.3-gamma-0.2-realization-5.pkl
#Rule:3221 Nodes:1383 Edges:1878
prob_mse: 0.180286958235, running time: 625.412341118
52.0 ~~~~~~~~~~~~~~~~~~~~~~~~~~~~~~~~~~~~~~~~~~~~~~~~~~~~~~~~~~~~~~~`
dataset: dc method: CSL-Plus, weekday:0,hour:8,T, 43,ref_ratio:0.6, test_ratio: 0.3,gamma:0.3
/network/rit/lab/ceashpc/adil/data/adv_csl/Jan2/traffic/random_pgd/dc//network_dc_weekday_0_hour_8_refspeed_0.6-testratio-0.3-gamma-0.3-realization-5.pkl
#Rule:3221 Nodes:1383 Edges:1878
prob_mse: 0.179892947203, running time: 774.469882965
53.0 ~~~~~~~~~~~~~~~~~~~~~~~~~~~~~~~~~~~~~~~~~~~~~~~~~~~~~~~~~~~~~~~`
dataset: dc method: CSL-Plus, weekday:0,hour:8,T, 43,ref_ratio:0.6, test_ratio: 0.3,gamma:0.4
/network/rit/lab/ceashpc/adil/data/adv_csl/Jan2/traffic/random_pgd/dc//network_dc_weekday_0_hour_8_refspeed_0.6-testratio-0.3-gamma-0.4-realization-5.pkl
#Rule:3221 Nodes:1383 Edges:1878
prob_mse: 0.179892947203, running time: 770.029613018
54.0 ~~~~~~~~~~~~~~~~~~~~~~~~~~~~~~~~~~~~~~~~~~~~~~~~~~~~~~~~~~~~~~~`
dataset: dc method: CSL-Plus, weekday:0,hour:8,T, 43,ref_ratio:0.6, test_ratio: 0.3,gamma:0.0
/network/rit/lab/ceashpc/adil/data/adv_csl/Jan2/traffic/random_pgd/dc//network_dc_weekday_0_hour_8_refspeed_0.6-testratio-0.3-gamma-0.0-realization-6.pkl
#Rule:3221 Nodes:1383 Edges:1878
prob_mse: 0.0595555555556, running time: 378.013240099
55.0 ~~~~~~~~~~~~~~~~~~~~~~~~~~~~~~~~~~~~~~~~~~~~~~~~~~~~~~~~~~~~~~~`
dataset: dc method: CSL-Plus, weekday:0,hour:8,T, 43,ref_ratio:0.6, test_ratio: 0.3,gamma:0.01
/network/rit/lab/ceashpc/adil/data/adv_csl/Jan2/traffic/random_pgd/dc//network_dc_weekday_0_hour_8_refspeed_0.6-testratio-0.3-gamma-0.01-realization-6.pkl
#Rule:3221 Nodes:1383 Edges:1878
prob_mse: 0.140976004728, running time: 718.201401949
56.0 ~~~~~~~~~~~~~~~~~~~~~~~~~~~~~~~~~~~~~~~~~~~~~~~~~~~~~~~~~~~~~~~`
dataset: dc method: CSL-Plus, weekday:0,hour:8,T, 43,ref_ratio:0.6, test_ratio: 0.3,gamma:0.03
/network/rit/lab/ceashpc/adil/data/adv_csl/Jan2/traffic/random_pgd/dc//network_dc_weekday_0_hour_8_refspeed_0.6-testratio-0.3-gamma-0.03-realization-6.pkl
#Rule:3221 Nodes:1383 Edges:1878
prob_mse: 0.140976004728, running time: 711.437833071
57.0 ~~~~~~~~~~~~~~~~~~~~~~~~~~~~~~~~~~~~~~~~~~~~~~~~~~~~~~~~~~~~~~~`
dataset: dc method: CSL-Plus, weekday:0,hour:8,T, 43,ref_ratio:0.6, test_ratio: 0.3,gamma:0.05
/network/rit/lab/ceashpc/adil/data/adv_csl/Jan2/traffic/random_pgd/dc//network_dc_weekday_0_hour_8_refspeed_0.6-testratio-0.3-gamma-0.05-realization-6.pkl
#Rule:3221 Nodes:1383 Edges:1878
prob_mse: 0.145821276596, running time: 711.276594162
58.0 ~~~~~~~~~~~~~~~~~~~~~~~~~~~~~~~~~~~~~~~~~~~~~~~~~~~~~~~~~~~~~~~`
dataset: dc method: CSL-Plus, weekday:0,hour:8,T, 43,ref_ratio:0.6, test_ratio: 0.3,gamma:0.07
/network/rit/lab/ceashpc/adil/data/adv_csl/Jan2/traffic/random_pgd/dc//network_dc_weekday_0_hour_8_refspeed_0.6-testratio-0.3-gamma-0.07-realization-6.pkl
#Rule:3221 Nodes:1383 Edges:1878
prob_mse: 0.145466312057, running time: 591.31110096
59.0 ~~~~~~~~~~~~~~~~~~~~~~~~~~~~~~~~~~~~~~~~~~~~~~~~~~~~~~~~~~~~~~~`
dataset: dc method: CSL-Plus, weekday:0,hour:8,T, 43,ref_ratio:0.6, test_ratio: 0.3,gamma:0.09
/network/rit/lab/ceashpc/adil/data/adv_csl/Jan2/traffic/random_pgd/dc//network_dc_weekday_0_hour_8_refspeed_0.6-testratio-0.3-gamma-0.09-realization-6.pkl
#Rule:3221 Nodes:1383 Edges:1878
prob_mse: 0.143772419228, running time: 608.492072105
60.0 ~~~~~~~~~~~~~~~~~~~~~~~~~~~~~~~~~~~~~~~~~~~~~~~~~~~~~~~~~~~~~~~`
dataset: dc method: CSL-Plus, weekday:0,hour:8,T, 43,ref_ratio:0.6, test_ratio: 0.3,gamma:0.2
/network/rit/lab/ceashpc/adil/data/adv_csl/Jan2/traffic/random_pgd/dc//network_dc_weekday_0_hour_8_refspeed_0.6-testratio-0.3-gamma-0.2-realization-6.pkl
#Rule:3221 Nodes:1383 Edges:1878
prob_mse: 0.173906107171, running time: 605.424555063
61.0 ~~~~~~~~~~~~~~~~~~~~~~~~~~~~~~~~~~~~~~~~~~~~~~~~~~~~~~~~~~~~~~~`
dataset: dc method: CSL-Plus, weekday:0,hour:8,T, 43,ref_ratio:0.6, test_ratio: 0.3,gamma:0.3
/network/rit/lab/ceashpc/adil/data/adv_csl/Jan2/traffic/random_pgd/dc//network_dc_weekday_0_hour_8_refspeed_0.6-testratio-0.3-gamma-0.3-realization-6.pkl
#Rule:3221 Nodes:1383 Edges:1878
prob_mse: 0.177293892829, running time: 610.351850986
62.0 ~~~~~~~~~~~~~~~~~~~~~~~~~~~~~~~~~~~~~~~~~~~~~~~~~~~~~~~~~~~~~~~`
dataset: dc method: CSL-Plus, weekday:0,hour:8,T, 43,ref_ratio:0.6, test_ratio: 0.3,gamma:0.4
/network/rit/lab/ceashpc/adil/data/adv_csl/Jan2/traffic/random_pgd/dc//network_dc_weekday_0_hour_8_refspeed_0.6-testratio-0.3-gamma-0.4-realization-6.pkl
#Rule:3221 Nodes:1383 Edges:1878
prob_mse: 0.177293892829, running time: 621.126312971
63.0 ~~~~~~~~~~~~~~~~~~~~~~~~~~~~~~~~~~~~~~~~~~~~~~~~~~~~~~~~~~~~~~~`
dataset: dc method: CSL-Plus, weekday:0,hour:8,T, 43,ref_ratio:0.6, test_ratio: 0.3,gamma:0.0
/network/rit/lab/ceashpc/adil/data/adv_csl/Jan2/traffic/random_pgd/dc//network_dc_weekday_0_hour_8_refspeed_0.6-testratio-0.3-gamma-0.0-realization-7.pkl
#Rule:3221 Nodes:1383 Edges:1878
prob_mse: 0.0578616627266, running time: 408.005834103
64.0 ~~~~~~~~~~~~~~~~~~~~~~~~~~~~~~~~~~~~~~~~~~~~~~~~~~~~~~~~~~~~~~~`
dataset: dc method: CSL-Plus, weekday:0,hour:8,T, 43,ref_ratio:0.6, test_ratio: 0.3,gamma:0.01
/network/rit/lab/ceashpc/adil/data/adv_csl/Jan2/traffic/random_pgd/dc//network_dc_weekday_0_hour_8_refspeed_0.6-testratio-0.3-gamma-0.01-realization-7.pkl
#Rule:3221 Nodes:1383 Edges:1878
prob_mse: 0.132109692671, running time: 599.89180398
65.0 ~~~~~~~~~~~~~~~~~~~~~~~~~~~~~~~~~~~~~~~~~~~~~~~~~~~~~~~~~~~~~~~`
dataset: dc method: CSL-Plus, weekday:0,hour:8,T, 43,ref_ratio:0.6, test_ratio: 0.3,gamma:0.03
/network/rit/lab/ceashpc/adil/data/adv_csl/Jan2/traffic/random_pgd/dc//network_dc_weekday_0_hour_8_refspeed_0.6-testratio-0.3-gamma-0.03-realization-7.pkl
#Rule:3221 Nodes:1383 Edges:1878
prob_mse: 0.1338035855, running time: 592.857846975
66.0 ~~~~~~~~~~~~~~~~~~~~~~~~~~~~~~~~~~~~~~~~~~~~~~~~~~~~~~~~~~~~~~~`
dataset: dc method: CSL-Plus, weekday:0,hour:8,T, 43,ref_ratio:0.6, test_ratio: 0.3,gamma:0.05
/network/rit/lab/ceashpc/adil/data/adv_csl/Jan2/traffic/random_pgd/dc//network_dc_weekday_0_hour_8_refspeed_0.6-testratio-0.3-gamma-0.05-realization-7.pkl
#Rule:3221 Nodes:1383 Edges:1878
prob_mse: 0.136561662727, running time: 601.421020031
67.0 ~~~~~~~~~~~~~~~~~~~~~~~~~~~~~~~~~~~~~~~~~~~~~~~~~~~~~~~~~~~~~~~`
dataset: dc method: CSL-Plus, weekday:0,hour:8,T, 43,ref_ratio:0.6, test_ratio: 0.3,gamma:0.07
/network/rit/lab/ceashpc/adil/data/adv_csl/Jan2/traffic/random_pgd/dc//network_dc_weekday_0_hour_8_refspeed_0.6-testratio-0.3-gamma-0.07-realization-7.pkl
#Rule:3221 Nodes:1383 Edges:1878
prob_mse: 0.136325256107, running time: 591.082917929
68.0 ~~~~~~~~~~~~~~~~~~~~~~~~~~~~~~~~~~~~~~~~~~~~~~~~~~~~~~~~~~~~~~~`
dataset: dc method: CSL-Plus, weekday:0,hour:8,T, 43,ref_ratio:0.6, test_ratio: 0.3,gamma:0.09
/network/rit/lab/ceashpc/adil/data/adv_csl/Jan2/traffic/random_pgd/dc//network_dc_weekday_0_hour_8_refspeed_0.6-testratio-0.3-gamma-0.09-realization-7.pkl
#Rule:3221 Nodes:1383 Edges:1878
prob_mse: 0.137152324665, running time: 593.504292011
69.0 ~~~~~~~~~~~~~~~~~~~~~~~~~~~~~~~~~~~~~~~~~~~~~~~~~~~~~~~~~~~~~~~`
dataset: dc method: CSL-Plus, weekday:0,hour:8,T, 43,ref_ratio:0.6, test_ratio: 0.3,gamma:0.2
/network/rit/lab/ceashpc/adil/data/adv_csl/Jan2/traffic/random_pgd/dc//network_dc_weekday_0_hour_8_refspeed_0.6-testratio-0.3-gamma-0.2-realization-7.pkl
#Rule:3221 Nodes:1383 Edges:1878
prob_mse: 0.165277620173, running time: 601.85345602
70.0 ~~~~~~~~~~~~~~~~~~~~~~~~~~~~~~~~~~~~~~~~~~~~~~~~~~~~~~~~~~~~~~~`
dataset: dc method: CSL-Plus, weekday:0,hour:8,T, 43,ref_ratio:0.6, test_ratio: 0.3,gamma:0.3
/network/rit/lab/ceashpc/adil/data/adv_csl/Jan2/traffic/random_pgd/dc//network_dc_weekday_0_hour_8_refspeed_0.6-testratio-0.3-gamma-0.3-realization-7.pkl
#Rule:3221 Nodes:1383 Edges:1878
prob_mse: 0.183279314421, running time: 611.058127165
71.0 ~~~~~~~~~~~~~~~~~~~~~~~~~~~~~~~~~~~~~~~~~~~~~~~~~~~~~~~~~~~~~~~`
dataset: dc method: CSL-Plus, weekday:0,hour:8,T, 43,ref_ratio:0.6, test_ratio: 0.3,gamma:0.4
/network/rit/lab/ceashpc/adil/data/adv_csl/Jan2/traffic/random_pgd/dc//network_dc_weekday_0_hour_8_refspeed_0.6-testratio-0.3-gamma-0.4-realization-7.pkl
#Rule:3221 Nodes:1383 Edges:1878
prob_mse: 0.183279314421, running time: 616.269768
72.0 ~~~~~~~~~~~~~~~~~~~~~~~~~~~~~~~~~~~~~~~~~~~~~~~~~~~~~~~~~~~~~~~`
dataset: dc method: CSL-Plus, weekday:0,hour:8,T, 43,ref_ratio:0.6, test_ratio: 0.3,gamma:0.0
/network/rit/lab/ceashpc/adil/data/adv_csl/Jan2/traffic/random_pgd/dc//network_dc_weekday_0_hour_8_refspeed_0.6-testratio-0.3-gamma-0.0-realization-8.pkl
#Rule:3221 Nodes:1383 Edges:1878
prob_mse: 0.0563626477541, running time: 412.072596073
73.0 ~~~~~~~~~~~~~~~~~~~~~~~~~~~~~~~~~~~~~~~~~~~~~~~~~~~~~~~~~~~~~~~`
dataset: dc method: CSL-Plus, weekday:0,hour:8,T, 43,ref_ratio:0.6, test_ratio: 0.3,gamma:0.01
/network/rit/lab/ceashpc/adil/data/adv_csl/Jan2/traffic/random_pgd/dc//network_dc_weekday_0_hour_8_refspeed_0.6-testratio-0.3-gamma-0.01-realization-8.pkl
#Rule:3221 Nodes:1383 Edges:1878
prob_mse: 0.147237234043, running time: 591.499439955
74.0 ~~~~~~~~~~~~~~~~~~~~~~~~~~~~~~~~~~~~~~~~~~~~~~~~~~~~~~~~~~~~~~~`
dataset: dc method: CSL-Plus, weekday:0,hour:8,T, 43,ref_ratio:0.6, test_ratio: 0.3,gamma:0.03
/network/rit/lab/ceashpc/adil/data/adv_csl/Jan2/traffic/random_pgd/dc//network_dc_weekday_0_hour_8_refspeed_0.6-testratio-0.3-gamma-0.03-realization-8.pkl
#Rule:3221 Nodes:1383 Edges:1878
prob_mse: 0.148931126872, running time: 588.341538906
75.0 ~~~~~~~~~~~~~~~~~~~~~~~~~~~~~~~~~~~~~~~~~~~~~~~~~~~~~~~~~~~~~~~`
dataset: dc method: CSL-Plus, weekday:0,hour:8,T, 43,ref_ratio:0.6, test_ratio: 0.3,gamma:0.05
/network/rit/lab/ceashpc/adil/data/adv_csl/Jan2/traffic/random_pgd/dc//network_dc_weekday_0_hour_8_refspeed_0.6-testratio-0.3-gamma-0.05-realization-8.pkl
#Rule:3221 Nodes:1383 Edges:1878
prob_mse: 0.150074113475, running time: 583.181792021
76.0 ~~~~~~~~~~~~~~~~~~~~~~~~~~~~~~~~~~~~~~~~~~~~~~~~~~~~~~~~~~~~~~~`
dataset: dc method: CSL-Plus, weekday:0,hour:8,T, 43,ref_ratio:0.6, test_ratio: 0.3,gamma:0.07
/network/rit/lab/ceashpc/adil/data/adv_csl/Jan2/traffic/random_pgd/dc//network_dc_weekday_0_hour_8_refspeed_0.6-testratio-0.3-gamma-0.07-realization-8.pkl
#Rule:3221 Nodes:1383 Edges:1878
prob_mse: 0.150074113475, running time: 589.164326906
77.0 ~~~~~~~~~~~~~~~~~~~~~~~~~~~~~~~~~~~~~~~~~~~~~~~~~~~~~~~~~~~~~~~`
dataset: dc method: CSL-Plus, weekday:0,hour:8,T, 43,ref_ratio:0.6, test_ratio: 0.3,gamma:0.09
/network/rit/lab/ceashpc/adil/data/adv_csl/Jan2/traffic/random_pgd/dc//network_dc_weekday_0_hour_8_refspeed_0.6-testratio-0.3-gamma-0.09-realization-8.pkl
#Rule:3221 Nodes:1383 Edges:1878
prob_mse: 0.150074113475, running time: 587.251171112
78.0 ~~~~~~~~~~~~~~~~~~~~~~~~~~~~~~~~~~~~~~~~~~~~~~~~~~~~~~~~~~~~~~~`
dataset: dc method: CSL-Plus, weekday:0,hour:8,T, 43,ref_ratio:0.6, test_ratio: 0.3,gamma:0.2
/network/rit/lab/ceashpc/adil/data/adv_csl/Jan2/traffic/random_pgd/dc//network_dc_weekday_0_hour_8_refspeed_0.6-testratio-0.3-gamma-0.2-realization-8.pkl
#Rule:3221 Nodes:1383 Edges:1878
prob_mse: 0.191592237983, running time: 621.590846062
79.0 ~~~~~~~~~~~~~~~~~~~~~~~~~~~~~~~~~~~~~~~~~~~~~~~~~~~~~~~~~~~~~~~`
dataset: dc method: CSL-Plus, weekday:0,hour:8,T, 43,ref_ratio:0.6, test_ratio: 0.3,gamma:0.3
/network/rit/lab/ceashpc/adil/data/adv_csl/Jan2/traffic/random_pgd/dc//network_dc_weekday_0_hour_8_refspeed_0.6-testratio-0.3-gamma-0.3-realization-8.pkl
#Rule:3221 Nodes:1383 Edges:1878
prob_mse: 0.191592237983, running time: 625.357733011
80.0 ~~~~~~~~~~~~~~~~~~~~~~~~~~~~~~~~~~~~~~~~~~~~~~~~~~~~~~~~~~~~~~~`
dataset: dc method: CSL-Plus, weekday:0,hour:8,T, 43,ref_ratio:0.6, test_ratio: 0.3,gamma:0.4
/network/rit/lab/ceashpc/adil/data/adv_csl/Jan2/traffic/random_pgd/dc//network_dc_weekday_0_hour_8_refspeed_0.6-testratio-0.3-gamma-0.4-realization-8.pkl
#Rule:3221 Nodes:1383 Edges:1878
prob_mse: 0.189700985028, running time: 624.751816034
81.0 ~~~~~~~~~~~~~~~~~~~~~~~~~~~~~~~~~~~~~~~~~~~~~~~~~~~~~~~~~~~~~~~`
dataset: dc method: CSL-Plus, weekday:0,hour:8,T, 43,ref_ratio:0.6, test_ratio: 0.3,gamma:0.0
/network/rit/lab/ceashpc/adil/data/adv_csl/Jan2/traffic/random_pgd/dc//network_dc_weekday_0_hour_8_refspeed_0.6-testratio-0.3-gamma-0.0-realization-9.pkl
#Rule:3221 Nodes:1383 Edges:1878
prob_mse: 0.0525407407407, running time: 415.492997169
82.0 ~~~~~~~~~~~~~~~~~~~~~~~~~~~~~~~~~~~~~~~~~~~~~~~~~~~~~~~~~~~~~~~`
dataset: dc method: CSL-Plus, weekday:0,hour:8,T, 43,ref_ratio:0.6, test_ratio: 0.3,gamma:0.01
/network/rit/lab/ceashpc/adil/data/adv_csl/Jan2/traffic/random_pgd/dc//network_dc_weekday_0_hour_8_refspeed_0.6-testratio-0.3-gamma-0.01-realization-9.pkl
#Rule:3221 Nodes:1383 Edges:1878
prob_mse: 0.135693420016, running time: 622.947707891
83.0 ~~~~~~~~~~~~~~~~~~~~~~~~~~~~~~~~~~~~~~~~~~~~~~~~~~~~~~~~~~~~~~~`
dataset: dc method: CSL-Plus, weekday:0,hour:8,T, 43,ref_ratio:0.6, test_ratio: 0.3,gamma:0.03
/network/rit/lab/ceashpc/adil/data/adv_csl/Jan2/traffic/random_pgd/dc//network_dc_weekday_0_hour_8_refspeed_0.6-testratio-0.3-gamma-0.03-realization-9.pkl
#Rule:3221 Nodes:1383 Edges:1878
prob_mse: 0.138844799054, running time: 620.430661917
84.0 ~~~~~~~~~~~~~~~~~~~~~~~~~~~~~~~~~~~~~~~~~~~~~~~~~~~~~~~~~~~~~~~`
dataset: dc method: CSL-Plus, weekday:0,hour:8,T, 43,ref_ratio:0.6, test_ratio: 0.3,gamma:0.05
/network/rit/lab/ceashpc/adil/data/adv_csl/Jan2/traffic/random_pgd/dc//network_dc_weekday_0_hour_8_refspeed_0.6-testratio-0.3-gamma-0.05-realization-9.pkl
#Rule:3221 Nodes:1383 Edges:1878
prob_mse: 0.140459889677, running time: 621.808945894
85.0 ~~~~~~~~~~~~~~~~~~~~~~~~~~~~~~~~~~~~~~~~~~~~~~~~~~~~~~~~~~~~~~~`
dataset: dc method: CSL-Plus, weekday:0,hour:8,T, 43,ref_ratio:0.6, test_ratio: 0.3,gamma:0.07
/network/rit/lab/ceashpc/adil/data/adv_csl/Jan2/traffic/random_pgd/dc//network_dc_weekday_0_hour_8_refspeed_0.6-testratio-0.3-gamma-0.07-realization-9.pkl
#Rule:3221 Nodes:1383 Edges:1878
prob_mse: 0.150465642238, running time: 619.963859797
86.0 ~~~~~~~~~~~~~~~~~~~~~~~~~~~~~~~~~~~~~~~~~~~~~~~~~~~~~~~~~~~~~~~`
dataset: dc method: CSL-Plus, weekday:0,hour:8,T, 43,ref_ratio:0.6, test_ratio: 0.3,gamma:0.09
/network/rit/lab/ceashpc/adil/data/adv_csl/Jan2/traffic/random_pgd/dc//network_dc_weekday_0_hour_8_refspeed_0.6-testratio-0.3-gamma-0.09-realization-9.pkl
#Rule:3221 Nodes:1383 Edges:1878
prob_mse: 0.156926004728, running time: 761.972363949
87.0 ~~~~~~~~~~~~~~~~~~~~~~~~~~~~~~~~~~~~~~~~~~~~~~~~~~~~~~~~~~~~~~~`
dataset: dc method: CSL-Plus, weekday:0,hour:8,T, 43,ref_ratio:0.6, test_ratio: 0.3,gamma:0.2
/network/rit/lab/ceashpc/adil/data/adv_csl/Jan2/traffic/random_pgd/dc//network_dc_weekday_0_hour_8_refspeed_0.6-testratio-0.3-gamma-0.2-realization-9.pkl
#Rule:3221 Nodes:1383 Edges:1878
prob_mse: 0.201518124507, running time: 634.27453804
88.0 ~~~~~~~~~~~~~~~~~~~~~~~~~~~~~~~~~~~~~~~~~~~~~~~~~~~~~~~~~~~~~~~`
dataset: dc method: CSL-Plus, weekday:0,hour:8,T, 43,ref_ratio:0.6, test_ratio: 0.3,gamma:0.3
/network/rit/lab/ceashpc/adil/data/adv_csl/Jan2/traffic/random_pgd/dc//network_dc_weekday_0_hour_8_refspeed_0.6-testratio-0.3-gamma-0.3-realization-9.pkl
#Rule:3221 Nodes:1383 Edges:1878
prob_mse: 0.203212017336, running time: 666.398977995
89.0 ~~~~~~~~~~~~~~~~~~~~~~~~~~~~~~~~~~~~~~~~~~~~~~~~~~~~~~~~~~~~~~~`
dataset: dc method: CSL-Plus, weekday:0,hour:8,T, 43,ref_ratio:0.6, test_ratio: 0.3,gamma:0.4
/network/rit/lab/ceashpc/adil/data/adv_csl/Jan2/traffic/random_pgd/dc//network_dc_weekday_0_hour_8_refspeed_0.6-testratio-0.3-gamma-0.4-realization-9.pkl
#Rule:3221 Nodes:1383 Edges:1878
prob_mse: 0.203093459417, running time: 666.024231911
