

--------------------------------------------------
--------------------------------------------------

-------------------Thu, 18 Jul 2019 11:26:51 PM EDT---------------------

0 ~~~~~~~~~~~~~~~~~~~~~~~~~~~~~~~~~~~~~~~~~~~~~~~~~~~~~~~~~~~~~~~`
dataset: dc method: CSL-Plus, weekday:0,hour:8,T, 43,ref_ratio:0.6, test_ratio: 0.3,gamma:0.0
/network/rit/lab/ceashpc/adil/data/adv_csl/Jan2/traffic/random_pgd/dc//network_dc_weekday_0_hour_8_refspeed_0.6-testratio-0.3-gamma-0.0-realization-0.pkl
#Rule:3221 Nodes:1383 Edges:1878
prob_mse: 0.0584132781718, running time: 390.237637997
1.0 ~~~~~~~~~~~~~~~~~~~~~~~~~~~~~~~~~~~~~~~~~~~~~~~~~~~~~~~~~~~~~~~`
dataset: dc method: CSL-Plus, weekday:0,hour:8,T, 43,ref_ratio:0.6, test_ratio: 0.3,gamma:0.01
/network/rit/lab/ceashpc/adil/data/adv_csl/Jan2/traffic/random_pgd/dc//network_dc_weekday_0_hour_8_refspeed_0.6-testratio-0.3-gamma-0.01-realization-0.pkl
#Rule:3221 Nodes:1383 Edges:1878
prob_mse: 0.137194208038, running time: 563.025817871
2.0 ~~~~~~~~~~~~~~~~~~~~~~~~~~~~~~~~~~~~~~~~~~~~~~~~~~~~~~~~~~~~~~~`
dataset: dc method: CSL-Plus, weekday:0,hour:8,T, 43,ref_ratio:0.6, test_ratio: 0.3,gamma:0.03
/network/rit/lab/ceashpc/adil/data/adv_csl/Jan2/traffic/random_pgd/dc//network_dc_weekday_0_hour_8_refspeed_0.6-testratio-0.3-gamma-0.03-realization-0.pkl
#Rule:3221 Nodes:1383 Edges:1878
prob_mse: 0.137194208038, running time: 562.38172698
3.0 ~~~~~~~~~~~~~~~~~~~~~~~~~~~~~~~~~~~~~~~~~~~~~~~~~~~~~~~~~~~~~~~`
dataset: dc method: CSL-Plus, weekday:0,hour:8,T, 43,ref_ratio:0.6, test_ratio: 0.3,gamma:0.05
/network/rit/lab/ceashpc/adil/data/adv_csl/Jan2/traffic/random_pgd/dc//network_dc_weekday_0_hour_8_refspeed_0.6-testratio-0.3-gamma-0.05-realization-0.pkl
#Rule:3221 Nodes:1383 Edges:1878
prob_mse: 0.137194208038, running time: 564.153922081
4.0 ~~~~~~~~~~~~~~~~~~~~~~~~~~~~~~~~~~~~~~~~~~~~~~~~~~~~~~~~~~~~~~~`
dataset: dc method: CSL-Plus, weekday:0,hour:8,T, 43,ref_ratio:0.6, test_ratio: 0.3,gamma:0.07
/network/rit/lab/ceashpc/adil/data/adv_csl/Jan2/traffic/random_pgd/dc//network_dc_weekday_0_hour_8_refspeed_0.6-testratio-0.3-gamma-0.07-realization-0.pkl
#Rule:3221 Nodes:1383 Edges:1878
prob_mse: 0.138494089835, running time: 561.94879508
5.0 ~~~~~~~~~~~~~~~~~~~~~~~~~~~~~~~~~~~~~~~~~~~~~~~~~~~~~~~~~~~~~~~`
dataset: dc method: CSL-Plus, weekday:0,hour:8,T, 43,ref_ratio:0.6, test_ratio: 0.3,gamma:0.09
/network/rit/lab/ceashpc/adil/data/adv_csl/Jan2/traffic/random_pgd/dc//network_dc_weekday_0_hour_8_refspeed_0.6-testratio-0.3-gamma-0.09-realization-0.pkl
#Rule:3221 Nodes:1383 Edges:1878
prob_mse: 0.138494089835, running time: 566.691606045
6.0 ~~~~~~~~~~~~~~~~~~~~~~~~~~~~~~~~~~~~~~~~~~~~~~~~~~~~~~~~~~~~~~~`
dataset: dc method: CSL-Plus, weekday:0,hour:8,T, 43,ref_ratio:0.6, test_ratio: 0.3,gamma:0.2
/network/rit/lab/ceashpc/adil/data/adv_csl/Jan2/traffic/random_pgd/dc//network_dc_weekday_0_hour_8_refspeed_0.6-testratio-0.3-gamma-0.2-realization-0.pkl
#Rule:3221 Nodes:1383 Edges:1878
prob_mse: 0.173986327817, running time: 575.430824995
7.0 ~~~~~~~~~~~~~~~~~~~~~~~~~~~~~~~~~~~~~~~~~~~~~~~~~~~~~~~~~~~~~~~`
dataset: dc method: CSL-Plus, weekday:0,hour:8,T, 43,ref_ratio:0.6, test_ratio: 0.3,gamma:0.3
/network/rit/lab/ceashpc/adil/data/adv_csl/Jan2/traffic/random_pgd/dc//network_dc_weekday_0_hour_8_refspeed_0.6-testratio-0.3-gamma-0.3-realization-0.pkl
#Rule:3221 Nodes:1383 Edges:1878
prob_mse: 0.17414393223, running time: 577.618770838
8.0 ~~~~~~~~~~~~~~~~~~~~~~~~~~~~~~~~~~~~~~~~~~~~~~~~~~~~~~~~~~~~~~~`
dataset: dc method: CSL-Plus, weekday:0,hour:8,T, 43,ref_ratio:0.6, test_ratio: 0.3,gamma:0.4
/network/rit/lab/ceashpc/adil/data/adv_csl/Jan2/traffic/random_pgd/dc//network_dc_weekday_0_hour_8_refspeed_0.6-testratio-0.3-gamma-0.4-realization-0.pkl
#Rule:3221 Nodes:1383 Edges:1878
prob_mse: 0.17414393223, running time: 579.903576851
9.0 ~~~~~~~~~~~~~~~~~~~~~~~~~~~~~~~~~~~~~~~~~~~~~~~~~~~~~~~~~~~~~~~`
dataset: dc method: CSL-Plus, weekday:0,hour:8,T, 43,ref_ratio:0.6, test_ratio: 0.3,gamma:0.0
/network/rit/lab/ceashpc/adil/data/adv_csl/Jan2/traffic/random_pgd/dc//network_dc_weekday_0_hour_8_refspeed_0.6-testratio-0.3-gamma-0.0-realization-1.pkl
#Rule:3221 Nodes:1383 Edges:1878
prob_mse: 0.0604216706068, running time: 395.985697985
10.0 ~~~~~~~~~~~~~~~~~~~~~~~~~~~~~~~~~~~~~~~~~~~~~~~~~~~~~~~~~~~~~~~`
dataset: dc method: CSL-Plus, weekday:0,hour:8,T, 43,ref_ratio:0.6, test_ratio: 0.3,gamma:0.01
/network/rit/lab/ceashpc/adil/data/adv_csl/Jan2/traffic/random_pgd/dc//network_dc_weekday_0_hour_8_refspeed_0.6-testratio-0.3-gamma-0.01-realization-1.pkl
#Rule:3221 Nodes:1383 Edges:1878
prob_mse: 0.118875886525, running time: 587.998657942
11.0 ~~~~~~~~~~~~~~~~~~~~~~~~~~~~~~~~~~~~~~~~~~~~~~~~~~~~~~~~~~~~~~~`
dataset: dc method: CSL-Plus, weekday:0,hour:8,T, 43,ref_ratio:0.6, test_ratio: 0.3,gamma:0.03
/network/rit/lab/ceashpc/adil/data/adv_csl/Jan2/traffic/random_pgd/dc//network_dc_weekday_0_hour_8_refspeed_0.6-testratio-0.3-gamma-0.03-realization-1.pkl
#Rule:3221 Nodes:1383 Edges:1878
prob_mse: 0.120490977147, running time: 580.934757948
12.0 ~~~~~~~~~~~~~~~~~~~~~~~~~~~~~~~~~~~~~~~~~~~~~~~~~~~~~~~~~~~~~~~`
dataset: dc method: CSL-Plus, weekday:0,hour:8,T, 43,ref_ratio:0.6, test_ratio: 0.3,gamma:0.05
/network/rit/lab/ceashpc/adil/data/adv_csl/Jan2/traffic/random_pgd/dc//network_dc_weekday_0_hour_8_refspeed_0.6-testratio-0.3-gamma-0.05-realization-1.pkl
#Rule:3221 Nodes:1383 Edges:1878
prob_mse: 0.120490977147, running time: 585.040019035
13.0 ~~~~~~~~~~~~~~~~~~~~~~~~~~~~~~~~~~~~~~~~~~~~~~~~~~~~~~~~~~~~~~~`
dataset: dc method: CSL-Plus, weekday:0,hour:8,T, 43,ref_ratio:0.6, test_ratio: 0.3,gamma:0.07
/network/rit/lab/ceashpc/adil/data/adv_csl/Jan2/traffic/random_pgd/dc//network_dc_weekday_0_hour_8_refspeed_0.6-testratio-0.3-gamma-0.07-realization-1.pkl
#Rule:3221 Nodes:1383 Edges:1878
prob_mse: 0.122027265563, running time: 586.608724117
14.0 ~~~~~~~~~~~~~~~~~~~~~~~~~~~~~~~~~~~~~~~~~~~~~~~~~~~~~~~~~~~~~~~`
dataset: dc method: CSL-Plus, weekday:0,hour:8,T, 43,ref_ratio:0.6, test_ratio: 0.3,gamma:0.09
/network/rit/lab/ceashpc/adil/data/adv_csl/Jan2/traffic/random_pgd/dc//network_dc_weekday_0_hour_8_refspeed_0.6-testratio-0.3-gamma-0.09-realization-1.pkl
#Rule:3221 Nodes:1383 Edges:1878
prob_mse: 0.122027265563, running time: 582.792999029
15.0 ~~~~~~~~~~~~~~~~~~~~~~~~~~~~~~~~~~~~~~~~~~~~~~~~~~~~~~~~~~~~~~~`
dataset: dc method: CSL-Plus, weekday:0,hour:8,T, 43,ref_ratio:0.6, test_ratio: 0.3,gamma:0.2
/network/rit/lab/ceashpc/adil/data/adv_csl/Jan2/traffic/random_pgd/dc//network_dc_weekday_0_hour_8_refspeed_0.6-testratio-0.3-gamma-0.2-realization-1.pkl
#Rule:3221 Nodes:1383 Edges:1878
prob_mse: 0.161380102443, running time: 606.398526907
16.0 ~~~~~~~~~~~~~~~~~~~~~~~~~~~~~~~~~~~~~~~~~~~~~~~~~~~~~~~~~~~~~~~`
dataset: dc method: CSL-Plus, weekday:0,hour:8,T, 43,ref_ratio:0.6, test_ratio: 0.3,gamma:0.3
/network/rit/lab/ceashpc/adil/data/adv_csl/Jan2/traffic/random_pgd/dc//network_dc_weekday_0_hour_8_refspeed_0.6-testratio-0.3-gamma-0.3-realization-1.pkl
#Rule:3221 Nodes:1383 Edges:1878
prob_mse: 0.16122249803, running time: 611.339330912
17.0 ~~~~~~~~~~~~~~~~~~~~~~~~~~~~~~~~~~~~~~~~~~~~~~~~~~~~~~~~~~~~~~~`
dataset: dc method: CSL-Plus, weekday:0,hour:8,T, 43,ref_ratio:0.6, test_ratio: 0.3,gamma:0.4
/network/rit/lab/ceashpc/adil/data/adv_csl/Jan2/traffic/random_pgd/dc//network_dc_weekday_0_hour_8_refspeed_0.6-testratio-0.3-gamma-0.4-realization-1.pkl
#Rule:3221 Nodes:1383 Edges:1878
prob_mse: 0.164373877069, running time: 617.14481616
18.0 ~~~~~~~~~~~~~~~~~~~~~~~~~~~~~~~~~~~~~~~~~~~~~~~~~~~~~~~~~~~~~~~`
dataset: dc method: CSL-Plus, weekday:0,hour:8,T, 43,ref_ratio:0.6, test_ratio: 0.3,gamma:0.0
/network/rit/lab/ceashpc/adil/data/adv_csl/Jan2/traffic/random_pgd/dc//network_dc_weekday_0_hour_8_refspeed_0.6-testratio-0.3-gamma-0.0-realization-2.pkl
#Rule:3221 Nodes:1383 Edges:1878
prob_mse: 0.0513988179669, running time: 393.900085926
19.0 ~~~~~~~~~~~~~~~~~~~~~~~~~~~~~~~~~~~~~~~~~~~~~~~~~~~~~~~~~~~~~~~`
dataset: dc method: CSL-Plus, weekday:0,hour:8,T, 43,ref_ratio:0.6, test_ratio: 0.3,gamma:0.01
/network/rit/lab/ceashpc/adil/data/adv_csl/Jan2/traffic/random_pgd/dc//network_dc_weekday_0_hour_8_refspeed_0.6-testratio-0.3-gamma-0.01-realization-2.pkl
#Rule:3221 Nodes:1383 Edges:1878
prob_mse: 0.13112679275, running time: 596.835890055
20.0 ~~~~~~~~~~~~~~~~~~~~~~~~~~~~~~~~~~~~~~~~~~~~~~~~~~~~~~~~~~~~~~~`
dataset: dc method: CSL-Plus, weekday:0,hour:8,T, 43,ref_ratio:0.6, test_ratio: 0.3,gamma:0.03
/network/rit/lab/ceashpc/adil/data/adv_csl/Jan2/traffic/random_pgd/dc//network_dc_weekday_0_hour_8_refspeed_0.6-testratio-0.3-gamma-0.03-realization-2.pkl
#Rule:3221 Nodes:1383 Edges:1878
prob_mse: 0.131992907801, running time: 588.731737852
21.0 ~~~~~~~~~~~~~~~~~~~~~~~~~~~~~~~~~~~~~~~~~~~~~~~~~~~~~~~~~~~~~~~`
dataset: dc method: CSL-Plus, weekday:0,hour:8,T, 43,ref_ratio:0.6, test_ratio: 0.3,gamma:0.05
/network/rit/lab/ceashpc/adil/data/adv_csl/Jan2/traffic/random_pgd/dc//network_dc_weekday_0_hour_8_refspeed_0.6-testratio-0.3-gamma-0.05-realization-2.pkl
#Rule:3221 Nodes:1383 Edges:1878
prob_mse: 0.131992907801, running time: 591.990307093
22.0 ~~~~~~~~~~~~~~~~~~~~~~~~~~~~~~~~~~~~~~~~~~~~~~~~~~~~~~~~~~~~~~~`
dataset: dc method: CSL-Plus, weekday:0,hour:8,T, 43,ref_ratio:0.6, test_ratio: 0.3,gamma:0.07
/network/rit/lab/ceashpc/adil/data/adv_csl/Jan2/traffic/random_pgd/dc//network_dc_weekday_0_hour_8_refspeed_0.6-testratio-0.3-gamma-0.07-realization-2.pkl
#Rule:3221 Nodes:1383 Edges:1878
prob_mse: 0.135301891253, running time: 594.427716017
23.0 ~~~~~~~~~~~~~~~~~~~~~~~~~~~~~~~~~~~~~~~~~~~~~~~~~~~~~~~~~~~~~~~`
dataset: dc method: CSL-Plus, weekday:0,hour:8,T, 43,ref_ratio:0.6, test_ratio: 0.3,gamma:0.09
/network/rit/lab/ceashpc/adil/data/adv_csl/Jan2/traffic/random_pgd/dc//network_dc_weekday_0_hour_8_refspeed_0.6-testratio-0.3-gamma-0.09-realization-2.pkl
#Rule:3221 Nodes:1383 Edges:1878
prob_mse: 0.135301891253, running time: 594.566660881
24.0 ~~~~~~~~~~~~~~~~~~~~~~~~~~~~~~~~~~~~~~~~~~~~~~~~~~~~~~~~~~~~~~~`
dataset: dc method: CSL-Plus, weekday:0,hour:8,T, 43,ref_ratio:0.6, test_ratio: 0.3,gamma:0.2
/network/rit/lab/ceashpc/adil/data/adv_csl/Jan2/traffic/random_pgd/dc//network_dc_weekday_0_hour_8_refspeed_0.6-testratio-0.3-gamma-0.2-realization-2.pkl
#Rule:3221 Nodes:1383 Edges:1878
prob_mse: 0.168469818755, running time: 612.915399075
25.0 ~~~~~~~~~~~~~~~~~~~~~~~~~~~~~~~~~~~~~~~~~~~~~~~~~~~~~~~~~~~~~~~`
dataset: dc method: CSL-Plus, weekday:0,hour:8,T, 43,ref_ratio:0.6, test_ratio: 0.3,gamma:0.3
/network/rit/lab/ceashpc/adil/data/adv_csl/Jan2/traffic/random_pgd/dc//network_dc_weekday_0_hour_8_refspeed_0.6-testratio-0.3-gamma-0.3-realization-2.pkl
#Rule:3221 Nodes:1383 Edges:1878
prob_mse: 0.179814499606, running time: 639.599277973
26.0 ~~~~~~~~~~~~~~~~~~~~~~~~~~~~~~~~~~~~~~~~~~~~~~~~~~~~~~~~~~~~~~~`
dataset: dc method: CSL-Plus, weekday:0,hour:8,T, 43,ref_ratio:0.6, test_ratio: 0.3,gamma:0.4
/network/rit/lab/ceashpc/adil/data/adv_csl/Jan2/traffic/random_pgd/dc//network_dc_weekday_0_hour_8_refspeed_0.6-testratio-0.3-gamma-0.4-realization-2.pkl
#Rule:3221 Nodes:1383 Edges:1878
prob_mse: 0.182808274232, running time: 636.746559858
27.0 ~~~~~~~~~~~~~~~~~~~~~~~~~~~~~~~~~~~~~~~~~~~~~~~~~~~~~~~~~~~~~~~`
dataset: dc method: CSL-Plus, weekday:0,hour:8,T, 43,ref_ratio:0.6, test_ratio: 0.3,gamma:0.0
/network/rit/lab/ceashpc/adil/data/adv_csl/Jan2/traffic/random_pgd/dc//network_dc_weekday_0_hour_8_refspeed_0.6-testratio-0.3-gamma-0.0-realization-3.pkl
#Rule:3221 Nodes:1383 Edges:1878
prob_mse: 0.0557730496454, running time: 443.725955009
28.0 ~~~~~~~~~~~~~~~~~~~~~~~~~~~~~~~~~~~~~~~~~~~~~~~~~~~~~~~~~~~~~~~`
dataset: dc method: CSL-Plus, weekday:0,hour:8,T, 43,ref_ratio:0.6, test_ratio: 0.3,gamma:0.01
/network/rit/lab/ceashpc/adil/data/adv_csl/Jan2/traffic/random_pgd/dc//network_dc_weekday_0_hour_8_refspeed_0.6-testratio-0.3-gamma-0.01-realization-3.pkl
#Rule:3221 Nodes:1383 Edges:1878
prob_mse: 0.152322104019, running time: 603.174386978
29.0 ~~~~~~~~~~~~~~~~~~~~~~~~~~~~~~~~~~~~~~~~~~~~~~~~~~~~~~~~~~~~~~~`
dataset: dc method: CSL-Plus, weekday:0,hour:8,T, 43,ref_ratio:0.6, test_ratio: 0.3,gamma:0.03
/network/rit/lab/ceashpc/adil/data/adv_csl/Jan2/traffic/random_pgd/dc//network_dc_weekday_0_hour_8_refspeed_0.6-testratio-0.3-gamma-0.03-realization-3.pkl
#Rule:3221 Nodes:1383 Edges:1878
prob_mse: 0.152322104019, running time: 596.098878145
30.0 ~~~~~~~~~~~~~~~~~~~~~~~~~~~~~~~~~~~~~~~~~~~~~~~~~~~~~~~~~~~~~~~`
dataset: dc method: CSL-Plus, weekday:0,hour:8,T, 43,ref_ratio:0.6, test_ratio: 0.3,gamma:0.05
/network/rit/lab/ceashpc/adil/data/adv_csl/Jan2/traffic/random_pgd/dc//network_dc_weekday_0_hour_8_refspeed_0.6-testratio-0.3-gamma-0.05-realization-3.pkl
#Rule:3221 Nodes:1383 Edges:1878
prob_mse: 0.152243301812, running time: 595.184782028
31.0 ~~~~~~~~~~~~~~~~~~~~~~~~~~~~~~~~~~~~~~~~~~~~~~~~~~~~~~~~~~~~~~~`
dataset: dc method: CSL-Plus, weekday:0,hour:8,T, 43,ref_ratio:0.6, test_ratio: 0.3,gamma:0.07
/network/rit/lab/ceashpc/adil/data/adv_csl/Jan2/traffic/random_pgd/dc//network_dc_weekday_0_hour_8_refspeed_0.6-testratio-0.3-gamma-0.07-realization-3.pkl
#Rule:3221 Nodes:1383 Edges:1878
prob_mse: 0.152243301812, running time: 596.32863903
32.0 ~~~~~~~~~~~~~~~~~~~~~~~~~~~~~~~~~~~~~~~~~~~~~~~~~~~~~~~~~~~~~~~`
dataset: dc method: CSL-Plus, weekday:0,hour:8,T, 43,ref_ratio:0.6, test_ratio: 0.3,gamma:0.09
/network/rit/lab/ceashpc/adil/data/adv_csl/Jan2/traffic/random_pgd/dc//network_dc_weekday_0_hour_8_refspeed_0.6-testratio-0.3-gamma-0.09-realization-3.pkl
#Rule:3221 Nodes:1383 Edges:1878
prob_mse: 0.153779590229, running time: 627.842917204
33.0 ~~~~~~~~~~~~~~~~~~~~~~~~~~~~~~~~~~~~~~~~~~~~~~~~~~~~~~~~~~~~~~~`
dataset: dc method: CSL-Plus, weekday:0,hour:8,T, 43,ref_ratio:0.6, test_ratio: 0.3,gamma:0.2
/network/rit/lab/ceashpc/adil/data/adv_csl/Jan2/traffic/random_pgd/dc//network_dc_weekday_0_hour_8_refspeed_0.6-testratio-0.3-gamma-0.2-realization-3.pkl
#Rule:3221 Nodes:1383 Edges:1878
prob_mse: 0.203137470449, running time: 612.875944853
34.0 ~~~~~~~~~~~~~~~~~~~~~~~~~~~~~~~~~~~~~~~~~~~~~~~~~~~~~~~~~~~~~~~`
dataset: dc method: CSL-Plus, weekday:0,hour:8,T, 43,ref_ratio:0.6, test_ratio: 0.3,gamma:0.3
/network/rit/lab/ceashpc/adil/data/adv_csl/Jan2/traffic/random_pgd/dc//network_dc_weekday_0_hour_8_refspeed_0.6-testratio-0.3-gamma-0.3-realization-3.pkl
#Rule:3221 Nodes:1383 Edges:1878
prob_mse: 0.211606934594, running time: 628.899971008
35.0 ~~~~~~~~~~~~~~~~~~~~~~~~~~~~~~~~~~~~~~~~~~~~~~~~~~~~~~~~~~~~~~~`
dataset: dc method: CSL-Plus, weekday:0,hour:8,T, 43,ref_ratio:0.6, test_ratio: 0.3,gamma:0.4
/network/rit/lab/ceashpc/adil/data/adv_csl/Jan2/traffic/random_pgd/dc//network_dc_weekday_0_hour_8_refspeed_0.6-testratio-0.3-gamma-0.4-realization-3.pkl
#Rule:3221 Nodes:1383 Edges:1878
prob_mse: 0.211606934594, running time: 641.869498014
36.0 ~~~~~~~~~~~~~~~~~~~~~~~~~~~~~~~~~~~~~~~~~~~~~~~~~~~~~~~~~~~~~~~`
dataset: dc method: CSL-Plus, weekday:0,hour:8,T, 43,ref_ratio:0.6, test_ratio: 0.3,gamma:0.0
/network/rit/lab/ceashpc/adil/data/adv_csl/Jan2/traffic/random_pgd/dc//network_dc_weekday_0_hour_8_refspeed_0.6-testratio-0.3-gamma-0.0-realization-4.pkl
#Rule:3221 Nodes:1383 Edges:1878
prob_mse: 0.0596347123719, running time: 390.701190948
37.0 ~~~~~~~~~~~~~~~~~~~~~~~~~~~~~~~~~~~~~~~~~~~~~~~~~~~~~~~~~~~~~~~`
dataset: dc method: CSL-Plus, weekday:0,hour:8,T, 43,ref_ratio:0.6, test_ratio: 0.3,gamma:0.01
/network/rit/lab/ceashpc/adil/data/adv_csl/Jan2/traffic/random_pgd/dc//network_dc_weekday_0_hour_8_refspeed_0.6-testratio-0.3-gamma-0.01-realization-4.pkl
#Rule:3221 Nodes:1383 Edges:1878
prob_mse: 0.144562923562, running time: 592.662449121
38.0 ~~~~~~~~~~~~~~~~~~~~~~~~~~~~~~~~~~~~~~~~~~~~~~~~~~~~~~~~~~~~~~~`
dataset: dc method: CSL-Plus, weekday:0,hour:8,T, 43,ref_ratio:0.6, test_ratio: 0.3,gamma:0.03
/network/rit/lab/ceashpc/adil/data/adv_csl/Jan2/traffic/random_pgd/dc//network_dc_weekday_0_hour_8_refspeed_0.6-testratio-0.3-gamma-0.03-realization-4.pkl
#Rule:3221 Nodes:1383 Edges:1878
prob_mse: 0.155947360126, running time: 584.840578079
39.0 ~~~~~~~~~~~~~~~~~~~~~~~~~~~~~~~~~~~~~~~~~~~~~~~~~~~~~~~~~~~~~~~`
dataset: dc method: CSL-Plus, weekday:0,hour:8,T, 43,ref_ratio:0.6, test_ratio: 0.3,gamma:0.05
/network/rit/lab/ceashpc/adil/data/adv_csl/Jan2/traffic/random_pgd/dc//network_dc_weekday_0_hour_8_refspeed_0.6-testratio-0.3-gamma-0.05-realization-4.pkl
#Rule:3221 Nodes:1383 Edges:1878
prob_mse: 0.156026162333, running time: 583.016324997
40.0 ~~~~~~~~~~~~~~~~~~~~~~~~~~~~~~~~~~~~~~~~~~~~~~~~~~~~~~~~~~~~~~~`
dataset: dc method: CSL-Plus, weekday:0,hour:8,T, 43,ref_ratio:0.6, test_ratio: 0.3,gamma:0.07
/network/rit/lab/ceashpc/adil/data/adv_csl/Jan2/traffic/random_pgd/dc//network_dc_weekday_0_hour_8_refspeed_0.6-testratio-0.3-gamma-0.07-realization-4.pkl
#Rule:3221 Nodes:1383 Edges:1878
prob_mse: 0.162407722616, running time: 585.158339977
41.0 ~~~~~~~~~~~~~~~~~~~~~~~~~~~~~~~~~~~~~~~~~~~~~~~~~~~~~~~~~~~~~~~`
dataset: dc method: CSL-Plus, weekday:0,hour:8,T, 43,ref_ratio:0.6, test_ratio: 0.3,gamma:0.09
/network/rit/lab/ceashpc/adil/data/adv_csl/Jan2/traffic/random_pgd/dc//network_dc_weekday_0_hour_8_refspeed_0.6-testratio-0.3-gamma-0.09-realization-4.pkl
#Rule:3221 Nodes:1383 Edges:1878
prob_mse: 0.165795508274, running time: 586.554383993
42.0 ~~~~~~~~~~~~~~~~~~~~~~~~~~~~~~~~~~~~~~~~~~~~~~~~~~~~~~~~~~~~~~~`
dataset: dc method: CSL-Plus, weekday:0,hour:8,T, 43,ref_ratio:0.6, test_ratio: 0.3,gamma:0.2
/network/rit/lab/ceashpc/adil/data/adv_csl/Jan2/traffic/random_pgd/dc//network_dc_weekday_0_hour_8_refspeed_0.6-testratio-0.3-gamma-0.2-realization-4.pkl
#Rule:3221 Nodes:1383 Edges:1878
prob_mse: 0.191124389283, running time: 599.11432004
43.0 ~~~~~~~~~~~~~~~~~~~~~~~~~~~~~~~~~~~~~~~~~~~~~~~~~~~~~~~~~~~~~~~`
dataset: dc method: CSL-Plus, weekday:0,hour:8,T, 43,ref_ratio:0.6, test_ratio: 0.3,gamma:0.3
/network/rit/lab/ceashpc/adil/data/adv_csl/Jan2/traffic/random_pgd/dc//network_dc_weekday_0_hour_8_refspeed_0.6-testratio-0.3-gamma-0.3-realization-4.pkl
#Rule:3221 Nodes:1383 Edges:1878
prob_mse: 0.192266666667, running time: 742.506199121
44.0 ~~~~~~~~~~~~~~~~~~~~~~~~~~~~~~~~~~~~~~~~~~~~~~~~~~~~~~~~~~~~~~~`
dataset: dc method: CSL-Plus, weekday:0,hour:8,T, 43,ref_ratio:0.6, test_ratio: 0.3,gamma:0.4
/network/rit/lab/ceashpc/adil/data/adv_csl/Jan2/traffic/random_pgd/dc//network_dc_weekday_0_hour_8_refspeed_0.6-testratio-0.3-gamma-0.4-realization-4.pkl
#Rule:3221 Nodes:1383 Edges:1878
prob_mse: 0.192266666667, running time: 744.555130959
45.0 ~~~~~~~~~~~~~~~~~~~~~~~~~~~~~~~~~~~~~~~~~~~~~~~~~~~~~~~~~~~~~~~`
dataset: dc method: CSL-Plus, weekday:0,hour:8,T, 43,ref_ratio:0.6, test_ratio: 0.3,gamma:0.0
/network/rit/lab/ceashpc/adil/data/adv_csl/Jan2/traffic/random_pgd/dc//network_dc_weekday_0_hour_8_refspeed_0.6-testratio-0.3-gamma-0.0-realization-5.pkl
#Rule:3221 Nodes:1383 Edges:1878
prob_mse: 0.0521474389283, running time: 397.135143995
46.0 ~~~~~~~~~~~~~~~~~~~~~~~~~~~~~~~~~~~~~~~~~~~~~~~~~~~~~~~~~~~~~~~`
dataset: dc method: CSL-Plus, weekday:0,hour:8,T, 43,ref_ratio:0.6, test_ratio: 0.3,gamma:0.01
/network/rit/lab/ceashpc/adil/data/adv_csl/Jan2/traffic/random_pgd/dc//network_dc_weekday_0_hour_8_refspeed_0.6-testratio-0.3-gamma-0.01-realization-5.pkl
#Rule:3221 Nodes:1383 Edges:1878
prob_mse: 0.135381048069, running time: 613.381302834
47.0 ~~~~~~~~~~~~~~~~~~~~~~~~~~~~~~~~~~~~~~~~~~~~~~~~~~~~~~~~~~~~~~~`
dataset: dc method: CSL-Plus, weekday:0,hour:8,T, 43,ref_ratio:0.6, test_ratio: 0.3,gamma:0.03
/network/rit/lab/ceashpc/adil/data/adv_csl/Jan2/traffic/random_pgd/dc//network_dc_weekday_0_hour_8_refspeed_0.6-testratio-0.3-gamma-0.03-realization-5.pkl
#Rule:3221 Nodes:1383 Edges:1878
prob_mse: 0.136838534279, running time: 744.102260828
48.0 ~~~~~~~~~~~~~~~~~~~~~~~~~~~~~~~~~~~~~~~~~~~~~~~~~~~~~~~~~~~~~~~`
dataset: dc method: CSL-Plus, weekday:0,hour:8,T, 43,ref_ratio:0.6, test_ratio: 0.3,gamma:0.05
/network/rit/lab/ceashpc/adil/data/adv_csl/Jan2/traffic/random_pgd/dc//network_dc_weekday_0_hour_8_refspeed_0.6-testratio-0.3-gamma-0.05-realization-5.pkl
#Rule:3221 Nodes:1383 Edges:1878
prob_mse: 0.135302245863, running time: 608.322187901
49.0 ~~~~~~~~~~~~~~~~~~~~~~~~~~~~~~~~~~~~~~~~~~~~~~~~~~~~~~~~~~~~~~~`
dataset: dc method: CSL-Plus, weekday:0,hour:8,T, 43,ref_ratio:0.6, test_ratio: 0.3,gamma:0.07
/network/rit/lab/ceashpc/adil/data/adv_csl/Jan2/traffic/random_pgd/dc//network_dc_weekday_0_hour_8_refspeed_0.6-testratio-0.3-gamma-0.07-realization-5.pkl
#Rule:3221 Nodes:1383 Edges:1878
prob_mse: 0.137035185185, running time: 606.522413969
50.0 ~~~~~~~~~~~~~~~~~~~~~~~~~~~~~~~~~~~~~~~~~~~~~~~~~~~~~~~~~~~~~~~`
dataset: dc method: CSL-Plus, weekday:0,hour:8,T, 43,ref_ratio:0.6, test_ratio: 0.3,gamma:0.09
/network/rit/lab/ceashpc/adil/data/adv_csl/Jan2/traffic/random_pgd/dc//network_dc_weekday_0_hour_8_refspeed_0.6-testratio-0.3-gamma-0.09-realization-5.pkl
#Rule:3221 Nodes:1383 Edges:1878
prob_mse: 0.147946808511, running time: 612.999341965
51.0 ~~~~~~~~~~~~~~~~~~~~~~~~~~~~~~~~~~~~~~~~~~~~~~~~~~~~~~~~~~~~~~~`
dataset: dc method: CSL-Plus, weekday:0,hour:8,T, 43,ref_ratio:0.6, test_ratio: 0.3,gamma:0.2
/network/rit/lab/ceashpc/adil/data/adv_csl/Jan2/traffic/random_pgd/dc//network_dc_weekday_0_hour_8_refspeed_0.6-testratio-0.3-gamma-0.2-realization-5.pkl
#Rule:3221 Nodes:1383 Edges:1878
prob_mse: 0.180286958235, running time: 625.176661015
52.0 ~~~~~~~~~~~~~~~~~~~~~~~~~~~~~~~~~~~~~~~~~~~~~~~~~~~~~~~~~~~~~~~`
dataset: dc method: CSL-Plus, weekday:0,hour:8,T, 43,ref_ratio:0.6, test_ratio: 0.3,gamma:0.3
/network/rit/lab/ceashpc/adil/data/adv_csl/Jan2/traffic/random_pgd/dc//network_dc_weekday_0_hour_8_refspeed_0.6-testratio-0.3-gamma-0.3-realization-5.pkl
#Rule:3221 Nodes:1383 Edges:1878
prob_mse: 0.179892947203, running time: 769.230315924
53.0 ~~~~~~~~~~~~~~~~~~~~~~~~~~~~~~~~~~~~~~~~~~~~~~~~~~~~~~~~~~~~~~~`
dataset: dc method: CSL-Plus, weekday:0,hour:8,T, 43,ref_ratio:0.6, test_ratio: 0.3,gamma:0.4
/network/rit/lab/ceashpc/adil/data/adv_csl/Jan2/traffic/random_pgd/dc//network_dc_weekday_0_hour_8_refspeed_0.6-testratio-0.3-gamma-0.4-realization-5.pkl
#Rule:3221 Nodes:1383 Edges:1878
prob_mse: 0.179892947203, running time: 763.260239124
54.0 ~~~~~~~~~~~~~~~~~~~~~~~~~~~~~~~~~~~~~~~~~~~~~~~~~~~~~~~~~~~~~~~`
dataset: dc method: CSL-Plus, weekday:0,hour:8,T, 43,ref_ratio:0.6, test_ratio: 0.3,gamma:0.0
/network/rit/lab/ceashpc/adil/data/adv_csl/Jan2/traffic/random_pgd/dc//network_dc_weekday_0_hour_8_refspeed_0.6-testratio-0.3-gamma-0.0-realization-6.pkl
#Rule:3221 Nodes:1383 Edges:1878
prob_mse: 0.0595555555556, running time: 371.2701478
55.0 ~~~~~~~~~~~~~~~~~~~~~~~~~~~~~~~~~~~~~~~~~~~~~~~~~~~~~~~~~~~~~~~`
dataset: dc method: CSL-Plus, weekday:0,hour:8,T, 43,ref_ratio:0.6, test_ratio: 0.3,gamma:0.01
/network/rit/lab/ceashpc/adil/data/adv_csl/Jan2/traffic/random_pgd/dc//network_dc_weekday_0_hour_8_refspeed_0.6-testratio-0.3-gamma-0.01-realization-6.pkl
#Rule:3221 Nodes:1383 Edges:1878
prob_mse: 0.140976004728, running time: 712.337421894
56.0 ~~~~~~~~~~~~~~~~~~~~~~~~~~~~~~~~~~~~~~~~~~~~~~~~~~~~~~~~~~~~~~~`
dataset: dc method: CSL-Plus, weekday:0,hour:8,T, 43,ref_ratio:0.6, test_ratio: 0.3,gamma:0.03
/network/rit/lab/ceashpc/adil/data/adv_csl/Jan2/traffic/random_pgd/dc//network_dc_weekday_0_hour_8_refspeed_0.6-testratio-0.3-gamma-0.03-realization-6.pkl
#Rule:3221 Nodes:1383 Edges:1878
prob_mse: 0.140976004728, running time: 703.959474087
57.0 ~~~~~~~~~~~~~~~~~~~~~~~~~~~~~~~~~~~~~~~~~~~~~~~~~~~~~~~~~~~~~~~`
dataset: dc method: CSL-Plus, weekday:0,hour:8,T, 43,ref_ratio:0.6, test_ratio: 0.3,gamma:0.05
/network/rit/lab/ceashpc/adil/data/adv_csl/Jan2/traffic/random_pgd/dc//network_dc_weekday_0_hour_8_refspeed_0.6-testratio-0.3-gamma-0.05-realization-6.pkl
#Rule:3221 Nodes:1383 Edges:1878
prob_mse: 0.145821276596, running time: 709.581079006
58.0 ~~~~~~~~~~~~~~~~~~~~~~~~~~~~~~~~~~~~~~~~~~~~~~~~~~~~~~~~~~~~~~~`
dataset: dc method: CSL-Plus, weekday:0,hour:8,T, 43,ref_ratio:0.6, test_ratio: 0.3,gamma:0.07
/network/rit/lab/ceashpc/adil/data/adv_csl/Jan2/traffic/random_pgd/dc//network_dc_weekday_0_hour_8_refspeed_0.6-testratio-0.3-gamma-0.07-realization-6.pkl
#Rule:3221 Nodes:1383 Edges:1878
prob_mse: 0.145466312057, running time: 589.530862093
59.0 ~~~~~~~~~~~~~~~~~~~~~~~~~~~~~~~~~~~~~~~~~~~~~~~~~~~~~~~~~~~~~~~`
dataset: dc method: CSL-Plus, weekday:0,hour:8,T, 43,ref_ratio:0.6, test_ratio: 0.3,gamma:0.09
/network/rit/lab/ceashpc/adil/data/adv_csl/Jan2/traffic/random_pgd/dc//network_dc_weekday_0_hour_8_refspeed_0.6-testratio-0.3-gamma-0.09-realization-6.pkl
#Rule:3221 Nodes:1383 Edges:1878
prob_mse: 0.143772419228, running time: 606.145823002
60.0 ~~~~~~~~~~~~~~~~~~~~~~~~~~~~~~~~~~~~~~~~~~~~~~~~~~~~~~~~~~~~~~~`
dataset: dc method: CSL-Plus, weekday:0,hour:8,T, 43,ref_ratio:0.6, test_ratio: 0.3,gamma:0.2
/network/rit/lab/ceashpc/adil/data/adv_csl/Jan2/traffic/random_pgd/dc//network_dc_weekday_0_hour_8_refspeed_0.6-testratio-0.3-gamma-0.2-realization-6.pkl
#Rule:3221 Nodes:1383 Edges:1878
prob_mse: 0.173906107171, running time: 598.883457184
61.0 ~~~~~~~~~~~~~~~~~~~~~~~~~~~~~~~~~~~~~~~~~~~~~~~~~~~~~~~~~~~~~~~`
dataset: dc method: CSL-Plus, weekday:0,hour:8,T, 43,ref_ratio:0.6, test_ratio: 0.3,gamma:0.3
/network/rit/lab/ceashpc/adil/data/adv_csl/Jan2/traffic/random_pgd/dc//network_dc_weekday_0_hour_8_refspeed_0.6-testratio-0.3-gamma-0.3-realization-6.pkl
#Rule:3221 Nodes:1383 Edges:1878
prob_mse: 0.177293892829, running time: 610.24773407
62.0 ~~~~~~~~~~~~~~~~~~~~~~~~~~~~~~~~~~~~~~~~~~~~~~~~~~~~~~~~~~~~~~~`
dataset: dc method: CSL-Plus, weekday:0,hour:8,T, 43,ref_ratio:0.6, test_ratio: 0.3,gamma:0.4
/network/rit/lab/ceashpc/adil/data/adv_csl/Jan2/traffic/random_pgd/dc//network_dc_weekday_0_hour_8_refspeed_0.6-testratio-0.3-gamma-0.4-realization-6.pkl
#Rule:3221 Nodes:1383 Edges:1878
prob_mse: 0.177293892829, running time: 610.964455843
63.0 ~~~~~~~~~~~~~~~~~~~~~~~~~~~~~~~~~~~~~~~~~~~~~~~~~~~~~~~~~~~~~~~`
dataset: dc method: CSL-Plus, weekday:0,hour:8,T, 43,ref_ratio:0.6, test_ratio: 0.3,gamma:0.0
/network/rit/lab/ceashpc/adil/data/adv_csl/Jan2/traffic/random_pgd/dc//network_dc_weekday_0_hour_8_refspeed_0.6-testratio-0.3-gamma-0.0-realization-7.pkl
#Rule:3221 Nodes:1383 Edges:1878
prob_mse: 0.0578616627266, running time: 403.739622831
64.0 ~~~~~~~~~~~~~~~~~~~~~~~~~~~~~~~~~~~~~~~~~~~~~~~~~~~~~~~~~~~~~~~`
dataset: dc method: CSL-Plus, weekday:0,hour:8,T, 43,ref_ratio:0.6, test_ratio: 0.3,gamma:0.01
/network/rit/lab/ceashpc/adil/data/adv_csl/Jan2/traffic/random_pgd/dc//network_dc_weekday_0_hour_8_refspeed_0.6-testratio-0.3-gamma-0.01-realization-7.pkl
#Rule:3221 Nodes:1383 Edges:1878
prob_mse: 0.132109692671, running time: 592.179304838
65.0 ~~~~~~~~~~~~~~~~~~~~~~~~~~~~~~~~~~~~~~~~~~~~~~~~~~~~~~~~~~~~~~~`
dataset: dc method: CSL-Plus, weekday:0,hour:8,T, 43,ref_ratio:0.6, test_ratio: 0.3,gamma:0.03
/network/rit/lab/ceashpc/adil/data/adv_csl/Jan2/traffic/random_pgd/dc//network_dc_weekday_0_hour_8_refspeed_0.6-testratio-0.3-gamma-0.03-realization-7.pkl
#Rule:3221 Nodes:1383 Edges:1878
prob_mse: 0.1338035855, running time: 591.395200014
66.0 ~~~~~~~~~~~~~~~~~~~~~~~~~~~~~~~~~~~~~~~~~~~~~~~~~~~~~~~~~~~~~~~`
dataset: dc method: CSL-Plus, weekday:0,hour:8,T, 43,ref_ratio:0.6, test_ratio: 0.3,gamma:0.05
/network/rit/lab/ceashpc/adil/data/adv_csl/Jan2/traffic/random_pgd/dc//network_dc_weekday_0_hour_8_refspeed_0.6-testratio-0.3-gamma-0.05-realization-7.pkl
#Rule:3221 Nodes:1383 Edges:1878
prob_mse: 0.136561662727, running time: 601.933406115
67.0 ~~~~~~~~~~~~~~~~~~~~~~~~~~~~~~~~~~~~~~~~~~~~~~~~~~~~~~~~~~~~~~~`
dataset: dc method: CSL-Plus, weekday:0,hour:8,T, 43,ref_ratio:0.6, test_ratio: 0.3,gamma:0.07
/network/rit/lab/ceashpc/adil/data/adv_csl/Jan2/traffic/random_pgd/dc//network_dc_weekday_0_hour_8_refspeed_0.6-testratio-0.3-gamma-0.07-realization-7.pkl
#Rule:3221 Nodes:1383 Edges:1878
prob_mse: 0.136325256107, running time: 595.038419008
68.0 ~~~~~~~~~~~~~~~~~~~~~~~~~~~~~~~~~~~~~~~~~~~~~~~~~~~~~~~~~~~~~~~`
dataset: dc method: CSL-Plus, weekday:0,hour:8,T, 43,ref_ratio:0.6, test_ratio: 0.3,gamma:0.09
/network/rit/lab/ceashpc/adil/data/adv_csl/Jan2/traffic/random_pgd/dc//network_dc_weekday_0_hour_8_refspeed_0.6-testratio-0.3-gamma-0.09-realization-7.pkl
#Rule:3221 Nodes:1383 Edges:1878
prob_mse: 0.137152324665, running time: 592.708380938
69.0 ~~~~~~~~~~~~~~~~~~~~~~~~~~~~~~~~~~~~~~~~~~~~~~~~~~~~~~~~~~~~~~~`
dataset: dc method: CSL-Plus, weekday:0,hour:8,T, 43,ref_ratio:0.6, test_ratio: 0.3,gamma:0.2
/network/rit/lab/ceashpc/adil/data/adv_csl/Jan2/traffic/random_pgd/dc//network_dc_weekday_0_hour_8_refspeed_0.6-testratio-0.3-gamma-0.2-realization-7.pkl
#Rule:3221 Nodes:1383 Edges:1878
prob_mse: 0.165277620173, running time: 595.392002106
70.0 ~~~~~~~~~~~~~~~~~~~~~~~~~~~~~~~~~~~~~~~~~~~~~~~~~~~~~~~~~~~~~~~`
dataset: dc method: CSL-Plus, weekday:0,hour:8,T, 43,ref_ratio:0.6, test_ratio: 0.3,gamma:0.3
/network/rit/lab/ceashpc/adil/data/adv_csl/Jan2/traffic/random_pgd/dc//network_dc_weekday_0_hour_8_refspeed_0.6-testratio-0.3-gamma-0.3-realization-7.pkl
#Rule:3221 Nodes:1383 Edges:1878
prob_mse: 0.183279314421, running time: 611.400928974
71.0 ~~~~~~~~~~~~~~~~~~~~~~~~~~~~~~~~~~~~~~~~~~~~~~~~~~~~~~~~~~~~~~~`
dataset: dc method: CSL-Plus, weekday:0,hour:8,T, 43,ref_ratio:0.6, test_ratio: 0.3,gamma:0.4
/network/rit/lab/ceashpc/adil/data/adv_csl/Jan2/traffic/random_pgd/dc//network_dc_weekday_0_hour_8_refspeed_0.6-testratio-0.3-gamma-0.4-realization-7.pkl
#Rule:3221 Nodes:1383 Edges:1878
prob_mse: 0.183279314421, running time: 613.88606286
72.0 ~~~~~~~~~~~~~~~~~~~~~~~~~~~~~~~~~~~~~~~~~~~~~~~~~~~~~~~~~~~~~~~`
dataset: dc method: CSL-Plus, weekday:0,hour:8,T, 43,ref_ratio:0.6, test_ratio: 0.3,gamma:0.0
/network/rit/lab/ceashpc/adil/data/adv_csl/Jan2/traffic/random_pgd/dc//network_dc_weekday_0_hour_8_refspeed_0.6-testratio-0.3-gamma-0.0-realization-8.pkl
#Rule:3221 Nodes:1383 Edges:1878
prob_mse: 0.0563626477541, running time: 418.446579933
73.0 ~~~~~~~~~~~~~~~~~~~~~~~~~~~~~~~~~~~~~~~~~~~~~~~~~~~~~~~~~~~~~~~`
dataset: dc method: CSL-Plus, weekday:0,hour:8,T, 43,ref_ratio:0.6, test_ratio: 0.3,gamma:0.01
/network/rit/lab/ceashpc/adil/data/adv_csl/Jan2/traffic/random_pgd/dc//network_dc_weekday_0_hour_8_refspeed_0.6-testratio-0.3-gamma-0.01-realization-8.pkl
#Rule:3221 Nodes:1383 Edges:1878
prob_mse: 0.147237234043, running time: 591.574275017
74.0 ~~~~~~~~~~~~~~~~~~~~~~~~~~~~~~~~~~~~~~~~~~~~~~~~~~~~~~~~~~~~~~~`
dataset: dc method: CSL-Plus, weekday:0,hour:8,T, 43,ref_ratio:0.6, test_ratio: 0.3,gamma:0.03
/network/rit/lab/ceashpc/adil/data/adv_csl/Jan2/traffic/random_pgd/dc//network_dc_weekday_0_hour_8_refspeed_0.6-testratio-0.3-gamma-0.03-realization-8.pkl
#Rule:3221 Nodes:1383 Edges:1878
prob_mse: 0.148931126872, running time: 591.843535185
75.0 ~~~~~~~~~~~~~~~~~~~~~~~~~~~~~~~~~~~~~~~~~~~~~~~~~~~~~~~~~~~~~~~`
dataset: dc method: CSL-Plus, weekday:0,hour:8,T, 43,ref_ratio:0.6, test_ratio: 0.3,gamma:0.05
/network/rit/lab/ceashpc/adil/data/adv_csl/Jan2/traffic/random_pgd/dc//network_dc_weekday_0_hour_8_refspeed_0.6-testratio-0.3-gamma-0.05-realization-8.pkl
#Rule:3221 Nodes:1383 Edges:1878
prob_mse: 0.150074113475, running time: 587.761160851
76.0 ~~~~~~~~~~~~~~~~~~~~~~~~~~~~~~~~~~~~~~~~~~~~~~~~~~~~~~~~~~~~~~~`
dataset: dc method: CSL-Plus, weekday:0,hour:8,T, 43,ref_ratio:0.6, test_ratio: 0.3,gamma:0.07
/network/rit/lab/ceashpc/adil/data/adv_csl/Jan2/traffic/random_pgd/dc//network_dc_weekday_0_hour_8_refspeed_0.6-testratio-0.3-gamma-0.07-realization-8.pkl
#Rule:3221 Nodes:1383 Edges:1878
prob_mse: 0.150074113475, running time: 594.048597097
77.0 ~~~~~~~~~~~~~~~~~~~~~~~~~~~~~~~~~~~~~~~~~~~~~~~~~~~~~~~~~~~~~~~`
dataset: dc method: CSL-Plus, weekday:0,hour:8,T, 43,ref_ratio:0.6, test_ratio: 0.3,gamma:0.09
/network/rit/lab/ceashpc/adil/data/adv_csl/Jan2/traffic/random_pgd/dc//network_dc_weekday_0_hour_8_refspeed_0.6-testratio-0.3-gamma-0.09-realization-8.pkl
#Rule:3221 Nodes:1383 Edges:1878
prob_mse: 0.150074113475, running time: 587.840703011
78.0 ~~~~~~~~~~~~~~~~~~~~~~~~~~~~~~~~~~~~~~~~~~~~~~~~~~~~~~~~~~~~~~~`
dataset: dc method: CSL-Plus, weekday:0,hour:8,T, 43,ref_ratio:0.6, test_ratio: 0.3,gamma:0.2
/network/rit/lab/ceashpc/adil/data/adv_csl/Jan2/traffic/random_pgd/dc//network_dc_weekday_0_hour_8_refspeed_0.6-testratio-0.3-gamma-0.2-realization-8.pkl
#Rule:3221 Nodes:1383 Edges:1878
prob_mse: 0.191592237983, running time: 622.311068058
79.0 ~~~~~~~~~~~~~~~~~~~~~~~~~~~~~~~~~~~~~~~~~~~~~~~~~~~~~~~~~~~~~~~`
dataset: dc method: CSL-Plus, weekday:0,hour:8,T, 43,ref_ratio:0.6, test_ratio: 0.3,gamma:0.3
/network/rit/lab/ceashpc/adil/data/adv_csl/Jan2/traffic/random_pgd/dc//network_dc_weekday_0_hour_8_refspeed_0.6-testratio-0.3-gamma-0.3-realization-8.pkl
#Rule:3221 Nodes:1383 Edges:1878
prob_mse: 0.191592237983, running time: 626.345268011
80.0 ~~~~~~~~~~~~~~~~~~~~~~~~~~~~~~~~~~~~~~~~~~~~~~~~~~~~~~~~~~~~~~~`
dataset: dc method: CSL-Plus, weekday:0,hour:8,T, 43,ref_ratio:0.6, test_ratio: 0.3,gamma:0.4
/network/rit/lab/ceashpc/adil/data/adv_csl/Jan2/traffic/random_pgd/dc//network_dc_weekday_0_hour_8_refspeed_0.6-testratio-0.3-gamma-0.4-realization-8.pkl
#Rule:3221 Nodes:1383 Edges:1878
prob_mse: 0.189700985028, running time: 627.240219831
81.0 ~~~~~~~~~~~~~~~~~~~~~~~~~~~~~~~~~~~~~~~~~~~~~~~~~~~~~~~~~~~~~~~`
dataset: dc method: CSL-Plus, weekday:0,hour:8,T, 43,ref_ratio:0.6, test_ratio: 0.3,gamma:0.0
/network/rit/lab/ceashpc/adil/data/adv_csl/Jan2/traffic/random_pgd/dc//network_dc_weekday_0_hour_8_refspeed_0.6-testratio-0.3-gamma-0.0-realization-9.pkl
#Rule:3221 Nodes:1383 Edges:1878
prob_mse: 0.0525407407407, running time: 413.484591961
82.0 ~~~~~~~~~~~~~~~~~~~~~~~~~~~~~~~~~~~~~~~~~~~~~~~~~~~~~~~~~~~~~~~`
dataset: dc method: CSL-Plus, weekday:0,hour:8,T, 43,ref_ratio:0.6, test_ratio: 0.3,gamma:0.01
/network/rit/lab/ceashpc/adil/data/adv_csl/Jan2/traffic/random_pgd/dc//network_dc_weekday_0_hour_8_refspeed_0.6-testratio-0.3-gamma-0.01-realization-9.pkl
#Rule:3221 Nodes:1383 Edges:1878
prob_mse: 0.135693420016, running time: 623.334713936
83.0 ~~~~~~~~~~~~~~~~~~~~~~~~~~~~~~~~~~~~~~~~~~~~~~~~~~~~~~~~~~~~~~~`
dataset: dc method: CSL-Plus, weekday:0,hour:8,T, 43,ref_ratio:0.6, test_ratio: 0.3,gamma:0.03
/network/rit/lab/ceashpc/adil/data/adv_csl/Jan2/traffic/random_pgd/dc//network_dc_weekday_0_hour_8_refspeed_0.6-testratio-0.3-gamma-0.03-realization-9.pkl
#Rule:3221 Nodes:1383 Edges:1878
prob_mse: 0.138844799054, running time: 622.547834873
84.0 ~~~~~~~~~~~~~~~~~~~~~~~~~~~~~~~~~~~~~~~~~~~~~~~~~~~~~~~~~~~~~~~`
dataset: dc method: CSL-Plus, weekday:0,hour:8,T, 43,ref_ratio:0.6, test_ratio: 0.3,gamma:0.05
/network/rit/lab/ceashpc/adil/data/adv_csl/Jan2/traffic/random_pgd/dc//network_dc_weekday_0_hour_8_refspeed_0.6-testratio-0.3-gamma-0.05-realization-9.pkl
#Rule:3221 Nodes:1383 Edges:1878
prob_mse: 0.140459889677, running time: 616.960253954
85.0 ~~~~~~~~~~~~~~~~~~~~~~~~~~~~~~~~~~~~~~~~~~~~~~~~~~~~~~~~~~~~~~~`
dataset: dc method: CSL-Plus, weekday:0,hour:8,T, 43,ref_ratio:0.6, test_ratio: 0.3,gamma:0.07
/network/rit/lab/ceashpc/adil/data/adv_csl/Jan2/traffic/random_pgd/dc//network_dc_weekday_0_hour_8_refspeed_0.6-testratio-0.3-gamma-0.07-realization-9.pkl
#Rule:3221 Nodes:1383 Edges:1878
prob_mse: 0.150465642238, running time: 616.580646992
86.0 ~~~~~~~~~~~~~~~~~~~~~~~~~~~~~~~~~~~~~~~~~~~~~~~~~~~~~~~~~~~~~~~`
dataset: dc method: CSL-Plus, weekday:0,hour:8,T, 43,ref_ratio:0.6, test_ratio: 0.3,gamma:0.09
/network/rit/lab/ceashpc/adil/data/adv_csl/Jan2/traffic/random_pgd/dc//network_dc_weekday_0_hour_8_refspeed_0.6-testratio-0.3-gamma-0.09-realization-9.pkl
#Rule:3221 Nodes:1383 Edges:1878
prob_mse: 0.156926004728, running time: 749.843364954
87.0 ~~~~~~~~~~~~~~~~~~~~~~~~~~~~~~~~~~~~~~~~~~~~~~~~~~~~~~~~~~~~~~~`
dataset: dc method: CSL-Plus, weekday:0,hour:8,T, 43,ref_ratio:0.6, test_ratio: 0.3,gamma:0.2
/network/rit/lab/ceashpc/adil/data/adv_csl/Jan2/traffic/random_pgd/dc//network_dc_weekday_0_hour_8_refspeed_0.6-testratio-0.3-gamma-0.2-realization-9.pkl
#Rule:3221 Nodes:1383 Edges:1878
prob_mse: 0.201518124507, running time: 630.493733883
88.0 ~~~~~~~~~~~~~~~~~~~~~~~~~~~~~~~~~~~~~~~~~~~~~~~~~~~~~~~~~~~~~~~`
dataset: dc method: CSL-Plus, weekday:0,hour:8,T, 43,ref_ratio:0.6, test_ratio: 0.3,gamma:0.3
/network/rit/lab/ceashpc/adil/data/adv_csl/Jan2/traffic/random_pgd/dc//network_dc_weekday_0_hour_8_refspeed_0.6-testratio-0.3-gamma-0.3-realization-9.pkl
#Rule:3221 Nodes:1383 Edges:1878
prob_mse: 0.203212017336, running time: 663.218153954
89.0 ~~~~~~~~~~~~~~~~~~~~~~~~~~~~~~~~~~~~~~~~~~~~~~~~~~~~~~~~~~~~~~~`
dataset: dc method: CSL-Plus, weekday:0,hour:8,T, 43,ref_ratio:0.6, test_ratio: 0.3,gamma:0.4
/network/rit/lab/ceashpc/adil/data/adv_csl/Jan2/traffic/random_pgd/dc//network_dc_weekday_0_hour_8_refspeed_0.6-testratio-0.3-gamma-0.4-realization-9.pkl
#Rule:3221 Nodes:1383 Edges:1878
prob_mse: 0.203093459417, running time: 663.313233137
