

--------------------------------------------------
--------------------------------------------------

-------------------Fri, 19 Jul 2019 10:44:49 AM EDT---------------------

0 ~~~~~~~~~~~~~~~~~~~~~~~~~~~~~~~~~~~~~~~~~~~~~~~~~~~~~~~~~~~~~~~`
dataset: facebook method: CSL-Plus, #attack_edge:10000,T:10,test_ratio: 0.3,perturbation:0.0
/network/rit/lab/ceashpc/adil/data/adv_csl/Jan2/structure/facebook/facebook-attackedges-10000-T-10-testratio-0.3-swap_ratio-0.01-perturbation-0.0-realization-0-data-X20-SF4.pkl
#Rule:372936 Nodes:8078 Edges:372936
0 Creating 10 consumers










1 Creating 10 consumers

Iter-0: 18.45/6.88 | Iter-1: 12.94/6.59 | Iter-2: 10.49/4.26 | 
Iter-0: 18.82/6.92 | Iter-1: 22.98/10.9 | 
Iter-0: 18.48/6.82 | Iter-1: 22.65/10.74 | 
Iter-0: 18.52/6.88 | Iter-1: 22.68/10.78 | 
Iter-0: 18.5/6.89 | Iter-1: 22.61/10.79 | 
Iter-0: 18.53/6.84 | Iter-1: 22.51/10.6 | 
Iter-0: 18.44/6.85 | Iter-1: 22.69/10.85 | Iter-2: 19.95/8.35 | 
Iter-0: 18.6/6.93 | Iter-1: 22.6/10.74 | Iter-2: 19.27/8.34 | 
Iter-0: 16.95/5.23 | Iter-1: 23.09/11.08 | Iter-2: 18.11/8.5 | Iter-3: 11.19/4.94 | Iter-4: 11.32/5.14 | 
2 Creating 10 consumers
Iter-0: 17.62/5.91 | 
Iter-0: 17.53/5.81 | 
Iter-0: 17.55/5.87 | 
Iter-0: 18.5/6.83 | 
Iter-0: 18.63/6.82 | 
Iter-0: 18.7/6.84 | 
Iter-0: 18.42/6.75 | 
Iter-0: 18.57/6.81 | 
Iter-0: 18.64/6.82 | 
Iter-0: 18.62/6.83 | 
3 Creating 10 consumers
Iter-0: 17.75/5.72 | 
Iter-0: 18.62/6.73 | 
Iter-0: 17.64/5.64 | 
Iter-0: 18.56/6.65 | 
Iter-0: 18.62/6.71 | 
Iter-0: 18.85/6.8 | 
Iter-0: 18.75/6.78 | 
Iter-0: 18.89/6.82 | 
Iter-0: 18.81/6.77 | 
Iter-0: 18.84/6.81 | 
(2424, 20)
('All:', 0.08960808580858083, 0.0, 0.08952145214521452, 0.08952145214521452, 0.892731908152573)
prob_mse: 0.0001, running time: 215.223451853
1.0 ~~~~~~~~~~~~~~~~~~~~~~~~~~~~~~~~~~~~~~~~~~~~~~~~~~~~~~~~~~~~~~~`
dataset: facebook method: CSL-Plus, #attack_edge:10000,T:10,test_ratio: 0.3,perturbation:5
/network/rit/lab/ceashpc/adil/data/adv_csl/Jan2/structure/facebook/facebook-attackedges-10000-T-10-testratio-0.3-swap_ratio-0.01-perturbation-5-realization-0-data-X20-SF4.pkl
#Rule:372896 Nodes:8078 Edges:372896
0 Creating 10 consumers










1 Creating 10 consumers

Iter-0: 18.05/6.95 | Iter-1: 11.74/5.49 | 
Iter-0: 18.47/6.81 | Iter-1: 22.39/10.74 | 
Iter-0: 18.6/6.88 | Iter-1: 22.6/10.88 | Iter-2: 12.55/6.17 | 
Iter-0: 18.63/6.88 | Iter-1: 22.26/10.55 | 
Iter-0: 18.78/6.93 | Iter-1: 22.45/10.65 | 
Iter-0: 18.78/6.93 | Iter-1: 22.42/10.6 | 
Iter-0: 18.73/6.92 | Iter-1: 21.94/10.63 | Iter-2: 10.61/4.19 | 
Iter-0: 17.64/5.93 | Iter-1: 22.72/10.97 | Iter-2: 20.42/8.43 | 
Iter-0: 18.01/6.3 | Iter-1: 22.67/10.96 | Iter-2: 20.33/8.39 | Iter-3: 14.17/7.99 | Iter-4: 11.17/5.09 | 
2 Creating 10 consumers
Iter-0: 17.01/5.17 | 
Iter-0: 18.67/6.86 | 
Iter-0: 18.67/6.83 | 
Iter-0: 18.67/6.83 | 
Iter-0: 18.79/6.93 | 
Iter-0: 18.61/6.85 | 
Iter-0: 18.9/6.94 | 
Iter-0: 18.82/6.88 | 
Iter-0: 18.83/6.91 | 
Iter-0: 18.72/6.88 | 
3 Creating 10 consumers
Iter-0: 16.84/5.25 | 
Iter-0: 18.51/6.84 | 
Iter-0: 18.21/6.59 | 
Iter-0: 18.41/6.81 | 
Iter-0: 18.68/6.91 | 
Iter-0: 18.67/6.92 | 
Iter-0: 18.65/6.9 | 
Iter-0: 18.51/7.02 | 
Iter-0: 18.4/6.9 | 
Iter-0: 18.59/6.89 | 
(2424, 20)
('All:', 0.08947040704070405, 0.0, 0.08938393839383939, 0.08938393839383939, 0.892731908152573)
prob_mse: 0.0001, running time: 220.638435841
2.0 ~~~~~~~~~~~~~~~~~~~~~~~~~~~~~~~~~~~~~~~~~~~~~~~~~~~~~~~~~~~~~~~`
dataset: facebook method: CSL-Plus, #attack_edge:10000,T:10,test_ratio: 0.3,perturbation:10
/network/rit/lab/ceashpc/adil/data/adv_csl/Jan2/structure/facebook/facebook-attackedges-10000-T-10-testratio-0.3-swap_ratio-0.01-perturbation-10-realization-0-data-X20-SF4.pkl
#Rule:372936 Nodes:8078 Edges:372936
0 Creating 10 consumers










1 Creating 10 consumers

Iter-0: 17.76/6.95 | Iter-1: 11.52/5.43 | 
Iter-0: 18.75/7.01 | Iter-1: 22.26/10.77 | 
Iter-0: 18.8/6.96 | Iter-1: 22.3/10.69 | 
Iter-0: 18.57/6.94 | Iter-1: 21.97/10.55 | 
Iter-0: 18.52/6.93 | Iter-1: 21.84/10.48 | 
Iter-0: 18.83/6.97 | Iter-1: 22.22/10.6 | Iter-2: 15.8/8.24 | 
Iter-0: 18.64/6.96 | Iter-1: 22.28/10.8 | Iter-2: 19.77/8.3 | 
Iter-0: 18.64/6.93 | Iter-1: 22.39/10.87 | Iter-2: 19.84/8.35 | 
Iter-0: 18.03/6.28 | Iter-1: 22.47/10.92 | Iter-2: 19.02/8.41 | Iter-3: 11.21/5.05 | Iter-4: 11.09/5.1 | 
2 Creating 10 consumers
Iter-0: 16.16/4.63 | 
Iter-0: 18.34/6.86 | 
Iter-0: 18.39/6.87 | 
Iter-0: 18.39/6.84 | 
Iter-0: 18.68/7.03 | 
Iter-0: 18.55/6.96 | 
Iter-0: 18.37/6.86 | 
Iter-0: 18.57/6.96 | 
Iter-0: 18.62/6.95 | 
Iter-0: 18.55/6.92 | 
3 Creating 10 consumers
Iter-0: 16.72/5.18 | 
Iter-0: 18.36/6.86 | 
Iter-0: 18.67/7.2 | 
Iter-0: 18.32/6.94 | 
Iter-0: 18.62/6.95 | 
Iter-0: 18.52/6.93 | 
Iter-0: 18.33/6.98 | 
Iter-0: 18.56/6.94 | 
Iter-0: 18.55/7.01 | 
Iter-0: 18.5/6.97 | 
(2424, 20)
('All:', 0.0891266226622662, 0.0, 0.08904015401540154, 0.08904015401540155, 0.8931444460029208)
prob_mse: 0.0001, running time: 215.986399174
3.0 ~~~~~~~~~~~~~~~~~~~~~~~~~~~~~~~~~~~~~~~~~~~~~~~~~~~~~~~~~~~~~~~`
dataset: facebook method: CSL-Plus, #attack_edge:10000,T:10,test_ratio: 0.3,perturbation:20
/network/rit/lab/ceashpc/adil/data/adv_csl/Jan2/structure/facebook/facebook-attackedges-10000-T-10-testratio-0.3-swap_ratio-0.01-perturbation-20-realization-0-data-X20-SF4.pkl
#Rule:372936 Nodes:8078 Edges:372936
0 Creating 10 consumers










1 Creating 10 consumers
Iter-0: 18.68/7.08 | Iter-1: 22.25/10.63 | 
Iter-0: 18.81/7.12 | Iter-1: 22.4/10.68 | 
Iter-0: 18.76/7.09 | Iter-1: 22.27/10.56 | 
Iter-0: 16.73/5.17 | Iter-1: 22.66/11.0 | Iter-2: 20.05/8.43 | 
Iter-0: 18.55/7.05 | Iter-1: 22.44/10.88 | Iter-2: 19.89/8.35 | 
Iter-0: 17.96/6.36 | Iter-1: 22.57/10.9 | Iter-2: 19.97/8.35 | 
Iter-0: 18.47/7.05 | Iter-1: 22.19/10.72 | Iter-2: 19.7/8.26 | 
Iter-0: 18.51/7.08 | Iter-1: 22.15/10.69 | Iter-2: 19.68/8.25 | 
Iter-0: 18.83/7.12 | Iter-1: 22.38/10.66 | Iter-2: 20.02/8.29 | 
Iter-0: 18.3/6.78 | Iter-1: 22.64/10.99 | Iter-2: 20.0/8.4 | Iter-3: 15.41/9.24 | Iter-4: 11.2/5.1 | 
2 Creating 10 consumers
Iter-0: 18.58/7.11 | 
Iter-0: 18.85/7.14 | 
Iter-0: 18.84/7.12 | 
Iter-0: 18.85/7.15 | 
Iter-0: 17.7/6.04 | Iter-1: 22.86/11.19 | 
Iter-0: 18.49/6.86 | Iter-1: 22.89/11.2 | 
Iter-0: 18.55/7.09 | Iter-1: 22.36/10.87 | 
Iter-0: 18.16/6.52 | Iter-1: 22.74/11.05 | 
Iter-0: 18.64/7.11 | Iter-1: 22.58/11.01 | 
Iter-0: 18.7/7.18 | Iter-1: 22.53/10.98 | 
3 Creating 10 consumers
Iter-0: 18.82/7.15 | 
Iter-0: 18.73/7.08 | 
Iter-0: 18.58/7.12 | 
Iter-0: 18.62/7.15 | 
Iter-0: 18.6/7.07 | Iter-1: 22.59/11.0 | 
Iter-0: 18.59/7.04 | Iter-1: 22.48/10.88 | 
Iter-0: 18.75/7.21 | Iter-1: 22.52/10.94 | 
Iter-0: 18.81/7.23 | Iter-1: 22.46/10.85 | 
Iter-0: 18.6/7.02 | Iter-1: 22.61/10.98 | 
Iter-0: 18.84/7.13 | Iter-1: 22.49/10.76 | 
(2424, 20)
('All:', 0.09070761826182616, 0.0, 0.09062156215621563, 0.09062156215621563, 0.891081756751182)
prob_mse: 0.0834133333333, running time: 251.392357111
4.0 ~~~~~~~~~~~~~~~~~~~~~~~~~~~~~~~~~~~~~~~~~~~~~~~~~~~~~~~~~~~~~~~`
dataset: facebook method: CSL-Plus, #attack_edge:10000,T:10,test_ratio: 0.3,perturbation:30
/network/rit/lab/ceashpc/adil/data/adv_csl/Jan2/structure/facebook/facebook-attackedges-10000-T-10-testratio-0.3-swap_ratio-0.01-perturbation-30-realization-0-data-X20-SF4.pkl
#Rule:372580 Nodes:8078 Edges:372580
0 Creating 10 consumers










1 Creating 10 consumers
Iter-0: 17.83/6.1 | Iter-1: 22.99/11.02 | Iter-2: 20.08/8.39 | Iter-3: 21.71/9.98 | Iter-4: 21.79/10.08 | 
Iter-0: 18.42/6.75 | Iter-1: 22.81/10.87 | Iter-2: 20.01/8.33 | Iter-3: 21.53/9.84 | Iter-4: 21.62/9.92 | 
Iter-0: 18.87/7.16 | Iter-1: 23.11/11.15 | Iter-2: 20.06/8.37 | Iter-3: 21.63/9.92 | Iter-4: 21.73/10.01 | 
Iter-0: 18.56/6.88 | Iter-1: 22.8/10.86 | Iter-2: 20.04/8.35 | Iter-3: 21.5/9.8 | Iter-4: 21.56/9.85 | 
Iter-0: 18.77/7.14 | Iter-1: 22.77/10.89 | Iter-2: 19.93/8.3 | Iter-3: 21.44/9.81 | Iter-4: 21.58/9.92 | 
Iter-0: 19.09/7.26 | Iter-1: 22.77/10.7 | Iter-2: 20.05/8.26 | Iter-3: 21.44/9.64 | Iter-4: 18.51/9.73 | 
Iter-0: 19.05/7.26 | Iter-1: 22.81/10.77 | Iter-2: 20.03/8.26 | Iter-3: 21.45/9.68 | Iter-4: 19.78/9.76 | 
Iter-0: 18.97/7.24 | Iter-1: 22.58/10.62 | Iter-2: 19.92/8.22 | Iter-3: 21.23/9.53 | Iter-4: 19.87/9.69 | 
Iter-0: 19.04/7.26 | Iter-1: 22.59/10.58 | Iter-2: 20.03/8.25 | Iter-3: 21.26/9.48 | Iter-4: 18.33/9.68 | 
Iter-0: 19.02/7.24 | Iter-1: 22.61/10.59 | Iter-2: 19.98/8.22 | Iter-3: 21.26/9.5 | Iter-4: 19.18/9.65 | 
2 Creating 10 consumers
Iter-0: 16.5/4.81 | Iter-1: 23.24/11.22 | Iter-2: 20.9/9.21 | Iter-3: 22.0/10.25 | Iter-4: 22.04/10.29 | 
Iter-0: 17.75/6.07 | Iter-1: 23.21/11.23 | Iter-2: 20.91/9.22 | Iter-3: 21.96/10.24 | Iter-4: 22.03/10.31 | 
Iter-0: 18.75/7.14 | Iter-1: 22.95/11.05 | Iter-2: 20.72/9.09 | Iter-3: 21.71/10.07 | Iter-4: 21.72/10.06 | 
Iter-0: 18.77/7.27 | Iter-1: 22.73/10.97 | Iter-2: 20.59/9.1 | Iter-3: 21.49/10.0 | Iter-4: 21.52/10.02 | 
Iter-0: 18.76/7.27 | Iter-1: 22.59/10.88 | Iter-2: 20.5/9.04 | Iter-3: 21.35/9.89 | Iter-4: 21.29/9.96 | 
Iter-0: 18.9/7.21 | Iter-1: 22.72/10.81 | Iter-2: 20.65/8.98 | Iter-3: 21.51/9.83 | Iter-4: 19.71/9.87 | 
Iter-0: 19.12/7.33 | Iter-1: 22.79/10.83 | Iter-2: 20.81/9.05 | Iter-3: 21.57/9.81 | Iter-4: 17.28/9.87 | 
Iter-0: 18.83/7.2 | Iter-1: 23.02/11.08 | Iter-2: 20.8/9.14 | Iter-3: 21.77/10.1 | Iter-4: 21.81/10.1 | 
Iter-0: 19.06/7.27 | Iter-1: 22.94/10.89 | Iter-2: 20.82/9.04 | Iter-3: 21.73/9.93 | Iter-4: 18.71/9.89 | 
Iter-0: 18.95/7.24 | Iter-1: 22.95/10.99 | Iter-2: 20.8/9.1 | Iter-3: 21.69/9.98 | Iter-4: 20.07/10.06 | 
3 Creating 10 consumers
Iter-0: 18.29/6.66 | Iter-1: 23.02/11.11 | Iter-2: 21.11/9.46 | Iter-3: 21.83/10.18 | Iter-4: 21.88/10.22 | 
Iter-0: 18.09/6.47 | Iter-1: 22.95/11.05 | Iter-2: 21.19/9.55 | Iter-3: 21.79/10.13 | Iter-4: 21.83/10.18 | 
Iter-0: 18.79/7.16 | Iter-1: 23.05/11.14 | Iter-2: 21.12/9.48 | Iter-3: 21.86/10.2 | Iter-4: 21.89/10.23 | 
Iter-0: 18.67/7.03 | Iter-1: 22.96/11.04 | Iter-2: 21.14/9.47 | Iter-3: 21.82/10.14 | Iter-4: 21.88/10.17 | 
Iter-0: 18.91/7.21 | Iter-1: 22.77/10.84 | Iter-2: 21.0/9.3 | Iter-3: 21.66/9.96 | Iter-4: 19.92/9.97 | 
Iter-0: 18.95/7.22 | Iter-1: 22.78/10.82 | Iter-2: 21.03/9.3 | Iter-3: 21.69/9.96 | Iter-4: 19.21/9.95 | 
Iter-0: 18.83/7.17 | Iter-1: 22.99/11.03 | Iter-2: 21.09/9.42 | Iter-3: 21.82/10.14 | Iter-4: 21.87/10.16 | 
Iter-0: 18.99/7.25 | Iter-1: 22.83/10.84 | Iter-2: 21.06/9.32 | Iter-3: 21.67/9.91 | Iter-4: 18.97/9.97 | 
Iter-0: 19.01/7.26 | Iter-1: 22.8/10.81 | Iter-2: 21.08/9.31 | Iter-3: 21.62/9.86 | Iter-4: 19.58/9.93 | 
Iter-0: 18.96/7.22 | Iter-1: 22.72/10.75 | Iter-2: 21.03/9.28 | Iter-3: 21.51/9.76 | Iter-4: 19.8/9.93 | 
4 Creating 10 consumers
Iter-0: 16.98/5.31 | Iter-1: 23.23/11.27 | Iter-2: 21.39/9.7 | Iter-3: 22.09/10.39 | Iter-4: 22.05/10.35 | 
Iter-0: 18.65/7.0 | Iter-1: 23.09/11.18 | Iter-2: 21.29/9.63 | Iter-3: 21.95/10.28 | Iter-4: 21.95/10.27 | 
Iter-0: 18.8/7.24 | Iter-1: 22.87/11.0 | Iter-2: 21.03/9.48 | Iter-3: 21.72/10.15 | Iter-4: 21.68/10.1 | 
Iter-0: 18.75/7.13 | Iter-1: 22.99/11.07 | Iter-2: 21.14/9.51 | Iter-3: 21.84/10.19 | Iter-4: 21.81/10.15 | 
Iter-0: 19.05/7.3 | Iter-1: 23.0/10.96 | Iter-2: 21.25/9.49 | Iter-3: 21.83/10.05 | Iter-4: 17.98/10.04 | 
Iter-0: 19.14/7.55 | Iter-1: 22.81/10.96 | Iter-2: 21.1/9.49 | Iter-3: 21.69/10.06 | Iter-4: 21.7/10.09 | 
Iter-0: 18.83/7.28 | Iter-1: 22.8/11.01 | Iter-2: 21.04/9.49 | Iter-3: 21.64/10.09 | Iter-4: 21.29/10.12 | 
Iter-0: 18.97/7.23 | Iter-1: 22.87/10.89 | Iter-2: 21.16/9.42 | Iter-3: 21.73/9.98 | Iter-4: 19.39/10.0 | 
Iter-0: 18.93/7.23 | Iter-1: 22.69/10.76 | Iter-2: 21.04/9.34 | Iter-3: 21.55/9.84 | Iter-4: 19.47/9.87 | 
Iter-0: 18.9/7.23 | Iter-1: 22.75/10.82 | Iter-2: 21.05/9.36 | Iter-3: 21.58/9.87 | Iter-4: 20.13/9.89 | 
(2424, 20)
('All:', 0.17078096809680965, 0.0, 0.1706958195819582, 0.1706958195819582, 0.7941353619194561)
prob_mse: 0.416756666667, running time: 492.552079916
5.0 ~~~~~~~~~~~~~~~~~~~~~~~~~~~~~~~~~~~~~~~~~~~~~~~~~~~~~~~~~~~~~~~`
dataset: facebook method: CSL-Plus, #attack_edge:10000,T:10,test_ratio: 0.3,perturbation:40
/network/rit/lab/ceashpc/adil/data/adv_csl/Jan2/structure/facebook/facebook-attackedges-10000-T-10-testratio-0.3-swap_ratio-0.01-perturbation-40-realization-0-data-X20-SF4.pkl
#Rule:372304 Nodes:8078 Edges:372304
0 Creating 10 consumers










1 Creating 10 consumers
Iter-0: 17.1/5.44 | Iter-1: 22.82/11.09 | Iter-2: 20.12/8.43 | Iter-3: 21.76/10.1 | Iter-4: 21.91/10.23 | 
Iter-0: 18.92/7.32 | Iter-1: 22.71/11.07 | Iter-2: 19.99/8.38 | Iter-3: 21.61/10.02 | Iter-4: 21.73/10.13 | 
Iter-0: 18.96/7.34 | Iter-1: 22.59/10.92 | Iter-2: 19.99/8.34 | Iter-3: 21.52/9.9 | Iter-4: 21.66/10.01 | 
Iter-0: 19.09/7.39 | Iter-1: 22.55/10.85 | Iter-2: 20.01/8.3 | Iter-3: 21.53/9.83 | Iter-4: 20.28/9.9 | 
Iter-0: 19.18/7.41 | Iter-1: 22.53/10.77 | Iter-2: 20.1/8.32 | Iter-3: 21.5/9.73 | Iter-4: 17.79/9.87 | 
Iter-0: 18.96/7.3 | Iter-1: 22.76/11.06 | Iter-2: 20.11/8.41 | Iter-3: 21.69/10.0 | Iter-4: 21.84/10.12 | 
Iter-0: 19.07/7.39 | Iter-1: 22.47/10.8 | Iter-2: 19.97/8.29 | Iter-3: 21.48/9.81 | Iter-4: 20.64/9.86 | 
Iter-0: 19.0/7.35 | Iter-1: 22.53/10.85 | Iter-2: 20.04/8.36 | Iter-3: 21.48/9.82 | Iter-4: 21.3/9.92 | 
Iter-0: 19.12/7.42 | Iter-1: 22.49/10.78 | Iter-2: 20.03/8.33 | Iter-3: 21.41/9.73 | Iter-4: 20.01/9.84 | 
Iter-0: 19.14/7.37 | Iter-1: 22.46/10.68 | Iter-2: 20.03/8.29 | Iter-3: 21.3/9.58 | Iter-4: 19.63/9.79 | 
2 Creating 10 consumers
Iter-0: 17.95/6.22 | Iter-1: 23.0/11.24 | Iter-2: 21.35/9.36 | Iter-3: 22.01/10.26 | Iter-4: 22.03/10.27 | 
Iter-0: 18.96/7.45 | Iter-1: 22.65/11.11 | Iter-2: 21.01/9.26 | Iter-3: 21.67/10.15 | Iter-4: 21.67/10.13 | 
Iter-0: 18.82/7.19 | Iter-1: 22.7/11.03 | Iter-2: 21.14/9.23 | Iter-3: 21.69/10.02 | Iter-4: 21.75/10.06 | 
Iter-0: 18.96/7.41 | Iter-1: 22.6/11.04 | Iter-2: 20.97/9.21 | Iter-3: 21.63/10.07 | Iter-4: 21.47/10.05 | 
Iter-0: 18.9/7.22 | Iter-1: 22.8/11.09 | Iter-2: 21.17/9.25 | Iter-3: 21.78/10.09 | Iter-4: 21.82/10.11 | 
Iter-0: 18.86/7.34 | Iter-1: 22.47/10.94 | Iter-2: 20.89/9.15 | Iter-3: 21.46/9.93 | Iter-4: 21.55/9.99 | 
Iter-0: 19.18/7.37 | Iter-1: 22.72/10.91 | Iter-2: 21.15/9.12 | Iter-3: 21.71/9.91 | Iter-4: 18.85/9.9 | 
Iter-0: 18.89/7.37 | Iter-1: 22.4/10.89 | Iter-2: 20.85/9.11 | Iter-3: 21.43/9.91 | Iter-4: 21.3/9.93 | 
Iter-0: 19.1/7.36 | Iter-1: 22.57/10.83 | Iter-2: 21.03/9.08 | Iter-3: 21.58/9.83 | Iter-4: 19.49/9.84 | 
Iter-0: 19.03/7.31 | Iter-1: 22.46/10.72 | Iter-2: 20.99/9.05 | Iter-3: 21.43/9.7 | Iter-4: 19.6/9.8 | 
3 Creating 10 consumers
Iter-0: 17.99/6.28 | Iter-1: 23.03/11.28 | Iter-2: 21.69/9.67 | 
Iter-0: 18.93/7.29 | Iter-1: 22.85/11.18 | Iter-2: 21.49/9.57 | 
Iter-0: 18.83/7.23 | Iter-1: 22.71/11.08 | Iter-2: 21.38/9.49 | 
Iter-0: 19.05/7.33 | Iter-1: 22.64/10.93 | Iter-2: 21.35/9.41 | 
Iter-0: 18.85/7.22 | Iter-1: 22.69/11.04 | Iter-2: 21.38/9.49 | 
Iter-0: 18.9/7.26 | Iter-1: 22.65/10.98 | Iter-2: 21.38/9.47 | 
Iter-0: 19.07/7.34 | Iter-1: 22.63/10.88 | Iter-2: 21.36/9.4 | 
Iter-0: 19.24/7.42 | Iter-1: 22.83/11.01 | Iter-2: 21.56/9.48 | 
Iter-0: 19.04/7.32 | Iter-1: 22.56/10.82 | Iter-2: 21.36/9.37 | 
Iter-0: 19.04/7.32 | Iter-1: 22.5/10.77 | Iter-2: 21.35/9.36 | 
4 Creating 10 consumers
Iter-0: 16.61/4.95 | Iter-1: 22.9/11.16 | Iter-2: 21.56/9.59 | 
Iter-0: 18.75/7.09 | Iter-1: 22.87/11.17 | Iter-2: 21.5/9.59 | 
Iter-0: 18.82/7.14 | Iter-1: 22.92/11.19 | Iter-2: 21.55/9.59 | 
Iter-0: 18.85/7.32 | Iter-1: 22.58/11.01 | Iter-2: 21.24/9.45 | 
Iter-0: 19.13/7.36 | Iter-1: 22.66/10.87 | Iter-2: 21.42/9.39 | 
Iter-0: 19.09/7.33 | Iter-1: 22.64/10.88 | Iter-2: 21.39/9.39 | 
Iter-0: 18.88/7.26 | Iter-1: 22.71/11.03 | Iter-2: 21.4/9.49 | 
Iter-0: 18.94/7.36 | Iter-1: 22.54/10.95 | Iter-2: 21.25/9.43 | 
Iter-0: 19.12/7.35 | Iter-1: 22.68/10.9 | Iter-2: 21.39/9.4 | 
Iter-0: 19.01/7.3 | Iter-1: 22.52/10.78 | Iter-2: 21.3/9.37 | 
(2424, 20)
('All:', 0.1724435643564356, 0.0, 0.17235973597359738, 0.17235973597359738, 0.7924852105180651)
prob_mse: 0.291756666667, running time: 449.125840902
6.0 ~~~~~~~~~~~~~~~~~~~~~~~~~~~~~~~~~~~~~~~~~~~~~~~~~~~~~~~~~~~~~~~`
dataset: facebook method: CSL-Plus, #attack_edge:10000,T:10,test_ratio: 0.3,perturbation:50
/network/rit/lab/ceashpc/adil/data/adv_csl/Jan2/structure/facebook/facebook-attackedges-10000-T-10-testratio-0.3-swap_ratio-0.01-perturbation-50-realization-0-data-X20-SF4.pkl
#Rule:372032 Nodes:8078 Edges:372032
0 Creating 10 consumers










1 Creating 10 consumers

Iter-0: 17.68/7.44 | Iter-1: 11.58/5.42 | Iter-2: 10.46/4.14 | Iter-3: 11.01/4.82 | Iter-4: 11.09/4.94 | 
Iter-0: 18.99/7.41 | Iter-1: 22.7/11.03 | Iter-2: 20.18/8.31 | Iter-3: 14.69/8.53 | Iter-4: 11.32/5.1 | 
Iter-0: 19.12/7.47 | Iter-1: 22.47/10.77 | Iter-2: 20.14/8.2 | Iter-3: 12.38/6.2 | Iter-4: 11.22/5.01 | 
Iter-0: 18.44/6.82 | Iter-1: 22.67/10.94 | Iter-2: 20.26/8.32 | Iter-3: 21.61/9.89 | Iter-4: 13.64/7.41 | 
Iter-0: 19.42/7.84 | Iter-1: 22.69/11.01 | Iter-2: 20.18/8.3 | Iter-3: 21.62/9.94 | Iter-4: 14.69/8.46 | 
Iter-0: 19.16/7.55 | Iter-1: 22.56/10.9 | Iter-2: 20.21/8.28 | Iter-3: 21.5/9.82 | Iter-4: 13.21/6.96 | 
Iter-0: 19.25/7.53 | Iter-1: 22.53/10.76 | Iter-2: 20.25/8.22 | Iter-3: 20.87/9.64 | Iter-4: 11.22/4.98 | 
Iter-0: 18.94/7.29 | Iter-1: 22.7/10.96 | Iter-2: 20.25/8.3 | Iter-3: 21.73/9.98 | Iter-4: 18.67/10.01 | 
Iter-0: 19.2/7.49 | Iter-1: 22.5/10.74 | Iter-2: 20.2/8.19 | Iter-3: 21.44/9.65 | Iter-4: 16.22/9.79 | 
2 Creating 10 consumers
Iter-0: 18.02/6.45 | Iter-1: 22.85/11.26 | Iter-2: 20.92/9.34 | Iter-3: 21.83/10.23 | Iter-4: 21.77/10.18 | 
Iter-0: 19.04/7.45 | Iter-1: 22.95/11.34 | Iter-2: 20.99/9.38 | Iter-3: 21.9/10.28 | Iter-4: 21.86/10.24 | 
Iter-0: 18.87/7.44 | Iter-1: 22.59/11.12 | Iter-2: 20.72/9.24 | Iter-3: 21.6/10.11 | Iter-4: 21.56/10.06 | 
Iter-0: 19.07/7.53 | Iter-1: 22.62/11.06 | Iter-2: 20.77/9.21 | Iter-3: 21.58/10.02 | Iter-4: 20.64/10.05 | 
Iter-0: 18.89/7.39 | Iter-1: 22.71/11.17 | Iter-2: 20.81/9.26 | Iter-3: 21.67/10.13 | Iter-4: 21.62/10.06 | 
Iter-0: 19.18/7.52 | Iter-1: 22.75/11.07 | Iter-2: 20.91/9.23 | Iter-3: 21.67/10.0 | Iter-4: 19.73/10.03 | 
Iter-0: 19.13/7.51 | Iter-1: 22.63/10.98 | Iter-2: 20.79/9.14 | Iter-3: 21.55/9.9 | Iter-4: 18.7/9.91 | 
Iter-0: 18.93/7.43 | Iter-1: 22.64/11.09 | Iter-2: 20.74/9.21 | Iter-3: 21.52/9.97 | Iter-4: 21.21/9.99 | 
Iter-0: 19.01/7.43 | Iter-1: 22.53/10.91 | Iter-2: 20.65/9.04 | Iter-3: 21.44/9.83 | Iter-4: 19.95/9.79 | 
Iter-0: 19.03/7.46 | Iter-1: 22.49/10.88 | Iter-2: 20.67/9.08 | Iter-3: 21.36/9.77 | Iter-4: 19.69/9.87 | 
3 Creating 10 consumers
Iter-0: 18.24/6.68 | Iter-1: 22.89/11.33 | Iter-2: 21.2/9.65 | Iter-3: 21.92/10.34 | Iter-4: 21.78/10.22 | 
Iter-0: 18.99/7.49 | Iter-1: 22.82/11.3 | Iter-2: 21.13/9.61 | Iter-3: 21.83/10.31 | Iter-4: 21.72/10.18 | 
Iter-0: 18.97/7.44 | Iter-1: 22.77/11.22 | Iter-2: 21.12/9.57 | Iter-3: 21.8/10.25 | Iter-4: 21.69/10.13 | 
Iter-0: 19.18/7.51 | Iter-1: 22.67/11.0 | Iter-2: 21.11/9.44 | Iter-3: 21.73/10.04 | Iter-4: 18.93/10.01 | 
Iter-0: 19.11/7.53 | Iter-1: 22.69/11.12 | Iter-2: 21.05/9.49 | Iter-3: 21.71/10.14 | Iter-4: 20.73/10.1 | 
Iter-0: 18.94/7.44 | Iter-1: 22.7/11.19 | Iter-2: 21.07/9.57 | Iter-3: 21.76/10.24 | Iter-4: 21.67/10.13 | 
Iter-0: 19.11/7.49 | Iter-1: 22.66/11.04 | Iter-2: 21.07/9.46 | Iter-3: 21.67/10.06 | Iter-4: 20.32/10.03 | 
Iter-0: 19.07/7.53 | Iter-1: 22.62/11.07 | Iter-2: 21.0/9.46 | Iter-3: 21.59/10.06 | Iter-4: 20.74/10.01 | 
Iter-0: 19.1/7.5 | Iter-1: 22.59/10.98 | Iter-2: 21.02/9.41 | Iter-3: 21.59/9.98 | Iter-4: 19.98/9.96 | 
Iter-0: 19.11/7.57 | Iter-1: 22.49/10.97 | Iter-2: 20.97/9.44 | Iter-3: 21.45/9.92 | Iter-4: 19.92/10.14 | 
4 Creating 10 consumers
Iter-0: 17.36/5.8 | Iter-1: 22.92/11.34 | Iter-2: 21.32/9.76 | 
Iter-0: 17.95/6.39 | Iter-1: 22.77/11.19 | Iter-2: 21.16/9.59 | 
Iter-0: 18.89/7.43 | Iter-1: 22.59/11.11 | Iter-2: 21.0/9.53 | 
Iter-0: 18.8/7.29 | Iter-1: 22.77/11.23 | Iter-2: 21.18/9.65 | 
Iter-0: 19.22/7.54 | Iter-1: 22.75/11.06 | Iter-2: 21.27/9.58 | 
Iter-0: 18.98/7.5 | Iter-1: 22.53/11.05 | Iter-2: 20.99/9.51 | 
Iter-0: 18.87/7.42 | Iter-1: 22.53/11.03 | Iter-2: 20.98/9.52 | 
Iter-0: 19.16/7.52 | Iter-1: 22.58/10.95 | Iter-2: 21.1/9.46 | Iter-3: 18.51/9.97 | Iter-4: 11.13/5.06 | 
Iter-0: 19.06/7.48 | Iter-1: 22.45/10.85 | Iter-2: 20.96/9.38 | Iter-3: 18.76/9.86 | Iter-4: 11.26/5.2 | 
Iter-0: 18.99/7.45 | Iter-1: 22.48/10.94 | Iter-2: 20.97/9.44 | Iter-3: 20.39/9.98 | Iter-4: 11.51/5.41 | 
(2424, 20)
('All:', 0.18761762926292627, 0.0, 0.1875343784378438, 0.1875343784378438, 0.7743335451027632)
prob_mse: 0.208433333333, running time: 475.514957905
7.0 ~~~~~~~~~~~~~~~~~~~~~~~~~~~~~~~~~~~~~~~~~~~~~~~~~~~~~~~~~~~~~~~`
dataset: facebook method: CSL-Plus, #attack_edge:10000,T:10,test_ratio: 0.3,perturbation:60
/network/rit/lab/ceashpc/adil/data/adv_csl/Jan2/structure/facebook/facebook-attackedges-10000-T-10-testratio-0.3-swap_ratio-0.01-perturbation-60-realization-0-data-X20-SF4.pkl
#Rule:372032 Nodes:8078 Edges:372032
0 Creating 10 consumers










1 Creating 10 consumers

Iter-0: 19.09/7.34 | Iter-1: 15.06/8.59 | Iter-2: 10.54/4.21 | Iter-3: 11.39/5.07 | Iter-4: 11.51/5.16 | 
Iter-0: 17.89/6.16 | Iter-1: 23.14/11.07 | Iter-2: 20.13/8.33 | Iter-3: 21.79/9.96 | Iter-4: 16.25/9.91 | 
Iter-0: 19.36/7.53 | Iter-1: 22.85/10.74 | Iter-2: 20.17/8.25 | Iter-3: 21.56/9.65 | Iter-4: 12.45/6.14 | 
Iter-0: 19.08/7.4 | Iter-1: 22.97/10.95 | Iter-2: 20.04/8.27 | Iter-3: 21.69/9.92 | Iter-4: 21.79/10.0 | 
Iter-0: 19.53/7.87 | Iter-1: 22.85/10.87 | Iter-2: 20.14/8.38 | Iter-3: 21.54/9.78 | Iter-4: 18.76/9.91 | 
Iter-0: 18.48/6.73 | Iter-1: 23.19/11.09 | Iter-2: 20.2/8.36 | Iter-3: 21.76/9.92 | Iter-4: 21.96/10.08 | 
Iter-0: 19.29/7.53 | Iter-1: 22.78/10.74 | Iter-2: 20.08/8.23 | Iter-3: 21.49/9.64 | Iter-4: 17.27/9.77 | 
Iter-0: 19.26/7.51 | Iter-1: 22.78/10.76 | Iter-2: 20.05/8.21 | Iter-3: 21.48/9.66 | Iter-4: 19.69/9.8 | 
Iter-0: 19.42/7.59 | Iter-1: 22.91/10.78 | Iter-2: 20.21/8.28 | Iter-3: 21.59/9.66 | Iter-4: 18.56/9.87 | 
2 Creating 10 consumers
Iter-0: 18.75/7.09 | Iter-1: 22.99/11.32 | Iter-2: 21.03/9.39 | Iter-3: 21.95/10.29 | Iter-4: 21.89/10.23 | 
Iter-0: 19.2/7.62 | Iter-1: 22.89/11.28 | Iter-2: 20.95/9.36 | Iter-3: 21.86/10.26 | Iter-4: 21.8/10.19 | 
Iter-0: 19.12/7.49 | Iter-1: 22.89/11.23 | Iter-2: 21.0/9.35 | Iter-3: 21.88/10.22 | Iter-4: 21.81/10.15 | 
Iter-0: 19.3/7.56 | Iter-1: 22.83/11.09 | Iter-2: 20.97/9.24 | Iter-3: 21.77/10.02 | Iter-4: 19.31/10.03 | 
Iter-0: 19.09/7.43 | Iter-1: 22.94/11.25 | Iter-2: 21.02/9.35 | Iter-3: 21.89/10.22 | Iter-4: 21.85/10.15 | 
Iter-0: 19.27/7.57 | Iter-1: 22.83/11.13 | Iter-2: 20.96/9.27 | Iter-3: 21.78/10.06 | Iter-4: 20.41/10.05 | 
Iter-0: 19.25/7.53 | Iter-1: 22.72/11.0 | Iter-2: 20.9/9.18 | Iter-3: 21.68/9.95 | Iter-4: 20.23/9.98 | 
Iter-0: 19.13/7.56 | Iter-1: 22.65/11.05 | Iter-2: 20.8/9.22 | Iter-3: 21.6/10.0 | Iter-4: 21.08/9.98 | 
Iter-0: 19.18/7.59 | Iter-1: 22.63/11.04 | Iter-2: 20.78/9.18 | Iter-3: 21.57/9.96 | Iter-4: 20.44/9.98 | 
Iter-0: 19.3/7.57 | Iter-1: 22.71/10.98 | Iter-2: 20.88/9.15 | Iter-3: 21.58/9.84 | Iter-4: 19.45/9.93 | 
3 Creating 10 consumers
Iter-0: 17.36/5.68 | Iter-1: 23.33/11.37 | Iter-2: 21.46/9.73 | Iter-3: 22.13/10.4 | Iter-4: 22.03/10.28 | 
Iter-0: 19.06/7.44 | Iter-1: 23.12/11.24 | Iter-2: 21.24/9.58 | Iter-3: 21.88/10.22 | Iter-4: 21.77/10.11 | 
Iter-0: 19.03/7.42 | Iter-1: 23.04/11.14 | Iter-2: 21.19/9.53 | Iter-3: 21.87/10.2 | Iter-4: 21.76/10.08 | 
Iter-0: 19.02/7.39 | Iter-1: 23.1/11.15 | Iter-2: 21.19/9.52 | Iter-3: 21.85/10.17 | Iter-4: 21.75/10.06 | 
Iter-0: 18.98/7.3 | Iter-1: 23.09/11.12 | Iter-2: 21.24/9.52 | Iter-3: 21.84/10.12 | Iter-4: 21.8/10.08 | 
Iter-0: 19.17/7.47 | Iter-1: 22.93/10.93 | Iter-2: 21.11/9.38 | Iter-3: 21.7/9.96 | Iter-4: 19.94/9.92 | 
Iter-0: 19.38/7.58 | Iter-1: 23.13/11.05 | Iter-2: 21.3/9.47 | Iter-3: 21.9/10.04 | Iter-4: 18.07/9.99 | 
Iter-0: 19.19/7.49 | Iter-1: 22.92/10.92 | Iter-2: 21.1/9.38 | Iter-3: 21.7/9.95 | Iter-4: 20.08/9.93 | 
Iter-0: 19.25/7.48 | Iter-1: 22.9/10.85 | Iter-2: 21.12/9.34 | Iter-3: 21.68/9.87 | Iter-4: 19.56/9.84 | 
Iter-0: 19.22/7.49 | Iter-1: 22.84/10.84 | Iter-2: 21.09/9.34 | Iter-3: 21.55/9.78 | Iter-4: 19.3/9.88 | 
4 Creating 10 consumers
Iter-0: 17.54/5.85 | Iter-1: 23.04/11.32 | Iter-2: 21.68/9.73 | Iter-3: 22.09/10.34 | Iter-4: 21.94/10.2 | 
Iter-0: 18.96/7.24 | Iter-1: 22.97/11.25 | Iter-2: 21.61/9.67 | Iter-3: 21.99/10.27 | Iter-4: 21.84/10.11 | 
Iter-0: 19.05/7.39 | Iter-1: 22.82/11.14 | Iter-2: 21.4/9.53 | Iter-3: 21.82/10.17 | Iter-4: 21.71/10.04 | 
Iter-0: 19.0/7.52 | Iter-1: 22.54/11.05 | Iter-2: 21.19/9.49 | Iter-3: 21.61/10.12 | Iter-4: 21.51/9.98 | 
Iter-0: 19.09/7.56 | Iter-1: 22.59/11.06 | Iter-2: 21.28/9.49 | Iter-3: 21.63/10.09 | Iter-4: 21.28/10.01 | 
Iter-0: 19.42/7.57 | Iter-1: 22.9/11.05 | Iter-2: 21.57/9.49 | Iter-3: 21.86/10.03 | Iter-4: 18.1/9.98 | 
Iter-0: 19.11/7.43 | Iter-1: 22.81/11.1 | Iter-2: 21.48/9.57 | Iter-3: 21.81/10.13 | Iter-4: 21.78/10.04 | 
Iter-0: 19.35/7.54 | Iter-1: 22.79/10.99 | Iter-2: 21.49/9.45 | Iter-3: 21.78/10.0 | Iter-4: 19.51/9.94 | 
Iter-0: 19.23/7.48 | Iter-1: 22.66/10.92 | Iter-2: 21.32/9.34 | Iter-3: 21.61/9.89 | Iter-4: 19.57/9.87 | 
Iter-0: 19.3/7.53 | Iter-1: 22.69/10.91 | Iter-2: 21.4/9.4 | Iter-3: 21.63/9.88 | Iter-4: 19.73/9.87 | 
(2424, 20)
('All:', 0.19311751925192516, 0.0, 0.19303492849284928, 0.19303492849284928, 0.7681454773475467)
prob_mse: 0.208433333333, running time: 495.277848959
8.0 ~~~~~~~~~~~~~~~~~~~~~~~~~~~~~~~~~~~~~~~~~~~~~~~~~~~~~~~~~~~~~~~`
dataset: facebook method: CSL-Plus, #attack_edge:10000,T:10,test_ratio: 0.3,perturbation:70
/network/rit/lab/ceashpc/adil/data/adv_csl/Jan2/structure/facebook/facebook-attackedges-10000-T-10-testratio-0.3-swap_ratio-0.01-perturbation-70-realization-0-data-X20-SF4.pkl
#Rule:371780 Nodes:8078 Edges:371780
0 Creating 10 consumers










1 Creating 10 consumers

Iter-0: 19.13/7.55 | Iter-1: 13.24/6.91 | Iter-2: 10.39/4.17 | Iter-3: 11.21/5.02 | Iter-4: 11.3/5.09 | 
Iter-0: 19.12/7.53 | Iter-1: 22.76/10.88 | Iter-2: 19.85/8.24 | Iter-3: 13.25/7.04 | Iter-4: 11.23/5.07 | 
Iter-0: 19.24/7.55 | Iter-1: 22.64/10.72 | Iter-2: 19.87/8.18 | Iter-3: 11.66/5.44 | Iter-4: 11.2/5.01 | 
Iter-0: 17.03/5.4 | Iter-1: 22.92/11.0 | Iter-2: 19.86/8.28 | Iter-3: 21.59/9.9 | Iter-4: 15.35/9.24 | 
Iter-0: 18.12/6.45 | Iter-1: 22.94/11.0 | Iter-2: 19.96/8.29 | Iter-3: 21.61/9.91 | Iter-4: 18.19/10.07 | 
Iter-0: 19.33/7.61 | Iter-1: 22.53/10.69 | Iter-2: 19.93/8.23 | Iter-3: 20.82/9.54 | Iter-4: 11.19/4.99 | 
Iter-0: 19.37/7.61 | Iter-1: 22.76/10.76 | Iter-2: 19.99/8.22 | Iter-3: 21.41/9.63 | Iter-4: 14.76/8.61 | 
Iter-0: 19.34/7.8 | Iter-1: 22.66/10.83 | Iter-2: 19.92/8.36 | Iter-3: 21.31/9.75 | Iter-4: 21.37/9.86 | 
Iter-0: 19.13/7.54 | Iter-1: 22.46/10.65 | Iter-2: 19.76/8.18 | Iter-3: 21.13/9.54 | Iter-4: 20.4/9.69 | 
2 Creating 10 consumers
Iter-0: 18.52/6.8 | Iter-1: 23.13/11.4 | Iter-2: 21.24/9.49 | Iter-3: 22.1/10.33 | Iter-4: 22.02/10.28 | 
Iter-0: 19.18/7.58 | Iter-1: 22.87/11.24 | Iter-2: 20.99/9.35 | Iter-3: 21.84/10.19 | Iter-4: 21.74/10.12 | 
Iter-0: 19.13/7.54 | Iter-1: 22.78/11.16 | Iter-2: 20.94/9.28 | Iter-3: 21.75/10.1 | Iter-4: 21.68/10.05 | 
Iter-0: 19.18/7.49 | Iter-1: 22.95/11.22 | Iter-2: 21.11/9.37 | Iter-3: 21.93/10.18 | Iter-4: 21.86/10.12 | 
Iter-0: 19.22/7.6 | Iter-1: 22.71/11.06 | Iter-2: 20.93/9.26 | Iter-3: 21.64/10.01 | Iter-4: 20.94/10.0 | 
Iter-0: 19.22/7.6 | Iter-1: 22.71/11.06 | Iter-2: 20.91/9.25 | Iter-3: 21.61/9.97 | Iter-4: 20.84/10.01 | 
Iter-0: 19.46/7.64 | Iter-1: 22.9/11.05 | Iter-2: 21.12/9.25 | Iter-3: 21.82/9.97 | Iter-4: 19.17/9.95 | 
Iter-0: 19.25/7.6 | Iter-1: 22.84/11.15 | Iter-2: 21.03/9.33 | Iter-3: 21.69/10.03 | Iter-4: 21.12/10.04 | 
Iter-0: 19.4/7.62 | Iter-1: 22.8/11.0 | Iter-2: 21.01/9.18 | Iter-3: 21.7/9.89 | Iter-4: 19.66/9.9 | 
Iter-0: 19.26/7.62 | Iter-1: 22.61/10.98 | Iter-2: 20.88/9.22 | Iter-3: 21.47/9.85 | Iter-4: 20.2/9.94 | 
3 Creating 10 consumers
Iter-0: 18.11/6.39 | Iter-1: 23.12/11.36 | Iter-2: 21.48/9.72 | Iter-3: 22.07/10.31 | Iter-4: 21.95/10.2 | 
Iter-0: 18.59/6.84 | Iter-1: 23.22/11.42 | Iter-2: 21.54/9.76 | Iter-3: 22.14/10.34 | Iter-4: 22.03/10.24 | 
Iter-0: 18.7/7.02 | Iter-1: 22.92/11.21 | Iter-2: 21.3/9.6 | Iter-3: 21.9/10.19 | Iter-4: 21.82/10.1 | 
Iter-0: 19.19/7.55 | Iter-1: 22.97/11.27 | Iter-2: 21.3/9.62 | Iter-3: 21.93/10.23 | Iter-4: 21.84/10.11 | 
Iter-0: 19.41/7.63 | Iter-1: 22.85/11.04 | Iter-2: 21.29/9.49 | Iter-3: 21.83/10.01 | Iter-4: 19.37/9.96 | 
Iter-0: 19.14/7.52 | Iter-1: 22.83/11.16 | Iter-2: 21.24/9.59 | Iter-3: 21.81/10.13 | Iter-4: 21.78/10.08 | 
Iter-0: 19.45/7.66 | Iter-1: 22.87/11.06 | Iter-2: 21.34/9.53 | Iter-3: 21.86/10.02 | Iter-4: 18.7/9.98 | 
Iter-0: 19.32/7.6 | Iter-1: 22.83/11.09 | Iter-2: 21.25/9.51 | Iter-3: 21.79/10.04 | Iter-4: 20.77/10.01 | 
Iter-0: 19.34/7.6 | Iter-1: 22.75/10.98 | Iter-2: 21.24/9.45 | Iter-3: 21.72/9.93 | Iter-4: 19.24/9.88 | 
Iter-0: 19.33/7.61 | Iter-1: 22.66/10.94 | Iter-2: 21.19/9.44 | Iter-3: 21.57/9.82 | Iter-4: 20.07/9.94 | 
4 Creating 10 consumers
Iter-0: 18.99/7.55 | Iter-1: 22.63/11.18 | Iter-2: 21.05/9.59 | Iter-3: 21.6/10.14 | Iter-4: 21.49/10.03 | 
Iter-0: 19.06/7.48 | Iter-1: 22.77/11.18 | Iter-2: 21.2/9.61 | Iter-3: 21.77/10.17 | Iter-4: 21.62/10.03 | 
Iter-0: 19.09/7.61 | Iter-1: 22.71/11.23 | Iter-2: 21.1/9.6 | Iter-3: 21.67/10.17 | Iter-4: 21.17/10.05 | 
Iter-0: 19.08/7.49 | Iter-1: 22.83/11.21 | Iter-2: 21.25/9.62 | Iter-3: 21.83/10.2 | Iter-4: 21.71/10.06 | 
Iter-0: 19.06/7.43 | Iter-1: 22.75/11.11 | Iter-2: 21.22/9.57 | Iter-3: 21.8/10.14 | Iter-4: 21.65/10.0 | 
Iter-0: 19.23/7.54 | Iter-1: 22.64/10.94 | Iter-2: 21.14/9.45 | Iter-3: 21.61/9.9 | Iter-4: 19.95/9.87 | 
Iter-0: 19.15/7.52 | Iter-1: 22.75/11.1 | Iter-2: 21.22/9.58 | Iter-3: 21.72/10.07 | Iter-4: 21.12/10.0 | 
Iter-0: 19.37/7.6 | Iter-1: 22.78/11.02 | Iter-2: 21.28/9.53 | Iter-3: 21.75/9.97 | Iter-4: 19.69/9.92 | 
Iter-0: 19.31/7.58 | Iter-1: 22.66/10.93 | Iter-2: 21.18/9.47 | Iter-3: 21.66/9.92 | Iter-4: 19.26/9.85 | 
Iter-0: 19.22/7.54 | Iter-1: 22.57/10.89 | Iter-2: 21.11/9.44 | Iter-3: 21.51/9.84 | Iter-4: 19.66/9.86 | 
(2424, 20)
('All:', 0.1976200220022002, 0.0, 0.19753850385038502, 0.19753850385038502, 0.76195740959233)
prob_mse: 0.166766666667, running time: 492.855364084
9.0 ~~~~~~~~~~~~~~~~~~~~~~~~~~~~~~~~~~~~~~~~~~~~~~~~~~~~~~~~~~~~~~~`
dataset: facebook method: CSL-Plus, #attack_edge:10000,T:10,test_ratio: 0.3,perturbation:80
/network/rit/lab/ceashpc/adil/data/adv_csl/Jan2/structure/facebook/facebook-attackedges-10000-T-10-testratio-0.3-swap_ratio-0.01-perturbation-80-realization-0-data-X20-SF4.pkl
#Rule:371492 Nodes:8078 Edges:371492
0 Creating 10 consumers










1 Creating 10 consumers

Iter-0: 19.01/7.58 | Iter-1: 12.31/6.14 | Iter-2: 10.35/4.18 | Iter-3: 11.16/4.96 | Iter-4: 11.21/5.02 | 
Iter-0: 18.9/7.27 | Iter-1: 22.66/11.0 | Iter-2: 19.99/8.37 | Iter-3: 16.12/9.92 | Iter-4: 11.3/5.1 | 
Iter-0: 19.33/7.61 | Iter-1: 22.43/10.72 | Iter-2: 19.94/8.23 | Iter-3: 13.24/7.05 | Iter-4: 11.18/5.0 | 
Iter-0: 18.93/7.27 | Iter-1: 22.71/11.01 | Iter-2: 20.07/8.4 | Iter-3: 21.59/9.93 | Iter-4: 15.57/9.39 | 
Iter-0: 19.43/7.68 | Iter-1: 22.49/10.77 | Iter-2: 20.01/8.28 | Iter-3: 21.38/9.65 | Iter-4: 12.83/6.62 | 
Iter-0: 18.99/7.59 | Iter-1: 22.21/10.79 | Iter-2: 19.65/8.24 | Iter-3: 21.18/9.77 | Iter-4: 21.25/9.84 | 
Iter-0: 19.06/7.62 | Iter-1: 22.2/10.78 | Iter-2: 19.66/8.24 | Iter-3: 21.14/9.72 | Iter-4: 21.02/9.84 | 
Iter-0: 19.04/7.63 | Iter-1: 22.09/10.67 | Iter-2: 19.66/8.26 | Iter-3: 20.98/9.56 | Iter-4: 20.34/9.72 | 
Iter-0: 19.07/7.64 | Iter-1: 22.02/10.6 | Iter-2: 19.65/8.23 | Iter-3: 20.91/9.49 | Iter-4: 20.03/9.68 | 
2 Creating 10 consumers
Iter-0: 18.03/6.44 | Iter-1: 22.94/11.37 | Iter-2: 21.05/9.49 | Iter-3: 21.88/10.3 | Iter-4: 21.75/10.21 | 
Iter-0: 19.19/7.62 | Iter-1: 22.97/11.4 | Iter-2: 21.08/9.51 | Iter-3: 21.92/10.32 | Iter-4: 21.81/10.26 | 
Iter-0: 19.18/7.61 | Iter-1: 22.85/11.28 | Iter-2: 20.98/9.42 | Iter-3: 21.79/10.22 | Iter-4: 21.73/10.17 | 
Iter-0: 19.13/7.58 | Iter-1: 22.74/11.21 | Iter-2: 20.94/9.42 | Iter-3: 21.72/10.19 | Iter-4: 21.64/10.12 | 
Iter-0: 19.31/7.65 | Iter-1: 22.8/11.15 | Iter-2: 20.95/9.31 | Iter-3: 21.69/10.03 | Iter-4: 20.48/10.04 | 
Iter-0: 19.17/7.59 | Iter-1: 22.76/11.18 | Iter-2: 20.95/9.38 | Iter-3: 21.65/10.07 | Iter-4: 21.66/10.08 | 
Iter-0: 19.37/7.7 | Iter-1: 22.76/11.08 | Iter-2: 20.96/9.3 | Iter-3: 21.66/9.97 | Iter-4: 18.46/9.98 | 
Iter-0: 19.31/7.67 | Iter-1: 22.73/11.1 | Iter-2: 20.9/9.29 | Iter-3: 21.62/9.99 | Iter-4: 19.62/10.03 | 
Iter-0: 19.31/7.68 | Iter-1: 22.66/11.03 | Iter-2: 20.88/9.25 | Iter-3: 21.54/9.9 | Iter-4: 19.9/9.93 | 
Iter-0: 19.29/7.68 | Iter-1: 22.59/10.99 | Iter-2: 20.83/9.23 | Iter-3: 21.45/9.83 | Iter-4: 19.6/9.97 | 
3 Creating 10 consumers
Iter-0: 17.96/6.34 | Iter-1: 23.02/11.38 | Iter-2: 21.64/9.78 | Iter-3: 21.91/10.29 | Iter-4: 21.8/10.15 | 
Iter-0: 17.65/6.05 | Iter-1: 22.95/11.33 | Iter-2: 21.62/9.77 | Iter-3: 21.92/10.32 | Iter-4: 21.75/10.12 | 
Iter-0: 19.02/7.66 | Iter-1: 22.63/11.26 | Iter-2: 21.3/9.72 | Iter-3: 21.61/10.27 | Iter-4: 21.42/10.06 | 
Iter-0: 19.02/7.67 | Iter-1: 22.48/11.13 | Iter-2: 21.12/9.54 | Iter-3: 21.42/10.11 | Iter-4: 21.28/9.99 | 
Iter-0: 19.01/7.56 | Iter-1: 22.55/11.07 | Iter-2: 21.24/9.52 | Iter-3: 21.51/10.02 | Iter-4: 21.44/9.93 | 
Iter-0: 19.35/7.69 | Iter-1: 22.71/11.04 | Iter-2: 21.37/9.48 | Iter-3: 21.59/9.94 | Iter-4: 18.65/9.94 | 
Iter-0: 19.1/7.62 | Iter-1: 22.5/11.02 | Iter-2: 21.21/9.47 | Iter-3: 21.43/9.95 | Iter-4: 20.69/9.92 | 
Iter-0: 19.36/7.69 | Iter-1: 22.68/11.0 | Iter-2: 21.39/9.47 | Iter-3: 21.58/9.91 | Iter-4: 18.21/9.88 | 
Iter-0: 19.14/7.6 | Iter-1: 22.73/11.17 | Iter-2: 21.38/9.6 | Iter-3: 21.64/10.08 | Iter-4: 21.02/10.06 | 
Iter-0: 19.23/7.63 | Iter-1: 22.53/10.92 | Iter-2: 21.39/9.55 | Iter-3: 21.43/9.84 | Iter-4: 19.45/9.85 | 
4 Creating 10 consumers
Iter-0: 17.84/6.26 | Iter-1: 22.85/11.27 | Iter-2: 21.33/9.77 | Iter-3: 21.81/10.24 | Iter-4: 21.63/10.05 | 
Iter-0: 18.33/6.72 | Iter-1: 23.0/11.38 | Iter-2: 21.45/9.85 | Iter-3: 21.94/10.34 | Iter-4: 21.78/10.17 | 
Iter-0: 18.12/6.62 | Iter-1: 22.76/11.21 | Iter-2: 21.25/9.72 | Iter-3: 21.74/10.2 | Iter-4: 21.65/10.09 | 
Iter-0: 19.13/7.74 | Iter-1: 22.47/11.06 | Iter-2: 20.95/9.56 | Iter-3: 21.48/10.06 | Iter-4: 21.38/9.96 | 
Iter-0: 19.03/7.64 | Iter-1: 22.48/11.07 | Iter-2: 20.96/9.55 | Iter-3: 21.42/10.01 | Iter-4: 21.07/9.96 | 
Iter-0: 19.28/7.65 | Iter-1: 22.61/10.97 | Iter-2: 21.14/9.51 | Iter-3: 21.57/9.93 | Iter-4: 18.27/9.85 | 
Iter-0: 19.35/7.68 | Iter-1: 22.78/11.1 | Iter-2: 21.3/9.63 | Iter-3: 21.72/10.04 | Iter-4: 18.81/9.98 | 
Iter-0: 19.3/7.82 | Iter-1: 22.57/11.06 | Iter-2: 21.05/9.57 | Iter-3: 21.52/10.03 | Iter-4: 20.92/9.96 | 
Iter-0: 19.33/7.67 | Iter-1: 22.62/10.96 | Iter-2: 21.15/9.5 | Iter-3: 21.5/9.85 | Iter-4: 18.1/9.84 | 
Iter-0: 19.15/7.65 | Iter-1: 22.48/10.98 | Iter-2: 21.0/9.5 | Iter-3: 21.4/9.91 | Iter-4: 19.99/9.85 | 
(2424, 20)
('All:', 0.19910475797579755, 0.0, 0.1990236523652365, 0.1990236523652365, 0.7582445689392002)
prob_mse: 0.166766666667, running time: 489.32346797
10.0 ~~~~~~~~~~~~~~~~~~~~~~~~~~~~~~~~~~~~~~~~~~~~~~~~~~~~~~~~~~~~~~~`
dataset: facebook method: CSL-Plus, #attack_edge:10000,T:10,test_ratio: 0.3,perturbation:90
/network/rit/lab/ceashpc/adil/data/adv_csl/Jan2/structure/facebook/facebook-attackedges-10000-T-10-testratio-0.3-swap_ratio-0.01-perturbation-90-realization-0-data-X20-SF4.pkl
#Rule:371322 Nodes:8078 Edges:371322
0 Creating 10 consumers










1 Creating 10 consumers

Iter-0: 19.71/8.08 | Iter-1: 13.71/7.39 | Iter-2: 10.75/4.31 | Iter-3: 11.32/5.06 | Iter-4: 11.4/5.1 | 
Iter-0: 19.06/7.44 | Iter-1: 22.73/11.03 | Iter-2: 20.31/8.39 | Iter-3: 16.2/9.97 | Iter-4: 11.31/5.1 | 
Iter-0: 19.36/7.65 | Iter-1: 22.5/10.74 | Iter-2: 20.24/8.25 | Iter-3: 13.62/7.31 | Iter-4: 11.32/5.03 | 
Iter-0: 17.34/5.59 | Iter-1: 22.9/11.13 | Iter-2: 20.39/8.43 | Iter-3: 21.81/10.07 | Iter-4: 15.45/9.24 | 
Iter-0: 19.47/7.71 | Iter-1: 22.56/10.78 | Iter-2: 20.36/8.27 | Iter-3: 21.3/9.64 | Iter-4: 11.19/4.96 | 
Iter-0: 19.28/7.6 | Iter-1: 22.66/10.89 | Iter-2: 20.3/8.3 | Iter-3: 21.53/9.78 | Iter-4: 17.08/9.9 | 
Iter-0: 19.46/7.67 | Iter-1: 22.52/10.68 | Iter-2: 20.28/8.22 | Iter-3: 21.36/9.49 | Iter-4: 14.45/8.22 | 
Iter-0: 19.15/7.58 | Iter-1: 22.48/10.82 | Iter-2: 20.14/8.25 | Iter-3: 21.41/9.74 | Iter-4: 20.95/9.88 | 
Iter-0: 19.32/7.64 | Iter-1: 22.4/10.68 | Iter-2: 20.15/8.19 | Iter-3: 21.28/9.56 | Iter-4: 19.26/9.74 | 
2 Creating 10 consumers
Iter-0: 17.59/6.04 | Iter-1: 23.09/11.45 | Iter-2: 21.17/9.55 | Iter-3: 21.99/10.33 | Iter-4: 21.97/10.32 | 
Iter-0: 19.25/7.71 | Iter-1: 22.94/11.38 | Iter-2: 21.04/9.5 | Iter-3: 21.88/10.28 | Iter-4: 21.82/10.22 | 
Iter-0: 19.19/7.65 | Iter-1: 22.79/11.26 | Iter-2: 20.96/9.42 | Iter-3: 21.76/10.18 | Iter-4: 21.75/10.14 | 
Iter-0: 19.08/7.7 | Iter-1: 22.5/11.13 | Iter-2: 20.7/9.34 | Iter-3: 21.44/10.03 | Iter-4: 21.47/10.03 | 
Iter-0: 19.2/7.62 | Iter-1: 22.87/11.27 | Iter-2: 21.0/9.4 | Iter-3: 21.79/10.16 | Iter-4: 21.8/10.14 | 
Iter-0: 19.1/7.74 | Iter-1: 22.5/11.14 | Iter-2: 20.71/9.36 | Iter-3: 21.46/10.04 | Iter-4: 21.37/10.06 | 
Iter-0: 19.29/7.68 | Iter-1: 22.67/11.09 | Iter-2: 20.88/9.31 | Iter-3: 21.6/9.97 | Iter-4: 20.63/10.01 | 
Iter-0: 19.51/7.79 | Iter-1: 22.85/11.14 | Iter-2: 21.04/9.33 | Iter-3: 21.68/9.91 | Iter-4: 17.83/10.04 | 
Iter-0: 19.39/7.73 | Iter-1: 22.73/11.09 | Iter-2: 20.89/9.27 | Iter-3: 21.59/9.9 | Iter-4: 19.44/9.94 | 
Iter-0: 19.39/7.71 | Iter-1: 22.79/11.12 | Iter-2: 20.93/9.28 | Iter-3: 21.65/9.93 | Iter-4: 20.25/9.94 | 
3 Creating 10 consumers
Iter-0: 18.14/6.52 | Iter-1: 23.03/11.38 | Iter-2: 21.45/9.81 | Iter-3: 21.99/10.33 | Iter-4: 21.85/10.17 | 
Iter-0: 19.09/7.55 | Iter-1: 22.82/11.27 | Iter-2: 21.26/9.71 | Iter-3: 21.78/10.22 | Iter-4: 21.63/10.05 | 
Iter-0: 18.33/6.76 | Iter-1: 22.82/11.21 | Iter-2: 21.22/9.62 | Iter-3: 21.8/10.19 | Iter-4: 21.68/10.06 | 
Iter-0: 19.24/7.64 | Iter-1: 22.91/11.27 | Iter-2: 21.33/9.7 | Iter-3: 21.86/10.23 | Iter-4: 21.72/10.06 | 
Iter-0: 19.29/7.65 | Iter-1: 22.68/11.03 | Iter-2: 21.13/9.49 | Iter-3: 21.6/9.96 | Iter-4: 19.82/9.93 | 
Iter-0: 19.41/7.68 | Iter-1: 22.83/11.1 | Iter-2: 21.28/9.56 | Iter-3: 21.75/10.02 | Iter-4: 18.66/9.99 | 
Iter-0: 19.2/7.6 | Iter-1: 22.85/11.21 | Iter-2: 21.28/9.65 | Iter-3: 21.78/10.14 | Iter-4: 21.67/10.08 | 
Iter-0: 19.39/7.7 | Iter-1: 22.73/11.04 | Iter-2: 21.2/9.48 | Iter-3: 21.61/9.89 | Iter-4: 18.64/9.87 | 
Iter-0: 19.41/7.7 | Iter-1: 22.79/11.08 | Iter-2: 21.22/9.51 | Iter-3: 21.67/9.96 | Iter-4: 19.34/9.9 | 
Iter-0: 19.35/7.66 | Iter-1: 22.73/11.02 | Iter-2: 21.17/9.48 | Iter-3: 21.59/9.86 | Iter-4: 19.79/9.86 | 
4 Creating 10 consumers
Iter-0: 16.96/5.3 | Iter-1: 23.38/11.36 | Iter-2: 21.52/9.8 | Iter-3: 22.02/10.32 | Iter-4: 21.74/10.15 | 
Iter-0: 18.57/6.96 | Iter-1: 23.16/11.27 | Iter-2: 21.41/9.76 | Iter-3: 21.87/10.24 | Iter-4: 21.73/10.09 | 
Iter-0: 18.89/7.23 | Iter-1: 23.26/11.33 | Iter-2: 21.45/9.79 | Iter-3: 21.97/10.31 | Iter-4: 21.73/10.08 | 
Iter-0: 19.15/7.64 | Iter-1: 22.93/11.16 | Iter-2: 21.14/9.6 | Iter-3: 21.66/10.14 | Iter-4: 21.56/10.02 | 
Iter-0: 19.2/7.67 | Iter-1: 22.84/11.1 | Iter-2: 21.09/9.59 | Iter-3: 21.6/10.08 | Iter-4: 21.08/10.0 | 
Iter-0: 19.19/7.58 | Iter-1: 23.08/11.18 | Iter-2: 21.25/9.63 | Iter-3: 21.76/10.14 | Iter-4: 21.71/10.07 | 
Iter-0: 19.39/7.65 | Iter-1: 23.02/11.04 | Iter-2: 21.29/9.56 | Iter-3: 21.76/10.0 | Iter-4: 19.36/9.92 | 
Iter-0: 19.55/7.75 | Iter-1: 23.06/11.06 | Iter-2: 21.31/9.58 | Iter-3: 21.68/9.94 | Iter-4: 17.09/9.93 | 
Iter-0: 19.4/7.7 | Iter-1: 23.03/11.07 | Iter-2: 21.25/9.55 | Iter-3: 21.7/9.96 | Iter-4: 18.96/9.88 | 
Iter-0: 19.33/7.65 | Iter-1: 22.92/11.01 | Iter-2: 21.17/9.5 | Iter-3: 21.58/9.89 | Iter-4: 20.23/9.84 | 
(2424, 20)
('All:', 0.2033940319031903, 0.0, 0.2033140814081408, 0.2033140814081408, 0.7541191904357225)
prob_mse: 0.166766666667, running time: 491.476708889
11.0 ~~~~~~~~~~~~~~~~~~~~~~~~~~~~~~~~~~~~~~~~~~~~~~~~~~~~~~~~~~~~~~~`
dataset: facebook method: CSL-Plus, #attack_edge:10000,T:10,test_ratio: 0.3,perturbation:100
/network/rit/lab/ceashpc/adil/data/adv_csl/Jan2/structure/facebook/facebook-attackedges-10000-T-10-testratio-0.3-swap_ratio-0.01-perturbation-100-realization-0-data-X20-SF4.pkl
#Rule:371130 Nodes:8078 Edges:371130
0 Creating 10 consumers










1 Creating 10 consumers

Iter-0: 19.31/7.74 | Iter-1: 13.31/7.09 | Iter-2: 10.58/4.21 | Iter-3: 11.2/5.02 | Iter-4: 11.33/5.1 | 
Iter-0: 19.35/7.75 | Iter-1: 22.81/11.19 | Iter-2: 20.26/8.42 | Iter-3: 13.93/7.74 | Iter-4: 11.32/5.15 | 
Iter-0: 19.45/7.76 | Iter-1: 22.53/10.86 | Iter-2: 20.14/8.26 | Iter-3: 11.97/5.77 | Iter-4: 11.23/5.03 | 
Iter-0: 18.31/6.74 | Iter-1: 22.71/11.13 | Iter-2: 20.21/8.38 | Iter-3: 21.52/9.94 | Iter-4: 21.62/10.07 | 
Iter-0: 19.21/7.67 | Iter-1: 22.53/10.97 | Iter-2: 20.07/8.3 | Iter-3: 21.33/9.78 | Iter-4: 20.86/9.93 | 
Iter-0: 19.49/7.81 | Iter-1: 22.47/10.82 | Iter-2: 20.11/8.24 | Iter-3: 21.26/9.61 | Iter-4: 18.48/9.79 | 
Iter-0: 19.71/8.14 | Iter-1: 22.57/10.99 | Iter-2: 20.12/8.3 | Iter-3: 21.38/9.8 | Iter-4: 21.49/9.93 | 
Iter-0: 19.42/7.8 | Iter-1: 22.38/10.75 | Iter-2: 20.09/8.26 | Iter-3: 21.15/9.54 | Iter-4: 18.76/9.73 | 
Iter-0: 19.5/7.85 | Iter-1: 22.49/10.84 | Iter-2: 20.14/8.28 | Iter-3: 21.28/9.64 | Iter-4: 19.96/9.77 | 
2 Creating 10 consumers
Iter-0: 19.26/7.73 | Iter-1: 23.04/11.5 | Iter-2: 21.13/9.57 | Iter-3: 21.89/10.33 | Iter-4: 21.84/10.27 | 
Iter-0: 19.36/7.76 | Iter-1: 23.08/11.48 | Iter-2: 21.17/9.55 | Iter-3: 21.9/10.28 | Iter-4: 21.85/10.23 | 
Iter-0: 19.57/8.1 | Iter-1: 22.91/11.44 | Iter-2: 20.97/9.5 | Iter-3: 21.72/10.25 | Iter-4: 21.66/10.21 | 
Iter-0: 19.29/7.73 | Iter-1: 22.9/11.33 | Iter-2: 21.06/9.48 | Iter-3: 21.69/10.11 | Iter-4: 21.7/10.1 | 
Iter-0: 19.33/7.89 | Iter-1: 22.8/11.37 | Iter-2: 20.91/9.48 | Iter-3: 21.61/10.18 | Iter-4: 21.3/10.13 | 
Iter-0: 19.48/7.82 | Iter-1: 22.92/11.27 | Iter-2: 21.07/9.41 | Iter-3: 21.73/10.05 | Iter-4: 19.94/10.04 | 
Iter-0: 19.29/7.79 | Iter-1: 22.75/11.22 | Iter-2: 20.92/9.39 | Iter-3: 21.56/10.01 | Iter-4: 21.24/10.04 | 
Iter-0: 19.55/7.85 | Iter-1: 22.89/11.22 | Iter-2: 21.05/9.36 | Iter-3: 21.67/9.97 | Iter-4: 19.89/9.98 | 
Iter-0: 19.49/7.86 | Iter-1: 22.75/11.15 | Iter-2: 20.95/9.33 | Iter-3: 21.54/9.9 | Iter-4: 19.65/9.96 | 
Iter-0: 19.51/7.95 | Iter-1: 22.87/11.3 | Iter-2: 21.03/9.45 | Iter-3: 21.67/10.07 | Iter-4: 20.26/10.11 | 
3 Creating 10 consumers
Iter-0: 18.03/6.47 | Iter-1: 23.08/11.44 | Iter-2: 21.68/9.81 | Iter-3: 21.95/10.3 | Iter-4: 21.83/10.17 | 
Iter-0: 19.25/7.73 | Iter-1: 22.93/11.37 | Iter-2: 21.53/9.73 | Iter-3: 21.79/10.23 | Iter-4: 21.66/10.07 | 
Iter-0: 19.25/7.7 | Iter-1: 22.88/11.3 | Iter-2: 21.47/9.64 | Iter-3: 21.76/10.19 | Iter-4: 21.61/10.03 | 
Iter-0: 19.26/7.72 | Iter-1: 22.92/11.34 | Iter-2: 21.55/9.72 | Iter-3: 21.79/10.21 | Iter-4: 21.65/10.05 | 
Iter-0: 19.35/7.76 | Iter-1: 22.83/11.24 | Iter-2: 21.39/9.59 | Iter-3: 21.65/10.07 | Iter-4: 20.77/10.05 | 
Iter-0: 19.16/7.77 | Iter-1: 22.5/11.11 | Iter-2: 21.17/9.52 | Iter-3: 21.37/9.97 | Iter-4: 21.33/9.91 | 
Iter-0: 19.54/7.86 | Iter-1: 22.86/11.16 | Iter-2: 21.51/9.59 | Iter-3: 21.63/9.94 | Iter-4: 17.91/9.94 | 
Iter-0: 19.39/7.77 | Iter-1: 22.82/11.2 | Iter-2: 21.43/9.6 | Iter-3: 21.68/10.05 | Iter-4: 20.78/10.04 | 
Iter-0: 19.19/7.81 | Iter-1: 22.5/11.1 | Iter-2: 21.13/9.53 | Iter-3: 21.35/9.94 | Iter-4: 21.28/9.89 | 
Iter-0: 19.44/7.81 | Iter-1: 22.73/11.11 | Iter-2: 21.36/9.52 | Iter-3: 21.55/9.92 | Iter-4: 19.82/9.89 | 
4 Creating 10 consumers
Iter-0: 18.8/7.22 | Iter-1: 23.06/11.47 | Iter-2: 21.43/9.87 | Iter-3: 21.95/10.36 | Iter-4: 21.78/10.19 | 
Iter-0: 19.27/7.76 | Iter-1: 23.01/11.46 | Iter-2: 21.35/9.84 | Iter-3: 21.88/10.34 | Iter-4: 21.69/10.12 | 
Iter-0: 19.46/7.85 | Iter-1: 23.31/11.68 | Iter-2: 21.61/10.02 | Iter-3: 22.13/10.52 | Iter-4: 21.98/10.36 | 
Iter-0: 19.13/7.51 | Iter-1: 23.09/11.44 | Iter-2: 21.41/9.8 | Iter-3: 21.97/10.34 | Iter-4: 21.87/10.2 | 
Iter-0: 19.44/7.83 | Iter-1: 22.85/11.27 | Iter-2: 21.25/9.68 | Iter-3: 21.72/10.15 | Iter-4: 20.59/10.03 | 
Iter-0: 19.52/7.84 | Iter-1: 23.02/11.34 | Iter-2: 21.39/9.74 | Iter-3: 21.81/10.16 | Iter-4: 20.03/10.07 | 
Iter-0: 19.57/7.89 | Iter-1: 22.93/11.24 | Iter-2: 21.33/9.67 | Iter-3: 21.72/10.06 | Iter-4: 19.14/9.99 | 
Iter-0: 19.34/7.81 | Iter-1: 22.83/11.3 | Iter-2: 21.23/9.7 | Iter-3: 21.64/10.1 | Iter-4: 21.03/10.07 | 
Iter-0: 19.45/7.95 | Iter-1: 22.87/11.33 | Iter-2: 21.26/9.74 | Iter-3: 21.63/10.11 | Iter-4: 20.18/10.08 | 
Iter-0: 19.63/7.93 | Iter-1: 22.98/11.24 | Iter-2: 21.4/9.7 | Iter-3: 21.74/10.04 | Iter-4: 19.13/10.02 | 
(2424, 20)
('All:', 0.20500998349834978, 0.0, 0.20492986798679869, 0.20492986798679869, 0.7553568039867657)
prob_mse: 0.166766666667, running time: 492.418887138
