

--------------------------------------------------
--------------------------------------------------

-------------------Thu, 18 Jul 2019 11:41:30 PM EDT---------------------

0 ~~~~~~~~~~~~~~~~~~~~~~~~~~~~~~~~~~~~~~~~~~~~~~~~~~~~~~~~~~~~~~~`
dataset: facebook method: CSL-Plus, #attack_edge:10000,T:10,test_ratio: 0.3,gamma:0.0
/network/rit/lab/ceashpc/adil/data/adv_csl/Jan2/random_pgd/facebook/facebook-attackedges-10000-T-10-testratio-0.3-swap_ratio-0.01-gamma-0.0-realization-0-data-X.pkl
#Rule:372936 Nodes:8078 Edges:372936
0 Creating 10 consumers










1 Creating 10 consumers
Iter-0: 15.86/6.44 | Iter-1: 19.92/10.32 | Iter-2: 17.18/7.93 | 
Iter-0: 29.57/12.28 | Iter-1: 36.73/19.52 | 
Iter-0: 15.6/6.37 | Iter-1: 19.84/10.26 | Iter-2: 17.32/7.88 | Iter-3: 18.47/9.04 | Iter-4: 18.83/9.38 | 
Iter-0: 29.74/12.22 | Iter-1: 37.06/19.22 | 
Iter-0: 29.78/12.23 | Iter-1: 37.18/19.24 | 
Iter-0: 29.12/12.16 | Iter-1: 37.03/19.54 | 
Iter-0: 29.43/12.27 | Iter-1: 37.13/19.52 | 
Iter-0: 29.31/12.26 | Iter-1: 37.17/19.66 | Iter-2: 19.27/9.86 | 
Iter-0: 28.99/11.48 | Iter-1: 37.72/19.88 | Iter-2: 29.43/15.32 | Iter-3: 18.02/9.14 | Iter-4: 18.06/9.2 | 
Iter-0: 29.56/12.3 | Iter-1: 37.18/19.45 | Iter-2: 27.39/15.09 | Iter-3: 17.94/8.9 | Iter-4: 17.93/8.91 | 
2 Creating 10 consumers
Iter-0: 15.6/6.38 | 
Iter-0: 15.51/6.35 | 
Iter-0: 29.26/12.23 | 
Iter-0: 29.63/12.22 | 
Iter-0: 29.33/12.19 | 
Iter-0: 29.42/12.15 | 
Iter-0: 29.09/11.72 | Iter-1: 23.7/14.57 | 
Iter-0: 28.98/12.14 | Iter-1: 23.08/13.94 | 
Iter-0: 29.47/12.32 | Iter-1: 32.52/19.9 | 
Iter-0: 29.3/12.26 | Iter-1: 31.67/19.94 | 
3 Creating 10 consumers
Iter-0: 15.59/6.42 | 
Iter-0: 20.44/11.21 | 
Iter-0: 29.61/12.26 | 
Iter-0: 29.61/12.26 | 
Iter-0: 29.46/12.23 | 
Iter-0: 30.14/12.16 | 
Iter-0: 29.62/12.35 | Iter-1: 22.81/13.44 | 
Iter-0: 15.66/6.45 | Iter-1: 35.75/17.79 | 
Iter-0: 29.4/12.24 | Iter-1: 28.06/18.68 | 
Iter-0: 29.6/12.35 | Iter-1: 32.55/20.05 | 
prob_mse: 0.0907093509351, running time: 346.345670223
1.0 ~~~~~~~~~~~~~~~~~~~~~~~~~~~~~~~~~~~~~~~~~~~~~~~~~~~~~~~~~~~~~~~`
dataset: facebook method: CSL-Plus, #attack_edge:10000,T:10,test_ratio: 0.3,gamma:0.01
/network/rit/lab/ceashpc/adil/data/adv_csl/Jan2/random_pgd/facebook/facebook-attackedges-10000-T-10-testratio-0.3-swap_ratio-0.01-gamma-0.01-realization-0-data-X.pkl
#Rule:372936 Nodes:8078 Edges:372936
0 Creating 10 consumers










1 Creating 10 consumers
Iter-0: 20.76/11.62 | Iter-1: 21.74/12.59 | Iter-2: 20.97/11.81 | Iter-3: 20.39/11.2 | Iter-4: 19.91/10.73 | 
Iter-0: 20.92/11.8 | Iter-1: 22.12/12.97 | Iter-2: 21.33/12.16 | Iter-3: 20.71/11.53 | Iter-4: 20.31/11.13 | 
Iter-0: 39.08/22.14 | Iter-1: 41.44/24.39 | Iter-2: 31.42/22.29 | Iter-3: 20.25/11.14 | Iter-4: 19.93/10.83 | 
Iter-0: 39.69/22.51 | Iter-1: 42.06/24.79 | Iter-2: 29.03/19.87 | Iter-3: 20.54/11.44 | Iter-4: 20.12/10.98 | 
Iter-0: 39.21/22.43 | Iter-1: 41.53/24.66 | Iter-2: 33.16/22.98 | Iter-3: 20.6/11.4 | Iter-4: 20.19/10.95 | 
Iter-0: 39.2/22.42 | Iter-1: 41.77/24.89 | Iter-2: 32.45/22.9 | Iter-3: 20.49/11.36 | Iter-4: 20.06/10.9 | 
Iter-0: 39.18/21.8 | Iter-1: 42.44/25.07 | Iter-2: 39.69/22.28 | Iter-3: 37.99/21.12 | Iter-4: 19.52/10.44 | 
Iter-0: 39.5/22.34 | Iter-1: 42.19/25.02 | Iter-2: 39.94/22.83 | Iter-3: 35.08/21.76 | Iter-4: 20.03/10.92 | 
Iter-0: 39.38/22.2 | Iter-1: 41.62/24.48 | Iter-2: 39.96/22.87 | Iter-3: 31.97/21.76 | Iter-4: 19.85/10.86 | 
Iter-0: 39.58/22.21 | Iter-1: 41.91/24.56 | Iter-2: 40.16/22.8 | Iter-3: 34.24/21.65 | Iter-4: 19.82/10.87 | 
2 Creating 10 consumers
Iter-0: 20.85/11.73 | Iter-1: 21.61/12.45 | Iter-2: 20.05/10.92 | Iter-3: 19.53/10.38 | Iter-4: 19.72/10.58 | 
Iter-0: 20.89/11.79 | Iter-1: 21.7/12.53 | Iter-2: 20.16/11.02 | Iter-3: 19.72/10.55 | Iter-4: 19.85/10.7 | 
Iter-0: 38.77/21.17 | Iter-1: 40.94/23.29 | Iter-2: 30.68/20.41 | Iter-3: 19.32/10.12 | Iter-4: 19.87/10.66 | 
Iter-0: 38.97/21.67 | Iter-1: 40.9/23.55 | Iter-2: 31.53/20.62 | Iter-3: 19.57/10.49 | Iter-4: 19.52/10.43 | 
Iter-0: 39.8/22.29 | Iter-1: 41.39/23.84 | Iter-2: 27.75/18.68 | Iter-3: 19.39/10.33 | Iter-4: 19.74/10.6 | 
Iter-0: 39.64/22.05 | Iter-1: 41.27/23.66 | Iter-2: 25.93/16.84 | Iter-3: 19.32/10.25 | Iter-4: 20.14/10.99 | 
Iter-0: 39.23/22.08 | Iter-1: 40.89/23.65 | Iter-2: 37.95/20.73 | Iter-3: 33.74/19.54 | Iter-4: 19.38/10.46 | 
Iter-0: 38.94/22.2 | Iter-1: 40.7/23.92 | Iter-2: 37.72/20.98 | Iter-3: 32.57/19.89 | Iter-4: 19.35/10.5 | 
Iter-0: 39.45/22.56 | Iter-1: 41.1/24.14 | Iter-2: 38.09/21.16 | Iter-3: 30.59/19.85 | Iter-4: 19.29/10.49 | 
Iter-0: 39.84/22.42 | Iter-1: 41.52/24.04 | Iter-2: 38.52/21.07 | Iter-3: 29.5/19.86 | Iter-4: 19.27/10.5 | 
3 Creating 10 consumers
Iter-0: 20.73/11.63 | Iter-1: 21.61/12.47 | Iter-2: 20.1/11.0 | Iter-3: 19.5/10.39 | Iter-4: 19.78/10.66 | 
Iter-0: 20.67/11.55 | Iter-1: 21.41/12.25 | Iter-2: 32.48/15.5 | Iter-3: 33.9/19.29 | Iter-4: 19.75/10.61 | 
Iter-0: 38.88/21.95 | Iter-1: 21.7/12.55 | Iter-2: 20.15/11.04 | Iter-3: 19.4/10.26 | Iter-4: 20.13/11.01 | 
Iter-0: 39.24/22.15 | Iter-1: 40.87/23.74 | Iter-2: 30.42/20.88 | Iter-3: 19.59/10.42 | Iter-4: 20.0/10.82 | 
Iter-0: 38.88/21.51 | Iter-1: 40.56/23.39 | Iter-2: 33.26/20.67 | Iter-3: 26.69/17.59 | Iter-4: 19.58/10.48 | 
Iter-0: 39.32/21.97 | Iter-1: 40.7/23.28 | Iter-2: 37.83/20.43 | Iter-3: 25.64/16.57 | Iter-4: 19.54/10.46 | 
Iter-0: 39.09/22.09 | Iter-1: 40.74/23.69 | Iter-2: 38.34/20.78 | Iter-3: 23.57/14.48 | Iter-4: 19.61/10.51 | 
Iter-0: 39.3/21.94 | Iter-1: 40.95/23.55 | Iter-2: 38.15/20.72 | Iter-3: 21.07/12.0 | Iter-4: 19.64/10.71 | 
Iter-0: 38.6/22.01 | Iter-1: 40.21/23.57 | Iter-2: 37.41/20.72 | Iter-3: 36.35/19.66 | Iter-4: 19.68/11.07 | 
Iter-0: 38.93/22.23 | Iter-1: 40.55/23.79 | Iter-2: 37.7/20.92 | Iter-3: 36.19/19.96 | Iter-4: 18.91/10.3 | 
4 Creating 10 consumers
Iter-0: 20.77/11.68 | Iter-1: 21.53/12.38 | Iter-2: 20.01/10.87 | 
Iter-0: 20.82/11.73 | Iter-1: 21.67/12.57 | Iter-2: 20.22/11.11 | Iter-3: 30.37/12.48 | Iter-4: 38.12/20.23 | 
Iter-0: 39.52/22.15 | Iter-1: 35.12/23.69 | Iter-2: 20.14/11.05 | Iter-3: 19.53/10.42 | Iter-4: 19.92/10.8 | 
Iter-0: 38.76/22.13 | Iter-1: 40.2/23.67 | Iter-2: 20.04/10.94 | Iter-3: 19.52/10.38 | Iter-4: 19.82/10.69 | 
Iter-0: 39.06/22.34 | Iter-1: 39.85/23.91 | Iter-2: 20.04/10.94 | Iter-3: 19.56/10.45 | Iter-4: 19.81/10.65 | 
Iter-0: 38.91/21.59 | Iter-1: 41.03/23.44 | Iter-2: 38.46/20.47 | Iter-3: 28.41/19.2 | Iter-4: 19.74/10.58 | 
Iter-0: 39.02/21.98 | Iter-1: 40.41/23.29 | Iter-2: 37.59/20.49 | Iter-3: 30.37/19.26 | Iter-4: 19.61/10.53 | 
Iter-0: 39.4/22.29 | Iter-1: 40.97/23.82 | Iter-2: 38.06/20.95 | Iter-3: 30.29/20.21 | Iter-4: 19.55/10.53 | 
Iter-0: 39.1/22.01 | Iter-1: 40.69/23.56 | Iter-2: 37.89/20.76 | Iter-3: 27.76/18.68 | Iter-4: 19.67/10.66 | 
Iter-0: 39.25/22.11 | Iter-1: 40.86/23.71 | Iter-2: 38.1/20.94 | Iter-3: 27.05/18.0 | Iter-4: 19.73/10.91 | 
prob_mse: 0.356323762376, running time: 782.556318998
2.0 ~~~~~~~~~~~~~~~~~~~~~~~~~~~~~~~~~~~~~~~~~~~~~~~~~~~~~~~~~~~~~~~`
dataset: facebook method: CSL-Plus, #attack_edge:10000,T:10,test_ratio: 0.3,gamma:0.03
/network/rit/lab/ceashpc/adil/data/adv_csl/Jan2/random_pgd/facebook/facebook-attackedges-10000-T-10-testratio-0.3-swap_ratio-0.01-gamma-0.03-realization-0-data-X.pkl
#Rule:372936 Nodes:8078 Edges:372936
0 Creating 10 consumers










1 Creating 10 consumers

Iter-0: 20.84/11.71 | Iter-1: 22.85/13.71 | Iter-2: 20.73/11.5 | Iter-3: 21.43/12.29 | Iter-4: 21.05/11.93 | 
Iter-0: 20.78/11.67 | Iter-1: 22.73/13.62 | Iter-2: 20.99/11.76 | Iter-3: 21.7/12.57 | Iter-4: 21.42/12.27 | 
Iter-0: 39.01/22.06 | Iter-1: 27.65/18.52 | Iter-2: 20.99/11.72 | Iter-3: 21.75/12.52 | Iter-4: 21.56/12.36 | 
Iter-0: 39.23/22.08 | Iter-1: 42.16/24.97 | Iter-2: 32.7/22.15 | Iter-3: 21.36/12.27 | Iter-4: 21.24/12.19 | 
Iter-0: 39.19/22.05 | Iter-1: 42.41/25.21 | Iter-2: 33.31/22.11 | Iter-3: 21.43/12.34 | Iter-4: 21.29/12.2 | 
Iter-0: 39.18/21.94 | Iter-1: 42.63/25.38 | Iter-2: 29.65/20.42 | Iter-3: 21.48/12.4 | Iter-4: 21.24/12.2 | 
Iter-0: 39.39/22.04 | Iter-1: 42.9/25.49 | Iter-2: 29.79/20.62 | Iter-3: 21.52/12.47 | Iter-4: 21.19/12.28 | 
Iter-0: 38.53/22.13 | Iter-1: 34.78/17.23 | Iter-2: 40.07/22.36 | Iter-3: 28.93/19.86 | Iter-4: 20.86/12.2 | 
Iter-0: 38.97/21.98 | Iter-1: 42.68/25.18 | Iter-2: 39.9/22.21 | Iter-3: 24.2/15.05 | Iter-4: 20.64/12.1 | 
2 Creating 10 consumers
Iter-0: 20.77/11.53 | Iter-1: 22.27/13.17 | Iter-2: 20.67/11.58 | Iter-3: 19.65/10.55 | Iter-4: 20.69/11.61 | 
Iter-0: 21.17/11.68 | Iter-1: 22.48/13.32 | Iter-2: 20.86/11.72 | Iter-3: 20.14/11.0 | Iter-4: 20.74/11.59 | 
Iter-0: 39.06/21.92 | Iter-1: 42.27/25.31 | Iter-2: 30.73/21.65 | Iter-3: 19.69/10.62 | Iter-4: 20.62/11.55 | 
Iter-0: 39.03/21.94 | Iter-1: 42.36/25.49 | Iter-2: 29.65/20.57 | Iter-3: 19.74/10.67 | Iter-4: 20.67/11.62 | 
Iter-0: 39.47/22.1 | Iter-1: 42.84/25.66 | Iter-2: 28.16/19.06 | Iter-3: 19.79/10.72 | Iter-4: 20.73/11.64 | 
Iter-0: 38.59/20.98 | Iter-1: 42.75/25.39 | Iter-2: 39.16/22.26 | Iter-3: 25.87/16.75 | Iter-4: 20.88/11.75 | 
Iter-0: 39.36/22.08 | Iter-1: 42.83/25.74 | Iter-2: 27.3/18.22 | Iter-3: 24.75/10.69 | Iter-4: 26.24/17.19 | 
Iter-0: 39.05/21.97 | Iter-1: 42.3/25.43 | Iter-2: 39.26/22.28 | Iter-3: 36.04/20.52 | Iter-4: 20.42/11.65 | 
Iter-0: 39.44/21.77 | Iter-1: 42.84/25.41 | Iter-2: 39.07/21.62 | Iter-3: 31.51/20.26 | Iter-4: 20.28/11.49 | 
Iter-0: 39.45/22.13 | Iter-1: 42.82/25.71 | Iter-2: 39.84/22.57 | Iter-3: 32.97/20.55 | Iter-4: 20.3/11.54 | 
3 Creating 10 consumers
Iter-0: 21.1/11.84 | Iter-1: 22.64/13.15 | Iter-2: 20.86/11.74 | Iter-3: 20.36/11.23 | Iter-4: 20.35/11.24 | 
Iter-0: 20.98/11.67 | Iter-1: 22.68/13.2 | Iter-2: 20.99/11.84 | Iter-3: 20.18/11.01 | Iter-4: 21.72/11.3 | 
Iter-0: 39.25/22.1 | Iter-1: 42.7/25.25 | Iter-2: 31.95/22.51 | Iter-3: 20.22/11.11 | Iter-4: 20.46/11.29 | 
Iter-0: 38.94/22.24 | Iter-1: 42.44/25.47 | Iter-2: 29.97/20.89 | Iter-3: 20.15/11.05 | Iter-4: 20.3/11.24 | 
Iter-0: 38.9/22.17 | Iter-1: 42.49/25.47 | Iter-2: 29.39/20.28 | Iter-3: 20.11/10.96 | Iter-4: 20.59/11.45 | 
Iter-0: 39.49/22.18 | Iter-1: 43.14/25.51 | Iter-2: 27.57/18.4 | Iter-3: 20.21/11.04 | Iter-4: 20.4/11.29 | 
Iter-0: 38.2/20.78 | Iter-1: 42.29/24.49 | Iter-2: 39.37/21.87 | Iter-3: 37.45/20.03 | Iter-4: 19.94/11.07 | 
Iter-0: 38.91/22.14 | Iter-1: 42.3/25.21 | Iter-2: 39.35/22.53 | Iter-3: 35.59/20.87 | Iter-4: 19.74/10.9 | 
Iter-0: 38.8/21.99 | Iter-1: 42.33/25.2 | Iter-2: 39.37/22.52 | Iter-3: 34.39/20.89 | Iter-4: 19.93/10.98 | 
Iter-0: 39.45/21.86 | Iter-1: 43.07/25.15 | Iter-2: 40.09/22.39 | Iter-3: 31.59/20.31 | Iter-4: 19.82/11.12 | 
4 Creating 10 consumers
Iter-0: 20.61/11.53 | Iter-1: 22.08/12.96 | Iter-2: 20.92/11.65 | Iter-3: 19.74/10.62 | Iter-4: 20.42/11.29 | 
Iter-0: 20.67/11.57 | Iter-1: 22.3/13.2 | Iter-2: 21.09/11.8 | Iter-3: 20.19/11.06 | Iter-4: 20.31/11.21 | 
Iter-0: 38.34/21.07 | Iter-1: 42.25/24.83 | Iter-2: 32.54/22.17 | Iter-3: 19.99/10.91 | Iter-4: 20.25/11.16 | 
Iter-0: 38.95/21.97 | Iter-1: 42.19/25.11 | Iter-2: 30.68/21.43 | Iter-3: 19.92/10.84 | Iter-4: 20.27/11.17 | 
Iter-0: 39.28/22.05 | Iter-1: 42.69/25.39 | Iter-2: 27.85/18.49 | Iter-3: 20.16/11.02 | Iter-4: 20.55/11.35 | 
Iter-0: 39.53/21.95 | Iter-1: 43.0/25.35 | Iter-2: 27.89/18.67 | Iter-3: 19.75/10.72 | Iter-4: 20.49/11.4 | 
Iter-0: 39.24/22.09 | Iter-1: 42.31/25.1 | Iter-2: 39.77/22.42 | Iter-3: 36.58/21.26 | Iter-4: 20.09/11.05 | 
Iter-0: 38.99/22.28 | Iter-1: 42.35/25.62 | Iter-2: 39.82/22.86 | Iter-3: 33.36/21.17 | Iter-4: 20.14/11.15 | 
Iter-0: 38.95/21.8 | Iter-1: 42.19/25.02 | Iter-2: 39.7/22.34 | Iter-3: 32.79/20.63 | Iter-4: 20.12/11.14 | 
Iter-0: 38.81/22.12 | Iter-1: 42.14/25.42 | Iter-2: 39.67/22.74 | Iter-3: 32.24/20.7 | Iter-4: 20.32/11.32 | 
prob_mse: 0.482276182618, running time: 791.300672054
3.0 ~~~~~~~~~~~~~~~~~~~~~~~~~~~~~~~~~~~~~~~~~~~~~~~~~~~~~~~~~~~~~~~`
dataset: facebook method: CSL-Plus, #attack_edge:10000,T:10,test_ratio: 0.3,gamma:0.05
/network/rit/lab/ceashpc/adil/data/adv_csl/Jan2/random_pgd/facebook/facebook-attackedges-10000-T-10-testratio-0.3-swap_ratio-0.01-gamma-0.05-realization-0-data-X.pkl
#Rule:372936 Nodes:8078 Edges:372936
0 Creating 10 consumers










1 Creating 10 consumers

Iter-0: 20.75/11.58 | Iter-1: 23.31/14.11 | Iter-2: 21.08/11.89 | Iter-3: 21.69/12.52 | Iter-4: 21.38/12.2 | 
Iter-0: 35.28/22.07 | Iter-1: 22.78/13.6 | Iter-2: 20.83/11.67 | Iter-3: 21.7/12.53 | Iter-4: 21.35/12.17 | 
Iter-0: 39.28/22.04 | Iter-1: 34.64/25.43 | Iter-2: 20.67/11.46 | Iter-3: 21.6/12.34 | Iter-4: 21.18/11.95 | 
Iter-0: 20.82/11.65 | Iter-1: 28.37/13.31 | Iter-2: 39.64/21.88 | Iter-3: 32.67/23.1 | Iter-4: 21.25/12.06 | 
Iter-0: 39.44/21.97 | Iter-1: 27.92/13.56 | Iter-2: 39.81/21.85 | Iter-3: 21.54/12.38 | Iter-4: 21.32/12.16 | 
Iter-0: 39.21/21.95 | Iter-1: 42.24/24.9 | Iter-2: 39.11/21.74 | Iter-3: 23.82/14.63 | Iter-4: 21.04/12.13 | 
Iter-0: 39.65/22.13 | Iter-1: 43.14/25.62 | Iter-2: 38.02/22.37 | Iter-3: 21.66/12.46 | Iter-4: 20.83/11.97 | 
Iter-0: 38.99/21.99 | Iter-1: 42.36/25.38 | Iter-2: 39.15/22.16 | Iter-3: 28.11/18.93 | Iter-4: 20.73/11.89 | 
Iter-0: 39.01/21.93 | Iter-1: 42.56/25.51 | Iter-2: 39.36/22.3 | Iter-3: 25.81/16.61 | Iter-4: 20.74/11.94 | 
2 Creating 10 consumers
Iter-0: 21.02/11.62 | Iter-1: 22.45/13.18 | Iter-2: 20.8/11.58 | Iter-3: 19.8/10.55 | Iter-4: 20.77/11.59 | 
Iter-0: 20.97/11.6 | Iter-1: 22.73/13.51 | Iter-2: 21.1/11.88 | Iter-3: 19.9/10.7 | Iter-4: 20.9/11.71 | 
Iter-0: 39.39/22.08 | Iter-1: 42.6/25.51 | Iter-2: 30.55/21.37 | Iter-3: 19.75/10.58 | Iter-4: 20.79/11.61 | 
Iter-0: 39.88/22.29 | Iter-1: 42.91/25.53 | Iter-2: 34.46/22.25 | Iter-3: 20.19/10.99 | Iter-4: 20.78/11.59 | 
Iter-0: 39.7/22.04 | Iter-1: 42.99/25.58 | Iter-2: 31.34/22.17 | Iter-3: 19.81/10.64 | Iter-4: 20.88/11.67 | 
Iter-0: 39.18/22.08 | Iter-1: 42.42/25.58 | Iter-2: 34.21/22.18 | Iter-3: 19.85/10.68 | Iter-4: 25.05/14.93 | 
Iter-0: 39.88/22.36 | Iter-1: 42.96/25.75 | Iter-2: 39.63/22.37 | Iter-3: 30.9/20.49 | Iter-4: 20.75/11.77 | 
Iter-0: 39.8/22.27 | Iter-1: 43.23/25.92 | Iter-2: 32.35/18.81 | Iter-3: 36.71/20.64 | Iter-4: 20.34/11.43 | 
Iter-0: 39.48/22.24 | Iter-1: 42.75/25.79 | Iter-2: 39.47/22.43 | Iter-3: 34.45/20.43 | Iter-4: 20.24/11.36 | 
Iter-0: 39.66/22.14 | Iter-1: 43.01/25.77 | Iter-2: 39.73/22.46 | Iter-3: 32.56/20.6 | Iter-4: 20.23/11.35 | 
3 Creating 10 consumers
Iter-0: 20.87/11.57 | Iter-1: 22.7/13.19 | Iter-2: 20.81/11.65 | Iter-3: 20.25/11.01 | Iter-4: 20.4/11.21 | 
Iter-0: 20.79/11.5 | Iter-1: 22.58/13.06 | Iter-2: 20.79/11.64 | Iter-3: 20.03/10.81 | Iter-4: 20.39/11.24 | 
Iter-0: 38.91/21.93 | Iter-1: 42.43/25.07 | Iter-2: 31.26/22.11 | Iter-3: 20.08/10.93 | Iter-4: 20.6/11.24 | 
Iter-0: 39.34/21.98 | Iter-1: 42.86/25.18 | Iter-2: 28.94/19.75 | Iter-3: 20.0/10.81 | Iter-4: 20.55/11.36 | 
Iter-0: 39.37/22.13 | Iter-1: 42.95/25.37 | Iter-2: 28.5/19.35 | Iter-3: 20.08/10.92 | Iter-4: 20.49/11.32 | 
Iter-0: 38.54/20.77 | Iter-1: 43.03/24.85 | Iter-2: 38.88/22.01 | Iter-3: 20.44/11.19 | Iter-4: 24.2/14.04 | 
Iter-0: 39.52/22.1 | Iter-1: 42.68/24.91 | Iter-2: 32.18/22.11 | Iter-3: 34.25/16.51 | Iter-4: 20.77/11.66 | 
Iter-0: 39.42/22.26 | Iter-1: 42.73/25.24 | Iter-2: 39.52/22.42 | Iter-3: 37.63/21.03 | Iter-4: 19.92/11.07 | 
Iter-0: 39.16/22.0 | Iter-1: 42.63/25.16 | Iter-2: 39.46/22.34 | Iter-3: 35.05/20.79 | Iter-4: 19.97/11.11 | 
Iter-0: 39.76/21.92 | Iter-1: 43.4/25.22 | Iter-2: 40.08/22.36 | Iter-3: 30.6/20.05 | Iter-4: 20.08/11.23 | 
4 Creating 10 consumers
Iter-0: 21.13/11.6 | Iter-1: 22.35/13.11 | Iter-2: 20.79/11.61 | Iter-3: 20.11/10.89 | Iter-4: 20.42/11.21 | 
Iter-0: 20.86/11.52 | Iter-1: 22.34/13.1 | Iter-2: 20.86/11.66 | Iter-3: 20.01/10.81 | Iter-4: 20.4/11.21 | 
Iter-0: 39.73/21.97 | Iter-1: 42.3/24.78 | Iter-2: 32.16/21.99 | Iter-3: 20.22/11.06 | Iter-4: 20.26/11.1 | 
Iter-0: 39.71/22.12 | Iter-1: 42.5/25.24 | Iter-2: 31.95/22.37 | Iter-3: 20.35/11.06 | Iter-4: 20.49/11.24 | 
Iter-0: 39.53/21.95 | Iter-1: 42.53/25.23 | Iter-2: 28.9/19.72 | Iter-3: 20.09/10.93 | Iter-4: 20.52/11.33 | 
Iter-0: 39.87/21.96 | Iter-1: 42.99/25.25 | Iter-2: 27.69/18.54 | Iter-3: 19.84/10.68 | Iter-4: 20.64/11.4 | 
Iter-0: 39.58/22.14 | Iter-1: 42.07/24.96 | Iter-2: 39.29/22.2 | Iter-3: 36.51/20.4 | Iter-4: 19.87/10.96 | 
Iter-0: 39.41/22.3 | Iter-1: 42.41/25.55 | Iter-2: 39.5/22.7 | Iter-3: 32.92/20.96 | Iter-4: 19.87/10.93 | 
Iter-0: 39.25/22.21 | Iter-1: 42.3/25.5 | Iter-2: 39.42/22.66 | Iter-3: 32.63/20.74 | Iter-4: 20.14/11.17 | 
Iter-0: 39.48/22.04 | Iter-1: 42.32/25.16 | Iter-2: 39.45/22.29 | Iter-3: 34.14/20.82 | Iter-4: 19.87/10.93 | 
prob_mse: 0.477909460946, running time: 793.016136885
4.0 ~~~~~~~~~~~~~~~~~~~~~~~~~~~~~~~~~~~~~~~~~~~~~~~~~~~~~~~~~~~~~~~`
dataset: facebook method: CSL-Plus, #attack_edge:10000,T:10,test_ratio: 0.3,gamma:0.07
/network/rit/lab/ceashpc/adil/data/adv_csl/Jan2/random_pgd/facebook/facebook-attackedges-10000-T-10-testratio-0.3-swap_ratio-0.01-gamma-0.07-realization-0-data-X.pkl
#Rule:372936 Nodes:8078 Edges:372936
0 Creating 10 consumers










1 Creating 10 consumers

Iter-0: 20.75/11.57 | Iter-1: 22.27/13.07 | Iter-2: 20.69/11.33 | Iter-3: 21.53/12.48 | Iter-4: 21.03/12.0 | 
Iter-0: 20.86/11.67 | Iter-1: 22.82/13.61 | Iter-2: 20.97/11.61 | Iter-3: 21.73/12.66 | Iter-4: 21.14/12.09 | 
Iter-0: 38.1/20.7 | Iter-1: 26.92/17.66 | Iter-2: 20.89/11.44 | Iter-3: 21.46/12.34 | Iter-4: 21.05/11.92 | 
Iter-0: 38.85/22.09 | Iter-1: 41.15/23.97 | Iter-2: 33.39/21.82 | Iter-3: 21.45/12.45 | Iter-4: 20.91/11.94 | 
Iter-0: 38.43/21.85 | Iter-1: 41.85/25.22 | Iter-2: 31.51/21.87 | Iter-3: 21.65/12.54 | Iter-4: 21.35/12.07 | 
Iter-0: 38.82/22.08 | Iter-1: 42.38/25.6 | Iter-2: 30.16/20.93 | Iter-3: 21.59/12.55 | Iter-4: 21.03/12.0 | 
Iter-0: 39.51/22.0 | Iter-1: 42.61/25.42 | Iter-2: 29.92/20.68 | Iter-3: 21.61/12.56 | Iter-4: 20.95/12.02 | 
Iter-0: 38.69/22.05 | Iter-1: 42.29/25.68 | Iter-2: 39.17/22.31 | Iter-3: 22.51/13.48 | Iter-4: 20.49/11.92 | 
Iter-0: 38.52/21.9 | Iter-1: 42.01/25.43 | Iter-2: 39.07/22.23 | Iter-3: 21.88/12.78 | Iter-4: 20.75/12.1 | 
2 Creating 10 consumers
Iter-0: 20.68/11.46 | Iter-1: 22.43/13.33 | Iter-2: 20.58/11.55 | Iter-3: 19.62/10.54 | Iter-4: 20.78/11.66 | 
Iter-0: 20.87/11.63 | Iter-1: 22.38/13.3 | Iter-2: 20.59/11.52 | Iter-3: 22.03/10.95 | Iter-4: 38.3/21.71 | 
Iter-0: 39.01/21.79 | Iter-1: 42.35/25.35 | Iter-2: 22.07/13.03 | Iter-3: 19.6/10.58 | Iter-4: 20.6/11.58 | 
Iter-0: 39.09/21.68 | Iter-1: 41.91/24.65 | Iter-2: 32.46/21.45 | Iter-3: 19.42/10.42 | Iter-4: 20.5/11.48 | 
Iter-0: 39.24/22.02 | Iter-1: 42.33/25.34 | Iter-2: 34.13/22.02 | Iter-3: 19.73/10.65 | Iter-4: 20.79/11.68 | 
Iter-0: 38.98/22.04 | Iter-1: 42.07/25.37 | Iter-2: 38.78/22.09 | Iter-3: 24.88/15.89 | Iter-4: 20.6/11.6 | 
Iter-0: 39.2/22.05 | Iter-1: 42.35/25.45 | Iter-2: 38.68/22.07 | Iter-3: 29.71/12.29 | Iter-4: 21.67/12.68 | 
Iter-0: 39.02/21.84 | Iter-1: 38.51/25.37 | Iter-2: 32.07/15.21 | Iter-3: 36.54/19.98 | Iter-4: 20.62/11.6 | 
Iter-0: 38.88/21.96 | Iter-1: 42.1/25.4 | Iter-2: 38.75/22.05 | Iter-3: 33.19/19.86 | Iter-4: 20.46/11.63 | 
Iter-0: 39.4/21.81 | Iter-1: 42.85/25.39 | Iter-2: 35.58/19.26 | Iter-3: 31.14/20.08 | Iter-4: 20.4/11.58 | 
3 Creating 10 consumers
Iter-0: 20.51/11.49 | Iter-1: 22.29/13.27 | Iter-2: 20.76/11.73 | Iter-3: 19.76/10.69 | Iter-4: 20.42/11.38 | 
Iter-0: 31.13/21.91 | Iter-1: 22.17/13.16 | Iter-2: 20.6/11.57 | Iter-3: 19.91/10.87 | Iter-4: 20.26/11.23 | 
Iter-0: 20.51/11.5 | Iter-1: 37.36/19.61 | Iter-2: 39.27/21.61 | Iter-3: 24.55/15.5 | Iter-4: 20.17/11.13 | 
Iter-0: 39.83/22.0 | Iter-1: 42.13/24.34 | Iter-2: 32.45/21.46 | Iter-3: 19.73/10.63 | Iter-4: 20.41/11.28 | 
Iter-0: 38.86/21.7 | Iter-1: 42.19/25.01 | Iter-2: 39.07/21.93 | Iter-3: 20.13/11.12 | Iter-4: 20.14/11.08 | 
Iter-0: 38.92/21.78 | Iter-1: 42.17/25.01 | Iter-2: 35.59/22.05 | Iter-3: 19.79/10.73 | Iter-4: 20.36/11.31 | 
Iter-0: 38.59/21.89 | Iter-1: 41.64/24.84 | Iter-2: 38.73/21.89 | Iter-3: 30.86/20.64 | Iter-4: 20.04/11.17 | 
Iter-0: 38.82/21.9 | Iter-1: 42.04/25.05 | Iter-2: 39.13/22.08 | Iter-3: 28.41/19.42 | Iter-4: 19.84/11.11 | 
Iter-0: 38.69/21.86 | Iter-1: 41.81/24.91 | Iter-2: 38.85/21.87 | Iter-3: 36.63/20.72 | Iter-4: 19.62/10.98 | 
Iter-0: 38.98/21.93 | Iter-1: 42.32/25.2 | Iter-2: 39.41/22.21 | Iter-3: 32.82/20.66 | Iter-4: 19.58/11.0 | 
4 Creating 10 consumers
Iter-0: 20.71/11.63 | Iter-1: 22.35/13.25 | Iter-2: 20.91/11.65 | Iter-3: 20.1/11.02 | Iter-4: 20.41/11.3 | 
Iter-0: 20.53/11.52 | Iter-1: 22.3/13.27 | Iter-2: 20.92/11.71 | Iter-3: 19.93/10.89 | Iter-4: 20.35/11.27 | 
Iter-0: 38.63/21.98 | Iter-1: 41.66/24.98 | Iter-2: 33.44/22.04 | Iter-3: 19.82/10.82 | Iter-4: 20.11/11.12 | 
Iter-0: 38.78/22.09 | Iter-1: 42.09/25.36 | Iter-2: 30.37/21.04 | Iter-3: 20.01/10.91 | Iter-4: 20.48/11.34 | 
Iter-0: 38.54/21.88 | Iter-1: 41.66/24.98 | Iter-2: 31.91/22.02 | Iter-3: 19.86/10.86 | Iter-4: 20.22/11.19 | 
Iter-0: 38.7/21.97 | Iter-1: 42.07/25.34 | Iter-2: 28.72/19.49 | Iter-3: 19.73/10.72 | Iter-4: 20.44/11.39 | 
Iter-0: 37.42/20.66 | Iter-1: 41.91/25.11 | Iter-2: 39.13/22.08 | Iter-3: 38.01/21.29 | Iter-4: 19.66/10.9 | 
Iter-0: 38.67/21.9 | Iter-1: 41.69/24.91 | Iter-2: 39.04/22.01 | Iter-3: 35.95/20.6 | Iter-4: 19.58/10.85 | 
Iter-0: 38.83/21.71 | Iter-1: 42.04/24.89 | Iter-2: 39.39/22.0 | Iter-3: 37.46/20.32 | Iter-4: 19.81/11.04 | 
Iter-0: 38.83/21.76 | Iter-1: 42.07/24.97 | Iter-2: 39.43/22.07 | Iter-3: 33.75/20.34 | Iter-4: 19.64/10.96 | 
prob_mse: 0.470827337734, running time: 782.103769779
5.0 ~~~~~~~~~~~~~~~~~~~~~~~~~~~~~~~~~~~~~~~~~~~~~~~~~~~~~~~~~~~~~~~`
dataset: facebook method: CSL-Plus, #attack_edge:10000,T:10,test_ratio: 0.3,gamma:0.09
/network/rit/lab/ceashpc/adil/data/adv_csl/Jan2/random_pgd/facebook/facebook-attackedges-10000-T-10-testratio-0.3-swap_ratio-0.01-gamma-0.09-realization-0-data-X.pkl
#Rule:372936 Nodes:8078 Edges:372936
0 Creating 10 consumers










1 Creating 10 consumers

Iter-0: 20.54/11.54 | Iter-1: 22.09/13.06 | Iter-2: 20.22/11.21 | Iter-3: 21.53/12.49 | Iter-4: 20.91/11.9 | 
Iter-0: 20.64/11.6 | Iter-1: 22.49/13.42 | Iter-2: 20.55/11.49 | Iter-3: 21.7/12.63 | Iter-4: 21.05/11.99 | 
Iter-0: 38.86/22.01 | Iter-1: 32.22/23.13 | Iter-2: 27.55/11.36 | Iter-3: 23.5/14.42 | Iter-4: 21.05/11.95 | 
Iter-0: 39.08/22.02 | Iter-1: 42.41/25.32 | Iter-2: 22.54/13.43 | Iter-3: 21.77/12.67 | Iter-4: 21.14/12.03 | 
Iter-0: 39.18/22.23 | Iter-1: 27.25/16.47 | Iter-2: 39.32/21.56 | Iter-3: 23.29/14.29 | Iter-4: 20.78/11.74 | 
Iter-0: 38.88/21.75 | Iter-1: 42.27/25.27 | Iter-2: 27.67/18.63 | Iter-3: 21.58/12.57 | Iter-4: 20.87/11.91 | 
Iter-0: 38.93/22.02 | Iter-1: 43.37/25.64 | Iter-2: 30.2/21.14 | Iter-3: 21.69/12.6 | Iter-4: 20.9/11.92 | 
Iter-0: 38.72/21.75 | Iter-1: 42.78/25.78 | Iter-2: 38.88/21.89 | Iter-3: 33.35/24.03 | Iter-4: 20.35/11.67 | 
Iter-0: 39.11/21.92 | Iter-1: 42.74/25.55 | Iter-2: 39.2/21.98 | Iter-3: 29.69/20.75 | Iter-4: 20.13/11.55 | 
2 Creating 10 consumers
Iter-0: 20.58/11.52 | Iter-1: 22.43/13.37 | Iter-2: 20.74/11.51 | Iter-3: 19.64/10.58 | Iter-4: 20.66/11.6 | 
Iter-0: 20.74/11.58 | Iter-1: 22.42/13.25 | Iter-2: 20.76/11.42 | Iter-3: 37.32/19.42 | Iter-4: 23.41/14.31 | 
Iter-0: 38.95/22.08 | Iter-1: 32.01/22.98 | Iter-2: 20.69/11.5 | Iter-3: 19.59/10.54 | Iter-4: 20.67/11.63 | 
Iter-0: 38.6/21.9 | Iter-1: 43.13/25.38 | Iter-2: 31.26/21.42 | Iter-3: 19.66/10.63 | Iter-4: 20.6/11.54 | 
Iter-0: 38.6/21.3 | Iter-1: 42.25/24.86 | Iter-2: 39.03/21.37 | Iter-3: 22.88/13.76 | Iter-4: 20.55/11.47 | 
Iter-0: 39.08/21.65 | Iter-1: 42.75/25.26 | Iter-2: 37.4/21.8 | Iter-3: 19.5/10.52 | Iter-4: 20.55/11.56 | 
Iter-0: 38.58/21.98 | Iter-1: 42.06/25.4 | Iter-2: 38.9/21.96 | Iter-3: 26.56/17.56 | Iter-4: 20.51/11.5 | 
Iter-0: 38.66/22.03 | Iter-1: 42.26/25.59 | Iter-2: 39.05/22.1 | Iter-3: 25.17/16.14 | Iter-4: 20.62/11.63 | 
Iter-0: 38.05/20.74 | Iter-1: 42.17/24.79 | Iter-2: 39.07/21.43 | Iter-3: 37.02/19.74 | Iter-4: 20.29/11.45 | 
Iter-0: 38.94/21.71 | Iter-1: 42.55/25.26 | Iter-2: 39.34/21.8 | Iter-3: 32.21/19.88 | Iter-4: 20.1/11.54 | 
3 Creating 10 consumers
Iter-0: 20.58/11.56 | Iter-1: 22.47/13.26 | Iter-2: 20.68/11.66 | Iter-3: 19.88/10.82 | Iter-4: 20.4/11.37 | 
Iter-0: 38.72/21.96 | Iter-1: 28.61/19.38 | Iter-2: 20.56/11.53 | Iter-3: 19.91/10.84 | Iter-4: 20.35/11.27 | 
Iter-0: 20.61/11.61 | Iter-1: 22.36/13.14 | Iter-2: 26.92/11.5 | Iter-3: 38.1/20.46 | Iter-4: 38.58/20.92 | 
Iter-0: 39.12/22.12 | Iter-1: 42.36/25.02 | Iter-2: 33.05/21.75 | Iter-3: 20.09/11.05 | Iter-4: 20.27/11.23 | 
Iter-0: 39.19/22.08 | Iter-1: 42.64/25.21 | Iter-2: 30.37/21.37 | Iter-3: 19.9/10.91 | Iter-4: 20.24/11.23 | 
Iter-0: 38.98/22.08 | Iter-1: 42.37/25.11 | Iter-2: 39.05/22.05 | Iter-3: 25.0/15.99 | Iter-4: 21.94/12.96 | 
Iter-0: 38.93/21.95 | Iter-1: 42.54/25.3 | Iter-2: 39.25/22.21 | Iter-3: 22.1/13.08 | Iter-4: 20.37/11.38 | 
Iter-0: 38.89/22.17 | Iter-1: 42.98/25.0 | Iter-2: 39.34/21.61 | Iter-3: 31.02/20.7 | Iter-4: 20.26/11.3 | 
Iter-0: 38.05/20.84 | Iter-1: 42.16/24.59 | Iter-2: 38.86/21.58 | Iter-3: 36.97/20.08 | Iter-4: 19.95/11.11 | 
Iter-0: 38.94/21.68 | Iter-1: 42.5/24.93 | Iter-2: 39.21/21.89 | Iter-3: 30.15/20.45 | Iter-4: 19.87/11.2 | 
4 Creating 10 consumers
Iter-0: 20.85/11.6 | Iter-1: 22.33/13.08 | Iter-2: 20.96/11.52 | Iter-3: 19.79/10.68 | Iter-4: 20.42/11.3 | 
Iter-0: 20.57/11.55 | Iter-1: 22.26/13.2 | Iter-2: 20.68/11.47 | Iter-3: 20.0/10.97 | Iter-4: 20.29/11.22 | 
Iter-0: 38.68/21.92 | Iter-1: 41.73/24.87 | Iter-2: 31.5/21.75 | Iter-3: 19.86/10.86 | Iter-4: 20.18/11.15 | 
Iter-0: 37.97/20.47 | Iter-1: 42.43/24.87 | Iter-2: 32.73/21.66 | Iter-3: 20.28/11.15 | Iter-4: 20.38/11.26 | 
Iter-0: 39.03/22.0 | Iter-1: 42.32/25.21 | Iter-2: 28.59/19.34 | Iter-3: 19.8/10.76 | Iter-4: 20.34/11.25 | 
Iter-0: 39.19/21.78 | Iter-1: 42.48/25.05 | Iter-2: 28.07/18.86 | Iter-3: 19.85/10.85 | Iter-4: 20.31/11.25 | 
Iter-0: 38.57/21.81 | Iter-1: 41.72/24.85 | Iter-2: 38.84/21.83 | Iter-3: 34.92/20.55 | Iter-4: 19.59/10.87 | 
Iter-0: 38.65/21.98 | Iter-1: 41.93/25.18 | Iter-2: 39.03/22.04 | Iter-3: 33.59/20.78 | Iter-4: 19.78/10.99 | 
Iter-0: 39.07/22.01 | Iter-1: 42.29/25.15 | Iter-2: 38.96/21.69 | Iter-3: 32.29/20.75 | Iter-4: 19.57/10.81 | 
Iter-0: 38.86/22.01 | Iter-1: 42.32/25.39 | Iter-2: 39.48/22.28 | Iter-3: 30.61/20.48 | Iter-4: 19.7/11.03 | 
prob_mse: 0.471067574257, running time: 790.523251057
6.0 ~~~~~~~~~~~~~~~~~~~~~~~~~~~~~~~~~~~~~~~~~~~~~~~~~~~~~~~~~~~~~~~`
dataset: facebook method: CSL-Plus, #attack_edge:10000,T:10,test_ratio: 0.3,gamma:0.2
/network/rit/lab/ceashpc/adil/data/adv_csl/Jan2/random_pgd/facebook/facebook-attackedges-10000-T-10-testratio-0.3-swap_ratio-0.01-gamma-0.2-realization-0-data-X.pkl
#Rule:372936 Nodes:8078 Edges:372936
0 Creating 10 consumers










1 Creating 10 consumers

Iter-0: 20.9/11.65 | Iter-1: 22.12/12.84 | Iter-2: 21.59/12.14 | Iter-3: 21.69/12.62 | Iter-4: 21.08/11.98 | 
Iter-0: 27.31/18.3 | Iter-1: 21.8/12.8 | Iter-2: 20.96/11.69 | Iter-3: 21.34/12.27 | Iter-4: 20.93/11.84 | 
Iter-0: 30.14/20.99 | Iter-1: 21.89/12.73 | Iter-2: 20.98/11.64 | Iter-3: 35.96/18.37 | Iter-4: 25.11/16.04 | 
Iter-0: 39.0/22.21 | Iter-1: 41.11/24.84 | Iter-2: 21.55/12.13 | Iter-3: 21.74/12.63 | Iter-4: 21.22/12.13 | 
Iter-0: 38.68/21.47 | Iter-1: 41.65/24.42 | Iter-2: 33.41/22.56 | Iter-3: 21.35/12.38 | Iter-4: 20.85/11.86 | 
Iter-0: 38.91/21.8 | Iter-1: 41.45/24.33 | Iter-2: 29.87/20.67 | Iter-3: 21.31/12.29 | Iter-4: 20.85/11.86 | 
Iter-0: 38.78/22.06 | Iter-1: 41.34/24.55 | Iter-2: 38.15/22.12 | Iter-3: 21.33/12.29 | Iter-4: 20.69/11.85 | 
Iter-0: 38.72/21.6 | Iter-1: 41.4/24.25 | Iter-2: 39.4/21.94 | Iter-3: 30.03/21.03 | Iter-4: 20.46/11.75 | 
Iter-0: 38.87/21.75 | Iter-1: 41.37/24.23 | Iter-2: 39.74/22.34 | Iter-3: 26.39/17.38 | Iter-4: 20.39/11.63 | 
2 Creating 10 consumers
Iter-0: 20.75/11.7 | Iter-1: 23.68/14.58 | Iter-2: 21.18/12.1 | Iter-3: 19.41/10.37 | Iter-4: 20.67/11.67 | 
Iter-0: 38.6/21.98 | Iter-1: 28.86/19.77 | Iter-2: 21.69/12.61 | Iter-3: 19.67/10.55 | Iter-4: 20.46/11.43 | 
Iter-0: 38.77/21.92 | Iter-1: 44.09/27.17 | Iter-2: 30.94/21.91 | Iter-3: 19.53/10.51 | Iter-4: 20.39/11.36 | 
Iter-0: 20.56/11.55 | Iter-1: 23.4/14.37 | Iter-2: 34.54/17.84 | Iter-3: 37.23/20.26 | Iter-4: 37.94/21.49 | 
Iter-0: 38.68/22.05 | Iter-1: 44.37/27.55 | Iter-2: 39.03/23.43 | Iter-3: 19.61/10.53 | Iter-4: 20.86/11.72 | 
Iter-0: 38.72/21.79 | Iter-1: 43.89/26.85 | Iter-2: 40.23/23.4 | Iter-3: 25.2/16.22 | Iter-4: 20.26/11.26 | 
Iter-0: 38.97/21.95 | Iter-1: 44.4/27.33 | Iter-2: 35.27/19.21 | Iter-3: 23.32/14.3 | Iter-4: 20.45/11.45 | 
Iter-0: 39.12/21.97 | Iter-1: 44.47/27.25 | Iter-2: 31.93/22.91 | Iter-3: 35.99/19.6 | Iter-4: 20.1/11.35 | 
Iter-0: 38.92/22.15 | Iter-1: 44.32/27.51 | Iter-2: 40.77/23.94 | Iter-3: 34.4/20.15 | Iter-4: 20.06/11.35 | 
Iter-0: 38.7/21.91 | Iter-1: 44.04/27.24 | Iter-2: 40.77/23.95 | Iter-3: 32.15/20.04 | Iter-4: 19.98/11.29 | 
3 Creating 10 consumers
Iter-0: 20.59/11.55 | Iter-1: 23.32/14.26 | Iter-2: 21.02/11.98 | Iter-3: 19.4/10.31 | Iter-4: 20.16/11.05 | 
Iter-0: 37.16/21.76 | Iter-1: 23.18/14.17 | Iter-2: 21.11/12.04 | Iter-3: 19.32/10.29 | Iter-4: 19.97/10.9 | 
Iter-0: 20.56/11.54 | Iter-1: 29.0/14.17 | Iter-2: 39.63/23.07 | Iter-3: 35.69/19.69 | Iter-4: 19.82/10.8 | 
Iter-0: 38.76/22.03 | Iter-1: 44.2/27.45 | Iter-2: 30.68/21.56 | Iter-3: 19.58/10.48 | Iter-4: 20.29/11.17 | 
Iter-0: 38.69/21.93 | Iter-1: 43.96/27.2 | Iter-2: 29.2/20.16 | Iter-3: 19.31/10.29 | Iter-4: 20.0/10.94 | 
Iter-0: 38.19/21.79 | Iter-1: 43.81/27.2 | Iter-2: 36.72/23.54 | Iter-3: 19.28/10.28 | Iter-4: 19.86/10.87 | 
Iter-0: 39.04/22.09 | Iter-1: 44.52/27.57 | Iter-2: 39.48/22.54 | Iter-3: 29.89/19.87 | Iter-4: 19.91/11.02 | 
Iter-0: 39.17/22.07 | Iter-1: 44.46/27.38 | Iter-2: 40.14/23.03 | Iter-3: 26.87/17.85 | Iter-4: 19.71/10.97 | 
Iter-0: 38.42/21.95 | Iter-1: 43.8/27.31 | Iter-2: 39.76/23.27 | Iter-3: 32.03/19.68 | Iter-4: 19.45/10.82 | 
Iter-0: 38.58/22.07 | Iter-1: 44.0/27.45 | Iter-2: 40.04/23.5 | Iter-3: 32.31/19.84 | Iter-4: 19.51/10.83 | 
4 Creating 10 consumers
Iter-0: 20.5/11.48 | Iter-1: 23.19/14.14 | Iter-2: 21.09/12.08 | Iter-3: 19.37/10.28 | Iter-4: 20.0/10.89 | 
Iter-0: 20.48/11.46 | Iter-1: 23.31/14.27 | Iter-2: 21.48/12.45 | Iter-3: 19.36/10.32 | 
Iter-0: 38.54/21.87 | Iter-1: 43.9/27.17 | Iter-2: 30.56/21.49 | Iter-3: 19.32/10.29 | 
Iter-0: 38.67/21.91 | Iter-1: 43.91/27.15 | Iter-2: 31.3/22.27 | Iter-3: 19.3/10.28 | 
Iter-0: 38.97/21.64 | Iter-1: 44.24/26.97 | Iter-2: 29.74/20.26 | Iter-3: 19.44/10.33 | 
Iter-0: 38.82/22.0 | Iter-1: 44.14/27.27 | Iter-2: 31.52/19.93 | Iter-3: 19.28/10.29 | 
Iter-0: 38.24/20.91 | Iter-1: 44.75/27.46 | Iter-2: 38.52/22.49 | Iter-3: 33.4/19.87 | Iter-4: 19.99/11.05 | 
Iter-0: 38.73/21.98 | Iter-1: 44.09/27.34 | Iter-2: 35.89/23.0 | Iter-3: 33.2/19.84 | Iter-4: 20.0/11.01 | 
Iter-0: 38.61/21.94 | Iter-1: 43.81/27.07 | Iter-2: 39.8/23.02 | Iter-3: 35.5/19.68 | Iter-4: 19.63/10.81 | 
Iter-0: 38.89/22.1 | Iter-1: 44.25/27.36 | Iter-2: 40.38/23.43 | Iter-3: 33.13/19.8 | 
prob_mse: 0.453467381738, running time: 790.954096079
7.0 ~~~~~~~~~~~~~~~~~~~~~~~~~~~~~~~~~~~~~~~~~~~~~~~~~~~~~~~~~~~~~~~`
dataset: facebook method: CSL-Plus, #attack_edge:10000,T:10,test_ratio: 0.3,gamma:0.3
/network/rit/lab/ceashpc/adil/data/adv_csl/Jan2/random_pgd/facebook/facebook-attackedges-10000-T-10-testratio-0.3-swap_ratio-0.01-gamma-0.3-realization-0-data-X.pkl
#Rule:372936 Nodes:8078 Edges:372936
0 Creating 10 consumers










1 Creating 10 consumers

Iter-0: 20.6/11.61 | Iter-1: 21.27/12.25 | Iter-2: 21.25/12.05 | Iter-3: 20.71/11.67 | Iter-4: 21.05/12.0 | 
Iter-0: 38.62/21.91 | Iter-1: 23.86/14.84 | Iter-2: 20.91/11.73 | Iter-3: 20.66/11.62 | Iter-4: 20.93/11.89 | 
Iter-0: 38.67/22.09 | Iter-1: 27.04/17.96 | Iter-2: 21.25/12.01 | Iter-3: 20.85/11.69 | Iter-4: 21.17/12.02 | 
Iter-0: 20.76/11.72 | Iter-1: 21.18/12.12 | Iter-2: 27.92/12.35 | Iter-3: 40.04/22.25 | Iter-4: 33.29/22.77 | 
Iter-0: 38.79/22.14 | Iter-1: 40.05/23.38 | Iter-2: 32.98/23.37 | Iter-3: 20.8/11.78 | Iter-4: 21.09/12.07 | 
Iter-0: 38.92/22.13 | Iter-1: 40.21/23.38 | Iter-2: 30.98/21.81 | Iter-3: 20.62/11.59 | Iter-4: 20.9/11.91 | 
Iter-0: 38.77/21.91 | Iter-1: 40.13/23.19 | Iter-2: 39.58/22.37 | Iter-3: 22.98/13.93 | Iter-4: 20.65/11.87 | 
Iter-0: 39.11/22.01 | Iter-1: 40.55/23.4 | Iter-2: 39.08/22.61 | Iter-3: 20.55/11.55 | Iter-4: 20.52/11.8 | 
Iter-0: 38.55/21.98 | Iter-1: 40.6/22.93 | Iter-2: 40.27/22.32 | Iter-3: 25.04/15.93 | Iter-4: 20.45/11.82 | 
2 Creating 10 consumers
Iter-0: 20.6/11.59 | Iter-1: 23.7/14.64 | Iter-2: 21.88/12.86 | Iter-3: 20.44/11.39 | Iter-4: 20.18/11.15 | 
Iter-0: 20.7/11.65 | Iter-1: 23.97/14.89 | Iter-2: 21.69/12.64 | Iter-3: 20.46/11.37 | Iter-4: 25.23/11.42 | 
Iter-0: 38.58/21.92 | Iter-1: 44.57/27.83 | Iter-2: 32.09/23.06 | Iter-3: 20.34/11.34 | Iter-4: 20.16/11.15 | 
Iter-0: 38.62/22.11 | Iter-1: 44.58/28.03 | Iter-2: 32.38/23.37 | Iter-3: 20.33/11.32 | Iter-4: 23.72/13.45 | 
Iter-0: 38.92/22.0 | Iter-1: 44.91/27.95 | Iter-2: 41.4/24.46 | Iter-3: 22.08/13.06 | Iter-4: 20.12/11.08 | 
Iter-0: 38.84/21.86 | Iter-1: 44.66/27.67 | Iter-2: 40.71/24.59 | Iter-3: 20.51/11.43 | Iter-4: 20.21/11.18 | 
Iter-0: 39.0/22.15 | Iter-1: 44.85/27.94 | Iter-2: 26.4/17.31 | Iter-3: 28.11/11.46 | Iter-4: 26.89/17.87 | 
Iter-0: 38.46/21.97 | Iter-1: 44.35/27.85 | Iter-2: 32.05/23.03 | Iter-3: 31.14/15.59 | Iter-4: 20.48/11.48 | 
Iter-0: 38.65/22.01 | Iter-1: 44.71/28.02 | Iter-2: 41.3/24.56 | Iter-3: 38.53/21.77 | Iter-4: 20.46/11.78 | 
Iter-0: 39.02/22.18 | Iter-1: 44.91/28.04 | Iter-2: 41.76/24.83 | Iter-3: 37.55/21.91 | Iter-4: 19.49/10.9 | 
3 Creating 10 consumers
Iter-0: 20.57/11.57 | Iter-1: 24.14/14.93 | Iter-2: 21.38/12.38 | Iter-3: 19.18/10.14 | Iter-4: 19.54/10.53 | 
Iter-0: 20.57/11.57 | Iter-1: 24.08/14.88 | Iter-2: 21.6/12.6 | Iter-3: 19.17/10.09 | Iter-4: 19.52/10.47 | 
Iter-0: 38.88/22.08 | Iter-1: 45.67/28.55 | Iter-2: 31.27/22.14 | Iter-3: 19.25/10.14 | Iter-4: 19.71/10.57 | 
Iter-0: 38.61/21.84 | Iter-1: 45.35/28.21 | Iter-2: 32.2/23.2 | Iter-3: 19.05/10.03 | Iter-4: 19.43/10.4 | 
Iter-0: 38.8/21.93 | Iter-1: 45.39/28.25 | Iter-2: 29.22/20.21 | Iter-3: 19.06/10.03 | Iter-4: 19.51/10.47 | 
Iter-0: 39.01/22.02 | Iter-1: 45.61/28.33 | Iter-2: 29.77/20.79 | Iter-3: 19.01/10.02 | Iter-4: 19.56/10.54 | 
Iter-0: 38.86/21.57 | Iter-1: 46.29/28.7 | Iter-2: 40.52/23.24 | Iter-3: 34.39/19.25 | Iter-4: 18.96/10.21 | 
Iter-0: 38.75/21.97 | Iter-1: 45.48/28.37 | Iter-2: 40.6/23.8 | Iter-3: 34.24/19.19 | Iter-4: 18.73/9.9 | 
Iter-0: 38.8/21.95 | Iter-1: 45.36/28.24 | Iter-2: 40.53/23.7 | Iter-3: 31.79/19.2 | Iter-4: 18.91/10.23 | 
Iter-0: 39.03/21.71 | Iter-1: 45.59/28.08 | Iter-2: 41.42/24.16 | Iter-3: 29.07/18.99 | Iter-4: 18.69/10.0 | 
4 Creating 10 consumers
Iter-0: 20.55/11.54 | Iter-1: 23.91/14.88 | Iter-2: 21.63/12.58 | 
Iter-0: 20.73/11.66 | Iter-1: 24.18/15.1 | Iter-2: 21.3/12.22 | Iter-3: 19.24/10.14 | Iter-4: 19.53/10.48 | 
Iter-0: 38.29/21.78 | Iter-1: 44.72/28.13 | Iter-2: 22.77/13.77 | 
Iter-0: 38.79/21.88 | Iter-1: 45.14/28.16 | Iter-2: 30.28/21.29 | 
Iter-0: 39.07/21.92 | Iter-1: 45.46/28.23 | Iter-2: 24.52/15.44 | 
Iter-0: 38.78/21.8 | Iter-1: 45.18/28.12 | Iter-2: 40.65/23.57 | 
Iter-0: 38.64/21.92 | Iter-1: 45.12/28.33 | Iter-2: 40.36/23.52 | 
Iter-0: 39.2/22.0 | Iter-1: 45.51/28.25 | Iter-2: 39.59/23.99 | 
Iter-0: 38.95/22.0 | Iter-1: 45.29/28.29 | Iter-2: 40.96/23.92 | 
Iter-0: 38.79/22.13 | Iter-1: 45.19/28.48 | Iter-2: 24.88/15.89 | Iter-3: 19.06/10.03 | Iter-4: 19.42/10.49 | 
prob_mse: 0.441503932893, running time: 766.796144009
8.0 ~~~~~~~~~~~~~~~~~~~~~~~~~~~~~~~~~~~~~~~~~~~~~~~~~~~~~~~~~~~~~~~`
dataset: facebook method: CSL-Plus, #attack_edge:10000,T:10,test_ratio: 0.3,gamma:0.4
/network/rit/lab/ceashpc/adil/data/adv_csl/Jan2/random_pgd/facebook/facebook-attackedges-10000-T-10-testratio-0.3-swap_ratio-0.01-gamma-0.4-realization-0-data-X.pkl
#Rule:372936 Nodes:8078 Edges:372936
0 Creating 10 consumers










1 Creating 10 consumers

Iter-0: 20.74/11.68 | Iter-1: 21.18/12.09 | Iter-2: 21.06/11.97 | Iter-3: 20.91/11.8 | Iter-4: 21.26/11.99 | 
Iter-0: 20.63/11.59 | Iter-1: 21.2/12.13 | Iter-2: 20.68/11.6 | Iter-3: 20.73/11.65 | Iter-4: 21.13/11.83 | 
Iter-0: 38.86/21.95 | Iter-1: 23.7/14.63 | Iter-2: 20.78/11.6 | Iter-3: 20.93/11.74 | Iter-4: 21.26/11.92 | 
Iter-0: 39.12/22.0 | Iter-1: 40.47/23.35 | Iter-2: 33.29/21.96 | Iter-3: 20.7/11.6 | Iter-4: 21.06/11.79 | 
Iter-0: 39.33/22.22 | Iter-1: 40.04/22.95 | Iter-2: 35.84/23.13 | Iter-3: 20.84/11.75 | Iter-4: 21.19/11.96 | 
Iter-0: 39.02/21.83 | Iter-1: 40.07/22.94 | Iter-2: 30.5/21.44 | Iter-3: 20.71/11.61 | Iter-4: 21.04/11.78 | 
Iter-0: 39.11/21.95 | Iter-1: 40.12/22.98 | Iter-2: 31.78/22.11 | Iter-3: 20.72/11.64 | Iter-4: 21.09/11.83 | 
Iter-0: 38.89/22.13 | Iter-1: 38.34/21.07 | Iter-2: 39.56/22.33 | Iter-3: 25.51/16.38 | Iter-4: 20.92/11.98 | 
Iter-0: 39.17/22.02 | Iter-1: 40.22/22.95 | Iter-2: 39.0/21.77 | Iter-3: 21.53/12.5 | Iter-4: 20.32/11.64 | 
2 Creating 10 consumers
Iter-0: 20.77/11.64 | Iter-1: 23.81/14.67 | Iter-2: 22.53/13.21 | Iter-3: 21.32/12.17 | Iter-4: 20.78/11.62 | 
Iter-0: 20.58/11.56 | Iter-1: 23.48/14.38 | Iter-2: 22.35/13.11 | Iter-3: 21.11/12.03 | Iter-4: 20.59/11.49 | 
Iter-0: 39.0/21.87 | Iter-1: 44.33/27.15 | Iter-2: 33.98/24.72 | Iter-3: 20.94/11.9 | Iter-4: 20.47/11.41 | 
Iter-0: 38.9/21.8 | Iter-1: 44.16/27.05 | Iter-2: 31.47/22.22 | Iter-3: 21.01/11.96 | Iter-4: 20.54/11.46 | 
Iter-0: 38.83/22.02 | Iter-1: 44.25/27.42 | Iter-2: 34.26/25.02 | Iter-3: 21.03/11.98 | Iter-4: 20.55/11.45 | 
Iter-0: 38.98/21.78 | Iter-1: 44.22/27.0 | Iter-2: 30.5/21.17 | Iter-3: 21.1/12.0 | Iter-4: 20.6/11.52 | 
Iter-0: 39.0/21.96 | Iter-1: 44.39/27.32 | Iter-2: 39.05/24.83 | Iter-3: 39.53/22.65 | Iter-4: 20.48/11.42 | 
Iter-0: 38.82/21.8 | Iter-1: 44.37/27.28 | Iter-2: 42.23/24.86 | Iter-3: 38.82/22.79 | Iter-4: 20.4/11.42 | 
Iter-0: 38.83/22.01 | Iter-1: 44.1/27.27 | Iter-2: 42.76/24.92 | Iter-3: 33.32/22.54 | Iter-4: 20.32/11.41 | 
Iter-0: 39.26/22.0 | Iter-1: 44.54/27.24 | Iter-2: 42.63/25.04 | Iter-3: 34.46/22.81 | Iter-4: 20.23/11.4 | 
3 Creating 10 consumers
Iter-0: 20.62/11.58 | Iter-1: 23.9/14.84 | Iter-2: 22.09/12.84 | Iter-3: 19.89/10.81 | Iter-4: 19.43/10.37 | 
Iter-0: 20.63/11.58 | Iter-1: 23.88/14.81 | Iter-2: 21.97/12.73 | Iter-3: 19.79/10.72 | Iter-4: 19.41/10.32 | 
Iter-0: 38.91/21.39 | Iter-1: 46.07/28.55 | Iter-2: 32.87/23.61 | Iter-3: 19.33/10.31 | Iter-4: 19.05/9.99 | 
Iter-0: 38.59/21.96 | Iter-1: 44.76/28.1 | Iter-2: 31.47/22.15 | Iter-3: 19.87/10.81 | Iter-4: 19.41/10.34 | 
Iter-0: 38.91/22.17 | Iter-1: 45.09/28.31 | Iter-2: 30.54/21.31 | Iter-3: 19.74/10.73 | Iter-4: 19.33/10.27 | 
Iter-0: 38.64/22.06 | Iter-1: 44.76/28.13 | Iter-2: 39.91/24.71 | Iter-3: 19.94/10.82 | Iter-4: 19.56/10.43 | 
Iter-0: 39.41/21.85 | Iter-1: 45.49/27.96 | Iter-2: 28.46/19.22 | Iter-3: 34.04/16.89 | Iter-4: 19.45/10.42 | 
Iter-0: 38.01/20.65 | Iter-1: 45.37/28.01 | Iter-2: 42.02/24.38 | Iter-3: 35.9/20.56 | Iter-4: 19.22/10.32 | 
Iter-0: 38.59/22.02 | Iter-1: 44.74/28.12 | Iter-2: 41.81/24.67 | Iter-3: 30.97/20.38 | Iter-4: 19.16/10.32 | 
Iter-0: 39.22/21.81 | Iter-1: 45.22/27.8 | Iter-2: 42.25/24.55 | Iter-3: 30.67/20.37 | Iter-4: 19.04/10.33 | 
4 Creating 10 consumers
Iter-0: 20.99/11.54 | Iter-1: 23.93/14.79 | Iter-2: 21.89/12.81 | Iter-3: 19.86/10.74 | Iter-4: 19.43/10.35 | 
Iter-0: 20.8/11.59 | Iter-1: 23.95/14.85 | Iter-2: 21.89/12.83 | Iter-3: 19.87/10.78 | Iter-4: 19.43/10.35 | 
Iter-0: 39.86/22.04 | Iter-1: 45.69/28.09 | Iter-2: 28.53/19.48 | Iter-3: 19.71/10.7 | Iter-4: 19.39/10.34 | 
Iter-0: 39.12/21.94 | Iter-1: 44.93/28.0 | Iter-2: 31.44/22.4 | Iter-3: 19.71/10.67 | Iter-4: 19.36/10.29 | 
Iter-0: 39.05/22.0 | Iter-1: 45.01/28.19 | Iter-2: 30.17/21.11 | Iter-3: 19.79/10.71 | Iter-4: 28.01/16.44 | 
Iter-0: 39.54/22.1 | Iter-1: 45.33/28.17 | Iter-2: 33.38/24.27 | Iter-3: 19.95/10.83 | Iter-4: 28.08/17.6 | 
Iter-0: 39.35/22.18 | Iter-1: 45.22/28.24 | Iter-2: 38.03/21.11 | Iter-3: 25.39/16.3 | Iter-4: 19.41/10.39 | 
Iter-0: 39.27/21.81 | Iter-1: 45.09/27.87 | Iter-2: 41.73/24.76 | Iter-3: 23.12/14.05 | Iter-4: 19.29/10.36 | 
Iter-0: 38.57/20.81 | Iter-1: 45.82/28.4 | Iter-2: 38.19/23.72 | Iter-3: 36.62/19.61 | Iter-4: 20.19/11.29 | 
Iter-0: 39.13/22.04 | Iter-1: 45.12/28.28 | Iter-2: 41.53/24.42 | Iter-3: 35.66/20.35 | Iter-4: 18.91/10.23 | 
prob_mse: 0.432360506051, running time: 793.721977949
