

--------------------------------------------------
--------------------------------------------------

-------------------Fri, 19 Jul 2019 12:24:00 AM EDT---------------------

0 ~~~~~~~~~~~~~~~~~~~~~~~~~~~~~~~~~~~~~~~~~~~~~~~~~~~~~~~~~~~~~~~`
dataset: slashdot method: CSL-Plus, #attack_edge:10000,T:10,test_ratio: 0.3,gamma:0.09
/network/rit/lab/ceashpc/adil/data/adv_csl/Jan2/random_pgd/slashdot/slashdot-attackedges-10000-T-10-testratio-0.3-swap_ratio-0.01-gamma-0.09-realization-0-data-X.pkl
#Rule:2036920 Nodes:164336 Edges:2036920
0 Creating 10 consumers










1 Creating 10 consumers
Iter-0: 116.13/35.5 | Iter-1: 154.32/70.3 | Iter-2: 143.07/60.93 | Iter-3: 148.94/66.6 | Iter-4: 144.8/62.32 | 
Iter-0: 141.81/60.61 | Iter-1: 153.88/70.79 | Iter-2: 143.08/61.37 | Iter-3: 148.46/66.86 | Iter-4: 144.51/62.99 | 
Iter-0: 141.93/60.24 | Iter-1: 155.8/72.32 | Iter-2: 144.25/62.24 | Iter-3: 149.59/67.76 | Iter-4: 145.77/63.97 | 
Iter-0: 141.09/59.68 | Iter-1: 154.31/71.09 | Iter-2: 143.42/61.7 | Iter-3: 148.59/67.05 | Iter-4: 144.81/63.31 | 
Iter-0: 139.41/58.04 | Iter-1: 154.46/71.32 | Iter-2: 143.75/62.07 | Iter-3: 148.71/67.22 | Iter-4: 145.18/63.55 | 
Iter-0: 144.75/63.0 | Iter-1: 154.4/71.4 | Iter-2: 144.27/62.16 | Iter-3: 148.77/66.88 | Iter-4: 130.27/63.05 | 
Iter-0: 144.91/63.45 | Iter-1: 155.37/72.05 | Iter-2: 145.01/63.57 | Iter-3: 149.04/67.51 | Iter-4: 99.23/52.84 | 
Iter-0: 145.47/63.4 | Iter-1: 155.17/71.42 | Iter-2: 144.86/62.4 | Iter-3: 149.3/67.03 | Iter-4: 125.38/63.18 | 
Iter-0: 145.26/63.16 | Iter-1: 155.56/71.72 | Iter-2: 145.41/62.8 | Iter-3: 149.62/67.18 | Iter-4: 122.93/63.29 | 
Iter-0: 145.52/63.51 | Iter-1: 155.3/71.83 | Iter-2: 145.46/63.32 | Iter-3: 149.19/67.17 | Iter-4: 121.14/63.61 | 
2 Creating 10 consumers
Iter-0: 130.79/47.16 | Iter-1: 152.67/70.66 | Iter-2: 142.06/60.47 | Iter-3: 139.51/58.25 | Iter-4: 141.08/58.71 | 
Iter-0: 143.54/61.16 | Iter-1: 152.28/71.0 | Iter-2: 142.19/61.0 | Iter-3: 140.06/58.74 | Iter-4: 142.02/59.21 | 
Iter-0: 142.82/60.89 | Iter-1: 151.47/70.71 | Iter-2: 141.52/60.86 | Iter-3: 139.08/58.33 | Iter-4: 141.29/59.14 | 
Iter-0: 142.91/60.95 | Iter-1: 151.75/70.93 | Iter-2: 141.88/61.13 | Iter-3: 139.02/58.2 | Iter-4: 141.53/59.33 | 
Iter-0: 145.98/62.86 | Iter-1: 152.18/70.71 | Iter-2: 142.17/60.75 | Iter-3: 139.38/57.84 | Iter-4: 131.75/59.25 | 
Iter-0: 147.03/63.33 | Iter-1: 153.64/72.06 | Iter-2: 143.43/61.96 | Iter-3: 139.91/58.53 | Iter-4: 112.07/59.61 | 
Iter-0: 145.66/62.48 | Iter-1: 152.89/71.35 | Iter-2: 142.7/61.19 | Iter-3: 139.8/58.13 | Iter-4: 129.17/58.81 | 
Iter-0: 145.56/62.52 | Iter-1: 152.68/71.18 | Iter-2: 142.68/61.18 | Iter-3: 139.69/58.06 | Iter-4: 129.58/58.88 | 
Iter-0: 143.67/62.63 | Iter-1: 151.13/71.85 | Iter-2: 141.31/62.03 | Iter-3: 138.4/58.65 | Iter-4: 132.43/59.76 | 
Iter-0: 143.65/62.53 | Iter-1: 151.07/71.75 | Iter-2: 141.42/62.06 | Iter-3: 138.19/58.58 | Iter-4: 128.37/59.18 | 
3 Creating 10 consumers
Iter-0: 128.27/46.63 | Iter-1: 153.9/70.82 | Iter-2: 141.62/60.67 | Iter-3: 138.69/58.15 | Iter-4: 139.12/58.61 | 
Iter-0: 128.1/46.85 | Iter-1: 154.96/71.09 | Iter-2: 142.58/61.22 | Iter-3: 139.24/58.06 | Iter-4: 140.38/59.12 | 
Iter-0: 134.63/53.52 | Iter-1: 154.0/71.21 | Iter-2: 142.78/61.47 | Iter-3: 139.78/58.37 | Iter-4: 140.74/59.24 | 
Iter-0: 141.96/60.82 | Iter-1: 153.91/71.23 | Iter-2: 142.75/61.4 | Iter-3: 140.21/58.71 | Iter-4: 140.68/59.15 | 
Iter-0: 140.91/59.95 | Iter-1: 154.09/71.72 | Iter-2: 142.92/61.94 | Iter-3: 139.65/58.56 | Iter-4: 140.99/59.69 | 
Iter-0: 145.02/63.28 | Iter-1: 154.61/71.37 | Iter-2: 143.1/61.94 | Iter-3: 139.94/58.65 | Iter-4: 109.34/59.87 | 
Iter-0: 144.33/62.9 | Iter-1: 154.17/70.87 | Iter-2: 143.17/61.57 | Iter-3: 139.95/58.09 | Iter-4: 125.65/58.92 | 
Iter-0: 144.96/63.15 | Iter-1: 155.24/71.56 | Iter-2: 143.77/62.05 | Iter-3: 140.54/58.72 | Iter-4: 114.5/59.71 | 
Iter-0: 144.8/63.18 | Iter-1: 155.41/72.37 | Iter-2: 143.43/62.49 | Iter-3: 139.94/58.78 | Iter-4: 108.37/59.74 | 
Iter-0: 145.19/63.09 | Iter-1: 155.07/71.52 | Iter-2: 143.89/62.24 | Iter-3: 140.81/58.75 | Iter-4: 118.41/59.72 | 
4 Creating 10 consumers
Iter-0: 134.86/53.25 | Iter-1: 153.96/71.3 | Iter-2: 142.53/61.36 | Iter-3: 140.28/58.94 | Iter-4: 140.74/59.42 | 
Iter-0: 127.38/45.42 | Iter-1: 155.7/71.46 | Iter-2: 142.94/61.26 | Iter-3: 140.78/58.76 | Iter-4: 141.07/59.01 | 
Iter-0: 137.03/55.88 | Iter-1: 153.78/71.29 | Iter-2: 142.38/61.49 | Iter-3: 139.87/58.74 | Iter-4: 140.73/59.37 | 
Iter-0: 132.9/51.36 | Iter-1: 154.56/71.38 | Iter-2: 142.92/61.37 | Iter-3: 139.56/58.19 | Iter-4: 140.91/59.2 | 
Iter-0: 145.19/63.61 | Iter-1: 155.19/71.6 | Iter-2: 143.65/61.85 | Iter-3: 140.46/58.52 | Iter-4: 116.39/59.36 | 
Iter-0: 141.72/60.92 | Iter-1: 153.61/71.26 | Iter-2: 142.66/61.53 | Iter-3: 139.55/58.37 | Iter-4: 140.75/59.37 | 
Iter-0: 145.12/63.5 | Iter-1: 154.65/71.24 | Iter-2: 143.61/61.86 | Iter-3: 140.17/58.38 | Iter-4: 119.37/59.44 | 
Iter-0: 145.97/63.5 | Iter-1: 155.45/72.42 | Iter-2: 144.13/62.57 | Iter-3: 140.51/59.23 | Iter-4: 107.41/60.11 | 
Iter-0: 144.89/63.21 | Iter-1: 154.96/71.57 | Iter-2: 143.87/62.08 | Iter-3: 140.33/58.46 | Iter-4: 123.65/59.46 | 
Iter-0: 145.01/63.41 | Iter-1: 155.07/71.99 | Iter-2: 144.05/62.73 | Iter-3: 140.29/58.9 | Iter-4: 111.36/59.86 | 
prob_mse: 0.434927291413, running time: 3461.88105392
1.0 ~~~~~~~~~~~~~~~~~~~~~~~~~~~~~~~~~~~~~~~~~~~~~~~~~~~~~~~~~~~~~~~`
dataset: slashdot method: CSL-Plus, #attack_edge:10000,T:10,test_ratio: 0.3,gamma:0.2
/network/rit/lab/ceashpc/adil/data/adv_csl/Jan2/random_pgd/slashdot/slashdot-attackedges-10000-T-10-testratio-0.3-swap_ratio-0.01-gamma-0.2-realization-0-data-X.pkl
#Rule:2036920 Nodes:164336 Edges:2036920
0 Creating 10 consumers










1 Creating 10 consumers
Iter-0: 118.26/36.98 | Iter-1: 151.09/67.83 | Iter-2: 147.76/64.56 | Iter-3: 150.04/64.79 | Iter-4: 145.13/62.72 | 
Iter-0: 133.81/52.1 | Iter-1: 150.49/68.26 | Iter-2: 147.51/65.58 | Iter-3: 149.1/65.36 | Iter-4: 145.48/63.67 | 
Iter-0: 132.47/50.95 | Iter-1: 149.69/68.39 | Iter-2: 146.38/64.85 | Iter-3: 147.89/64.92 | Iter-4: 144.84/63.31 | 
Iter-0: 141.77/61.21 | Iter-1: 149.21/68.5 | Iter-2: 145.76/64.78 | Iter-3: 147.59/64.98 | Iter-4: 144.69/63.47 | 
Iter-0: 141.93/61.53 | Iter-1: 149.1/68.63 | Iter-2: 145.13/64.55 | Iter-3: 146.69/64.64 | Iter-4: 143.96/63.19 | 
Iter-0: 144.05/63.06 | Iter-1: 149.87/68.55 | Iter-2: 146.94/65.32 | Iter-3: 148.2/64.6 | Iter-4: 135.28/63.27 | 
Iter-0: 145.04/63.57 | Iter-1: 150.99/69.53 | Iter-2: 147.59/65.92 | Iter-3: 147.99/64.75 | Iter-4: 117.33/63.85 | 
Iter-0: 145.2/63.85 | Iter-1: 151.59/70.14 | Iter-2: 147.16/66.09 | Iter-3: 148.72/65.51 | Iter-4: 102.87/56.56 | 
Iter-0: 143.61/63.19 | Iter-1: 149.41/68.89 | Iter-2: 145.29/64.63 | Iter-3: 146.69/64.27 | Iter-4: 136.96/63.17 | 
Iter-0: 144.99/63.17 | Iter-1: 151.29/69.5 | Iter-2: 147.23/65.37 | Iter-3: 148.39/64.88 | Iter-4: 114.07/63.59 | 
2 Creating 10 consumers
Iter-0: 138.77/57.01 | Iter-1: 158.73/75.37 | Iter-2: 145.28/64.18 | Iter-3: 140.27/59.4 | Iter-4: 138.55/57.63 | 
Iter-0: 142.52/61.7 | Iter-1: 158.03/75.51 | Iter-2: 145.78/64.66 | Iter-3: 140.24/59.23 | Iter-4: 139.13/58.0 | 
Iter-0: 137.81/56.45 | Iter-1: 158.64/75.64 | Iter-2: 146.44/64.88 | Iter-3: 141.38/59.91 | Iter-4: 139.82/58.22 | 
Iter-0: 141.86/61.17 | Iter-1: 157.91/75.37 | Iter-2: 145.82/64.61 | Iter-3: 140.49/59.53 | Iter-4: 139.26/58.15 | 
Iter-0: 145.48/63.31 | Iter-1: 159.76/75.37 | Iter-2: 147.38/65.05 | Iter-3: 141.83/59.5 | Iter-4: 117.03/58.19 | 
Iter-0: 144.58/63.2 | Iter-1: 158.28/74.7 | Iter-2: 146.2/64.68 | Iter-3: 140.68/59.06 | Iter-4: 128.42/58.01 | 
Iter-0: 144.57/63.03 | Iter-1: 158.89/75.12 | Iter-2: 146.86/64.94 | Iter-3: 141.23/59.38 | Iter-4: 127.74/58.25 | 
Iter-0: 142.87/61.89 | Iter-1: 159.27/76.19 | Iter-2: 147.07/65.77 | Iter-3: 141.09/59.85 | Iter-4: 131.86/58.76 | 
Iter-0: 145.58/63.66 | Iter-1: 159.54/75.88 | Iter-2: 148.17/66.22 | Iter-3: 141.78/59.9 | Iter-4: 115.05/59.02 | 
Iter-0: 143.94/63.12 | Iter-1: 158.46/75.83 | Iter-2: 146.75/65.86 | Iter-3: 140.85/59.88 | Iter-4: 121.77/58.92 | 
3 Creating 10 consumers
Iter-0: 134.95/53.49 | Iter-1: 158.7/75.74 | Iter-2: 145.74/64.36 | Iter-3: 140.8/59.32 | Iter-4: 138.54/57.28 | 
Iter-0: 142.75/61.78 | Iter-1: 158.41/75.76 | Iter-2: 146.02/64.74 | Iter-3: 140.29/59.27 | Iter-4: 138.15/57.8 | 
Iter-0: 142.32/61.13 | Iter-1: 158.34/75.44 | Iter-2: 146.11/64.51 | Iter-3: 140.82/59.42 | Iter-4: 139.11/57.67 | 
Iter-0: 141.9/60.51 | Iter-1: 158.53/75.5 | Iter-2: 146.55/64.75 | Iter-3: 141.09/59.54 | Iter-4: 139.68/57.97 | 
Iter-0: 145.58/63.31 | Iter-1: 159.35/75.28 | Iter-2: 147.83/65.25 | Iter-3: 141.73/59.78 | Iter-4: 113.11/58.58 | 
Iter-0: 144.97/63.07 | Iter-1: 158.33/74.57 | Iter-2: 146.62/64.59 | Iter-3: 140.93/58.94 | Iter-4: 127.8/58.0 | 
Iter-0: 145.14/63.12 | Iter-1: 158.93/75.04 | Iter-2: 146.99/64.69 | Iter-3: 141.04/59.12 | Iter-4: 128.28/57.84 | 
Iter-0: 142.97/63.2 | Iter-1: 157.01/75.81 | Iter-2: 146.28/66.31 | Iter-3: 139.48/59.81 | Iter-4: 130.0/59.18 | 
Iter-0: 145.77/63.01 | Iter-1: 160.01/75.16 | Iter-2: 148.38/65.41 | Iter-3: 142.04/59.31 | Iter-4: 123.27/58.29 | 
Iter-0: 143.44/63.51 | Iter-1: 157.05/75.27 | Iter-2: 146.41/66.38 | Iter-3: 139.57/59.7 | Iter-4: 125.7/59.3 | 
4 Creating 10 consumers
Iter-0: 144.95/63.15 | Iter-1: 159.1/75.58 | 
Iter-0: 141.53/60.54 | Iter-1: 158.48/75.53 | Iter-2: 145.54/64.14 | Iter-3: 96.76/50.87 | Iter-4: 76.79/31.07 | 
Iter-0: 133.68/52.31 | Iter-1: 159.21/75.72 | Iter-2: 146.61/64.71 | Iter-3: 140.64/59.17 | Iter-4: 94.02/48.07 | 
Iter-0: 142.19/61.15 | Iter-1: 159.04/76.01 | Iter-2: 145.99/64.51 | Iter-3: 140.39/59.0 | 
Iter-0: 136.24/54.18 | Iter-1: 159.64/75.37 | Iter-2: 146.03/63.52 | Iter-3: 140.76/58.73 | 
Iter-0: 144.9/63.38 | Iter-1: 159.43/76.2 | Iter-2: 147.39/65.98 | Iter-3: 129.79/59.64 | Iter-4: 78.97/31.99 | 
Iter-0: 145.15/63.39 | Iter-1: 159.13/75.8 | Iter-2: 147.18/65.32 | Iter-3: 141.03/59.22 | Iter-4: 106.23/58.41 | 
Iter-0: 142.24/61.74 | Iter-1: 158.17/75.41 | Iter-2: 145.49/64.56 | Iter-3: 140.45/59.49 | Iter-4: 121.59/58.32 | 
Iter-0: 144.71/63.41 | Iter-1: 159.18/76.1 | Iter-2: 147.67/65.79 | Iter-3: 141.49/59.53 | Iter-4: 110.63/58.55 | 
Iter-0: 146.29/63.68 | Iter-1: 159.79/76.08 | Iter-2: 148.15/66.37 | Iter-3: 141.33/59.62 | Iter-4: 107.54/59.01 | 
prob_mse: 0.429464558485, running time: 3466.55591989
2.0 ~~~~~~~~~~~~~~~~~~~~~~~~~~~~~~~~~~~~~~~~~~~~~~~~~~~~~~~~~~~~~~~`
dataset: slashdot method: CSL-Plus, #attack_edge:10000,T:10,test_ratio: 0.3,gamma:0.3
/network/rit/lab/ceashpc/adil/data/adv_csl/Jan2/random_pgd/slashdot/slashdot-attackedges-10000-T-10-testratio-0.3-swap_ratio-0.01-gamma-0.3-realization-0-data-X.pkl
#Rule:2036920 Nodes:164336 Edges:2036920
0 Creating 10 consumers










1 Creating 10 consumers
Iter-0: 135.29/52.63 | Iter-1: 149.31/68.25 | Iter-2: 147.15/65.79 | Iter-3: 145.93/64.7 | Iter-4: 147.68/64.82 | 
Iter-0: 143.89/60.94 | Iter-1: 149.67/68.08 | Iter-2: 146.65/64.81 | Iter-3: 145.82/64.1 | Iter-4: 147.15/64.1 | 
Iter-0: 143.62/61.1 | Iter-1: 149.12/68.13 | Iter-2: 145.23/64.11 | Iter-3: 144.84/63.69 | Iter-4: 146.87/64.17 | 
Iter-0: 143.5/61.26 | Iter-1: 149.15/68.5 | Iter-2: 144.8/63.93 | Iter-3: 144.49/63.54 | Iter-4: 146.82/64.26 | 
Iter-0: 146.71/62.72 | Iter-1: 149.97/68.29 | Iter-2: 145.32/63.47 | Iter-3: 144.98/63.08 | Iter-4: 132.91/63.35 | 
Iter-0: 146.84/63.08 | Iter-1: 150.37/68.63 | Iter-2: 146.7/64.65 | Iter-3: 145.43/63.63 | Iter-4: 122.72/64.04 | 
Iter-0: 146.58/62.59 | Iter-1: 149.37/67.48 | Iter-2: 146.45/64.35 | Iter-3: 145.65/63.23 | Iter-4: 135.31/63.47 | 
Iter-0: 145.92/62.64 | Iter-1: 149.61/68.29 | Iter-2: 144.61/63.2 | Iter-3: 144.54/62.73 | Iter-4: 136.06/63.39 | 
Iter-0: 143.32/62.61 | Iter-1: 147.68/68.4 | Iter-2: 143.32/64.09 | Iter-3: 142.69/63.23 | Iter-4: 137.84/64.15 | 
Iter-0: 143.85/62.58 | Iter-1: 147.83/68.44 | Iter-2: 143.21/63.61 | Iter-3: 142.54/63.11 | Iter-4: 133.6/63.56 | 
2 Creating 10 consumers
Iter-0: 142.23/60.64 | Iter-1: 162.48/79.33 | Iter-2: 145.26/64.85 | Iter-3: 139.52/58.8 | Iter-4: 136.72/56.07 | 
Iter-0: 135.54/53.83 | Iter-1: 162.51/79.23 | Iter-2: 146.59/65.23 | Iter-3: 140.28/58.71 | Iter-4: 137.1/56.02 | 
Iter-0: 147.61/63.22 | Iter-1: 163.22/80.03 | Iter-2: 146.88/65.57 | Iter-3: 140.33/58.92 | Iter-4: 137.74/56.41 | 
Iter-0: 141.73/60.5 | Iter-1: 162.14/79.05 | Iter-2: 146.44/65.18 | Iter-3: 140.71/59.34 | Iter-4: 138.18/56.98 | 
Iter-0: 145.12/63.21 | Iter-1: 162.36/78.87 | Iter-2: 147.22/65.45 | Iter-3: 141.53/59.36 | Iter-4: 119.91/56.76 | 
Iter-0: 142.06/60.99 | Iter-1: 162.55/79.43 | Iter-2: 146.82/65.79 | Iter-3: 141.66/60.23 | Iter-4: 132.92/57.61 | 
Iter-0: 158.0/76.16 | Iter-1: 162.69/79.21 | Iter-2: 147.95/66.11 | Iter-3: 141.15/58.95 | Iter-4: 118.22/56.52 | 
Iter-0: 145.54/63.77 | Iter-1: 162.93/79.6 | Iter-2: 147.89/66.78 | Iter-3: 141.88/60.52 | Iter-4: 109.94/57.58 | 
Iter-0: 145.38/63.35 | Iter-1: 162.81/78.81 | Iter-2: 147.77/65.87 | Iter-3: 141.61/59.28 | Iter-4: 121.96/56.76 | 
Iter-0: 144.97/63.13 | Iter-1: 161.77/78.61 | Iter-2: 147.89/66.16 | Iter-3: 142.07/59.91 | Iter-4: 115.37/57.34 | 
3 Creating 10 consumers
Iter-0: 141.68/54.73 | Iter-1: 160.5/79.1 | Iter-2: 146.11/65.38 | Iter-3: 138.52/57.95 | Iter-4: 137.13/55.06 | 
Iter-0: 141.77/58.71 | Iter-1: 161.29/79.76 | Iter-2: 147.31/65.62 | Iter-3: 139.21/57.77 | Iter-4: 137.92/54.99 | 
Iter-0: 138.87/56.19 | Iter-1: 160.46/79.27 | Iter-2: 146.93/65.78 | Iter-3: 139.96/58.72 | Iter-4: 138.74/56.04 | 
Iter-0: 136.8/53.92 | Iter-1: 161.02/79.61 | Iter-2: 147.63/66.16 | Iter-3: 140.69/59.15 | Iter-4: 139.73/56.5 | 
Iter-0: 134.48/51.69 | Iter-1: 160.72/79.33 | Iter-2: 147.31/65.86 | Iter-3: 140.18/58.93 | Iter-4: 139.23/56.27 | 
Iter-0: 159.09/75.48 | Iter-1: 161.23/79.27 | Iter-2: 147.58/66.36 | Iter-3: 139.59/58.85 | Iter-4: 110.9/56.36 | 
Iter-0: 146.44/62.85 | Iter-1: 161.17/79.14 | Iter-2: 147.49/65.85 | Iter-3: 141.3/59.49 | Iter-4: 117.7/56.59 | 
Iter-0: 146.82/62.93 | Iter-1: 161.68/79.09 | Iter-2: 148.3/66.28 | Iter-3: 141.22/59.08 | Iter-4: 115.61/56.31 | 
Iter-0: 146.31/62.97 | Iter-1: 161.64/79.87 | Iter-2: 147.88/66.83 | Iter-3: 140.78/60.01 | Iter-4: 111.5/57.38 | 
Iter-0: 146.03/62.93 | Iter-1: 160.8/79.25 | Iter-2: 147.53/66.61 | Iter-3: 140.67/59.99 | Iter-4: 111.1/57.45 | 
4 Creating 10 consumers
Iter-0: 145.07/63.4 | Iter-1: 162.22/78.76 | 
Iter-0: 140.39/59.45 | Iter-1: 162.33/79.01 | Iter-2: 146.28/65.17 | Iter-3: 98.78/52.5 | Iter-4: 77.03/30.74 | 
Iter-0: 136.66/55.74 | Iter-1: 162.78/79.55 | Iter-2: 146.8/65.69 | Iter-3: 140.49/59.4 | Iter-4: 88.72/43.09 | 
Iter-0: 134.99/53.48 | Iter-1: 163.69/79.38 | Iter-2: 146.55/64.6 | Iter-3: 139.39/57.88 | Iter-4: 136.78/54.95 | 
Iter-0: 140.37/59.32 | Iter-1: 162.94/79.47 | Iter-2: 146.66/65.36 | Iter-3: 140.21/58.88 | Iter-4: 117.74/56.18 | 
Iter-0: 144.99/63.38 | Iter-1: 162.4/78.97 | Iter-2: 148.09/66.56 | Iter-3: 127.98/59.85 | Iter-4: 76.97/30.91 | 
Iter-0: 147.63/63.58 | Iter-1: 163.18/79.86 | Iter-2: 146.75/65.5 | Iter-3: 139.5/58.24 | Iter-4: 133.15/55.5 | 
Iter-0: 145.16/63.28 | Iter-1: 163.26/79.11 | Iter-2: 148.06/65.99 | Iter-3: 140.7/58.86 | Iter-4: 98.25/52.74 | 
Iter-0: 157.8/76.03 | Iter-1: 162.72/79.2 | Iter-2: 148.11/66.25 | Iter-3: 140.13/58.48 | Iter-4: 111.48/56.34 | 
Iter-0: 146.22/63.75 | Iter-1: 163.38/79.85 | Iter-2: 148.21/66.94 | Iter-3: 141.02/59.98 | Iter-4: 103.51/57.91 | 
prob_mse: 0.425783495605, running time: 3476.11325002
3.0 ~~~~~~~~~~~~~~~~~~~~~~~~~~~~~~~~~~~~~~~~~~~~~~~~~~~~~~~~~~~~~~~`
dataset: slashdot method: CSL-Plus, #attack_edge:10000,T:10,test_ratio: 0.3,gamma:0.4
/network/rit/lab/ceashpc/adil/data/adv_csl/Jan2/random_pgd/slashdot/slashdot-attackedges-10000-T-10-testratio-0.3-swap_ratio-0.01-gamma-0.4-realization-0-data-X.pkl
#Rule:2036920 Nodes:164336 Edges:2036920
0 Creating 10 consumers










1 Creating 10 consumers
Iter-0: 134.78/52.39 | Iter-1: 148.87/67.91 | Iter-2: 145.26/64.39 | Iter-3: 145.85/64.9 | Iter-4: 146.38/64.12 | 
Iter-0: 138.13/55.07 | Iter-1: 150.08/68.55 | Iter-2: 145.73/64.18 | Iter-3: 146.81/65.14 | Iter-4: 147.48/64.37 | 
Iter-0: 136.21/53.88 | Iter-1: 149.02/68.08 | Iter-2: 143.84/62.98 | Iter-3: 145.36/64.38 | Iter-4: 146.24/63.76 | 
Iter-0: 133.66/51.03 | Iter-1: 149.58/68.25 | Iter-2: 143.0/61.88 | Iter-3: 145.05/63.77 | Iter-4: 145.94/63.25 | 
Iter-0: 141.77/59.43 | Iter-1: 149.42/68.34 | Iter-2: 143.64/62.66 | Iter-3: 145.3/64.25 | Iter-4: 146.23/63.68 | 
Iter-0: 146.17/62.76 | Iter-1: 149.38/67.71 | Iter-2: 144.66/62.94 | Iter-3: 145.92/64.26 | Iter-4: 127.04/63.08 | 
Iter-0: 145.86/62.68 | Iter-1: 149.88/68.48 | Iter-2: 142.97/61.55 | Iter-3: 145.03/63.73 | Iter-4: 122.54/62.74 | 
Iter-0: 146.03/62.73 | Iter-1: 149.77/68.2 | Iter-2: 144.0/62.54 | Iter-3: 145.64/64.09 | Iter-4: 123.1/63.05 | 
Iter-0: 145.92/62.54 | Iter-1: 149.78/68.22 | Iter-2: 143.5/61.99 | Iter-3: 145.42/63.82 | Iter-4: 122.27/62.8 | 
Iter-0: 145.77/62.86 | Iter-1: 149.52/68.65 | Iter-2: 142.91/61.92 | Iter-3: 145.0/63.98 | Iter-4: 117.58/63.07 | 
2 Creating 10 consumers
Iter-0: 135.61/54.14 | Iter-1: 159.71/77.41 | Iter-2: 149.54/66.56 | Iter-3: 140.53/59.99 | Iter-4: 135.88/55.24 | 
Iter-0: 126.33/45.18 | Iter-1: 159.2/76.75 | Iter-2: 150.44/66.6 | Iter-3: 141.42/59.84 | Iter-4: 136.82/55.21 | 
Iter-0: 134.08/52.4 | Iter-1: 158.75/77.15 | Iter-2: 150.12/66.75 | Iter-3: 141.57/59.96 | Iter-4: 136.27/55.22 | 
Iter-0: 141.28/60.8 | Iter-1: 157.47/76.85 | Iter-2: 149.22/67.22 | Iter-3: 140.99/60.43 | Iter-4: 136.43/55.73 | 
Iter-0: 144.85/63.27 | Iter-1: 158.3/76.84 | Iter-2: 150.46/67.17 | Iter-3: 141.36/60.34 | Iter-4: 108.51/55.34 | 
Iter-0: 144.09/62.68 | Iter-1: 157.47/76.28 | Iter-2: 149.83/66.52 | Iter-3: 141.3/59.94 | Iter-4: 125.0/55.08 | 
Iter-0: 145.87/63.42 | Iter-1: 158.69/77.3 | Iter-2: 151.29/68.13 | Iter-3: 141.63/60.53 | Iter-4: 103.97/56.16 | 
Iter-0: 145.47/63.29 | Iter-1: 158.65/77.23 | Iter-2: 150.82/67.72 | Iter-3: 141.73/60.77 | Iter-4: 102.64/56.02 | 
Iter-0: 187.27/76.57 | Iter-1: 162.32/80.5 | Iter-2: 150.84/67.17 | Iter-3: 141.6/59.77 | Iter-4: 121.56/55.33 | 
Iter-0: 261.57/180.02 | Iter-1: 158.16/77.46 | Iter-2: 150.83/67.99 | Iter-3: 141.88/60.87 | Iter-4: 76.4/34.82 | 
3 Creating 10 consumers
Iter-0: 116.93/36.66 | Iter-1: 158.59/77.3 | Iter-2: 148.4/66.63 | Iter-3: 143.03/59.28 | Iter-4: 136.29/54.48 | 
Iter-0: 140.52/59.34 | Iter-1: 158.05/77.05 | Iter-2: 148.15/67.28 | Iter-3: 142.43/59.87 | Iter-4: 136.63/55.64 | 
Iter-0: 141.58/60.26 | Iter-1: 157.9/76.76 | Iter-2: 148.19/67.2 | Iter-3: 142.44/59.79 | Iter-4: 136.69/55.52 | 
Iter-0: 140.94/59.63 | Iter-1: 158.32/77.3 | Iter-2: 148.55/67.69 | Iter-3: 142.79/60.24 | Iter-4: 137.17/55.99 | 
Iter-0: 145.52/63.92 | Iter-1: 158.63/77.6 | Iter-2: 149.03/68.5 | Iter-3: 143.63/60.69 | Iter-4: 95.39/49.49 | 
Iter-0: 144.92/62.95 | Iter-1: 158.27/76.43 | Iter-2: 148.66/67.04 | Iter-3: 142.98/59.24 | Iter-4: 120.87/55.36 | 
Iter-0: 145.08/63.28 | Iter-1: 158.56/76.84 | Iter-2: 149.06/67.59 | Iter-3: 143.08/59.53 | Iter-4: 113.53/55.66 | 
Iter-0: 178.77/67.92 | Iter-1: 169.61/87.73 | Iter-2: 148.39/66.78 | Iter-3: 143.25/59.59 | Iter-4: 128.49/54.99 | 
Iter-0: 145.02/63.19 | Iter-1: 158.65/77.05 | Iter-2: 149.26/67.79 | Iter-3: 143.35/59.8 | Iter-4: 112.17/55.84 | 
Iter-0: 260.91/179.9 | Iter-1: 158.78/77.92 | Iter-2: 148.17/67.74 | Iter-3: 142.83/60.27 | Iter-4: 76.54/33.21 | 
4 Creating 10 consumers
Iter-0: 138.5/57.45 | Iter-1: 160.35/77.0 | Iter-2: 148.1/66.76 | Iter-3: 141.36/60.11 | Iter-4: 136.59/55.47 | 
Iter-0: 140.66/59.67 | Iter-1: 160.96/77.59 | Iter-2: 148.25/66.86 | Iter-3: 141.54/60.22 | Iter-4: 136.72/55.59 | 
Iter-0: 135.98/54.94 | Iter-1: 160.32/77.16 | Iter-2: 148.64/67.09 | Iter-3: 141.62/60.15 | Iter-4: 136.19/55.25 | 
Iter-0: 134.03/52.78 | Iter-1: 160.5/76.99 | Iter-2: 148.65/66.97 | Iter-3: 141.34/59.88 | Iter-4: 136.07/55.15 | 
Iter-0: 144.81/63.22 | Iter-1: 160.26/76.63 | Iter-2: 149.04/67.07 | Iter-3: 141.58/59.86 | Iter-4: 116.0/55.2 | 
Iter-0: 144.85/63.25 | Iter-1: 160.43/76.95 | Iter-2: 149.48/67.4 | Iter-3: 141.47/59.74 | Iter-4: 112.65/55.37 | 
Iter-0: 171.64/60.38 | Iter-1: 175.06/90.89 | Iter-2: 147.88/66.31 | Iter-3: 141.02/59.95 | Iter-4: 133.6/55.4 | 
Iter-0: 144.69/63.13 | Iter-1: 160.5/77.21 | Iter-2: 149.65/67.75 | Iter-3: 141.18/60.23 | Iter-4: 109.98/55.6 | 
Iter-0: 144.42/63.11 | Iter-1: 160.13/77.08 | Iter-2: 149.32/67.94 | Iter-3: 141.0/60.32 | Iter-4: 108.38/55.57 | 
Iter-0: 261.61/180.13 | Iter-1: 160.62/77.41 | Iter-2: 149.07/68.07 | Iter-3: 140.69/60.12 | Iter-4: 76.0/33.79 | 
prob_mse: 0.423338020284, running time: 3646.90778995
