

--------------------------------------------------
--------------------------------------------------

-------------------Sat, 20 Jul 2019 08:27:43 AM EDT---------------------

0 ~~~~~~~~~~~~~~~~~~~~~~~~~~~~~~~~~~~~~~~~~~~~~~~~~~~~~~~~~~~~~~~`
dataset: slashdot method: CSL-Plus, #attack_edge:10000,T:10,test_ratio: 0.3,gamma:0.0
/network/rit/lab/ceashpc/adil/data/adv_csl/Jan2/random_pgd/slashdot/slashdot-attackedges-10000-T-10-testratio-0.3-swap_ratio-0.01-gamma-0.0-realization-0-data-X.pkl
#Rule:2036920 Nodes:164336 Edges:2036920
0 Creating 10 consumers
Iter-0: 88.74/29.62 | Iter-1: 109.28/51.05 | Iter-2: 99.31/40.67 | Iter-3: 109.44/52.26 | Iter-4: 107.64/51.49 | 
Iter-0: 86.69/26.5 | Iter-1: 107.56/49.11 | Iter-2: 99.44/39.57 | Iter-3: 109.23/50.85 | Iter-4: 108.67/50.2 | 
Iter-0: 156.75/39.06 | Iter-1: 227.22/109.98 | Iter-2: 164.91/88.1 | Iter-3: 109.67/51.84 | Iter-4: 108.55/50.83 | 
Iter-0: 172.37/53.85 | Iter-1: 225.49/108.42 | Iter-2: 146.68/86.61 | Iter-3: 108.39/50.8 | Iter-4: 107.69/50.19 | 
Iter-0: 166.39/46.67 | Iter-1: 230.88/110.83 | Iter-2: 177.24/88.54 | Iter-3: 111.21/52.75 | Iter-4: 110.53/51.94 | 
Iter-0: 174.58/53.21 | Iter-1: 227.03/106.78 | Iter-2: 149.07/85.66 | Iter-3: 109.69/50.95 | Iter-4: 109.24/50.39 | 
Iter-0: 161.98/44.55 | Iter-1: 226.33/108.26 | Iter-2: 206.81/86.61 | Iter-3: 199.8/112.37 | Iter-4: 108.24/50.42 | 
Iter-0: 172.16/53.34 | Iter-1: 223.1/105.05 | Iter-2: 205.08/84.68 | Iter-3: 167.35/108.52 | Iter-4: 107.3/49.5 | 
Iter-0: 170.96/52.93 | Iter-1: 227.16/108.69 | Iter-2: 207.94/87.38 | Iter-3: 184.54/112.63 | Iter-4: 111.28/51.34 | 
Iter-0: 173.33/54.77 | Iter-1: 224.98/107.23 | Iter-2: 206.46/86.82 | Iter-3: 169.09/111.19 | Iter-4: 108.1/49.43 | 
1 Creating 10 consumers
Iter-0: 84.89/25.63 | Iter-1: 110.07/49.08 | Iter-2: 97.87/38.95 | Iter-3: 100.74/42.15 | Iter-4: 99.73/41.44 | 
Iter-0: 85.29/25.64 | Iter-1: 110.65/49.01 | Iter-2: 97.53/38.35 | Iter-3: 101.07/42.02 | Iter-4: 100.21/41.47 | 
Iter-0: 161.96/44.79 | Iter-1: 225.95/106.04 | Iter-2: 149.17/83.4 | Iter-3: 99.75/41.64 | Iter-4: 99.14/40.94 | 
Iter-0: 171.85/53.04 | Iter-1: 228.47/107.5 | Iter-2: 133.82/73.76 | Iter-3: 103.03/42.75 | Iter-4: 102.53/42.33 | 
Iter-0: 174.55/54.62 | Iter-1: 226.59/105.59 | Iter-2: 117.68/58.81 | Iter-3: 100.08/41.26 | Iter-4: 100.07/40.99 | 
Iter-0: 174.4/53.79 | Iter-1: 224.11/102.88 | Iter-2: 118.06/59.04 | Iter-3: 100.5/41.16 | Iter-4: 100.66/40.94 | 
Iter-0: 157.08/40.53 | Iter-1: 227.28/106.18 | Iter-2: 201.8/82.97 | Iter-3: 182.37/91.14 | Iter-4: 99.05/41.11 | 
Iter-0: 171.06/51.49 | Iter-1: 228.59/106.61 | Iter-2: 204.15/83.77 | Iter-3: 172.76/91.36 | Iter-4: 99.7/41.45 | 
Iter-0: 175.13/53.64 | Iter-1: 222.62/100.87 | Iter-2: 199.84/80.28 | Iter-3: 137.76/79.89 | Iter-4: 98.87/40.55 | 
Iter-0: 176.5/54.02 | Iter-1: 227.0/103.81 | Iter-2: 203.73/82.43 | Iter-3: 148.5/89.16 | Iter-4: 99.51/40.84 | 
2 Creating 10 consumers
Iter-0: 84.68/25.31 | Iter-1: 107.03/48.35 | Iter-2: 98.59/37.86 | 
Iter-0: 84.36/25.39 | Iter-1: 106.33/47.6 | Iter-2: 98.28/37.58 | 
Iter-0: 148.84/31.25 | Iter-1: 229.52/106.62 | Iter-2: 112.91/53.83 | 
Iter-0: 166.59/46.81 | Iter-1: 230.88/108.17 | Iter-2: 136.86/78.24 | 
Iter-0: 176.37/54.61 | Iter-1: 195.66/102.76 | Iter-2: 99.26/38.66 | 
Iter-0: 174.27/53.14 | Iter-1: 225.81/104.17 | Iter-2: 109.42/49.96 | 
Iter-0: 160.94/42.36 | Iter-1: 228.19/106.58 | Iter-2: 197.23/83.25 | 
Iter-0: 168.93/51.08 | Iter-1: 226.36/106.33 | Iter-2: 201.27/82.69 | 
Iter-0: 175.15/54.01 | Iter-1: 224.09/102.83 | Iter-2: 162.85/81.2 | 
Iter-0: 173.07/53.4 | Iter-1: 223.65/103.64 | Iter-2: 199.05/81.43 | 
3 Creating 10 consumers
Iter-0: 85.04/25.74 | Iter-1: 109.09/49.03 | Iter-2: 97.61/38.79 | 
Iter-0: 151.13/33.58 | Iter-1: 171.52/106.42 | Iter-2: 97.34/38.34 | 
Iter-0: 94.58/35.27 | Iter-1: 109.17/48.97 | Iter-2: 126.56/38.27 | 
Iter-0: 131.18/25.7 | Iter-1: 232.47/107.42 | Iter-2: 125.21/65.95 | 
Iter-0: 177.47/55.03 | Iter-1: 189.96/103.9 | Iter-2: 98.2/37.79 | 
Iter-0: 161.5/43.73 | Iter-1: 229.99/107.74 | Iter-2: 180.1/82.7 | 
Iter-0: 175.87/53.82 | Iter-1: 227.38/103.94 | Iter-2: 137.99/77.13 | 
Iter-0: 175.91/54.14 | Iter-1: 225.05/104.09 | Iter-2: 138.86/78.65 | 
Iter-0: 171.13/53.97 | Iter-1: 227.55/107.59 | Iter-2: 183.15/83.87 | 
Iter-0: 172.16/54.88 | Iter-1: 225.28/105.78 | Iter-2: 173.68/82.79 | 
prob_mse: 0.196463177823, running time: 3559.19369817
1.0 ~~~~~~~~~~~~~~~~~~~~~~~~~~~~~~~~~~~~~~~~~~~~~~~~~~~~~~~~~~~~~~~`
dataset: slashdot method: CSL-Plus, #attack_edge:10000,T:10,test_ratio: 0.3,gamma:0.01
/network/rit/lab/ceashpc/adil/data/adv_csl/Jan2/random_pgd/slashdot/slashdot-attackedges-10000-T-10-testratio-0.3-swap_ratio-0.01-gamma-0.01-realization-0-data-X.pkl
#Rule:2036920 Nodes:164336 Edges:2036920
0 Creating 10 consumers
Iter-0: 107.28/48.68 | Iter-1: 119.03/60.59 | Iter-2: 109.15/49.37 | Iter-3: 101.4/43.33 | Iter-4: 109.01/51.06 | 
Iter-0: 118.86/57.9 | Iter-1: 121.53/61.76 | Iter-2: 112.23/50.72 | Iter-3: 104.33/44.57 | Iter-4: 111.21/51.42 | 
Iter-0: 217.41/98.17 | Iter-1: 253.83/134.42 | Iter-2: 177.12/108.15 | Iter-3: 101.38/42.94 | Iter-4: 111.21/50.06 | 
Iter-0: 223.81/103.88 | Iter-1: 255.0/135.31 | Iter-2: 142.08/82.0 | Iter-3: 103.1/44.97 | Iter-4: 110.55/51.55 | 
Iter-0: 229.17/108.09 | Iter-1: 257.85/136.78 | Iter-2: 142.38/81.82 | Iter-3: 104.16/44.91 | Iter-4: 111.04/51.85 | 
Iter-0: 230.25/108.98 | Iter-1: 257.35/136.23 | Iter-2: 112.36/51.55 | Iter-3: 104.98/45.53 | Iter-4: 111.41/52.28 | 
Iter-0: 205.97/86.71 | Iter-1: 255.33/136.17 | Iter-2: 230.59/109.11 | Iter-3: 190.53/94.95 | Iter-4: 108.67/50.76 | 
Iter-0: 216.08/97.34 | Iter-1: 251.95/133.46 | Iter-2: 230.51/109.64 | Iter-3: 195.65/95.3 | Iter-4: 108.08/50.23 | 
Iter-0: 227.29/107.07 | Iter-1: 254.27/134.12 | Iter-2: 232.4/109.99 | Iter-3: 147.0/88.63 | Iter-4: 110.03/51.48 | 
Iter-0: 226.35/106.99 | Iter-1: 253.64/134.19 | Iter-2: 232.5/110.68 | Iter-3: 160.96/96.71 | Iter-4: 109.24/51.52 | 
1 Creating 10 consumers
Iter-0: 112.77/49.19 | Iter-1: 115.52/56.88 | Iter-2: 110.42/50.96 | Iter-3: 106.3/47.81 | Iter-4: 110.2/50.01 | 
Iter-0: 109.27/49.07 | Iter-1: 114.57/56.16 | Iter-2: 108.81/50.65 | Iter-3: 106.37/48.11 | Iter-4: 110.17/50.11 | 
Iter-0: 216.63/94.88 | Iter-1: 242.46/123.69 | Iter-2: 174.08/110.5 | Iter-3: 105.53/47.27 | Iter-4: 111.22/49.55 | 
Iter-0: 214.85/92.32 | Iter-1: 243.86/124.34 | Iter-2: 160.89/101.12 | Iter-3: 109.3/49.44 | Iter-4: 115.76/51.72 | 
Iter-0: 228.47/106.85 | Iter-1: 244.81/125.11 | Iter-2: 138.84/80.83 | Iter-3: 106.61/48.57 | Iter-4: 112.02/50.76 | 
Iter-0: 230.77/107.73 | Iter-1: 246.63/125.89 | Iter-2: 119.59/61.1 | Iter-3: 107.82/49.16 | Iter-4: 113.64/51.61 | 
Iter-0: 210.58/87.25 | Iter-1: 245.65/124.46 | Iter-2: 232.78/111.74 | Iter-3: 189.63/105.04 | Iter-4: 111.18/50.52 | 
Iter-0: 229.83/106.88 | Iter-1: 247.65/127.26 | Iter-2: 234.89/114.82 | Iter-3: 174.5/108.88 | Iter-4: 111.49/51.08 | 
Iter-0: 233.85/108.94 | Iter-1: 249.09/126.65 | Iter-2: 236.59/114.01 | Iter-3: 143.2/82.78 | Iter-4: 112.81/51.81 | 
Iter-0: 231.86/109.29 | Iter-1: 247.57/127.29 | Iter-2: 235.54/114.93 | Iter-3: 155.27/96.85 | Iter-4: 111.84/51.62 | 
2 Creating 10 consumers
Iter-0: 113.74/54.33 | Iter-1: 118.07/55.91 | Iter-2: 111.44/51.05 | Iter-3: 108.8/48.29 | Iter-4: 111.08/50.72 | 
Iter-0: 108.38/49.3 | Iter-1: 116.64/56.07 | Iter-2: 109.04/50.27 | Iter-3: 106.69/47.74 | Iter-4: 109.39/50.22 | 
Iter-0: 193.88/70.9 | Iter-1: 245.83/120.26 | Iter-2: 185.41/106.72 | Iter-3: 104.94/46.59 | Iter-4: 109.38/48.92 | 
Iter-0: 213.91/92.72 | Iter-1: 246.53/123.5 | Iter-2: 170.48/109.4 | Iter-3: 107.2/47.59 | Iter-4: 111.5/49.83 | 
Iter-0: 230.57/108.94 | Iter-1: 248.39/123.85 | Iter-2: 130.6/71.24 | Iter-3: 107.33/47.9 | Iter-4: 111.27/50.38 | 
Iter-0: 231.78/107.89 | Iter-1: 250.14/124.09 | Iter-2: 125.57/66.71 | Iter-3: 107.51/48.15 | Iter-4: 110.44/50.36 | 
Iter-0: 221.5/102.41 | Iter-1: 243.72/122.6 | Iter-2: 228.01/109.04 | Iter-3: 180.46/103.09 | Iter-4: 107.86/49.23 | 
Iter-0: 195.83/75.28 | Iter-1: 242.88/119.91 | Iter-2: 227.92/106.83 | Iter-3: 212.45/100.43 | Iter-4: 108.23/49.48 | 
Iter-0: 227.47/107.27 | Iter-1: 245.32/122.84 | Iter-2: 229.88/109.96 | Iter-3: 148.31/87.44 | Iter-4: 112.47/52.11 | 
Iter-0: 228.16/106.57 | Iter-1: 246.5/122.29 | Iter-2: 231.59/110.03 | Iter-3: 156.35/98.07 | Iter-4: 109.12/50.78 | 
3 Creating 10 consumers
Iter-0: 115.42/55.56 | Iter-1: 117.1/56.04 | Iter-2: 109.18/49.86 | Iter-3: 106.96/47.43 | Iter-4: 108.98/49.61 | 
Iter-0: 108.78/49.18 | Iter-1: 116.37/56.0 | Iter-2: 109.28/50.84 | Iter-3: 106.53/47.8 | Iter-4: 108.7/50.09 | 
Iter-0: 225.08/105.08 | Iter-1: 246.37/124.14 | Iter-2: 145.1/86.37 | Iter-3: 106.26/47.44 | Iter-4: 109.94/49.76 | 
Iter-0: 225.99/105.38 | Iter-1: 247.96/125.06 | Iter-2: 155.59/95.47 | Iter-3: 109.28/49.07 | Iter-4: 113.92/51.34 | 
Iter-0: 230.41/109.18 | Iter-1: 248.9/125.21 | Iter-2: 123.69/64.77 | Iter-3: 107.75/48.81 | Iter-4: 112.07/51.11 | 
Iter-0: 230.48/109.22 | Iter-1: 249.04/125.41 | Iter-2: 129.58/71.15 | Iter-3: 106.79/48.27 | Iter-4: 110.91/50.48 | 
Iter-0: 205.42/83.34 | Iter-1: 246.01/121.74 | Iter-2: 230.5/108.29 | Iter-3: 209.31/102.25 | Iter-4: 108.43/49.61 | 
Iter-0: 227.86/109.23 | Iter-1: 246.51/125.77 | Iter-2: 230.9/112.63 | Iter-3: 163.14/103.75 | Iter-4: 108.63/50.55 | 
Iter-0: 227.34/108.28 | Iter-1: 245.33/124.2 | Iter-2: 230.44/111.91 | Iter-3: 144.72/84.84 | Iter-4: 110.32/51.14 | 
Iter-0: 228.21/106.71 | Iter-1: 245.79/122.27 | Iter-2: 231.02/110.03 | Iter-3: 158.68/99.11 | Iter-4: 110.43/51.24 | 
4 Creating 10 consumers
Iter-0: 108.16/48.84 | Iter-1: 114.53/55.51 | Iter-2: 109.95/49.39 | Iter-3: 106.72/47.02 | Iter-4: 108.18/49.56 | 
Iter-0: 119.44/58.65 | Iter-1: 117.15/56.65 | Iter-2: 133.49/50.51 | Iter-3: 108.74/48.27 | Iter-4: 113.13/50.64 | 
Iter-0: 220.54/100.17 | Iter-1: 240.7/122.02 | Iter-2: 155.09/94.39 | Iter-3: 105.43/47.26 | Iter-4: 111.24/50.44 | 
Iter-0: 218.09/97.34 | Iter-1: 243.08/122.34 | Iter-2: 193.08/108.35 | Iter-3: 105.62/46.7 | Iter-4: 109.94/49.07 | 
Iter-0: 230.14/108.16 | Iter-1: 195.71/76.22 | Iter-2: 144.36/83.27 | Iter-3: 107.14/48.25 | Iter-4: 111.92/50.57 | 
Iter-0: 230.13/108.24 | Iter-1: 246.2/124.42 | Iter-2: 158.21/97.26 | Iter-3: 107.07/48.16 | Iter-4: 110.99/50.5 | 
Iter-0: 179.12/58.48 | Iter-1: 243.91/121.07 | Iter-2: 232.15/107.43 | Iter-3: 218.59/101.4 | Iter-4: 107.94/49.16 | 
Iter-0: 226.49/107.65 | Iter-1: 243.09/124.19 | Iter-2: 231.22/110.91 | Iter-3: 169.52/105.54 | Iter-4: 107.87/49.8 | 
Iter-0: 227.45/108.64 | Iter-1: 242.96/124.35 | Iter-2: 231.03/110.46 | Iter-3: 163.74/104.1 | Iter-4: 109.14/50.55 | 
Iter-0: 229.42/107.49 | Iter-1: 243.97/123.05 | Iter-2: 232.6/110.0 | Iter-3: 149.87/89.98 | Iter-4: 109.73/50.97 | 
prob_mse: 0.187916260987, running time: 5572.74590492
2.0 ~~~~~~~~~~~~~~~~~~~~~~~~~~~~~~~~~~~~~~~~~~~~~~~~~~~~~~~~~~~~~~~`
dataset: slashdot method: CSL-Plus, #attack_edge:10000,T:10,test_ratio: 0.3,gamma:0.03
/network/rit/lab/ceashpc/adil/data/adv_csl/Jan2/random_pgd/slashdot/slashdot-attackedges-10000-T-10-testratio-0.3-swap_ratio-0.01-gamma-0.03-realization-0-data-X.pkl
#Rule:2036920 Nodes:164336 Edges:2036920
0 Creating 10 consumers
Iter-0: 108.04/49.38 | Iter-1: 119.3/61.28 | Iter-2: 106.98/47.38 | Iter-3: 100.87/42.87 | Iter-4: 107.13/48.99 | 
Iter-0: 114.62/54.44 | Iter-1: 122.45/62.54 | Iter-2: 109.89/48.48 | Iter-3: 104.13/44.25 | Iter-4: 110.36/50.36 | 
Iter-0: 226.03/107.73 | Iter-1: 259.23/140.27 | Iter-2: 117.05/56.69 | Iter-3: 102.86/43.7 | Iter-4: 109.29/49.93 | 
Iter-0: 222.03/102.98 | Iter-1: 254.14/135.08 | Iter-2: 148.38/88.14 | Iter-3: 102.58/43.52 | Iter-4: 108.85/49.55 | 
Iter-0: 227.66/109.27 | Iter-1: 256.28/137.91 | Iter-2: 108.18/48.51 | Iter-3: 103.38/44.68 | Iter-4: 108.99/50.05 | 
Iter-0: 227.01/106.81 | Iter-1: 256.33/136.17 | Iter-2: 115.33/55.19 | Iter-3: 104.67/44.6 | Iter-4: 109.15/50.13 | 
Iter-0: 182.76/64.03 | Iter-1: 255.39/134.19 | Iter-2: 224.7/102.88 | Iter-3: 201.72/92.12 | Iter-4: 107.78/49.59 | 
Iter-0: 221.9/103.49 | Iter-1: 253.81/134.81 | Iter-2: 225.9/104.85 | Iter-3: 174.86/95.28 | Iter-4: 107.28/49.37 | 
Iter-0: 225.81/106.45 | Iter-1: 255.05/135.8 | Iter-2: 226.91/105.51 | Iter-3: 149.07/91.07 | Iter-4: 108.35/49.94 | 
Iter-0: 227.57/105.58 | Iter-1: 254.43/134.28 | Iter-2: 226.59/104.86 | Iter-3: 136.57/78.75 | Iter-4: 107.75/50.02 | 
1 Creating 10 consumers
Iter-0: 111.35/49.07 | Iter-1: 123.59/56.46 | Iter-2: 114.54/49.71 | Iter-3: 111.14/45.65 | Iter-4: 111.51/46.34 | 
Iter-0: 163.33/99.29 | Iter-1: 119.29/57.43 | Iter-2: 110.76/50.83 | Iter-3: 106.72/46.61 | Iter-4: 107.28/47.14 | 
Iter-0: 226.51/106.81 | Iter-1: 250.28/128.46 | Iter-2: 131.55/72.66 | Iter-3: 105.05/46.65 | Iter-4: 106.87/46.88 | 
Iter-0: 226.12/105.77 | Iter-1: 249.13/126.44 | Iter-2: 176.15/111.68 | Iter-3: 107.06/46.53 | Iter-4: 110.4/48.34 | 
Iter-0: 229.92/108.44 | Iter-1: 250.46/126.19 | Iter-2: 155.91/96.82 | Iter-3: 105.91/46.58 | Iter-4: 106.96/46.89 | 
Iter-0: 226.13/107.05 | Iter-1: 246.61/125.35 | Iter-2: 230.42/111.35 | Iter-3: 109.12/48.93 | Iter-4: 105.29/46.27 | 
Iter-0: 113.76/54.64 | Iter-1: 233.86/110.74 | Iter-2: 227.22/108.1 | Iter-3: 217.52/99.89 | Iter-4: 169.07/101.13 | 
Iter-0: 228.95/108.95 | Iter-1: 250.75/128.16 | Iter-2: 120.17/61.13 | Iter-3: 152.91/47.12 | Iter-4: 139.95/80.78 | 
Iter-0: 227.16/108.14 | Iter-1: 247.18/125.66 | Iter-2: 229.75/111.81 | Iter-3: 181.85/101.45 | Iter-4: 105.82/46.8 | 
Iter-0: 227.06/107.88 | Iter-1: 245.87/125.07 | Iter-2: 228.97/111.74 | Iter-3: 181.85/102.38 | Iter-4: 105.99/47.0 | 
2 Creating 10 consumers
Iter-0: 107.62/48.8 | Iter-1: 116.04/55.23 | Iter-2: 106.52/48.19 | Iter-3: 103.0/44.05 | Iter-4: 103.53/45.13 | 
Iter-0: 111.46/50.82 | Iter-1: 120.37/58.37 | Iter-2: 112.22/51.36 | Iter-3: 107.44/46.84 | Iter-4: 108.16/47.59 | 
Iter-0: 219.12/99.13 | Iter-1: 245.85/123.59 | Iter-2: 152.05/93.64 | Iter-3: 103.13/45.01 | Iter-4: 105.0/45.28 | 
Iter-0: 218.13/97.42 | Iter-1: 245.48/122.42 | Iter-2: 192.6/106.51 | Iter-3: 103.52/44.51 | Iter-4: 106.45/45.37 | 
Iter-0: 229.73/107.73 | Iter-1: 250.92/126.56 | Iter-2: 115.87/56.29 | Iter-3: 105.66/45.94 | Iter-4: 108.22/46.73 | 
Iter-0: 228.05/106.9 | Iter-1: 245.76/122.62 | Iter-2: 159.15/100.31 | Iter-3: 103.6/44.83 | Iter-4: 105.89/45.61 | 
Iter-0: 215.63/96.75 | Iter-1: 243.37/122.04 | Iter-2: 224.98/106.0 | Iter-3: 197.19/97.15 | Iter-4: 103.32/45.01 | 
Iter-0: 224.09/105.08 | Iter-1: 245.44/124.17 | Iter-2: 227.36/108.48 | Iter-3: 179.34/98.87 | Iter-4: 104.27/45.5 | 
Iter-0: 225.37/105.91 | Iter-1: 242.56/121.15 | Iter-2: 225.35/106.35 | Iter-3: 164.04/96.31 | Iter-4: 104.94/45.81 | 
Iter-0: 226.29/106.96 | Iter-1: 244.72/123.5 | Iter-2: 227.09/108.4 | Iter-3: 161.41/98.39 | Iter-4: 105.41/46.19 | 
3 Creating 10 consumers
Iter-0: 108.64/49.22 | Iter-1: 114.25/55.09 | Iter-2: 109.17/48.55 | Iter-3: 103.79/44.92 | Iter-4: 104.11/45.37 | 
Iter-0: 108.07/48.87 | Iter-1: 117.92/57.31 | Iter-2: 112.67/50.44 | Iter-3: 106.98/46.54 | Iter-4: 107.77/47.01 | 
Iter-0: 204.93/82.8 | Iter-1: 243.56/121.35 | Iter-2: 179.84/105.57 | Iter-3: 102.88/44.3 | Iter-4: 104.68/45.34 | 
Iter-0: 208.87/86.95 | Iter-1: 245.41/122.85 | Iter-2: 185.27/107.56 | Iter-3: 104.48/45.26 | Iter-4: 106.62/45.82 | 
Iter-0: 228.64/106.07 | Iter-1: 245.03/122.28 | Iter-2: 132.8/71.56 | Iter-3: 105.1/45.85 | Iter-4: 107.63/46.4 | 
Iter-0: 229.32/106.66 | Iter-1: 246.4/123.62 | Iter-2: 141.27/80.29 | Iter-3: 105.56/46.38 | Iter-4: 107.58/46.53 | 
Iter-0: 184.6/63.71 | Iter-1: 241.98/119.01 | Iter-2: 228.09/103.75 | Iter-3: 197.69/95.39 | Iter-4: 103.71/44.92 | 
Iter-0: 198.97/77.45 | Iter-1: 241.52/120.16 | Iter-2: 229.25/105.83 | Iter-3: 194.75/97.03 | Iter-4: 105.35/46.24 | 
Iter-0: 227.55/104.88 | Iter-1: 243.01/121.92 | Iter-2: 229.84/107.65 | Iter-3: 134.79/74.45 | Iter-4: 104.74/46.22 | 
Iter-0: 227.85/105.89 | Iter-1: 245.05/123.1 | Iter-2: 231.83/108.11 | Iter-3: 141.16/81.27 | Iter-4: 105.62/46.64 | 
4 Creating 10 consumers
Iter-0: 108.8/49.29 | Iter-1: 117.08/55.57 | Iter-2: 107.72/48.56 | Iter-3: 104.08/44.93 | Iter-4: 104.51/45.39 | 
Iter-0: 110.99/50.61 | Iter-1: 120.87/58.54 | Iter-2: 112.13/51.61 | Iter-3: 107.59/47.03 | Iter-4: 108.15/47.74 | 
Iter-0: 228.38/107.85 | Iter-1: 249.95/126.91 | Iter-2: 118.2/58.6 | Iter-3: 104.9/45.74 | Iter-4: 106.25/46.73 | 
Iter-0: 231.29/110.41 | Iter-1: 244.03/127.75 | Iter-2: 108.82/50.04 | Iter-3: 103.92/45.54 | Iter-4: 105.63/46.45 | 
Iter-0: 225.71/105.91 | Iter-1: 247.46/124.89 | Iter-2: 189.74/108.79 | Iter-3: 104.12/45.23 | Iter-4: 106.69/46.07 | 
Iter-0: 229.68/108.73 | Iter-1: 247.62/124.88 | Iter-2: 172.23/109.3 | Iter-3: 104.76/45.6 | Iter-4: 109.38/46.61 | 
Iter-0: 156.58/59.97 | Iter-1: 243.35/123.43 | Iter-2: 225.44/107.67 | Iter-3: 215.79/98.48 | Iter-4: 111.23/50.69 | 
Iter-0: 173.53/55.85 | Iter-1: 243.18/123.42 | Iter-2: 225.05/107.19 | Iter-3: 215.28/98.3 | Iter-4: 106.37/45.98 | 
Iter-0: 200.87/80.33 | Iter-1: 244.8/121.4 | Iter-2: 227.18/105.55 | Iter-3: 199.38/96.13 | Iter-4: 105.6/45.95 | 
Iter-0: 227.95/106.26 | Iter-1: 247.04/123.49 | Iter-2: 228.66/107.78 | Iter-3: 150.38/89.86 | Iter-4: 107.44/49.22 | 
prob_mse: 0.270738102772, running time: 5492.14102602
3.0 ~~~~~~~~~~~~~~~~~~~~~~~~~~~~~~~~~~~~~~~~~~~~~~~~~~~~~~~~~~~~~~~`
dataset: slashdot method: CSL-Plus, #attack_edge:10000,T:10,test_ratio: 0.3,gamma:0.05
/network/rit/lab/ceashpc/adil/data/adv_csl/Jan2/random_pgd/slashdot/slashdot-attackedges-10000-T-10-testratio-0.3-swap_ratio-0.01-gamma-0.05-realization-0-data-X.pkl
#Rule:2036920 Nodes:164336 Edges:2036920
0 Creating 10 consumers
Iter-0: 109.36/49.03 | Iter-1: 120.6/62.23 | Iter-2: 106.71/48.49 | Iter-3: 102.14/43.82 | Iter-4: 109.41/49.49 | 
Iter-0: 118.25/57.17 | Iter-1: 119.98/61.04 | Iter-2: 106.74/48.27 | Iter-3: 103.41/44.42 | Iter-4: 110.43/49.78 | 
Iter-0: 222.75/100.96 | Iter-1: 255.2/135.97 | Iter-2: 129.65/71.21 | Iter-3: 104.73/46.43 | Iter-4: 111.44/50.15 | 
Iter-0: 222.54/99.76 | Iter-1: 255.85/135.98 | Iter-2: 153.08/93.75 | Iter-3: 104.66/45.45 | Iter-4: 114.47/50.32 | 
Iter-0: 228.65/106.65 | Iter-1: 248.31/135.77 | Iter-2: 107.5/49.51 | Iter-3: 103.84/45.98 | Iter-4: 111.82/50.04 | 
Iter-0: 231.53/107.75 | Iter-1: 257.7/136.81 | Iter-2: 119.6/60.68 | Iter-3: 105.22/46.3 | Iter-4: 113.48/50.85 | 
Iter-0: 219.93/98.89 | Iter-1: 252.75/134.78 | Iter-2: 222.71/104.86 | Iter-3: 201.26/95.77 | Iter-4: 108.91/49.36 | 
Iter-0: 219.07/96.78 | Iter-1: 254.63/135.28 | Iter-2: 224.96/105.78 | Iter-3: 186.96/96.67 | Iter-4: 112.66/50.96 | 
Iter-0: 227.24/106.31 | Iter-1: 254.11/135.55 | Iter-2: 224.24/105.84 | Iter-3: 168.62/95.51 | Iter-4: 110.85/50.4 | 
Iter-0: 228.87/106.87 | Iter-1: 255.09/135.78 | Iter-2: 225.69/106.78 | Iter-3: 152.07/93.15 | Iter-4: 110.91/49.89 | 
1 Creating 10 consumers
Iter-0: 111.83/49.49 | Iter-1: 121.54/56.72 | Iter-2: 115.9/49.43 | Iter-3: 111.0/45.95 | Iter-4: 110.86/46.0 | 
Iter-0: 118.43/60.05 | Iter-1: 114.78/56.26 | Iter-2: 109.65/49.58 | Iter-3: 104.32/46.14 | Iter-4: 104.31/46.01 | 
Iter-0: 211.59/91.8 | Iter-1: 244.01/124.16 | Iter-2: 172.86/108.76 | Iter-3: 107.09/47.2 | Iter-4: 107.05/47.19 | 
Iter-0: 211.13/90.63 | Iter-1: 244.99/124.33 | Iter-2: 161.48/100.45 | Iter-3: 104.24/45.86 | Iter-4: 104.34/45.85 | 
Iter-0: 227.64/106.96 | Iter-1: 244.74/124.14 | Iter-2: 130.96/70.71 | Iter-3: 105.13/46.96 | Iter-4: 104.84/46.69 | 
Iter-0: 227.99/106.48 | Iter-1: 246.88/125.49 | Iter-2: 120.15/59.24 | Iter-3: 107.14/48.13 | Iter-4: 106.69/47.13 | 
Iter-0: 181.39/61.67 | Iter-1: 242.83/120.82 | Iter-2: 229.03/105.32 | Iter-3: 215.93/97.77 | Iter-4: 105.84/45.78 | 
Iter-0: 207.79/86.72 | Iter-1: 247.04/125.83 | Iter-2: 233.85/110.11 | Iter-3: 174.17/101.27 | Iter-4: 106.68/46.78 | 
Iter-0: 226.73/105.06 | Iter-1: 243.54/123.12 | Iter-2: 229.63/108.07 | Iter-3: 150.22/90.85 | Iter-4: 104.97/46.44 | 
Iter-0: 229.67/106.88 | Iter-1: 248.92/126.46 | Iter-2: 236.85/111.36 | Iter-3: 129.39/68.49 | Iter-4: 106.29/47.4 | 
2 Creating 10 consumers
Iter-0: 109.36/48.71 | Iter-1: 114.11/55.22 | Iter-2: 106.45/47.96 | Iter-3: 104.86/44.35 | Iter-4: 103.61/45.05 | 
Iter-0: 111.76/49.63 | Iter-1: 118.28/57.74 | Iter-2: 110.3/50.17 | Iter-3: 108.51/46.18 | Iter-4: 107.27/46.71 | 
Iter-0: 212.77/88.8 | Iter-1: 244.87/123.0 | Iter-2: 167.03/106.18 | Iter-3: 106.11/44.8 | Iter-4: 104.79/45.54 | 
Iter-0: 233.46/108.12 | Iter-1: 245.84/123.58 | Iter-2: 122.54/63.81 | Iter-3: 106.46/45.19 | Iter-4: 104.58/45.88 | 
Iter-0: 233.18/108.12 | Iter-1: 248.04/126.04 | Iter-2: 125.79/66.19 | Iter-3: 107.06/45.79 | Iter-4: 106.51/46.58 | 
Iter-0: 229.04/105.73 | Iter-1: 242.86/122.88 | Iter-2: 179.67/107.2 | Iter-3: 105.41/45.11 | Iter-4: 105.46/46.03 | 
Iter-0: 208.61/87.2 | Iter-1: 241.02/121.3 | Iter-2: 224.42/104.56 | Iter-3: 188.68/96.62 | Iter-4: 105.36/44.92 | 
Iter-0: 226.48/103.49 | Iter-1: 244.3/124.16 | Iter-2: 160.07/100.97 | Iter-3: 197.05/74.39 | Iter-4: 117.13/54.98 | 
Iter-0: 219.72/97.98 | Iter-1: 241.75/122.43 | Iter-2: 228.36/106.13 | Iter-3: 191.03/97.14 | Iter-4: 108.61/46.87 | 
Iter-0: 228.08/105.21 | Iter-1: 242.18/122.09 | Iter-2: 226.06/105.78 | Iter-3: 147.89/85.57 | Iter-4: 106.81/46.01 | 
3 Creating 10 consumers
Iter-0: 108.9/49.38 | Iter-1: 116.39/55.65 | Iter-2: 107.2/48.24 | Iter-3: 104.38/45.15 | Iter-4: 104.3/45.05 | 
Iter-0: 120.15/60.5 | Iter-1: 116.61/55.38 | Iter-2: 107.82/48.31 | Iter-3: 104.72/45.04 | Iter-4: 105.05/45.28 | 
Iter-0: 208.18/87.59 | Iter-1: 246.47/123.48 | Iter-2: 141.06/82.57 | Iter-3: 103.92/45.33 | Iter-4: 103.76/45.45 | 
Iter-0: 227.24/105.64 | Iter-1: 235.41/122.95 | Iter-2: 108.59/49.82 | Iter-3: 104.98/46.0 | Iter-4: 104.95/45.96 | 
Iter-0: 227.61/107.7 | Iter-1: 246.51/124.3 | Iter-2: 120.61/61.47 | Iter-3: 105.46/46.0 | Iter-4: 105.53/46.09 | 
Iter-0: 223.53/104.55 | Iter-1: 245.17/123.22 | Iter-2: 140.77/82.18 | Iter-3: 104.43/45.36 | Iter-4: 150.03/52.59 | 
Iter-0: 179.67/59.95 | Iter-1: 243.31/118.93 | Iter-2: 223.46/103.27 | Iter-3: 206.25/96.43 | Iter-4: 103.74/45.12 | 
Iter-0: 231.27/109.1 | Iter-1: 249.86/125.52 | Iter-2: 231.81/109.63 | Iter-3: 115.68/55.59 | Iter-4: 107.59/46.53 | 
Iter-0: 225.7/104.57 | Iter-1: 247.55/123.73 | Iter-2: 228.74/107.52 | Iter-3: 186.25/99.49 | Iter-4: 105.76/45.28 | 
Iter-0: 226.42/105.32 | Iter-1: 243.56/121.02 | Iter-2: 226.1/107.41 | Iter-3: 135.88/77.34 | Iter-4: 106.27/45.73 | 
4 Creating 10 consumers
Iter-0: 110.06/48.8 | Iter-1: 113.77/55.28 | Iter-2: 106.17/47.84 | Iter-3: 103.48/44.84 | Iter-4: 105.1/44.92 | 
Iter-0: 110.9/49.37 | Iter-1: 115.81/56.5 | Iter-2: 108.57/49.24 | Iter-3: 152.16/45.39 | Iter-4: 223.73/100.56 | 
Iter-0: 199.73/74.18 | Iter-1: 229.28/120.78 | Iter-2: 109.57/49.26 | Iter-3: 106.11/45.76 | Iter-4: 108.44/46.31 | 
Iter-0: 227.22/104.06 | Iter-1: 244.04/123.2 | Iter-2: 157.99/99.45 | Iter-3: 103.78/44.8 | Iter-4: 106.68/45.68 | 
Iter-0: 233.07/107.65 | Iter-1: 247.43/125.04 | Iter-2: 130.55/70.82 | Iter-3: 105.67/45.66 | Iter-4: 107.61/46.05 | 
Iter-0: 211.25/89.95 | Iter-1: 240.34/121.27 | Iter-2: 223.49/104.59 | Iter-3: 152.51/93.37 | Iter-4: 106.72/45.38 | 
Iter-0: 228.42/105.66 | Iter-1: 242.01/121.87 | Iter-2: 226.24/105.85 | Iter-3: 109.59/50.96 | Iter-4: 105.9/45.68 | 
Iter-0: 232.14/105.78 | Iter-1: 243.21/121.08 | Iter-2: 201.33/108.53 | Iter-3: 104.27/45.51 | Iter-4: 106.35/45.94 | 
Iter-0: 221.9/100.74 | Iter-1: 241.95/122.82 | Iter-2: 225.67/106.6 | Iter-3: 187.45/98.24 | Iter-4: 106.09/45.29 | 
Iter-0: 227.95/105.63 | Iter-1: 242.92/123.21 | Iter-2: 226.82/107.15 | Iter-3: 152.86/93.38 | Iter-4: 109.47/46.88 | 
prob_mse: 0.27163727789, running time: 5451.84772086
4.0 ~~~~~~~~~~~~~~~~~~~~~~~~~~~~~~~~~~~~~~~~~~~~~~~~~~~~~~~~~~~~~~~`
dataset: slashdot method: CSL-Plus, #attack_edge:10000,T:10,test_ratio: 0.3,gamma:0.07
/network/rit/lab/ceashpc/adil/data/adv_csl/Jan2/random_pgd/slashdot/slashdot-attackedges-10000-T-10-testratio-0.3-swap_ratio-0.01-gamma-0.07-realization-0-data-X.pkl
#Rule:2036920 Nodes:164336 Edges:2036920
0 Creating 10 consumers
Iter-0: 108.39/49.33 | Iter-1: 118.94/60.83 | Iter-2: 107.81/48.13 | Iter-3: 102.57/44.4 | Iter-4: 107.02/48.95 | 
Iter-0: 107.27/49.31 | Iter-1: 120.23/62.34 | Iter-2: 108.52/48.93 | Iter-3: 102.56/44.44 | Iter-4: 119.08/49.59 | 
Iter-0: 198.49/76.9 | Iter-1: 258.4/136.19 | Iter-2: 168.4/105.03 | Iter-3: 101.67/43.76 | Iter-4: 106.94/49.17 | 
Iter-0: 202.51/81.02 | Iter-1: 254.43/133.36 | Iter-2: 178.5/103.25 | Iter-3: 101.1/43.3 | Iter-4: 105.87/48.44 | 
Iter-0: 227.49/105.76 | Iter-1: 256.31/134.46 | Iter-2: 116.92/56.65 | Iter-3: 104.42/45.74 | Iter-4: 107.7/49.41 | 
Iter-0: 231.27/109.18 | Iter-1: 262.01/139.85 | Iter-2: 115.08/53.17 | Iter-3: 106.57/46.56 | Iter-4: 111.24/51.06 | 
Iter-0: 224.0/105.59 | Iter-1: 254.43/135.26 | Iter-2: 227.43/105.72 | Iter-3: 164.93/96.97 | Iter-4: 107.86/48.39 | 
Iter-0: 223.05/105.53 | Iter-1: 253.61/135.42 | Iter-2: 228.19/107.83 | Iter-3: 149.65/91.58 | Iter-4: 108.99/49.33 | 
Iter-0: 227.57/109.02 | Iter-1: 255.26/136.42 | Iter-2: 229.04/107.86 | Iter-3: 152.85/94.28 | Iter-4: 109.77/49.57 | 
Iter-0: 226.7/107.88 | Iter-1: 255.57/136.32 | Iter-2: 229.88/108.86 | Iter-3: 128.98/70.91 | Iter-4: 108.84/49.08 | 
1 Creating 10 consumers
Iter-0: 109.81/48.49 | Iter-1: 114.53/55.93 | Iter-2: 107.85/49.05 | Iter-3: 104.79/46.14 | Iter-4: 106.63/46.03 | 
Iter-0: 109.0/48.55 | Iter-1: 115.15/56.6 | Iter-2: 108.21/49.51 | Iter-3: 105.06/46.55 | Iter-4: 106.17/45.78 | 
Iter-0: 207.88/79.69 | Iter-1: 254.26/123.64 | Iter-2: 169.87/102.63 | Iter-3: 114.47/47.34 | Iter-4: 115.82/46.95 | 
Iter-0: 230.79/106.2 | Iter-1: 247.19/125.32 | Iter-2: 116.44/57.61 | Iter-3: 105.53/46.75 | Iter-4: 106.57/46.1 | 
Iter-0: 225.49/101.21 | Iter-1: 246.49/125.49 | Iter-2: 196.54/109.62 | Iter-3: 106.06/46.75 | Iter-4: 107.28/46.24 | 
Iter-0: 231.68/107.56 | Iter-1: 247.05/125.51 | Iter-2: 166.38/107.95 | Iter-3: 105.15/46.84 | Iter-4: 106.14/46.09 | 
Iter-0: 172.47/50.11 | Iter-1: 244.39/122.33 | Iter-2: 227.82/106.54 | Iter-3: 222.31/100.45 | Iter-4: 107.57/48.44 | 
Iter-0: 209.53/88.09 | Iter-1: 241.98/123.33 | Iter-2: 226.8/107.75 | Iter-3: 200.81/101.11 | Iter-4: 103.59/45.6 | 
Iter-0: 227.65/105.17 | Iter-1: 243.95/123.86 | Iter-2: 228.98/108.67 | Iter-3: 158.52/100.02 | Iter-4: 101.95/44.65 | 
Iter-0: 232.1/107.48 | Iter-1: 246.17/126.06 | Iter-2: 232.39/111.77 | Iter-3: 141.63/82.74 | Iter-4: 102.26/45.09 | 
2 Creating 10 consumers
Iter-0: 118.89/51.04 | Iter-1: 192.95/71.96 | Iter-2: 166.44/85.42 | Iter-3: 103.5/44.35 | Iter-4: 107.24/44.66 | 
Iter-0: 138.35/71.51 | Iter-1: 189.84/94.86 | Iter-2: 176.59/79.36 | Iter-3: 167.16/75.07 | Iter-4: 204.06/89.63 | 
Iter-0: 207.23/87.72 | Iter-1: 241.14/121.05 | Iter-2: 225.38/103.37 | Iter-3: 113.72/51.99 | Iter-4: 128.86/59.89 | 
Iter-0: 178.07/107.59 | Iter-1: 117.97/58.11 | Iter-2: 183.25/62.84 | Iter-3: 220.87/98.13 | Iter-4: 176.78/99.49 | 
Iter-0: 175.67/81.26 | Iter-1: 247.01/125.77 | Iter-2: 233.11/108.23 | Iter-3: 109.45/48.78 | Iter-4: 104.55/45.73 | 
Iter-0: 206.56/86.65 | Iter-1: 244.1/124.95 | Iter-2: 229.61/106.65 | Iter-3: 219.12/98.81 | Iter-4: 105.02/45.36 | 
Iter-0: 210.23/91.88 | Iter-1: 241.42/121.22 | Iter-2: 226.6/103.54 | Iter-3: 222.1/101.83 | Iter-4: 139.64/80.68 | 
Iter-0: 224.95/105.15 | Iter-1: 242.52/122.48 | Iter-2: 180.03/105.35 | Iter-3: 186.75/68.52 | Iter-4: 123.97/65.05 | 
Iter-0: 217.04/96.64 | Iter-1: 245.46/124.25 | Iter-2: 229.2/106.65 | Iter-3: 215.57/97.55 | Iter-4: 120.47/61.02 | 
Iter-0: 226.6/106.59 | Iter-1: 242.81/122.72 | Iter-2: 229.48/104.9 | Iter-3: 212.46/96.93 | Iter-4: 104.72/45.63 | 
3 Creating 10 consumers
Iter-0: 108.76/49.3 | Iter-1: 118.46/57.28 | Iter-2: 109.95/50.52 | Iter-3: 118.97/47.0 | Iter-4: 107.2/46.62 | 
Iter-0: 180.94/61.07 | Iter-1: 244.99/119.76 | Iter-2: 220.33/102.78 | Iter-3: 104.74/45.27 | Iter-4: 103.85/44.95 | 
Iter-0: 226.05/105.08 | Iter-1: 244.77/121.87 | Iter-2: 155.61/95.4 | Iter-3: 107.51/46.53 | Iter-4: 106.55/46.31 | 
Iter-0: 197.03/88.11 | Iter-1: 190.15/93.52 | Iter-2: 182.07/84.75 | Iter-3: 178.39/79.87 | Iter-4: 150.94/78.27 | 
Iter-0: 222.57/103.21 | Iter-1: 244.06/122.21 | Iter-2: 226.14/105.52 | Iter-3: 186.95/99.14 | Iter-4: 104.29/45.1 | 
Iter-0: 227.45/106.87 | Iter-1: 246.6/122.62 | Iter-2: 228.21/106.51 | Iter-3: 160.92/98.54 | Iter-4: 105.46/45.9 | 
Iter-0: 201.66/79.39 | Iter-1: 244.73/120.14 | Iter-2: 226.83/103.41 | Iter-3: 220.32/97.32 | Iter-4: 135.0/73.97 | 
Iter-0: 225.58/106.04 | Iter-1: 231.95/123.55 | Iter-2: 215.29/95.24 | Iter-3: 221.02/101.24 | Iter-4: 165.66/100.61 | 
Iter-0: 228.12/105.9 | Iter-1: 247.06/121.6 | Iter-2: 228.6/105.69 | Iter-3: 208.35/98.89 | Iter-4: 106.81/46.14 | 
Iter-0: 209.13/89.52 | Iter-1: 246.49/123.92 | Iter-2: 226.9/106.43 | Iter-3: 221.31/100.94 | Iter-4: 159.92/99.73 | 
4 Creating 10 consumers
Iter-0: 143.44/55.73 | Iter-1: 120.32/60.6 | Iter-2: 139.25/49.14 | Iter-3: 126.39/61.03 | Iter-4: 105.99/46.13 | 
Iter-0: 133.21/68.88 | Iter-1: 207.8/112.57 | Iter-2: 192.48/70.57 | Iter-3: 176.56/99.17 | Iter-4: 104.14/45.3 | 
Iter-0: 204.09/81.74 | Iter-1: 242.52/119.94 | Iter-2: 217.75/102.85 | Iter-3: 105.27/44.88 | Iter-4: 105.95/45.89 | 
Iter-0: 218.47/100.02 | Iter-1: 241.58/123.07 | Iter-2: 226.3/105.95 | Iter-3: 170.45/98.15 | Iter-4: 103.8/45.45 | 
Iter-0: 175.04/81.38 | Iter-1: 190.73/96.07 | Iter-2: 186.73/90.68 | Iter-3: 169.61/75.24 | Iter-4: 182.01/73.36 | 
Iter-0: 229.87/107.48 | Iter-1: 245.8/123.26 | Iter-2: 188.57/105.84 | Iter-3: 180.42/100.19 | Iter-4: 105.9/46.11 | 
Iter-0: 225.55/106.06 | Iter-1: 242.36/122.84 | Iter-2: 227.4/105.49 | Iter-3: 139.6/80.28 | Iter-4: 105.9/46.42 | 
Iter-0: 216.69/97.91 | Iter-1: 241.44/121.74 | Iter-2: 225.27/104.27 | Iter-3: 216.76/97.19 | Iter-4: 150.98/92.21 | 
Iter-0: 227.06/107.07 | Iter-1: 242.74/122.74 | Iter-2: 228.38/105.42 | Iter-3: 218.11/97.7 | Iter-4: 114.17/54.8 | 
Iter-0: 229.09/108.63 | Iter-1: 242.27/123.42 | Iter-2: 232.99/109.68 | Iter-3: 167.65/83.42 | Iter-4: 116.3/56.53 | 
prob_mse: 0.267218309669, running time: 5618.73768806
