

--------------------------------------------------
--------------------------------------------------

-------------------Sat, 20 Jul 2019 08:09:20 AM EDT---------------------

0 ~~~~~~~~~~~~~~~~~~~~~~~~~~~~
method: CSL-Plus, T, 10, real_i: 0, ratio: 0.2, test_ratio: 0.3, swaprate: 0.0,gamma:0.0, graph_size: 5000
/network/rit/lab/ceashpc/adil/data/adv_csl/Jan2//random_pgd/5000/nodes-5000-T-10-rate-0.2-testratio-0.3-swaprate-0.0-gamma-0.0-realization-0-data-X.pkl
#Rules: 10734 Gen rule time:0.0900568962097
0 Creating 10 consumers
1 Creating 10 consumers
2 Creating 10 consumers
prob_mse: 0.18747093254, running time: 171.588865042 gamma:0.0 TR:0.3
1.0 ~~~~~~~~~~~~~~~~~~~~~~~~~~~~
method: CSL-Plus, T, 10, real_i: 0, ratio: 0.2, test_ratio: 0.3, swaprate: 0.0,gamma:0.01, graph_size: 5000
/network/rit/lab/ceashpc/adil/data/adv_csl/Jan2//random_pgd/5000/nodes-5000-T-10-rate-0.2-testratio-0.3-swaprate-0.0-gamma-0.01-realization-0-data-X.pkl
#Rules: 10734 Gen rule time:0.106487035751
0 Creating 10 consumers
1 Creating 10 consumers
2 Creating 10 consumers
prob_mse: 0.18499047619, running time: 112.772293091 gamma:0.01 TR:0.3
2.0 ~~~~~~~~~~~~~~~~~~~~~~~~~~~~
method: CSL-Plus, T, 10, real_i: 0, ratio: 0.2, test_ratio: 0.3, swaprate: 0.0,gamma:0.03, graph_size: 5000
/network/rit/lab/ceashpc/adil/data/adv_csl/Jan2//random_pgd/5000/nodes-5000-T-10-rate-0.2-testratio-0.3-swaprate-0.0-gamma-0.03-realization-0-data-X.pkl
#Rules: 10734 Gen rule time:0.0459101200104
0 Creating 10 consumers
1 Creating 10 consumers
2 Creating 10 consumers
prob_mse: 0.233335416667, running time: 165.677581072 gamma:0.03 TR:0.3
3.0 ~~~~~~~~~~~~~~~~~~~~~~~~~~~~
method: CSL-Plus, T, 10, real_i: 0, ratio: 0.2, test_ratio: 0.3, swaprate: 0.0,gamma:0.05, graph_size: 5000
/network/rit/lab/ceashpc/adil/data/adv_csl/Jan2//random_pgd/5000/nodes-5000-T-10-rate-0.2-testratio-0.3-swaprate-0.0-gamma-0.05-realization-0-data-X.pkl
#Rules: 10734 Gen rule time:0.0475468635559
0 Creating 10 consumers
1 Creating 10 consumers
2 Creating 10 consumers
prob_mse: 0.232096230159, running time: 169.493272066 gamma:0.05 TR:0.3
4.0 ~~~~~~~~~~~~~~~~~~~~~~~~~~~~
method: CSL-Plus, T, 10, real_i: 0, ratio: 0.2, test_ratio: 0.3, swaprate: 0.0,gamma:0.07, graph_size: 5000
/network/rit/lab/ceashpc/adil/data/adv_csl/Jan2//random_pgd/5000/nodes-5000-T-10-rate-0.2-testratio-0.3-swaprate-0.0-gamma-0.07-realization-0-data-X.pkl
#Rules: 10734 Gen rule time:0.043741941452
0 Creating 10 consumers
1 Creating 10 consumers
2 Creating 10 consumers
prob_mse: 0.232592559524, running time: 170.785048962 gamma:0.07 TR:0.3
5.0 ~~~~~~~~~~~~~~~~~~~~~~~~~~~~
method: CSL-Plus, T, 10, real_i: 0, ratio: 0.2, test_ratio: 0.3, swaprate: 0.0,gamma:0.09, graph_size: 5000
/network/rit/lab/ceashpc/adil/data/adv_csl/Jan2//random_pgd/5000/nodes-5000-T-10-rate-0.2-testratio-0.3-swaprate-0.0-gamma-0.09-realization-0-data-X.pkl
#Rules: 10734 Gen rule time:0.04629778862
0 Creating 10 consumers
1 Creating 10 consumers
2 Creating 10 consumers
prob_mse: 0.232592559524, running time: 171.432945013 gamma:0.09 TR:0.3
6.0 ~~~~~~~~~~~~~~~~~~~~~~~~~~~~
method: CSL-Plus, T, 10, real_i: 0, ratio: 0.2, test_ratio: 0.3, swaprate: 0.0,gamma:0.2, graph_size: 5000
/network/rit/lab/ceashpc/adil/data/adv_csl/Jan2//random_pgd/5000/nodes-5000-T-10-rate-0.2-testratio-0.3-swaprate-0.0-gamma-0.2-realization-0-data-X.pkl
#Rules: 10734 Gen rule time:0.0487740039825
0 Creating 10 consumers
1 Creating 10 consumers
2 Creating 10 consumers
prob_mse: 0.41210515873, running time: 273.714951038 gamma:0.2 TR:0.3
7.0 ~~~~~~~~~~~~~~~~~~~~~~~~~~~~
method: CSL-Plus, T, 10, real_i: 0, ratio: 0.2, test_ratio: 0.3, swaprate: 0.0,gamma:0.3, graph_size: 5000
/network/rit/lab/ceashpc/adil/data/adv_csl/Jan2//random_pgd/5000/nodes-5000-T-10-rate-0.2-testratio-0.3-swaprate-0.0-gamma-0.3-realization-0-data-X.pkl
#Rules: 10734 Gen rule time:0.0486109256744
0 Creating 10 consumers
1 Creating 10 consumers
2 Creating 10 consumers
prob_mse: 0.407146329365, running time: 266.252464056 gamma:0.3 TR:0.3
8.0 ~~~~~~~~~~~~~~~~~~~~~~~~~~~~
method: CSL-Plus, T, 10, real_i: 0, ratio: 0.2, test_ratio: 0.3, swaprate: 0.0,gamma:0.4, graph_size: 5000
/network/rit/lab/ceashpc/adil/data/adv_csl/Jan2//random_pgd/5000/nodes-5000-T-10-rate-0.2-testratio-0.3-swaprate-0.0-gamma-0.4-realization-0-data-X.pkl
#Rules: 10734 Gen rule time:0.0462160110474
0 Creating 10 consumers
1 Creating 10 consumers
2 Creating 10 consumers
prob_mse: 0.407146329365, running time: 244.230689049 gamma:0.4 TR:0.3
9.0 ~~~~~~~~~~~~~~~~~~~~~~~~~~~~
method: CSL-Plus, T, 10, real_i: 0, ratio: 0.2, test_ratio: 0.1, swaprate: 0.0,gamma:0.0, graph_size: 5000
/network/rit/lab/ceashpc/adil/data/adv_csl/Jan2//random_pgd/5000/nodes-5000-T-10-rate-0.2-testratio-0.1-swaprate-0.0-gamma-0.0-realization-0-data-X.pkl
#Rules: 10734 Gen rule time:0.110033988953
0 Creating 10 consumers
1 Creating 10 consumers
2 Creating 10 consumers
prob_mse: 0.18602237037, running time: 98.0456850529 gamma:0.0 TR:0.1
10.0 ~~~~~~~~~~~~~~~~~~~~~~~~~~~~
method: CSL-Plus, T, 10, real_i: 0, ratio: 0.2, test_ratio: 0.1, swaprate: 0.0,gamma:0.01, graph_size: 5000
/network/rit/lab/ceashpc/adil/data/adv_csl/Jan2//random_pgd/5000/nodes-5000-T-10-rate-0.2-testratio-0.1-swaprate-0.0-gamma-0.01-realization-0-data-X.pkl
#Rules: 10734 Gen rule time:0.104276895523
0 Creating 10 consumers
1 Creating 10 consumers
2 Creating 10 consumers
prob_mse: 0.186021481481, running time: 80.1575520039 gamma:0.01 TR:0.1
11.0 ~~~~~~~~~~~~~~~~~~~~~~~~~~~~
method: CSL-Plus, T, 10, real_i: 0, ratio: 0.2, test_ratio: 0.1, swaprate: 0.0,gamma:0.03, graph_size: 5000
/network/rit/lab/ceashpc/adil/data/adv_csl/Jan2//random_pgd/5000/nodes-5000-T-10-rate-0.2-testratio-0.1-swaprate-0.0-gamma-0.03-realization-0-data-X.pkl
#Rules: 10734 Gen rule time:0.0417358875275
0 Creating 10 consumers
1 Creating 10 consumers
2 Creating 10 consumers
prob_mse: 0.266726666667, running time: 115.784788132 gamma:0.03 TR:0.1
12.0 ~~~~~~~~~~~~~~~~~~~~~~~~~~~~
method: CSL-Plus, T, 10, real_i: 0, ratio: 0.2, test_ratio: 0.1, swaprate: 0.0,gamma:0.05, graph_size: 5000
/network/rit/lab/ceashpc/adil/data/adv_csl/Jan2//random_pgd/5000/nodes-5000-T-10-rate-0.2-testratio-0.1-swaprate-0.0-gamma-0.05-realization-0-data-X.pkl
#Rules: 10734 Gen rule time:0.0996980667114
0 Creating 10 consumers
1 Creating 10 consumers
2 Creating 10 consumers
prob_mse: 0.270429481481, running time: 119.355402946 gamma:0.05 TR:0.1
13.0 ~~~~~~~~~~~~~~~~~~~~~~~~~~~~
method: CSL-Plus, T, 10, real_i: 0, ratio: 0.2, test_ratio: 0.1, swaprate: 0.0,gamma:0.07, graph_size: 5000
/network/rit/lab/ceashpc/adil/data/adv_csl/Jan2//random_pgd/5000/nodes-5000-T-10-rate-0.2-testratio-0.1-swaprate-0.0-gamma-0.07-realization-0-data-X.pkl
#Rules: 10734 Gen rule time:0.0451700687408
0 Creating 10 consumers
1 Creating 10 consumers
2 Creating 10 consumers
prob_mse: 0.270429481481, running time: 119.540340185 gamma:0.07 TR:0.1
14.0 ~~~~~~~~~~~~~~~~~~~~~~~~~~~~
method: CSL-Plus, T, 10, real_i: 0, ratio: 0.2, test_ratio: 0.1, swaprate: 0.0,gamma:0.09, graph_size: 5000
/network/rit/lab/ceashpc/adil/data/adv_csl/Jan2//random_pgd/5000/nodes-5000-T-10-rate-0.2-testratio-0.1-swaprate-0.0-gamma-0.09-realization-0-data-X.pkl
#Rules: 10734 Gen rule time:0.0468502044678
0 Creating 10 consumers
1 Creating 10 consumers
2 Creating 10 consumers
prob_mse: 0.270429481481, running time: 120.560274839 gamma:0.09 TR:0.1
15.0 ~~~~~~~~~~~~~~~~~~~~~~~~~~~~
method: CSL-Plus, T, 10, real_i: 0, ratio: 0.2, test_ratio: 0.1, swaprate: 0.0,gamma:0.2, graph_size: 5000
/network/rit/lab/ceashpc/adil/data/adv_csl/Jan2//random_pgd/5000/nodes-5000-T-10-rate-0.2-testratio-0.1-swaprate-0.0-gamma-0.2-realization-0-data-X.pkl
#Rules: 10734 Gen rule time:0.114054203033
0 Creating 10 consumers
1 Creating 10 consumers
2 Creating 10 consumers
prob_mse: 0.576268296296, running time: 155.071609974 gamma:0.2 TR:0.1
16.0 ~~~~~~~~~~~~~~~~~~~~~~~~~~~~
method: CSL-Plus, T, 10, real_i: 0, ratio: 0.2, test_ratio: 0.1, swaprate: 0.0,gamma:0.3, graph_size: 5000
/network/rit/lab/ceashpc/adil/data/adv_csl/Jan2//random_pgd/5000/nodes-5000-T-10-rate-0.2-testratio-0.1-swaprate-0.0-gamma-0.3-realization-0-data-X.pkl
#Rules: 10734 Gen rule time:0.112865924835
0 Creating 10 consumers
1 Creating 10 consumers
2 Creating 10 consumers
prob_mse: 0.576268296296, running time: 157.97517705 gamma:0.3 TR:0.1
17.0 ~~~~~~~~~~~~~~~~~~~~~~~~~~~~
method: CSL-Plus, T, 10, real_i: 0, ratio: 0.2, test_ratio: 0.1, swaprate: 0.0,gamma:0.4, graph_size: 5000
/network/rit/lab/ceashpc/adil/data/adv_csl/Jan2//random_pgd/5000/nodes-5000-T-10-rate-0.2-testratio-0.1-swaprate-0.0-gamma-0.4-realization-0-data-X.pkl
#Rules: 10734 Gen rule time:0.103590965271
0 Creating 10 consumers
1 Creating 10 consumers
2 Creating 10 consumers
prob_mse: 0.576268296296, running time: 151.53195405 gamma:0.4 TR:0.1
18.0 ~~~~~~~~~~~~~~~~~~~~~~~~~~~~
method: CSL-Plus, T, 10, real_i: 0, ratio: 0.2, test_ratio: 0.2, swaprate: 0.0,gamma:0.0, graph_size: 5000
/network/rit/lab/ceashpc/adil/data/adv_csl/Jan2//random_pgd/5000/nodes-5000-T-10-rate-0.2-testratio-0.2-swaprate-0.0-gamma-0.0-realization-0-data-X.pkl
#Rules: 10734 Gen rule time:0.0454051494598
0 Creating 10 consumers
1 Creating 10 consumers
2 Creating 10 consumers
prob_mse: 0.186063919822, running time: 151.762658119 gamma:0.0 TR:0.2
19.0 ~~~~~~~~~~~~~~~~~~~~~~~~~~~~
method: CSL-Plus, T, 10, real_i: 0, ratio: 0.2, test_ratio: 0.2, swaprate: 0.0,gamma:0.01, graph_size: 5000
/network/rit/lab/ceashpc/adil/data/adv_csl/Jan2//random_pgd/5000/nodes-5000-T-10-rate-0.2-testratio-0.2-swaprate-0.0-gamma-0.01-realization-0-data-X.pkl
#Rules: 10734 Gen rule time:0.10018992424
0 Creating 10 consumers
1 Creating 10 consumers
2 Creating 10 consumers
prob_mse: 0.184949443207, running time: 88.9225800037 gamma:0.01 TR:0.2
20.0 ~~~~~~~~~~~~~~~~~~~~~~~~~~~~
method: CSL-Plus, T, 10, real_i: 0, ratio: 0.2, test_ratio: 0.2, swaprate: 0.0,gamma:0.03, graph_size: 5000
/network/rit/lab/ceashpc/adil/data/adv_csl/Jan2//random_pgd/5000/nodes-5000-T-10-rate-0.2-testratio-0.2-swaprate-0.0-gamma-0.03-realization-0-data-X.pkl
#Rules: 10734 Gen rule time:0.0939750671387
0 Creating 10 consumers
1 Creating 10 consumers
2 Creating 10 consumers
prob_mse: 0.248394432071, running time: 160.00158906 gamma:0.03 TR:0.2
21.0 ~~~~~~~~~~~~~~~~~~~~~~~~~~~~
method: CSL-Plus, T, 10, real_i: 0, ratio: 0.2, test_ratio: 0.2, swaprate: 0.0,gamma:0.05, graph_size: 5000
/network/rit/lab/ceashpc/adil/data/adv_csl/Jan2//random_pgd/5000/nodes-5000-T-10-rate-0.2-testratio-0.2-swaprate-0.0-gamma-0.05-realization-0-data-X.pkl
#Rules: 10734 Gen rule time:0.045912027359
0 Creating 10 consumers
1 Creating 10 consumers
2 Creating 10 consumers
prob_mse: 0.249137268003, running time: 163.173173189 gamma:0.05 TR:0.2
22.0 ~~~~~~~~~~~~~~~~~~~~~~~~~~~~
method: CSL-Plus, T, 10, real_i: 0, ratio: 0.2, test_ratio: 0.2, swaprate: 0.0,gamma:0.07, graph_size: 5000
/network/rit/lab/ceashpc/adil/data/adv_csl/Jan2//random_pgd/5000/nodes-5000-T-10-rate-0.2-testratio-0.2-swaprate-0.0-gamma-0.07-realization-0-data-X.pkl
#Rules: 10734 Gen rule time:0.0962469577789
0 Creating 10 consumers
1 Creating 10 consumers
2 Creating 10 consumers
prob_mse: 0.249137268003, running time: 170.463620901 gamma:0.07 TR:0.2
23.0 ~~~~~~~~~~~~~~~~~~~~~~~~~~~~
method: CSL-Plus, T, 10, real_i: 0, ratio: 0.2, test_ratio: 0.2, swaprate: 0.0,gamma:0.09, graph_size: 5000
/network/rit/lab/ceashpc/adil/data/adv_csl/Jan2//random_pgd/5000/nodes-5000-T-10-rate-0.2-testratio-0.2-swaprate-0.0-gamma-0.09-realization-0-data-X.pkl
#Rules: 10734 Gen rule time:0.0461490154266
0 Creating 10 consumers
1 Creating 10 consumers
2 Creating 10 consumers
prob_mse: 0.250993244246, running time: 163.09267211 gamma:0.09 TR:0.2
24.0 ~~~~~~~~~~~~~~~~~~~~~~~~~~~~
method: CSL-Plus, T, 10, real_i: 0, ratio: 0.2, test_ratio: 0.2, swaprate: 0.0,gamma:0.2, graph_size: 5000
/network/rit/lab/ceashpc/adil/data/adv_csl/Jan2//random_pgd/5000/nodes-5000-T-10-rate-0.2-testratio-0.2-swaprate-0.0-gamma-0.2-realization-0-data-X.pkl
#Rules: 10734 Gen rule time:0.0417990684509
0 Creating 10 consumers
1 Creating 10 consumers
2 Creating 10 consumers
prob_mse: 0.479582702301, running time: 225.457811832 gamma:0.2 TR:0.2
25.0 ~~~~~~~~~~~~~~~~~~~~~~~~~~~~
method: CSL-Plus, T, 10, real_i: 0, ratio: 0.2, test_ratio: 0.2, swaprate: 0.0,gamma:0.3, graph_size: 5000
/network/rit/lab/ceashpc/adil/data/adv_csl/Jan2//random_pgd/5000/nodes-5000-T-10-rate-0.2-testratio-0.2-swaprate-0.0-gamma-0.3-realization-0-data-X.pkl
#Rules: 10734 Gen rule time:0.0423290729523
0 Creating 10 consumers
1 Creating 10 consumers
2 Creating 10 consumers
prob_mse: 0.481438678545, running time: 244.352101088 gamma:0.3 TR:0.2
26.0 ~~~~~~~~~~~~~~~~~~~~~~~~~~~~
method: CSL-Plus, T, 10, real_i: 0, ratio: 0.2, test_ratio: 0.2, swaprate: 0.0,gamma:0.4, graph_size: 5000
/network/rit/lab/ceashpc/adil/data/adv_csl/Jan2//random_pgd/5000/nodes-5000-T-10-rate-0.2-testratio-0.2-swaprate-0.0-gamma-0.4-realization-0-data-X.pkl
#Rules: 10734 Gen rule time:0.103948831558
0 Creating 10 consumers
1 Creating 10 consumers
2 Creating 10 consumers
prob_mse: 0.481438678545, running time: 227.020051003 gamma:0.4 TR:0.2
27.0 ~~~~~~~~~~~~~~~~~~~~~~~~~~~~
method: CSL-Plus, T, 10, real_i: 0, ratio: 0.2, test_ratio: 0.4, swaprate: 0.0,gamma:0.0, graph_size: 5000
/network/rit/lab/ceashpc/adil/data/adv_csl/Jan2//random_pgd/5000/nodes-5000-T-10-rate-0.2-testratio-0.4-swaprate-0.0-gamma-0.0-realization-0-data-X.pkl
#Rules: 10734 Gen rule time:0.117488145828
0 Creating 10 consumers
1 Creating 10 consumers
2 Creating 10 consumers
prob_mse: 0.192060267857, running time: 198.890121937 gamma:0.0 TR:0.4
28.0 ~~~~~~~~~~~~~~~~~~~~~~~~~~~~
method: CSL-Plus, T, 10, real_i: 0, ratio: 0.2, test_ratio: 0.4, swaprate: 0.0,gamma:0.01, graph_size: 5000
/network/rit/lab/ceashpc/adil/data/adv_csl/Jan2//random_pgd/5000/nodes-5000-T-10-rate-0.2-testratio-0.4-swaprate-0.0-gamma-0.01-realization-0-data-X.pkl
#Rules: 10734 Gen rule time:0.104238986969
0 Creating 10 consumers
1 Creating 10 consumers
2 Creating 10 consumers
prob_mse: 0.1892703125, running time: 120.029124975 gamma:0.01 TR:0.4
29.0 ~~~~~~~~~~~~~~~~~~~~~~~~~~~~
method: CSL-Plus, T, 10, real_i: 0, ratio: 0.2, test_ratio: 0.4, swaprate: 0.0,gamma:0.03, graph_size: 5000
/network/rit/lab/ceashpc/adil/data/adv_csl/Jan2//random_pgd/5000/nodes-5000-T-10-rate-0.2-testratio-0.4-swaprate-0.0-gamma-0.03-realization-0-data-X.pkl
#Rules: 10734 Gen rule time:0.0471239089966
0 Creating 10 consumers
1 Creating 10 consumers
2 Creating 10 consumers
prob_mse: 0.227760044643, running time: 197.730638981 gamma:0.03 TR:0.4
30.0 ~~~~~~~~~~~~~~~~~~~~~~~~~~~~
method: CSL-Plus, T, 10, real_i: 0, ratio: 0.2, test_ratio: 0.4, swaprate: 0.0,gamma:0.05, graph_size: 5000
/network/rit/lab/ceashpc/adil/data/adv_csl/Jan2//random_pgd/5000/nodes-5000-T-10-rate-0.2-testratio-0.4-swaprate-0.0-gamma-0.05-realization-0-data-X.pkl
#Rules: 10734 Gen rule time:0.103404045105
0 Creating 10 consumers
1 Creating 10 consumers
2 Creating 10 consumers
prob_mse: 0.227760267857, running time: 196.124708891 gamma:0.05 TR:0.4
31.0 ~~~~~~~~~~~~~~~~~~~~~~~~~~~~
method: CSL-Plus, T, 10, real_i: 0, ratio: 0.2, test_ratio: 0.4, swaprate: 0.0,gamma:0.07, graph_size: 5000
/network/rit/lab/ceashpc/adil/data/adv_csl/Jan2//random_pgd/5000/nodes-5000-T-10-rate-0.2-testratio-0.4-swaprate-0.0-gamma-0.07-realization-0-data-X.pkl
#Rules: 10734 Gen rule time:0.0422029495239
0 Creating 10 consumers
1 Creating 10 consumers
2 Creating 10 consumers
prob_mse: 0.227946949405, running time: 191.510147095 gamma:0.07 TR:0.4
32.0 ~~~~~~~~~~~~~~~~~~~~~~~~~~~~
method: CSL-Plus, T, 10, real_i: 0, ratio: 0.2, test_ratio: 0.4, swaprate: 0.0,gamma:0.09, graph_size: 5000
/network/rit/lab/ceashpc/adil/data/adv_csl/Jan2//random_pgd/5000/nodes-5000-T-10-rate-0.2-testratio-0.4-swaprate-0.0-gamma-0.09-realization-0-data-X.pkl
#Rules: 10734 Gen rule time:0.0476679801941
0 Creating 10 consumers
1 Creating 10 consumers
2 Creating 10 consumers
prob_mse: 0.228877008929, running time: 197.897361994 gamma:0.09 TR:0.4
33.0 ~~~~~~~~~~~~~~~~~~~~~~~~~~~~
method: CSL-Plus, T, 10, real_i: 0, ratio: 0.2, test_ratio: 0.4, swaprate: 0.0,gamma:0.2, graph_size: 5000
/network/rit/lab/ceashpc/adil/data/adv_csl/Jan2//random_pgd/5000/nodes-5000-T-10-rate-0.2-testratio-0.4-swaprate-0.0-gamma-0.2-realization-0-data-X.pkl
#Rules: 10734 Gen rule time:0.048880815506
0 Creating 10 consumers
1 Creating 10 consumers
2 Creating 10 consumers
prob_mse: 0.351794717262, running time: 331.125599861 gamma:0.2 TR:0.4
34.0 ~~~~~~~~~~~~~~~~~~~~~~~~~~~~
method: CSL-Plus, T, 10, real_i: 0, ratio: 0.2, test_ratio: 0.4, swaprate: 0.0,gamma:0.3, graph_size: 5000
/network/rit/lab/ceashpc/adil/data/adv_csl/Jan2//random_pgd/5000/nodes-5000-T-10-rate-0.2-testratio-0.4-swaprate-0.0-gamma-0.3-realization-0-data-X.pkl
#Rules: 10734 Gen rule time:0.117247104645
0 Creating 10 consumers
1 Creating 10 consumers
2 Creating 10 consumers
prob_mse: 0.352166964286, running time: 316.924088001 gamma:0.3 TR:0.4
35.0 ~~~~~~~~~~~~~~~~~~~~~~~~~~~~
method: CSL-Plus, T, 10, real_i: 0, ratio: 0.2, test_ratio: 0.4, swaprate: 0.0,gamma:0.4, graph_size: 5000
/network/rit/lab/ceashpc/adil/data/adv_csl/Jan2//random_pgd/5000/nodes-5000-T-10-rate-0.2-testratio-0.4-swaprate-0.0-gamma-0.4-realization-0-data-X.pkl
#Rules: 10734 Gen rule time:0.108212947845
0 Creating 10 consumers
1 Creating 10 consumers
2 Creating 10 consumers
prob_mse: 0.352166964286, running time: 321.738986969 gamma:0.4 TR:0.4
36.0 ~~~~~~~~~~~~~~~~~~~~~~~~~~~~
method: CSL-Plus, T, 10, real_i: 0, ratio: 0.2, test_ratio: 0.5, swaprate: 0.0,gamma:0.0, graph_size: 5000
/network/rit/lab/ceashpc/adil/data/adv_csl/Jan2//random_pgd/5000/nodes-5000-T-10-rate-0.2-testratio-0.5-swaprate-0.0-gamma-0.0-realization-0-data-X.pkl
#Rules: 10734 Gen rule time:0.0473418235779
0 Creating 10 consumers
1 Creating 10 consumers
2 Creating 10 consumers
prob_mse: 0.211929107143, running time: 214.593502045 gamma:0.0 TR:0.5
37.0 ~~~~~~~~~~~~~~~~~~~~~~~~~~~~
method: CSL-Plus, T, 10, real_i: 0, ratio: 0.2, test_ratio: 0.5, swaprate: 0.0,gamma:0.01, graph_size: 5000
/network/rit/lab/ceashpc/adil/data/adv_csl/Jan2//random_pgd/5000/nodes-5000-T-10-rate-0.2-testratio-0.5-swaprate-0.0-gamma-0.01-realization-0-data-X.pkl
#Rules: 10734 Gen rule time:0.0947649478912
0 Creating 10 consumers
1 Creating 10 consumers
2 Creating 10 consumers
prob_mse: 0.210441011905, running time: 126.158219099 gamma:0.01 TR:0.5
38.0 ~~~~~~~~~~~~~~~~~~~~~~~~~~~~
method: CSL-Plus, T, 10, real_i: 0, ratio: 0.2, test_ratio: 0.5, swaprate: 0.0,gamma:0.03, graph_size: 5000
/network/rit/lab/ceashpc/adil/data/adv_csl/Jan2//random_pgd/5000/nodes-5000-T-10-rate-0.2-testratio-0.5-swaprate-0.0-gamma-0.03-realization-0-data-X.pkl
#Rules: 10734 Gen rule time:0.103310108185
0 Creating 10 consumers
1 Creating 10 consumers
2 Creating 10 consumers
prob_mse: 0.229181369048, running time: 177.958346844 gamma:0.03 TR:0.5
39.0 ~~~~~~~~~~~~~~~~~~~~~~~~~~~~
method: CSL-Plus, T, 10, real_i: 0, ratio: 0.2, test_ratio: 0.5, swaprate: 0.0,gamma:0.05, graph_size: 5000
/network/rit/lab/ceashpc/adil/data/adv_csl/Jan2//random_pgd/5000/nodes-5000-T-10-rate-0.2-testratio-0.5-swaprate-0.0-gamma-0.05-realization-0-data-X.pkl
#Rules: 10734 Gen rule time:0.112977981567
0 Creating 10 consumers
1 Creating 10 consumers
2 Creating 10 consumers
prob_mse: 0.229925416667, running time: 184.792766094 gamma:0.05 TR:0.5
40.0 ~~~~~~~~~~~~~~~~~~~~~~~~~~~~
method: CSL-Plus, T, 10, real_i: 0, ratio: 0.2, test_ratio: 0.5, swaprate: 0.0,gamma:0.07, graph_size: 5000
/network/rit/lab/ceashpc/adil/data/adv_csl/Jan2//random_pgd/5000/nodes-5000-T-10-rate-0.2-testratio-0.5-swaprate-0.0-gamma-0.07-realization-0-data-X.pkl
#Rules: 10734 Gen rule time:0.100164890289
0 Creating 10 consumers
1 Creating 10 consumers
2 Creating 10 consumers
prob_mse: 0.232157380952, running time: 183.900572062 gamma:0.07 TR:0.5
41.0 ~~~~~~~~~~~~~~~~~~~~~~~~~~~~
method: CSL-Plus, T, 10, real_i: 0, ratio: 0.2, test_ratio: 0.5, swaprate: 0.0,gamma:0.09, graph_size: 5000
/network/rit/lab/ceashpc/adil/data/adv_csl/Jan2//random_pgd/5000/nodes-5000-T-10-rate-0.2-testratio-0.5-swaprate-0.0-gamma-0.09-realization-0-data-X.pkl
#Rules: 10734 Gen rule time:0.0403349399567
0 Creating 10 consumers
1 Creating 10 consumers
2 Creating 10 consumers
prob_mse: 0.232157559524, running time: 190.046994925 gamma:0.09 TR:0.5
42.0 ~~~~~~~~~~~~~~~~~~~~~~~~~~~~
method: CSL-Plus, T, 10, real_i: 0, ratio: 0.2, test_ratio: 0.5, swaprate: 0.0,gamma:0.2, graph_size: 5000
/network/rit/lab/ceashpc/adil/data/adv_csl/Jan2//random_pgd/5000/nodes-5000-T-10-rate-0.2-testratio-0.5-swaprate-0.0-gamma-0.2-realization-0-data-X.pkl
#Rules: 10734 Gen rule time:0.0471971035004
0 Creating 10 consumers
1 Creating 10 consumers
2 Creating 10 consumers
prob_mse: 0.313977261905, running time: 281.609607935 gamma:0.2 TR:0.5
43.0 ~~~~~~~~~~~~~~~~~~~~~~~~~~~~
method: CSL-Plus, T, 10, real_i: 0, ratio: 0.2, test_ratio: 0.5, swaprate: 0.0,gamma:0.3, graph_size: 5000
/network/rit/lab/ceashpc/adil/data/adv_csl/Jan2//random_pgd/5000/nodes-5000-T-10-rate-0.2-testratio-0.5-swaprate-0.0-gamma-0.3-realization-0-data-X.pkl
#Rules: 10734 Gen rule time:0.107078790665
0 Creating 10 consumers
1 Creating 10 consumers
2 Creating 10 consumers
prob_mse: 0.313233214286, running time: 288.793698072 gamma:0.3 TR:0.5
44.0 ~~~~~~~~~~~~~~~~~~~~~~~~~~~~
method: CSL-Plus, T, 10, real_i: 0, ratio: 0.2, test_ratio: 0.5, swaprate: 0.0,gamma:0.4, graph_size: 5000
/network/rit/lab/ceashpc/adil/data/adv_csl/Jan2//random_pgd/5000/nodes-5000-T-10-rate-0.2-testratio-0.5-swaprate-0.0-gamma-0.4-realization-0-data-X.pkl
#Rules: 10734 Gen rule time:0.106015920639
0 Creating 10 consumers
1 Creating 10 consumers
2 Creating 10 consumers
prob_mse: 0.313977083333, running time: 267.763811111 gamma:0.4 TR:0.5


T= 10 is done.......................................




N= 5000 is done.........................................


45.0 ~~~~~~~~~~~~~~~~~~~~~~~~~~~~
method: CSL-Plus, T, 10, real_i: 1, ratio: 0.2, test_ratio: 0.3, swaprate: 0.0,gamma:0.0, graph_size: 5000
/network/rit/lab/ceashpc/adil/data/adv_csl/Jan2//random_pgd/5000/nodes-5000-T-10-rate-0.2-testratio-0.3-swaprate-0.0-gamma-0.0-realization-1-data-X.pkl
#Rules: 10734 Gen rule time:0.0409770011902
0 Creating 10 consumers
1 Creating 10 consumers
2 Creating 10 consumers
prob_mse: 0.189334623016, running time: 175.767038107 gamma:0.0 TR:0.3
46.0 ~~~~~~~~~~~~~~~~~~~~~~~~~~~~
method: CSL-Plus, T, 10, real_i: 1, ratio: 0.2, test_ratio: 0.3, swaprate: 0.0,gamma:0.01, graph_size: 5000
/network/rit/lab/ceashpc/adil/data/adv_csl/Jan2//random_pgd/5000/nodes-5000-T-10-rate-0.2-testratio-0.3-swaprate-0.0-gamma-0.01-realization-1-data-X.pkl
#Rules: 10734 Gen rule time:0.0461919307709
0 Creating 10 consumers
1 Creating 10 consumers
2 Creating 10 consumers
prob_mse: 0.193053670635, running time: 91.5689921379 gamma:0.01 TR:0.3
47.0 ~~~~~~~~~~~~~~~~~~~~~~~~~~~~
method: CSL-Plus, T, 10, real_i: 1, ratio: 0.2, test_ratio: 0.3, swaprate: 0.0,gamma:0.03, graph_size: 5000
/network/rit/lab/ceashpc/adil/data/adv_csl/Jan2//random_pgd/5000/nodes-5000-T-10-rate-0.2-testratio-0.3-swaprate-0.0-gamma-0.03-realization-1-data-X.pkl
#Rules: 10734 Gen rule time:0.108677864075
0 Creating 10 consumers
1 Creating 10 consumers
2 Creating 10 consumers
prob_mse: 0.244372123016, running time: 179.383198023 gamma:0.03 TR:0.3
48.0 ~~~~~~~~~~~~~~~~~~~~~~~~~~~~
method: CSL-Plus, T, 10, real_i: 1, ratio: 0.2, test_ratio: 0.3, swaprate: 0.0,gamma:0.05, graph_size: 5000
/network/rit/lab/ceashpc/adil/data/adv_csl/Jan2//random_pgd/5000/nodes-5000-T-10-rate-0.2-testratio-0.3-swaprate-0.0-gamma-0.05-realization-1-data-X.pkl
#Rules: 10734 Gen rule time:0.0467579364777
0 Creating 10 consumers
1 Creating 10 consumers
2 Creating 10 consumers
prob_mse: 0.245612202381, running time: 174.16549921 gamma:0.05 TR:0.3
49.0 ~~~~~~~~~~~~~~~~~~~~~~~~~~~~
method: CSL-Plus, T, 10, real_i: 1, ratio: 0.2, test_ratio: 0.3, swaprate: 0.0,gamma:0.07, graph_size: 5000
/network/rit/lab/ceashpc/adil/data/adv_csl/Jan2//random_pgd/5000/nodes-5000-T-10-rate-0.2-testratio-0.3-swaprate-0.0-gamma-0.07-realization-1-data-X.pkl
#Rules: 10734 Gen rule time:0.0428521633148
0 Creating 10 consumers
1 Creating 10 consumers
2 Creating 10 consumers
prob_mse: 0.243132638889, running time: 180.633088827 gamma:0.07 TR:0.3
50.0 ~~~~~~~~~~~~~~~~~~~~~~~~~~~~
method: CSL-Plus, T, 10, real_i: 1, ratio: 0.2, test_ratio: 0.3, swaprate: 0.0,gamma:0.09, graph_size: 5000
/network/rit/lab/ceashpc/adil/data/adv_csl/Jan2//random_pgd/5000/nodes-5000-T-10-rate-0.2-testratio-0.3-swaprate-0.0-gamma-0.09-realization-1-data-X.pkl
#Rules: 10734 Gen rule time:0.123240947723
0 Creating 10 consumers
1 Creating 10 consumers
2 Creating 10 consumers
prob_mse: 0.243132638889, running time: 189.821109056 gamma:0.09 TR:0.3
51.0 ~~~~~~~~~~~~~~~~~~~~~~~~~~~~
method: CSL-Plus, T, 10, real_i: 1, ratio: 0.2, test_ratio: 0.3, swaprate: 0.0,gamma:0.2, graph_size: 5000
/network/rit/lab/ceashpc/adil/data/adv_csl/Jan2//random_pgd/5000/nodes-5000-T-10-rate-0.2-testratio-0.3-swaprate-0.0-gamma-0.2-realization-1-data-X.pkl
#Rules: 10734 Gen rule time:0.0480020046234
0 Creating 10 consumers
1 Creating 10 consumers
2 Creating 10 consumers
prob_mse: 0.416443650794, running time: 319.142285824 gamma:0.2 TR:0.3
52.0 ~~~~~~~~~~~~~~~~~~~~~~~~~~~~
method: CSL-Plus, T, 10, real_i: 1, ratio: 0.2, test_ratio: 0.3, swaprate: 0.0,gamma:0.3, graph_size: 5000
/network/rit/lab/ceashpc/adil/data/adv_csl/Jan2//random_pgd/5000/nodes-5000-T-10-rate-0.2-testratio-0.3-swaprate-0.0-gamma-0.3-realization-1-data-X.pkl
#Rules: 10734 Gen rule time:0.0438370704651
0 Creating 10 consumers
1 Creating 10 consumers
2 Creating 10 consumers
prob_mse: 0.417684027778, running time: 298.606070042 gamma:0.3 TR:0.3
53.0 ~~~~~~~~~~~~~~~~~~~~~~~~~~~~
method: CSL-Plus, T, 10, real_i: 1, ratio: 0.2, test_ratio: 0.3, swaprate: 0.0,gamma:0.4, graph_size: 5000
/network/rit/lab/ceashpc/adil/data/adv_csl/Jan2//random_pgd/5000/nodes-5000-T-10-rate-0.2-testratio-0.3-swaprate-0.0-gamma-0.4-realization-1-data-X.pkl
#Rules: 10734 Gen rule time:0.0439729690552
0 Creating 10 consumers
1 Creating 10 consumers
2 Creating 10 consumers
prob_mse: 0.418923809524, running time: 296.709326029 gamma:0.4 TR:0.3
54.0 ~~~~~~~~~~~~~~~~~~~~~~~~~~~~
method: CSL-Plus, T, 10, real_i: 1, ratio: 0.2, test_ratio: 0.1, swaprate: 0.0,gamma:0.0, graph_size: 5000
/network/rit/lab/ceashpc/adil/data/adv_csl/Jan2//random_pgd/5000/nodes-5000-T-10-rate-0.2-testratio-0.1-swaprate-0.0-gamma-0.0-realization-1-data-X.pkl
#Rules: 10734 Gen rule time:0.0417280197144
0 Creating 10 consumers
1 Creating 10 consumers
2 Creating 10 consumers
prob_mse: 0.180466814815, running time: 109.487545013 gamma:0.0 TR:0.1
55.0 ~~~~~~~~~~~~~~~~~~~~~~~~~~~~
method: CSL-Plus, T, 10, real_i: 1, ratio: 0.2, test_ratio: 0.1, swaprate: 0.0,gamma:0.01, graph_size: 5000
/network/rit/lab/ceashpc/adil/data/adv_csl/Jan2//random_pgd/5000/nodes-5000-T-10-rate-0.2-testratio-0.1-swaprate-0.0-gamma-0.01-realization-1-data-X.pkl
#Rules: 10734 Gen rule time:0.0944061279297
0 Creating 10 consumers
1 Creating 10 consumers
2 Creating 10 consumers
prob_mse: 0.170093777778, running time: 69.3547730446 gamma:0.01 TR:0.1
56.0 ~~~~~~~~~~~~~~~~~~~~~~~~~~~~
method: CSL-Plus, T, 10, real_i: 1, ratio: 0.2, test_ratio: 0.1, swaprate: 0.0,gamma:0.03, graph_size: 5000
/network/rit/lab/ceashpc/adil/data/adv_csl/Jan2//random_pgd/5000/nodes-5000-T-10-rate-0.2-testratio-0.1-swaprate-0.0-gamma-0.03-realization-1-data-X.pkl
#Rules: 10734 Gen rule time:0.0465941429138
0 Creating 10 consumers
1 Creating 10 consumers
2 Creating 10 consumers
3 Creating 10 consumers
prob_mse: 0.305603111111, running time: 153.580370903 gamma:0.03 TR:0.1
57.0 ~~~~~~~~~~~~~~~~~~~~~~~~~~~~
method: CSL-Plus, T, 10, real_i: 1, ratio: 0.2, test_ratio: 0.1, swaprate: 0.0,gamma:0.05, graph_size: 5000
/network/rit/lab/ceashpc/adil/data/adv_csl/Jan2//random_pgd/5000/nodes-5000-T-10-rate-0.2-testratio-0.1-swaprate-0.0-gamma-0.05-realization-1-data-X.pkl
#Rules: 10734 Gen rule time:0.0457851886749
0 Creating 10 consumers
1 Creating 10 consumers
2 Creating 10 consumers
prob_mse: 0.301900296296, running time: 118.391021967 gamma:0.05 TR:0.1
58.0 ~~~~~~~~~~~~~~~~~~~~~~~~~~~~
method: CSL-Plus, T, 10, real_i: 1, ratio: 0.2, test_ratio: 0.1, swaprate: 0.0,gamma:0.07, graph_size: 5000
/network/rit/lab/ceashpc/adil/data/adv_csl/Jan2//random_pgd/5000/nodes-5000-T-10-rate-0.2-testratio-0.1-swaprate-0.0-gamma-0.07-realization-1-data-X.pkl
#Rules: 10734 Gen rule time:0.0468378067017
0 Creating 10 consumers
1 Creating 10 consumers
2 Creating 10 consumers
prob_mse: 0.301900296296, running time: 118.631464958 gamma:0.07 TR:0.1
59.0 ~~~~~~~~~~~~~~~~~~~~~~~~~~~~
method: CSL-Plus, T, 10, real_i: 1, ratio: 0.2, test_ratio: 0.1, swaprate: 0.0,gamma:0.09, graph_size: 5000
/network/rit/lab/ceashpc/adil/data/adv_csl/Jan2//random_pgd/5000/nodes-5000-T-10-rate-0.2-testratio-0.1-swaprate-0.0-gamma-0.09-realization-1-data-X.pkl
#Rules: 10734 Gen rule time:0.1030189991
0 Creating 10 consumers
1 Creating 10 consumers
2 Creating 10 consumers
prob_mse: 0.301900296296, running time: 114.856898069 gamma:0.09 TR:0.1
60.0 ~~~~~~~~~~~~~~~~~~~~~~~~~~~~
method: CSL-Plus, T, 10, real_i: 1, ratio: 0.2, test_ratio: 0.1, swaprate: 0.0,gamma:0.2, graph_size: 5000
/network/rit/lab/ceashpc/adil/data/adv_csl/Jan2//random_pgd/5000/nodes-5000-T-10-rate-0.2-testratio-0.1-swaprate-0.0-gamma-0.2-realization-1-data-X.pkl
#Rules: 10734 Gen rule time:0.0480720996857
0 Creating 10 consumers
1 Creating 10 consumers
2 Creating 10 consumers
prob_mse: 0.53811837037, running time: 149.128740072 gamma:0.2 TR:0.1
61.0 ~~~~~~~~~~~~~~~~~~~~~~~~~~~~
method: CSL-Plus, T, 10, real_i: 1, ratio: 0.2, test_ratio: 0.1, swaprate: 0.0,gamma:0.3, graph_size: 5000
/network/rit/lab/ceashpc/adil/data/adv_csl/Jan2//random_pgd/5000/nodes-5000-T-10-rate-0.2-testratio-0.1-swaprate-0.0-gamma-0.3-realization-1-data-X.pkl
#Rules: 10734 Gen rule time:0.10155081749
0 Creating 10 consumers
1 Creating 10 consumers
2 Creating 10 consumers
prob_mse: 0.53811837037, running time: 155.752124071 gamma:0.3 TR:0.1
62.0 ~~~~~~~~~~~~~~~~~~~~~~~~~~~~
method: CSL-Plus, T, 10, real_i: 1, ratio: 0.2, test_ratio: 0.1, swaprate: 0.0,gamma:0.4, graph_size: 5000
/network/rit/lab/ceashpc/adil/data/adv_csl/Jan2//random_pgd/5000/nodes-5000-T-10-rate-0.2-testratio-0.1-swaprate-0.0-gamma-0.4-realization-1-data-X.pkl
#Rules: 10734 Gen rule time:0.0470540523529
0 Creating 10 consumers
1 Creating 10 consumers
2 Creating 10 consumers
prob_mse: 0.534415555556, running time: 142.394269943 gamma:0.4 TR:0.1
63.0 ~~~~~~~~~~~~~~~~~~~~~~~~~~~~
method: CSL-Plus, T, 10, real_i: 1, ratio: 0.2, test_ratio: 0.2, swaprate: 0.0,gamma:0.0, graph_size: 5000
/network/rit/lab/ceashpc/adil/data/adv_csl/Jan2//random_pgd/5000/nodes-5000-T-10-rate-0.2-testratio-0.2-swaprate-0.0-gamma-0.0-realization-1-data-X.pkl
#Rules: 10734 Gen rule time:0.0424370765686
0 Creating 10 consumers
1 Creating 10 consumers
2 Creating 10 consumers
prob_mse: 0.171961172977, running time: 142.286911011 gamma:0.0 TR:0.2
64.0 ~~~~~~~~~~~~~~~~~~~~~~~~~~~~
method: CSL-Plus, T, 10, real_i: 1, ratio: 0.2, test_ratio: 0.2, swaprate: 0.0,gamma:0.01, graph_size: 5000
/network/rit/lab/ceashpc/adil/data/adv_csl/Jan2//random_pgd/5000/nodes-5000-T-10-rate-0.2-testratio-0.2-swaprate-0.0-gamma-0.01-realization-1-data-X.pkl
#Rules: 10734 Gen rule time:0.102678060532
0 Creating 10 consumers
1 Creating 10 consumers
2 Creating 10 consumers
prob_mse: 0.171960727543, running time: 72.5281038284 gamma:0.01 TR:0.2
65.0 ~~~~~~~~~~~~~~~~~~~~~~~~~~~~
method: CSL-Plus, T, 10, real_i: 1, ratio: 0.2, test_ratio: 0.2, swaprate: 0.0,gamma:0.03, graph_size: 5000
/network/rit/lab/ceashpc/adil/data/adv_csl/Jan2//random_pgd/5000/nodes-5000-T-10-rate-0.2-testratio-0.2-swaprate-0.0-gamma-0.03-realization-1-data-X.pkl
#Rules: 10734 Gen rule time:0.0950720310211
0 Creating 10 consumers
1 Creating 10 consumers
2 Creating 10 consumers
prob_mse: 0.213881737194, running time: 135.723517895 gamma:0.03 TR:0.2
66.0 ~~~~~~~~~~~~~~~~~~~~~~~~~~~~
method: CSL-Plus, T, 10, real_i: 1, ratio: 0.2, test_ratio: 0.2, swaprate: 0.0,gamma:0.05, graph_size: 5000
/network/rit/lab/ceashpc/adil/data/adv_csl/Jan2//random_pgd/5000/nodes-5000-T-10-rate-0.2-testratio-0.2-swaprate-0.0-gamma-0.05-realization-1-data-X.pkl
#Rules: 10734 Gen rule time:0.10235619545
0 Creating 10 consumers
1 Creating 10 consumers
2 Creating 10 consumers
prob_mse: 0.215737713437, running time: 138.124337912 gamma:0.05 TR:0.2
67.0 ~~~~~~~~~~~~~~~~~~~~~~~~~~~~
method: CSL-Plus, T, 10, real_i: 1, ratio: 0.2, test_ratio: 0.2, swaprate: 0.0,gamma:0.07, graph_size: 5000
/network/rit/lab/ceashpc/adil/data/adv_csl/Jan2//random_pgd/5000/nodes-5000-T-10-rate-0.2-testratio-0.2-swaprate-0.0-gamma-0.07-realization-1-data-X.pkl
#Rules: 10734 Gen rule time:0.0461189746857
0 Creating 10 consumers
1 Creating 10 consumers
2 Creating 10 consumers
prob_mse: 0.217593689681, running time: 141.231691837 gamma:0.07 TR:0.2
68.0 ~~~~~~~~~~~~~~~~~~~~~~~~~~~~
method: CSL-Plus, T, 10, real_i: 1, ratio: 0.2, test_ratio: 0.2, swaprate: 0.0,gamma:0.09, graph_size: 5000
/network/rit/lab/ceashpc/adil/data/adv_csl/Jan2//random_pgd/5000/nodes-5000-T-10-rate-0.2-testratio-0.2-swaprate-0.0-gamma-0.09-realization-1-data-X.pkl
#Rules: 10734 Gen rule time:0.110089063644
0 Creating 10 consumers
1 Creating 10 consumers
2 Creating 10 consumers
prob_mse: 0.217594135115, running time: 139.123319149 gamma:0.09 TR:0.2
69.0 ~~~~~~~~~~~~~~~~~~~~~~~~~~~~
method: CSL-Plus, T, 10, real_i: 1, ratio: 0.2, test_ratio: 0.2, swaprate: 0.0,gamma:0.2, graph_size: 5000
/network/rit/lab/ceashpc/adil/data/adv_csl/Jan2//random_pgd/5000/nodes-5000-T-10-rate-0.2-testratio-0.2-swaprate-0.0-gamma-0.2-realization-1-data-X.pkl
#Rules: 10734 Gen rule time:0.0459339618683
0 Creating 10 consumers
1 Creating 10 consumers
2 Creating 10 consumers
prob_mse: 0.456943801039, running time: 202.607993126 gamma:0.2 TR:0.2
70.0 ~~~~~~~~~~~~~~~~~~~~~~~~~~~~
method: CSL-Plus, T, 10, real_i: 1, ratio: 0.2, test_ratio: 0.2, swaprate: 0.0,gamma:0.3, graph_size: 5000
/network/rit/lab/ceashpc/adil/data/adv_csl/Jan2//random_pgd/5000/nodes-5000-T-10-rate-0.2-testratio-0.2-swaprate-0.0-gamma-0.3-realization-1-data-X.pkl
#Rules: 10734 Gen rule time:0.0455558300018
0 Creating 10 consumers
1 Creating 10 consumers
2 Creating 10 consumers
prob_mse: 0.456944246474, running time: 211.408161879 gamma:0.3 TR:0.2
71.0 ~~~~~~~~~~~~~~~~~~~~~~~~~~~~
method: CSL-Plus, T, 10, real_i: 1, ratio: 0.2, test_ratio: 0.2, swaprate: 0.0,gamma:0.4, graph_size: 5000
/network/rit/lab/ceashpc/adil/data/adv_csl/Jan2//random_pgd/5000/nodes-5000-T-10-rate-0.2-testratio-0.2-swaprate-0.0-gamma-0.4-realization-1-data-X.pkl
#Rules: 10734 Gen rule time:0.102082014084
0 Creating 10 consumers
1 Creating 10 consumers
2 Creating 10 consumers
prob_mse: 0.456944246474, running time: 217.418128014 gamma:0.4 TR:0.2
72.0 ~~~~~~~~~~~~~~~~~~~~~~~~~~~~
method: CSL-Plus, T, 10, real_i: 1, ratio: 0.2, test_ratio: 0.4, swaprate: 0.0,gamma:0.0, graph_size: 5000
/network/rit/lab/ceashpc/adil/data/adv_csl/Jan2//random_pgd/5000/nodes-5000-T-10-rate-0.2-testratio-0.4-swaprate-0.0-gamma-0.0-realization-1-data-X.pkl
#Rules: 10734 Gen rule time:0.0413410663605
0 Creating 10 consumers
1 Creating 10 consumers
2 Creating 10 consumers
prob_mse: 0.208150520833, running time: 206.263813972 gamma:0.0 TR:0.4
73.0 ~~~~~~~~~~~~~~~~~~~~~~~~~~~~
method: CSL-Plus, T, 10, real_i: 1, ratio: 0.2, test_ratio: 0.4, swaprate: 0.0,gamma:0.01, graph_size: 5000
/network/rit/lab/ceashpc/adil/data/adv_csl/Jan2//random_pgd/5000/nodes-5000-T-10-rate-0.2-testratio-0.4-swaprate-0.0-gamma-0.01-realization-1-data-X.pkl
#Rules: 10734 Gen rule time:0.0474410057068
0 Creating 10 consumers
1 Creating 10 consumers
2 Creating 10 consumers
prob_mse: 0.209080357143, running time: 106.517982006 gamma:0.01 TR:0.4
74.0 ~~~~~~~~~~~~~~~~~~~~~~~~~~~~
method: CSL-Plus, T, 10, real_i: 1, ratio: 0.2, test_ratio: 0.4, swaprate: 0.0,gamma:0.03, graph_size: 5000
/network/rit/lab/ceashpc/adil/data/adv_csl/Jan2//random_pgd/5000/nodes-5000-T-10-rate-0.2-testratio-0.4-swaprate-0.0-gamma-0.03-realization-1-data-X.pkl
#Rules: 10734 Gen rule time:0.115982055664
0 Creating 10 consumers
1 Creating 10 consumers
2 Creating 10 consumers
prob_mse: 0.256866443452, running time: 207.960643053 gamma:0.03 TR:0.4
75.0 ~~~~~~~~~~~~~~~~~~~~~~~~~~~~
method: CSL-Plus, T, 10, real_i: 1, ratio: 0.2, test_ratio: 0.4, swaprate: 0.0,gamma:0.05, graph_size: 5000
/network/rit/lab/ceashpc/adil/data/adv_csl/Jan2//random_pgd/5000/nodes-5000-T-10-rate-0.2-testratio-0.4-swaprate-0.0-gamma-0.05-realization-1-data-X.pkl
#Rules: 10734 Gen rule time:0.116832971573
0 Creating 10 consumers
1 Creating 10 consumers
2 Creating 10 consumers
prob_mse: 0.257424925595, running time: 219.226084948 gamma:0.05 TR:0.4
76.0 ~~~~~~~~~~~~~~~~~~~~~~~~~~~~
method: CSL-Plus, T, 10, real_i: 1, ratio: 0.2, test_ratio: 0.4, swaprate: 0.0,gamma:0.07, graph_size: 5000
/network/rit/lab/ceashpc/adil/data/adv_csl/Jan2//random_pgd/5000/nodes-5000-T-10-rate-0.2-testratio-0.4-swaprate-0.0-gamma-0.07-realization-1-data-X.pkl
#Rules: 10734 Gen rule time:0.0452060699463
0 Creating 10 consumers
1 Creating 10 consumers
2 Creating 10 consumers
prob_mse: 0.25742514881, running time: 223.511511087 gamma:0.07 TR:0.4
77.0 ~~~~~~~~~~~~~~~~~~~~~~~~~~~~
method: CSL-Plus, T, 10, real_i: 1, ratio: 0.2, test_ratio: 0.4, swaprate: 0.0,gamma:0.09, graph_size: 5000
/network/rit/lab/ceashpc/adil/data/adv_csl/Jan2//random_pgd/5000/nodes-5000-T-10-rate-0.2-testratio-0.4-swaprate-0.0-gamma-0.09-realization-1-data-X.pkl
#Rules: 10734 Gen rule time:0.0453300476074
0 Creating 10 consumers
1 Creating 10 consumers
2 Creating 10 consumers
prob_mse: 0.258354985119, running time: 229.112361908 gamma:0.09 TR:0.4
78.0 ~~~~~~~~~~~~~~~~~~~~~~~~~~~~
method: CSL-Plus, T, 10, real_i: 1, ratio: 0.2, test_ratio: 0.4, swaprate: 0.0,gamma:0.2, graph_size: 5000
/network/rit/lab/ceashpc/adil/data/adv_csl/Jan2//random_pgd/5000/nodes-5000-T-10-rate-0.2-testratio-0.4-swaprate-0.0-gamma-0.2-realization-1-data-X.pkl
#Rules: 10734 Gen rule time:0.108584165573
0 Creating 10 consumers
1 Creating 10 consumers
2 Creating 10 consumers
prob_mse: 0.400984151786, running time: 357.466558218 gamma:0.2 TR:0.4
79.0 ~~~~~~~~~~~~~~~~~~~~~~~~~~~~
method: CSL-Plus, T, 10, real_i: 1, ratio: 0.2, test_ratio: 0.4, swaprate: 0.0,gamma:0.3, graph_size: 5000
/network/rit/lab/ceashpc/adil/data/adv_csl/Jan2//random_pgd/5000/nodes-5000-T-10-rate-0.2-testratio-0.4-swaprate-0.0-gamma-0.3-realization-1-data-X.pkl
#Rules: 10734 Gen rule time:0.0450129508972
0 Creating 10 consumers
1 Creating 10 consumers
2 Creating 10 consumers
prob_mse: 0.396334970238, running time: 354.710855961 gamma:0.3 TR:0.4
80.0 ~~~~~~~~~~~~~~~~~~~~~~~~~~~~
method: CSL-Plus, T, 10, real_i: 1, ratio: 0.2, test_ratio: 0.4, swaprate: 0.0,gamma:0.4, graph_size: 5000
/network/rit/lab/ceashpc/adil/data/adv_csl/Jan2//random_pgd/5000/nodes-5000-T-10-rate-0.2-testratio-0.4-swaprate-0.0-gamma-0.4-realization-1-data-X.pkl
#Rules: 10734 Gen rule time:0.0457141399384
0 Creating 10 consumers
1 Creating 10 consumers
2 Creating 10 consumers
prob_mse: 0.399124925595, running time: 336.486660957 gamma:0.4 TR:0.4
81.0 ~~~~~~~~~~~~~~~~~~~~~~~~~~~~
method: CSL-Plus, T, 10, real_i: 1, ratio: 0.2, test_ratio: 0.5, swaprate: 0.0,gamma:0.0, graph_size: 5000
/network/rit/lab/ceashpc/adil/data/adv_csl/Jan2//random_pgd/5000/nodes-5000-T-10-rate-0.2-testratio-0.5-swaprate-0.0-gamma-0.0-realization-1-data-X.pkl
#Rules: 10734 Gen rule time:0.0471248626709
0 Creating 10 consumers
1 Creating 10 consumers
2 Creating 10 consumers
prob_mse: 0.190500892857, running time: 205.947942972 gamma:0.0 TR:0.5
82.0 ~~~~~~~~~~~~~~~~~~~~~~~~~~~~
method: CSL-Plus, T, 10, real_i: 1, ratio: 0.2, test_ratio: 0.5, swaprate: 0.0,gamma:0.01, graph_size: 5000
/network/rit/lab/ceashpc/adil/data/adv_csl/Jan2//random_pgd/5000/nodes-5000-T-10-rate-0.2-testratio-0.5-swaprate-0.0-gamma-0.01-realization-1-data-X.pkl
#Rules: 10734 Gen rule time:0.0455348491669
0 Creating 10 consumers
1 Creating 10 consumers
2 Creating 10 consumers
prob_mse: 0.18901297619, running time: 81.0336680412 gamma:0.01 TR:0.5
83.0 ~~~~~~~~~~~~~~~~~~~~~~~~~~~~
method: CSL-Plus, T, 10, real_i: 1, ratio: 0.2, test_ratio: 0.5, swaprate: 0.0,gamma:0.03, graph_size: 5000
/network/rit/lab/ceashpc/adil/data/adv_csl/Jan2//random_pgd/5000/nodes-5000-T-10-rate-0.2-testratio-0.5-swaprate-0.0-gamma-0.03-realization-1-data-X.pkl
#Rules: 10734 Gen rule time:0.0455400943756
0 Creating 10 consumers
1 Creating 10 consumers
2 Creating 10 consumers
prob_mse: 0.216233511905, running time: 156.029785872 gamma:0.03 TR:0.5
84.0 ~~~~~~~~~~~~~~~~~~~~~~~~~~~~
method: CSL-Plus, T, 10, real_i: 1, ratio: 0.2, test_ratio: 0.5, swaprate: 0.0,gamma:0.05, graph_size: 5000
/network/rit/lab/ceashpc/adil/data/adv_csl/Jan2//random_pgd/5000/nodes-5000-T-10-rate-0.2-testratio-0.5-swaprate-0.0-gamma-0.05-realization-1-data-X.pkl
#Rules: 10734 Gen rule time:0.0426030158997
0 Creating 10 consumers
1 Creating 10 consumers
2 Creating 10 consumers
prob_mse: 0.216977380952, running time: 165.814423084 gamma:0.05 TR:0.5
85.0 ~~~~~~~~~~~~~~~~~~~~~~~~~~~~
method: CSL-Plus, T, 10, real_i: 1, ratio: 0.2, test_ratio: 0.5, swaprate: 0.0,gamma:0.07, graph_size: 5000
/network/rit/lab/ceashpc/adil/data/adv_csl/Jan2//random_pgd/5000/nodes-5000-T-10-rate-0.2-testratio-0.5-swaprate-0.0-gamma-0.07-realization-1-data-X.pkl
#Rules: 10734 Gen rule time:0.044517993927
0 Creating 10 consumers
1 Creating 10 consumers
2 Creating 10 consumers
prob_mse: 0.216828928571, running time: 178.062794924 gamma:0.07 TR:0.5
86.0 ~~~~~~~~~~~~~~~~~~~~~~~~~~~~
method: CSL-Plus, T, 10, real_i: 1, ratio: 0.2, test_ratio: 0.5, swaprate: 0.0,gamma:0.09, graph_size: 5000
/network/rit/lab/ceashpc/adil/data/adv_csl/Jan2//random_pgd/5000/nodes-5000-T-10-rate-0.2-testratio-0.5-swaprate-0.0-gamma-0.09-realization-1-data-X.pkl
#Rules: 10734 Gen rule time:0.0993769168854
0 Creating 10 consumers
1 Creating 10 consumers
2 Creating 10 consumers
prob_mse: 0.216828928571, running time: 177.688476801 gamma:0.09 TR:0.5
87.0 ~~~~~~~~~~~~~~~~~~~~~~~~~~~~
method: CSL-Plus, T, 10, real_i: 1, ratio: 0.2, test_ratio: 0.5, swaprate: 0.0,gamma:0.2, graph_size: 5000
/network/rit/lab/ceashpc/adil/data/adv_csl/Jan2//random_pgd/5000/nodes-5000-T-10-rate-0.2-testratio-0.5-swaprate-0.0-gamma-0.2-realization-1-data-X.pkl
#Rules: 10734 Gen rule time:0.100893974304
0 Creating 10 consumers
1 Creating 10 consumers
2 Creating 10 consumers
prob_mse: 0.298944642857, running time: 297.592306137 gamma:0.2 TR:0.5
88.0 ~~~~~~~~~~~~~~~~~~~~~~~~~~~~
method: CSL-Plus, T, 10, real_i: 1, ratio: 0.2, test_ratio: 0.5, swaprate: 0.0,gamma:0.3, graph_size: 5000
/network/rit/lab/ceashpc/adil/data/adv_csl/Jan2//random_pgd/5000/nodes-5000-T-10-rate-0.2-testratio-0.5-swaprate-0.0-gamma-0.3-realization-1-data-X.pkl
#Rules: 10734 Gen rule time:0.0892140865326
0 Creating 10 consumers
1 Creating 10 consumers
2 Creating 10 consumers
prob_mse: 0.29820077381, running time: 307.772192955 gamma:0.3 TR:0.5
89.0 ~~~~~~~~~~~~~~~~~~~~~~~~~~~~
method: CSL-Plus, T, 10, real_i: 1, ratio: 0.2, test_ratio: 0.5, swaprate: 0.0,gamma:0.4, graph_size: 5000
/network/rit/lab/ceashpc/adil/data/adv_csl/Jan2//random_pgd/5000/nodes-5000-T-10-rate-0.2-testratio-0.5-swaprate-0.0-gamma-0.4-realization-1-data-X.pkl
#Rules: 10734 Gen rule time:0.0451509952545
0 Creating 10 consumers
1 Creating 10 consumers
2 Creating 10 consumers
prob_mse: 0.298944642857, running time: 297.187005997 gamma:0.4 TR:0.5


T= 10 is done.......................................




N= 5000 is done.........................................


